23-Apr-2017 01:38:19.504 INFO [main] org.apache.catalina.startup.VersionLoggerListener.log Server version:        Apache Tomcat/8.0.24
23-Apr-2017 01:38:19.505 INFO [main] org.apache.catalina.startup.VersionLoggerListener.log Server built:          Jul 1 2015 20:19:55 UTC
23-Apr-2017 01:38:19.505 INFO [main] org.apache.catalina.startup.VersionLoggerListener.log Server number:         8.0.24.0
23-Apr-2017 01:38:19.505 INFO [main] org.apache.catalina.startup.VersionLoggerListener.log OS Name:               Windows 7
23-Apr-2017 01:38:19.505 INFO [main] org.apache.catalina.startup.VersionLoggerListener.log OS Version:            6.1
23-Apr-2017 01:38:19.505 INFO [main] org.apache.catalina.startup.VersionLoggerListener.log Architecture:          amd64
23-Apr-2017 01:38:19.505 INFO [main] org.apache.catalina.startup.VersionLoggerListener.log Java Home:             C:\Program Files\Java\jdk1.8.0_31\jre
23-Apr-2017 01:38:19.506 INFO [main] org.apache.catalina.startup.VersionLoggerListener.log JVM Version:           1.8.0_31-b13
23-Apr-2017 01:38:19.506 INFO [main] org.apache.catalina.startup.VersionLoggerListener.log JVM Vendor:            Oracle Corporation
23-Apr-2017 01:38:19.506 INFO [main] org.apache.catalina.startup.VersionLoggerListener.log CATALINA_BASE:         D:\KULIAH\kuliah\Skripsi\6. Camunda\camunda-bpm-tomcat-7.6.0\server\apache-tomcat-8.0.24
23-Apr-2017 01:38:19.506 INFO [main] org.apache.catalina.startup.VersionLoggerListener.log CATALINA_HOME:         D:\KULIAH\kuliah\Skripsi\6. Camunda\camunda-bpm-tomcat-7.6.0\server\apache-tomcat-8.0.24
23-Apr-2017 01:38:19.507 INFO [main] org.apache.catalina.startup.VersionLoggerListener.log Command line argument: -Djava.util.logging.config.file=D:\KULIAH\kuliah\Skripsi\6. Camunda\camunda-bpm-tomcat-7.6.0\server\apache-tomcat-8.0.24\conf\logging.properties
23-Apr-2017 01:38:19.507 INFO [main] org.apache.catalina.startup.VersionLoggerListener.log Command line argument: -Djava.util.logging.manager=org.apache.juli.ClassLoaderLogManager
23-Apr-2017 01:38:19.508 INFO [main] org.apache.catalina.startup.VersionLoggerListener.log Command line argument: -Xmx512m
23-Apr-2017 01:38:19.508 INFO [main] org.apache.catalina.startup.VersionLoggerListener.log Command line argument: -XX:MaxPermSize=256m
23-Apr-2017 01:38:19.509 INFO [main] org.apache.catalina.startup.VersionLoggerListener.log Command line argument: -XX:PermSize=256m
23-Apr-2017 01:38:19.509 INFO [main] org.apache.catalina.startup.VersionLoggerListener.log Command line argument: -Djava.endorsed.dirs=D:\KULIAH\kuliah\Skripsi\6. Camunda\camunda-bpm-tomcat-7.6.0\server\apache-tomcat-8.0.24\endorsed
23-Apr-2017 01:38:19.509 INFO [main] org.apache.catalina.startup.VersionLoggerListener.log Command line argument: -Dcatalina.base=D:\KULIAH\kuliah\Skripsi\6. Camunda\camunda-bpm-tomcat-7.6.0\server\apache-tomcat-8.0.24
23-Apr-2017 01:38:19.510 INFO [main] org.apache.catalina.startup.VersionLoggerListener.log Command line argument: -Dcatalina.home=D:\KULIAH\kuliah\Skripsi\6. Camunda\camunda-bpm-tomcat-7.6.0\server\apache-tomcat-8.0.24
23-Apr-2017 01:38:19.511 INFO [main] org.apache.catalina.startup.VersionLoggerListener.log Command line argument: -Djava.io.tmpdir=D:\KULIAH\kuliah\Skripsi\6. Camunda\camunda-bpm-tomcat-7.6.0\server\apache-tomcat-8.0.24\temp
23-Apr-2017 01:38:19.511 INFO [main] org.apache.catalina.core.AprLifecycleListener.lifecycleEvent The APR based Apache Tomcat Native library which allows optimal performance in production environments was not found on the java.library.path: C:\Program Files\Java\jdk1.8.0_31\bin;C:\Windows\Sun\Java\bin;C:\Windows\system32;C:\Windows;C:\Windows\system32;C:\Windows;C:\Windows\system32\wbem;C:\Program Files\Java\jdk1.8.0_31\bin;D:\KULIAH\kuliah\Semester6\PBWL\4\typesafe-activator-1.3.2-minimal\activator-1.3.2-minimal;C:\Program Files (x86)\AutoLyric;C:\Program Files\nodejs;C:\Windows\system32\config\systemprofile\.dnx\bin;C:\Program Files\Microsoft DNX\Dnvm;C:\Program Files (x86)\Windows Kits\8.1\Windows Performance Toolkit;C:\ant\bin;C:\Users\Luke\AppData\Local\Android\android-sdk\tools;C:\Users\Luke\AppData\Local\Android\android-sdk\platform-tools;C:\Program Files (x86)\OpenVPN\bin;C:\Program Files\TortoiseGit\bin;C:\xampp\php;C:\ProgramData\ComposerSetup\bin;C:\Program Files (x86)\GtkSharp\2.12\bin;C:\Program Files\Java\jdk1.8.0_31\bin;D:\KULIAH\kuliah\Semester6\PBWL\4\typesafe-activator-1.3.2-minimal\activator-1.3.2-minimal;D:\PHALCON\phalcon-devtools-2.0.1\phalcon-devtools-2.0.1;C:\Users\Luke\AppData\Roaming\npm;C:\Users\Luke\AppData\Roaming\Composer\vendor\bin;C:\Users\Luke\AppData\Local\atom\bin;.
23-Apr-2017 01:38:19.716 INFO [main] org.apache.coyote.AbstractProtocol.init Initializing ProtocolHandler ["http-nio-8080"]
23-Apr-2017 01:38:19.731 SEVERE [main] org.apache.coyote.AbstractProtocol.init Failed to initialize end point associated with ProtocolHandler ["http-nio-8080"]
 java.net.BindException: Address already in use: bind
	at sun.nio.ch.Net.bind0(Native Method)
	at sun.nio.ch.Net.bind(Net.java:436)
	at sun.nio.ch.Net.bind(Net.java:428)
	at sun.nio.ch.ServerSocketChannelImpl.bind(ServerSocketChannelImpl.java:214)
	at sun.nio.ch.ServerSocketAdaptor.bind(ServerSocketAdaptor.java:74)
	at org.apache.tomcat.util.net.NioEndpoint.bind(NioEndpoint.java:339)
	at org.apache.tomcat.util.net.AbstractEndpoint.init(AbstractEndpoint.java:737)
	at org.apache.coyote.AbstractProtocol.init(AbstractProtocol.java:457)
	at org.apache.coyote.http11.AbstractHttp11JsseProtocol.init(AbstractHttp11JsseProtocol.java:120)
	at org.apache.catalina.connector.Connector.initInternal(Connector.java:960)
	at org.apache.catalina.util.LifecycleBase.init(LifecycleBase.java:102)
	at org.apache.catalina.core.StandardService.initInternal(StandardService.java:567)
	at org.apache.catalina.util.LifecycleBase.init(LifecycleBase.java:102)
	at org.apache.catalina.core.StandardServer.initInternal(StandardServer.java:851)
	at org.apache.catalina.util.LifecycleBase.init(LifecycleBase.java:102)
	at org.apache.catalina.startup.Catalina.load(Catalina.java:576)
	at org.apache.catalina.startup.Catalina.load(Catalina.java:599)
	at sun.reflect.NativeMethodAccessorImpl.invoke0(Native Method)
	at sun.reflect.NativeMethodAccessorImpl.invoke(NativeMethodAccessorImpl.java:62)
	at sun.reflect.DelegatingMethodAccessorImpl.invoke(DelegatingMethodAccessorImpl.java:43)
	at java.lang.reflect.Method.invoke(Method.java:483)
	at org.apache.catalina.startup.Bootstrap.load(Bootstrap.java:310)
	at org.apache.catalina.startup.Bootstrap.main(Bootstrap.java:484)

23-Apr-2017 01:38:19.733 SEVERE [main] org.apache.catalina.core.StandardService.initInternal Failed to initialize connector [Connector[HTTP/1.1-8080]]
 org.apache.catalina.LifecycleException: Failed to initialize component [Connector[HTTP/1.1-8080]]
	at org.apache.catalina.util.LifecycleBase.init(LifecycleBase.java:106)
	at org.apache.catalina.core.StandardService.initInternal(StandardService.java:567)
	at org.apache.catalina.util.LifecycleBase.init(LifecycleBase.java:102)
	at org.apache.catalina.core.StandardServer.initInternal(StandardServer.java:851)
	at org.apache.catalina.util.LifecycleBase.init(LifecycleBase.java:102)
	at org.apache.catalina.startup.Catalina.load(Catalina.java:576)
	at org.apache.catalina.startup.Catalina.load(Catalina.java:599)
	at sun.reflect.NativeMethodAccessorImpl.invoke0(Native Method)
	at sun.reflect.NativeMethodAccessorImpl.invoke(NativeMethodAccessorImpl.java:62)
	at sun.reflect.DelegatingMethodAccessorImpl.invoke(DelegatingMethodAccessorImpl.java:43)
	at java.lang.reflect.Method.invoke(Method.java:483)
	at org.apache.catalina.startup.Bootstrap.load(Bootstrap.java:310)
	at org.apache.catalina.startup.Bootstrap.main(Bootstrap.java:484)
Caused by: org.apache.catalina.LifecycleException: Protocol handler initialization failed
	at org.apache.catalina.connector.Connector.initInternal(Connector.java:962)
	at org.apache.catalina.util.LifecycleBase.init(LifecycleBase.java:102)
	... 12 more
Caused by: java.net.BindException: Address already in use: bind
	at sun.nio.ch.Net.bind0(Native Method)
	at sun.nio.ch.Net.bind(Net.java:436)
	at sun.nio.ch.Net.bind(Net.java:428)
	at sun.nio.ch.ServerSocketChannelImpl.bind(ServerSocketChannelImpl.java:214)
	at sun.nio.ch.ServerSocketAdaptor.bind(ServerSocketAdaptor.java:74)
	at org.apache.tomcat.util.net.NioEndpoint.bind(NioEndpoint.java:339)
	at org.apache.tomcat.util.net.AbstractEndpoint.init(AbstractEndpoint.java:737)
	at org.apache.coyote.AbstractProtocol.init(AbstractProtocol.java:457)
	at org.apache.coyote.http11.AbstractHttp11JsseProtocol.init(AbstractHttp11JsseProtocol.java:120)
	at org.apache.catalina.connector.Connector.initInternal(Connector.java:960)
	... 13 more

23-Apr-2017 01:38:19.736 INFO [main] org.apache.coyote.AbstractProtocol.init Initializing ProtocolHandler ["ajp-nio-8009"]
23-Apr-2017 01:38:19.797 INFO [main] org.apache.tomcat.util.net.NioSelectorPool.getSharedSelector Using a shared selector for servlet write/read
23-Apr-2017 01:38:19.799 INFO [main] org.apache.catalina.startup.Catalina.load Initialization processed in 685 ms
23-Apr-2017 01:38:19.813 WARNING [main] org.apache.tomcat.jdbc.pool.ConnectionPool.init maxIdle is larger than maxActive, setting maxIdle to: 20
23-Apr-2017 01:38:20.055 INFO [main] org.camunda.commons.logging.BaseLogger.logInfo ENGINE-08046 Found camunda bpm platform configuration in CATALINA_BASE/CATALINA_HOME conf directory [D:\KULIAH\kuliah\Skripsi\6. Camunda\camunda-bpm-tomcat-7.6.0\server\apache-tomcat-8.0.24\conf\bpm-platform.xml] at 'file:/D:/KULIAH/kuliah/Skripsi/6.%20Camunda/camunda-bpm-tomcat-7.6.0/server/apache-tomcat-8.0.24/conf/bpm-platform.xml'
23-Apr-2017 01:38:20.429 INFO [main] org.camunda.commons.logging.BaseLogger.logInfo ENGINE-12003 Plugin 'ProcessApplicationEventListenerPlugin' activated on process engine 'default'
23-Apr-2017 01:38:20.434 INFO [main] org.camunda.commons.logging.BaseLogger.logInfo ENGINE-12003 Plugin 'SpinProcessEnginePlugin' activated on process engine 'default'
23-Apr-2017 01:38:20.440 INFO [main] org.camunda.commons.logging.BaseLogger.logInfo SPIN-01010 Discovered Spin data format provider: org.camunda.spin.impl.json.jackson.format.JacksonJsonDataFormatProvider[name = application/json]
23-Apr-2017 01:38:20.592 INFO [main] org.camunda.commons.logging.BaseLogger.logInfo SPIN-01010 Discovered Spin data format provider: org.camunda.spin.impl.xml.dom.format.DomXmlDataFormatProvider[name = application/xml]
23-Apr-2017 01:38:20.600 INFO [main] org.camunda.commons.logging.BaseLogger.logInfo SPIN-01009 Discovered Spin data format: org.camunda.spin.impl.xml.dom.format.DomXmlDataFormat[name = application/xml]
23-Apr-2017 01:38:20.600 INFO [main] org.camunda.commons.logging.BaseLogger.logInfo SPIN-01009 Discovered Spin data format: org.camunda.spin.impl.json.jackson.format.JacksonJsonDataFormat[name = application/json]
23-Apr-2017 01:38:20.601 INFO [main] org.camunda.commons.logging.BaseLogger.logInfo ENGINE-12003 Plugin 'ConnectProcessEnginePlugin' activated on process engine 'default'
23-Apr-2017 01:38:20.809 INFO [main] org.camunda.commons.logging.BaseLogger.logInfo CNCT-01004 Discovered provider for connector id 'http-connector' and class 'org.camunda.connect.httpclient.impl.HttpConnectorImpl': 'org.camunda.connect.httpclient.impl.HttpConnectorProviderImpl'
23-Apr-2017 01:38:20.811 INFO [main] org.camunda.commons.logging.BaseLogger.logInfo CNCT-01004 Discovered provider for connector id 'soap-http-connector' and class 'org.camunda.connect.httpclient.soap.impl.SoapHttpConnectorImpl': 'org.camunda.connect.httpclient.soap.impl.SoapHttpConnectorProviderImpl'
23-Apr-2017 01:38:22.732 INFO [main] org.camunda.commons.logging.BaseLogger.logInfo ENGINE-03016 Performing database operation 'create' on component 'engine' with resource 'org/camunda/bpm/engine/db/create/activiti.h2.create.engine.sql'
23-Apr-2017 01:38:22.750 INFO [main] org.camunda.commons.logging.BaseLogger.logInfo ENGINE-03016 Performing database operation 'create' on component 'history' with resource 'org/camunda/bpm/engine/db/create/activiti.h2.create.history.sql'
23-Apr-2017 01:38:22.767 INFO [main] org.camunda.commons.logging.BaseLogger.logInfo ENGINE-03016 Performing database operation 'create' on component 'identity' with resource 'org/camunda/bpm/engine/db/create/activiti.h2.create.identity.sql'
23-Apr-2017 01:38:22.794 INFO [main] org.camunda.commons.logging.BaseLogger.logInfo ENGINE-03016 Performing database operation 'create' on component 'case.engine' with resource 'org/camunda/bpm/engine/db/create/activiti.h2.create.case.engine.sql'
23-Apr-2017 01:38:22.805 INFO [main] org.camunda.commons.logging.BaseLogger.logInfo ENGINE-03016 Performing database operation 'create' on component 'case.history' with resource 'org/camunda/bpm/engine/db/create/activiti.h2.create.case.history.sql'
23-Apr-2017 01:38:22.814 INFO [main] org.camunda.commons.logging.BaseLogger.logInfo ENGINE-03016 Performing database operation 'create' on component 'decision.engine' with resource 'org/camunda/bpm/engine/db/create/activiti.h2.create.decision.engine.sql'
23-Apr-2017 01:38:22.821 INFO [main] org.camunda.commons.logging.BaseLogger.logInfo ENGINE-03016 Performing database operation 'create' on component 'decision.history' with resource 'org/camunda/bpm/engine/db/create/activiti.h2.create.decision.history.sql'
23-Apr-2017 01:38:22.846 INFO [main] org.camunda.commons.logging.BaseLogger.logInfo ENGINE-03067 No history level property found in database
23-Apr-2017 01:38:22.849 INFO [main] org.camunda.commons.logging.BaseLogger.logInfo ENGINE-03065 Creating historyLevel property in database for level: HistoryLevelFull(name=full, id=3)
23-Apr-2017 01:38:22.860 INFO [main] org.camunda.commons.logging.BaseLogger.logInfo ENGINE-00001 Process Engine default created.
23-Apr-2017 01:38:22.863 INFO [main] org.camunda.commons.logging.BaseLogger.logInfo ENGINE-14014 Starting up the JobExecutor[org.camunda.bpm.engine.impl.jobexecutor.RuntimeContainerJobExecutor].
23-Apr-2017 01:38:22.871 INFO [Thread-5] org.camunda.commons.logging.BaseLogger.logInfo ENGINE-14018 JobExecutor[org.camunda.bpm.engine.impl.jobexecutor.RuntimeContainerJobExecutor] starting to acquire jobs
23-Apr-2017 01:38:22.941 INFO [main] org.camunda.commons.logging.BaseLogger.logInfo ENGINE-08048 Camunda BPM platform sucessfully started at 'Apache Tomcat/8.0.24'.
23-Apr-2017 01:38:22.953 INFO [main] org.apache.catalina.core.StandardService.startInternal Starting service Catalina
23-Apr-2017 01:38:22.956 INFO [main] org.apache.catalina.core.StandardEngine.startInternal Starting Servlet Engine: Apache Tomcat/8.0.24
23-Apr-2017 01:38:22.966 INFO [localhost-startStop-1] org.apache.catalina.startup.HostConfig.deployDirectory Deploying web application directory D:\KULIAH\kuliah\Skripsi\6. Camunda\camunda-bpm-tomcat-7.6.0\server\apache-tomcat-8.0.24\webapps\camunda
23-Apr-2017 01:38:25.698 INFO [localhost-startStop-1] org.apache.jasper.servlet.TldScanner.scanJars At least one JAR was scanned for TLDs yet contained no TLDs. Enable debug logging for this logger for a complete list of JARs that were scanned but no TLDs were found in them. Skipping unneeded JARs during scanning can improve startup time and JSP compilation time.
23-Apr-2017 01:38:25.960 INFO [localhost-startStop-1] org.apache.catalina.startup.HostConfig.deployDirectory Deployment of web application directory D:\KULIAH\kuliah\Skripsi\6. Camunda\camunda-bpm-tomcat-7.6.0\server\apache-tomcat-8.0.24\webapps\camunda has finished in 2,993 ms
23-Apr-2017 01:38:25.971 INFO [localhost-startStop-1] org.apache.catalina.startup.HostConfig.deployDirectory Deploying web application directory D:\KULIAH\kuliah\Skripsi\6. Camunda\camunda-bpm-tomcat-7.6.0\server\apache-tomcat-8.0.24\webapps\camunda-invoice
23-Apr-2017 01:38:27.279 INFO [localhost-startStop-1] org.camunda.commons.logging.BaseLogger.logInfo ENGINE-07015 Detected @ProcessApplication class 'org.camunda.bpm.example.invoice.InvoiceProcessApplication'
23-Apr-2017 01:38:27.302 INFO [localhost-startStop-1] org.apache.jasper.servlet.TldScanner.scanJars At least one JAR was scanned for TLDs yet contained no TLDs. Enable debug logging for this logger for a complete list of JARs that were scanned but no TLDs were found in them. Skipping unneeded JARs during scanning can improve startup time and JSP compilation time.
23-Apr-2017 01:38:27.308 INFO [localhost-startStop-1] org.camunda.commons.logging.BaseLogger.logInfo ENGINE-08024 Found processes.xml file at file:/D:/KULIAH/kuliah/Skripsi/6.%20Camunda/camunda-bpm-tomcat-7.6.0/server/apache-tomcat-8.0.24/webapps/camunda-invoice/WEB-INF/classes/META-INF/processes.xml
23-Apr-2017 01:38:27.444 WARNING [localhost-startStop-1] org.camunda.commons.logging.BaseLogger.logWarn ENGINE-09004 Warnings during parsing: 
* Exclusive Gateway 'reviewSuccessful_gw' has outgoing sequence flow 'reviewSuccessful' without condition which is not the default flow. We assume it to be the default flow, but it is bad modeling practice, better set the default flow in your gateway. | invoice.v1.bpmn | line 0 | column 0
23-Apr-2017 01:38:27.834 INFO [localhost-startStop-1] org.camunda.commons.logging.BaseLogger.logInfo ENGINE-07021 ProcessApplication 'camunda-invoice' registered for DB deployments [dfe55c51-278a-11e7-92f8-902b3437070c]. Will execute process definitions 

        invoice[version: 1, id: invoice:1:dff5b005-278a-11e7-92f8-902b3437070c]

Will execute case definitions 

        ReviewInvoiceCase[version: 1, id: ReviewInvoiceCase:1:e016cc97-278a-11e7-92f8-902b3437070c]

23-Apr-2017 01:38:27.854 INFO [localhost-startStop-1] org.camunda.commons.logging.BaseLogger.logInfo ENGINE-08023 Deployment summary for process archive 'camunda-invoice': 

        invoiceBusinessDecisions.dmn
        invoice.v2.bpmn
        review-invoice.cmmn

23-Apr-2017 01:38:27.973 INFO [localhost-startStop-1] org.camunda.commons.logging.BaseLogger.logInfo ENGINE-07021 ProcessApplication 'camunda-invoice' registered for DB deployments [e036146b-278a-11e7-92f8-902b3437070c, dfe55c51-278a-11e7-92f8-902b3437070c]. Will execute process definitions 

        invoice[version: 2, id: invoice:2:e03d676f-278a-11e7-92f8-902b3437070c]
        invoice[version: 1, id: invoice:1:dff5b005-278a-11e7-92f8-902b3437070c]

Will execute case definitions 

        ReviewInvoiceCase[version: 2, id: ReviewInvoiceCase:2:e0429791-278a-11e7-92f8-902b3437070c]
        ReviewInvoiceCase[version: 1, id: ReviewInvoiceCase:1:e016cc97-278a-11e7-92f8-902b3437070c]

23-Apr-2017 01:38:27.988 INFO [localhost-startStop-1] org.camunda.commons.logging.BaseLogger.logInfo SPIN-01010 Discovered Spin data format provider: org.camunda.spin.impl.json.jackson.format.JacksonJsonDataFormatProvider[name = application/json]
23-Apr-2017 01:38:27.991 INFO [localhost-startStop-1] org.camunda.commons.logging.BaseLogger.logInfo SPIN-01010 Discovered Spin data format provider: org.camunda.spin.impl.xml.dom.format.DomXmlDataFormatProvider[name = application/xml]
23-Apr-2017 01:38:27.993 INFO [localhost-startStop-1] org.camunda.commons.logging.BaseLogger.logInfo SPIN-01009 Discovered Spin data format: org.camunda.spin.impl.xml.dom.format.DomXmlDataFormat[name = application/xml]
23-Apr-2017 01:38:27.994 INFO [localhost-startStop-1] org.camunda.commons.logging.BaseLogger.logInfo SPIN-01009 Discovered Spin data format: org.camunda.spin.impl.json.jackson.format.JacksonJsonDataFormat[name = application/json]
23-Apr-2017 01:38:28.004 INFO [localhost-startStop-1] org.camunda.bpm.example.invoice.DemoDataGenerator.createUsers Generating demo data for invoice showcase
23-Apr-2017 01:38:28.358 INFO [localhost-startStop-1] org.camunda.bpm.example.invoice.InvoiceProcessApplication.startProcessInstances Start 3 instances of Invoice Receipt, version 1
23-Apr-2017 01:38:29.218 INFO [localhost-startStop-1] org.camunda.bpm.example.invoice.service.NotifyCreditorService.execute 

  ... Now notifying creditor Bobby's Office Supplies


23-Apr-2017 01:38:29.363 INFO [localhost-startStop-1] org.camunda.bpm.example.invoice.InvoiceProcessApplication.startProcessInstances Start 3 instances of Invoice Receipt, version 2
23-Apr-2017 01:38:29.781 INFO [localhost-startStop-1] org.camunda.commons.logging.BaseLogger.logInfo ENGINE-08050 Process application camunda-invoice successfully deployed
23-Apr-2017 01:38:29.889 INFO [localhost-startStop-1] org.apache.catalina.startup.HostConfig.deployDirectory Deployment of web application directory D:\KULIAH\kuliah\Skripsi\6. Camunda\camunda-bpm-tomcat-7.6.0\server\apache-tomcat-8.0.24\webapps\camunda-invoice has finished in 3,918 ms
23-Apr-2017 01:38:29.890 INFO [localhost-startStop-1] org.apache.catalina.startup.HostConfig.deployDirectory Deploying web application directory D:\KULIAH\kuliah\Skripsi\6. Camunda\camunda-bpm-tomcat-7.6.0\server\apache-tomcat-8.0.24\webapps\camunda-welcome
23-Apr-2017 01:38:31.136 INFO [localhost-startStop-1] org.apache.jasper.servlet.TldScanner.scanJars At least one JAR was scanned for TLDs yet contained no TLDs. Enable debug logging for this logger for a complete list of JARs that were scanned but no TLDs were found in them. Skipping unneeded JARs during scanning can improve startup time and JSP compilation time.
23-Apr-2017 01:38:31.138 INFO [localhost-startStop-1] org.apache.catalina.startup.HostConfig.deployDirectory Deployment of web application directory D:\KULIAH\kuliah\Skripsi\6. Camunda\camunda-bpm-tomcat-7.6.0\server\apache-tomcat-8.0.24\webapps\camunda-welcome has finished in 1,248 ms
23-Apr-2017 01:38:31.139 INFO [localhost-startStop-1] org.apache.catalina.startup.HostConfig.deployDirectory Deploying web application directory D:\KULIAH\kuliah\Skripsi\6. Camunda\camunda-bpm-tomcat-7.6.0\server\apache-tomcat-8.0.24\webapps\docs
23-Apr-2017 01:38:32.268 INFO [localhost-startStop-1] org.apache.jasper.servlet.TldScanner.scanJars At least one JAR was scanned for TLDs yet contained no TLDs. Enable debug logging for this logger for a complete list of JARs that were scanned but no TLDs were found in them. Skipping unneeded JARs during scanning can improve startup time and JSP compilation time.
23-Apr-2017 01:38:32.270 INFO [localhost-startStop-1] org.apache.catalina.startup.HostConfig.deployDirectory Deployment of web application directory D:\KULIAH\kuliah\Skripsi\6. Camunda\camunda-bpm-tomcat-7.6.0\server\apache-tomcat-8.0.24\webapps\docs has finished in 1,131 ms
23-Apr-2017 01:38:32.272 INFO [localhost-startStop-1] org.apache.catalina.startup.HostConfig.deployDirectory Deploying web application directory D:\KULIAH\kuliah\Skripsi\6. Camunda\camunda-bpm-tomcat-7.6.0\server\apache-tomcat-8.0.24\webapps\engine-rest
23-Apr-2017 01:38:34.372 INFO [localhost-startStop-1] org.apache.jasper.servlet.TldScanner.scanJars At least one JAR was scanned for TLDs yet contained no TLDs. Enable debug logging for this logger for a complete list of JARs that were scanned but no TLDs were found in them. Skipping unneeded JARs during scanning can improve startup time and JSP compilation time.
23-Apr-2017 01:38:34.475 INFO [localhost-startStop-1] org.jboss.resteasy.logging.impl.Slf4jLogger.info Deploying javax.ws.rs.core.Application: class org.camunda.bpm.engine.rest.impl.application.DefaultApplication
23-Apr-2017 01:38:34.578 INFO [localhost-startStop-1] org.apache.catalina.startup.HostConfig.deployDirectory Deployment of web application directory D:\KULIAH\kuliah\Skripsi\6. Camunda\camunda-bpm-tomcat-7.6.0\server\apache-tomcat-8.0.24\webapps\engine-rest has finished in 2,307 ms
23-Apr-2017 01:38:34.579 INFO [localhost-startStop-1] org.apache.catalina.startup.HostConfig.deployDirectory Deploying web application directory D:\KULIAH\kuliah\Skripsi\6. Camunda\camunda-bpm-tomcat-7.6.0\server\apache-tomcat-8.0.24\webapps\examples
23-Apr-2017 01:38:35.825 INFO [localhost-startStop-1] org.apache.jasper.servlet.TldScanner.scanJars At least one JAR was scanned for TLDs yet contained no TLDs. Enable debug logging for this logger for a complete list of JARs that were scanned but no TLDs were found in them. Skipping unneeded JARs during scanning can improve startup time and JSP compilation time.
23-Apr-2017 01:38:35.860 INFO [localhost-startStop-1] org.apache.catalina.startup.HostConfig.deployDirectory Deployment of web application directory D:\KULIAH\kuliah\Skripsi\6. Camunda\camunda-bpm-tomcat-7.6.0\server\apache-tomcat-8.0.24\webapps\examples has finished in 1,280 ms
23-Apr-2017 01:38:35.860 INFO [localhost-startStop-1] org.apache.catalina.startup.HostConfig.deployDirectory Deploying web application directory D:\KULIAH\kuliah\Skripsi\6. Camunda\camunda-bpm-tomcat-7.6.0\server\apache-tomcat-8.0.24\webapps\h2
23-Apr-2017 01:38:37.022 INFO [localhost-startStop-1] org.apache.jasper.servlet.TldScanner.scanJars At least one JAR was scanned for TLDs yet contained no TLDs. Enable debug logging for this logger for a complete list of JARs that were scanned but no TLDs were found in them. Skipping unneeded JARs during scanning can improve startup time and JSP compilation time.
23-Apr-2017 01:38:37.030 INFO [localhost-startStop-1] org.apache.catalina.startup.HostConfig.deployDirectory Deployment of web application directory D:\KULIAH\kuliah\Skripsi\6. Camunda\camunda-bpm-tomcat-7.6.0\server\apache-tomcat-8.0.24\webapps\h2 has finished in 1,170 ms
23-Apr-2017 01:38:37.030 INFO [localhost-startStop-1] org.apache.catalina.startup.HostConfig.deployDirectory Deploying web application directory D:\KULIAH\kuliah\Skripsi\6. Camunda\camunda-bpm-tomcat-7.6.0\server\apache-tomcat-8.0.24\webapps\host-manager
23-Apr-2017 01:38:38.155 INFO [localhost-startStop-1] org.apache.jasper.servlet.TldScanner.scanJars At least one JAR was scanned for TLDs yet contained no TLDs. Enable debug logging for this logger for a complete list of JARs that were scanned but no TLDs were found in them. Skipping unneeded JARs during scanning can improve startup time and JSP compilation time.
23-Apr-2017 01:38:38.165 INFO [localhost-startStop-1] org.apache.catalina.startup.HostConfig.deployDirectory Deployment of web application directory D:\KULIAH\kuliah\Skripsi\6. Camunda\camunda-bpm-tomcat-7.6.0\server\apache-tomcat-8.0.24\webapps\host-manager has finished in 1,135 ms
23-Apr-2017 01:38:38.166 INFO [localhost-startStop-1] org.apache.catalina.startup.HostConfig.deployDirectory Deploying web application directory D:\KULIAH\kuliah\Skripsi\6. Camunda\camunda-bpm-tomcat-7.6.0\server\apache-tomcat-8.0.24\webapps\manager
23-Apr-2017 01:38:39.296 INFO [localhost-startStop-1] org.apache.jasper.servlet.TldScanner.scanJars At least one JAR was scanned for TLDs yet contained no TLDs. Enable debug logging for this logger for a complete list of JARs that were scanned but no TLDs were found in them. Skipping unneeded JARs during scanning can improve startup time and JSP compilation time.
23-Apr-2017 01:38:39.299 INFO [localhost-startStop-1] org.apache.catalina.startup.HostConfig.deployDirectory Deployment of web application directory D:\KULIAH\kuliah\Skripsi\6. Camunda\camunda-bpm-tomcat-7.6.0\server\apache-tomcat-8.0.24\webapps\manager has finished in 1,133 ms
23-Apr-2017 01:38:39.299 INFO [localhost-startStop-1] org.apache.catalina.startup.HostConfig.deployDirectory Deploying web application directory D:\KULIAH\kuliah\Skripsi\6. Camunda\camunda-bpm-tomcat-7.6.0\server\apache-tomcat-8.0.24\webapps\ROOT
23-Apr-2017 01:38:40.388 INFO [localhost-startStop-1] org.apache.jasper.servlet.TldScanner.scanJars At least one JAR was scanned for TLDs yet contained no TLDs. Enable debug logging for this logger for a complete list of JARs that were scanned but no TLDs were found in them. Skipping unneeded JARs during scanning can improve startup time and JSP compilation time.
23-Apr-2017 01:38:40.390 INFO [localhost-startStop-1] org.apache.catalina.startup.HostConfig.deployDirectory Deployment of web application directory D:\KULIAH\kuliah\Skripsi\6. Camunda\camunda-bpm-tomcat-7.6.0\server\apache-tomcat-8.0.24\webapps\ROOT has finished in 1,091 ms
23-Apr-2017 01:38:40.393 INFO [main] org.apache.coyote.AbstractProtocol.start Starting ProtocolHandler ["ajp-nio-8009"]
23-Apr-2017 01:38:40.400 INFO [main] org.apache.catalina.startup.Catalina.start Server startup in 20601 ms
23-Apr-2017 01:40:12.461 INFO [main] org.apache.catalina.startup.VersionLoggerListener.log Server version:        Apache Tomcat/8.0.24
23-Apr-2017 01:40:12.462 INFO [main] org.apache.catalina.startup.VersionLoggerListener.log Server built:          Jul 1 2015 20:19:55 UTC
23-Apr-2017 01:40:12.463 INFO [main] org.apache.catalina.startup.VersionLoggerListener.log Server number:         8.0.24.0
23-Apr-2017 01:40:12.463 INFO [main] org.apache.catalina.startup.VersionLoggerListener.log OS Name:               Windows 7
23-Apr-2017 01:40:12.463 INFO [main] org.apache.catalina.startup.VersionLoggerListener.log OS Version:            6.1
23-Apr-2017 01:40:12.463 INFO [main] org.apache.catalina.startup.VersionLoggerListener.log Architecture:          amd64
23-Apr-2017 01:40:12.463 INFO [main] org.apache.catalina.startup.VersionLoggerListener.log Java Home:             C:\Program Files\Java\jdk1.8.0_31\jre
23-Apr-2017 01:40:12.464 INFO [main] org.apache.catalina.startup.VersionLoggerListener.log JVM Version:           1.8.0_31-b13
23-Apr-2017 01:40:12.464 INFO [main] org.apache.catalina.startup.VersionLoggerListener.log JVM Vendor:            Oracle Corporation
23-Apr-2017 01:40:12.464 INFO [main] org.apache.catalina.startup.VersionLoggerListener.log CATALINA_BASE:         D:\KULIAH\kuliah\Skripsi\6. Camunda\camunda-bpm-tomcat-7.6.0\server\apache-tomcat-8.0.24
23-Apr-2017 01:40:12.464 INFO [main] org.apache.catalina.startup.VersionLoggerListener.log CATALINA_HOME:         D:\KULIAH\kuliah\Skripsi\6. Camunda\camunda-bpm-tomcat-7.6.0\server\apache-tomcat-8.0.24
23-Apr-2017 01:40:12.465 INFO [main] org.apache.catalina.startup.VersionLoggerListener.log Command line argument: -Djava.util.logging.config.file=D:\KULIAH\kuliah\Skripsi\6. Camunda\camunda-bpm-tomcat-7.6.0\server\apache-tomcat-8.0.24\conf\logging.properties
23-Apr-2017 01:40:12.465 INFO [main] org.apache.catalina.startup.VersionLoggerListener.log Command line argument: -Djava.util.logging.manager=org.apache.juli.ClassLoaderLogManager
23-Apr-2017 01:40:12.466 INFO [main] org.apache.catalina.startup.VersionLoggerListener.log Command line argument: -Xmx512m
23-Apr-2017 01:40:12.466 INFO [main] org.apache.catalina.startup.VersionLoggerListener.log Command line argument: -XX:MaxPermSize=256m
23-Apr-2017 01:40:12.467 INFO [main] org.apache.catalina.startup.VersionLoggerListener.log Command line argument: -XX:PermSize=256m
23-Apr-2017 01:40:12.467 INFO [main] org.apache.catalina.startup.VersionLoggerListener.log Command line argument: -Djava.endorsed.dirs=D:\KULIAH\kuliah\Skripsi\6. Camunda\camunda-bpm-tomcat-7.6.0\server\apache-tomcat-8.0.24\endorsed
23-Apr-2017 01:40:12.468 INFO [main] org.apache.catalina.startup.VersionLoggerListener.log Command line argument: -Dcatalina.base=D:\KULIAH\kuliah\Skripsi\6. Camunda\camunda-bpm-tomcat-7.6.0\server\apache-tomcat-8.0.24
23-Apr-2017 01:40:12.468 INFO [main] org.apache.catalina.startup.VersionLoggerListener.log Command line argument: -Dcatalina.home=D:\KULIAH\kuliah\Skripsi\6. Camunda\camunda-bpm-tomcat-7.6.0\server\apache-tomcat-8.0.24
23-Apr-2017 01:40:12.468 INFO [main] org.apache.catalina.startup.VersionLoggerListener.log Command line argument: -Djava.io.tmpdir=D:\KULIAH\kuliah\Skripsi\6. Camunda\camunda-bpm-tomcat-7.6.0\server\apache-tomcat-8.0.24\temp
23-Apr-2017 01:40:12.469 INFO [main] org.apache.catalina.core.AprLifecycleListener.lifecycleEvent The APR based Apache Tomcat Native library which allows optimal performance in production environments was not found on the java.library.path: C:\Program Files\Java\jdk1.8.0_31\bin;C:\Windows\Sun\Java\bin;C:\Windows\system32;C:\Windows;C:\Windows\system32;C:\Windows;C:\Windows\system32\wbem;C:\Program Files\Java\jdk1.8.0_31\bin;D:\KULIAH\kuliah\Semester6\PBWL\4\typesafe-activator-1.3.2-minimal\activator-1.3.2-minimal;C:\Program Files (x86)\AutoLyric;C:\Program Files\nodejs;C:\Windows\system32\config\systemprofile\.dnx\bin;C:\Program Files\Microsoft DNX\Dnvm;C:\Program Files (x86)\Windows Kits\8.1\Windows Performance Toolkit;C:\ant\bin;C:\Users\Luke\AppData\Local\Android\android-sdk\tools;C:\Users\Luke\AppData\Local\Android\android-sdk\platform-tools;C:\Program Files (x86)\OpenVPN\bin;C:\Program Files\TortoiseGit\bin;C:\xampp\php;C:\ProgramData\ComposerSetup\bin;C:\Program Files (x86)\GtkSharp\2.12\bin;C:\Program Files\Java\jdk1.8.0_31\bin;D:\KULIAH\kuliah\Semester6\PBWL\4\typesafe-activator-1.3.2-minimal\activator-1.3.2-minimal;D:\PHALCON\phalcon-devtools-2.0.1\phalcon-devtools-2.0.1;C:\Users\Luke\AppData\Roaming\npm;C:\Users\Luke\AppData\Roaming\Composer\vendor\bin;C:\Users\Luke\AppData\Local\atom\bin;.
23-Apr-2017 01:40:12.631 INFO [main] org.apache.coyote.AbstractProtocol.init Initializing ProtocolHandler ["http-nio-8080"]
23-Apr-2017 01:40:12.647 SEVERE [main] org.apache.coyote.AbstractProtocol.init Failed to initialize end point associated with ProtocolHandler ["http-nio-8080"]
 java.net.BindException: Address already in use: bind
	at sun.nio.ch.Net.bind0(Native Method)
	at sun.nio.ch.Net.bind(Net.java:436)
	at sun.nio.ch.Net.bind(Net.java:428)
	at sun.nio.ch.ServerSocketChannelImpl.bind(ServerSocketChannelImpl.java:214)
	at sun.nio.ch.ServerSocketAdaptor.bind(ServerSocketAdaptor.java:74)
	at org.apache.tomcat.util.net.NioEndpoint.bind(NioEndpoint.java:339)
	at org.apache.tomcat.util.net.AbstractEndpoint.init(AbstractEndpoint.java:737)
	at org.apache.coyote.AbstractProtocol.init(AbstractProtocol.java:457)
	at org.apache.coyote.http11.AbstractHttp11JsseProtocol.init(AbstractHttp11JsseProtocol.java:120)
	at org.apache.catalina.connector.Connector.initInternal(Connector.java:960)
	at org.apache.catalina.util.LifecycleBase.init(LifecycleBase.java:102)
	at org.apache.catalina.core.StandardService.initInternal(StandardService.java:567)
	at org.apache.catalina.util.LifecycleBase.init(LifecycleBase.java:102)
	at org.apache.catalina.core.StandardServer.initInternal(StandardServer.java:851)
	at org.apache.catalina.util.LifecycleBase.init(LifecycleBase.java:102)
	at org.apache.catalina.startup.Catalina.load(Catalina.java:576)
	at org.apache.catalina.startup.Catalina.load(Catalina.java:599)
	at sun.reflect.NativeMethodAccessorImpl.invoke0(Native Method)
	at sun.reflect.NativeMethodAccessorImpl.invoke(NativeMethodAccessorImpl.java:62)
	at sun.reflect.DelegatingMethodAccessorImpl.invoke(DelegatingMethodAccessorImpl.java:43)
	at java.lang.reflect.Method.invoke(Method.java:483)
	at org.apache.catalina.startup.Bootstrap.load(Bootstrap.java:310)
	at org.apache.catalina.startup.Bootstrap.main(Bootstrap.java:484)

23-Apr-2017 01:40:12.650 SEVERE [main] org.apache.catalina.core.StandardService.initInternal Failed to initialize connector [Connector[HTTP/1.1-8080]]
 org.apache.catalina.LifecycleException: Failed to initialize component [Connector[HTTP/1.1-8080]]
	at org.apache.catalina.util.LifecycleBase.init(LifecycleBase.java:106)
	at org.apache.catalina.core.StandardService.initInternal(StandardService.java:567)
	at org.apache.catalina.util.LifecycleBase.init(LifecycleBase.java:102)
	at org.apache.catalina.core.StandardServer.initInternal(StandardServer.java:851)
	at org.apache.catalina.util.LifecycleBase.init(LifecycleBase.java:102)
	at org.apache.catalina.startup.Catalina.load(Catalina.java:576)
	at org.apache.catalina.startup.Catalina.load(Catalina.java:599)
	at sun.reflect.NativeMethodAccessorImpl.invoke0(Native Method)
	at sun.reflect.NativeMethodAccessorImpl.invoke(NativeMethodAccessorImpl.java:62)
	at sun.reflect.DelegatingMethodAccessorImpl.invoke(DelegatingMethodAccessorImpl.java:43)
	at java.lang.reflect.Method.invoke(Method.java:483)
	at org.apache.catalina.startup.Bootstrap.load(Bootstrap.java:310)
	at org.apache.catalina.startup.Bootstrap.main(Bootstrap.java:484)
Caused by: org.apache.catalina.LifecycleException: Protocol handler initialization failed
	at org.apache.catalina.connector.Connector.initInternal(Connector.java:962)
	at org.apache.catalina.util.LifecycleBase.init(LifecycleBase.java:102)
	... 12 more
Caused by: java.net.BindException: Address already in use: bind
	at sun.nio.ch.Net.bind0(Native Method)
	at sun.nio.ch.Net.bind(Net.java:436)
	at sun.nio.ch.Net.bind(Net.java:428)
	at sun.nio.ch.ServerSocketChannelImpl.bind(ServerSocketChannelImpl.java:214)
	at sun.nio.ch.ServerSocketAdaptor.bind(ServerSocketAdaptor.java:74)
	at org.apache.tomcat.util.net.NioEndpoint.bind(NioEndpoint.java:339)
	at org.apache.tomcat.util.net.AbstractEndpoint.init(AbstractEndpoint.java:737)
	at org.apache.coyote.AbstractProtocol.init(AbstractProtocol.java:457)
	at org.apache.coyote.http11.AbstractHttp11JsseProtocol.init(AbstractHttp11JsseProtocol.java:120)
	at org.apache.catalina.connector.Connector.initInternal(Connector.java:960)
	... 13 more

23-Apr-2017 01:40:12.652 INFO [main] org.apache.coyote.AbstractProtocol.init Initializing ProtocolHandler ["ajp-nio-8009"]
23-Apr-2017 01:40:12.728 INFO [main] org.apache.tomcat.util.net.NioSelectorPool.getSharedSelector Using a shared selector for servlet write/read
23-Apr-2017 01:40:12.734 INFO [main] org.apache.catalina.startup.Catalina.load Initialization processed in 817 ms
23-Apr-2017 01:40:12.754 WARNING [main] org.apache.tomcat.jdbc.pool.ConnectionPool.init maxIdle is larger than maxActive, setting maxIdle to: 20
23-Apr-2017 01:40:15.696 INFO [main] org.camunda.commons.logging.BaseLogger.logInfo ENGINE-08046 Found camunda bpm platform configuration in CATALINA_BASE/CATALINA_HOME conf directory [D:\KULIAH\kuliah\Skripsi\6. Camunda\camunda-bpm-tomcat-7.6.0\server\apache-tomcat-8.0.24\conf\bpm-platform.xml] at 'file:/D:/KULIAH/kuliah/Skripsi/6.%20Camunda/camunda-bpm-tomcat-7.6.0/server/apache-tomcat-8.0.24/conf/bpm-platform.xml'
23-Apr-2017 01:40:16.669 INFO [main] org.camunda.commons.logging.BaseLogger.logInfo ENGINE-12003 Plugin 'ProcessApplicationEventListenerPlugin' activated on process engine 'default'
23-Apr-2017 01:40:16.681 INFO [main] org.camunda.commons.logging.BaseLogger.logInfo ENGINE-12003 Plugin 'SpinProcessEnginePlugin' activated on process engine 'default'
23-Apr-2017 01:40:16.690 INFO [main] org.camunda.commons.logging.BaseLogger.logInfo SPIN-01010 Discovered Spin data format provider: org.camunda.spin.impl.json.jackson.format.JacksonJsonDataFormatProvider[name = application/json]
23-Apr-2017 01:40:16.883 INFO [main] org.camunda.commons.logging.BaseLogger.logInfo SPIN-01010 Discovered Spin data format provider: org.camunda.spin.impl.xml.dom.format.DomXmlDataFormatProvider[name = application/xml]
23-Apr-2017 01:40:16.894 INFO [main] org.camunda.commons.logging.BaseLogger.logInfo SPIN-01009 Discovered Spin data format: org.camunda.spin.impl.xml.dom.format.DomXmlDataFormat[name = application/xml]
23-Apr-2017 01:40:16.894 INFO [main] org.camunda.commons.logging.BaseLogger.logInfo SPIN-01009 Discovered Spin data format: org.camunda.spin.impl.json.jackson.format.JacksonJsonDataFormat[name = application/json]
23-Apr-2017 01:40:16.895 INFO [main] org.camunda.commons.logging.BaseLogger.logInfo ENGINE-12003 Plugin 'ConnectProcessEnginePlugin' activated on process engine 'default'
23-Apr-2017 01:40:17.053 INFO [main] org.camunda.commons.logging.BaseLogger.logInfo CNCT-01004 Discovered provider for connector id 'http-connector' and class 'org.camunda.connect.httpclient.impl.HttpConnectorImpl': 'org.camunda.connect.httpclient.impl.HttpConnectorProviderImpl'
23-Apr-2017 01:40:17.060 INFO [main] org.camunda.commons.logging.BaseLogger.logInfo CNCT-01004 Discovered provider for connector id 'soap-http-connector' and class 'org.camunda.connect.httpclient.soap.impl.SoapHttpConnectorImpl': 'org.camunda.connect.httpclient.soap.impl.SoapHttpConnectorProviderImpl'
23-Apr-2017 01:40:18.994 INFO [main] org.camunda.commons.logging.BaseLogger.logInfo ENGINE-00001 Process Engine default created.
23-Apr-2017 01:40:18.997 INFO [main] org.camunda.commons.logging.BaseLogger.logInfo ENGINE-14014 Starting up the JobExecutor[org.camunda.bpm.engine.impl.jobexecutor.RuntimeContainerJobExecutor].
23-Apr-2017 01:40:19.003 INFO [Thread-5] org.camunda.commons.logging.BaseLogger.logInfo ENGINE-14018 JobExecutor[org.camunda.bpm.engine.impl.jobexecutor.RuntimeContainerJobExecutor] starting to acquire jobs
23-Apr-2017 01:40:19.014 INFO [main] org.camunda.commons.logging.BaseLogger.logInfo ENGINE-08048 Camunda BPM platform sucessfully started at 'Apache Tomcat/8.0.24'.
23-Apr-2017 01:40:19.027 INFO [main] org.apache.catalina.core.StandardService.startInternal Starting service Catalina
23-Apr-2017 01:40:19.028 INFO [main] org.apache.catalina.core.StandardEngine.startInternal Starting Servlet Engine: Apache Tomcat/8.0.24
23-Apr-2017 01:40:19.042 INFO [localhost-startStop-1] org.apache.catalina.startup.HostConfig.deployDirectory Deploying web application directory D:\KULIAH\kuliah\Skripsi\6. Camunda\camunda-bpm-tomcat-7.6.0\server\apache-tomcat-8.0.24\webapps\camunda
23-Apr-2017 01:40:21.357 INFO [localhost-startStop-1] org.apache.jasper.servlet.TldScanner.scanJars At least one JAR was scanned for TLDs yet contained no TLDs. Enable debug logging for this logger for a complete list of JARs that were scanned but no TLDs were found in them. Skipping unneeded JARs during scanning can improve startup time and JSP compilation time.
23-Apr-2017 01:40:21.721 INFO [localhost-startStop-1] org.apache.catalina.startup.HostConfig.deployDirectory Deployment of web application directory D:\KULIAH\kuliah\Skripsi\6. Camunda\camunda-bpm-tomcat-7.6.0\server\apache-tomcat-8.0.24\webapps\camunda has finished in 2,678 ms
23-Apr-2017 01:40:21.786 INFO [localhost-startStop-1] org.apache.catalina.startup.HostConfig.deployDirectory Deploying web application directory D:\KULIAH\kuliah\Skripsi\6. Camunda\camunda-bpm-tomcat-7.6.0\server\apache-tomcat-8.0.24\webapps\camunda-invoice
23-Apr-2017 01:40:23.214 INFO [localhost-startStop-1] org.camunda.commons.logging.BaseLogger.logInfo ENGINE-07015 Detected @ProcessApplication class 'org.camunda.bpm.example.invoice.InvoiceProcessApplication'
23-Apr-2017 01:40:23.236 INFO [localhost-startStop-1] org.apache.jasper.servlet.TldScanner.scanJars At least one JAR was scanned for TLDs yet contained no TLDs. Enable debug logging for this logger for a complete list of JARs that were scanned but no TLDs were found in them. Skipping unneeded JARs during scanning can improve startup time and JSP compilation time.
23-Apr-2017 01:40:23.241 INFO [localhost-startStop-1] org.camunda.commons.logging.BaseLogger.logInfo ENGINE-08024 Found processes.xml file at file:/D:/KULIAH/kuliah/Skripsi/6.%20Camunda/camunda-bpm-tomcat-7.6.0/server/apache-tomcat-8.0.24/webapps/camunda-invoice/WEB-INF/classes/META-INF/processes.xml
23-Apr-2017 01:40:23.270 INFO [localhost-startStop-1] org.camunda.commons.logging.BaseLogger.logInfo ENGINE-08023 Deployment summary for process archive 'camunda-invoice': 

        invoiceBusinessDecisions.dmn
        invoice.v2.bpmn
        review-invoice.cmmn

23-Apr-2017 01:40:23.717 INFO [localhost-startStop-1] org.camunda.commons.logging.BaseLogger.logInfo ENGINE-07021 ProcessApplication 'camunda-invoice' registered for DB deployments [e036146b-278a-11e7-92f8-902b3437070c, dfe55c51-278a-11e7-92f8-902b3437070c]. Will execute process definitions 

        invoice[version: 2, id: invoice:2:e03d676f-278a-11e7-92f8-902b3437070c]
        invoice[version: 1, id: invoice:1:dff5b005-278a-11e7-92f8-902b3437070c]

Will execute case definitions 

        ReviewInvoiceCase[version: 2, id: ReviewInvoiceCase:2:e0429791-278a-11e7-92f8-902b3437070c]
        ReviewInvoiceCase[version: 1, id: ReviewInvoiceCase:1:e016cc97-278a-11e7-92f8-902b3437070c]

23-Apr-2017 01:40:23.741 INFO [localhost-startStop-1] org.camunda.commons.logging.BaseLogger.logInfo SPIN-01010 Discovered Spin data format provider: org.camunda.spin.impl.json.jackson.format.JacksonJsonDataFormatProvider[name = application/json]
23-Apr-2017 01:40:23.743 INFO [localhost-startStop-1] org.camunda.commons.logging.BaseLogger.logInfo SPIN-01010 Discovered Spin data format provider: org.camunda.spin.impl.xml.dom.format.DomXmlDataFormatProvider[name = application/xml]
23-Apr-2017 01:40:23.746 INFO [localhost-startStop-1] org.camunda.commons.logging.BaseLogger.logInfo SPIN-01009 Discovered Spin data format: org.camunda.spin.impl.xml.dom.format.DomXmlDataFormat[name = application/xml]
23-Apr-2017 01:40:23.750 INFO [localhost-startStop-1] org.camunda.commons.logging.BaseLogger.logInfo SPIN-01009 Discovered Spin data format: org.camunda.spin.impl.json.jackson.format.JacksonJsonDataFormat[name = application/json]
23-Apr-2017 01:40:23.841 INFO [localhost-startStop-1] null.null No new instances of Invoice Receipt version 1 started, there are 3 instances running
23-Apr-2017 01:40:23.874 INFO [localhost-startStop-1] org.camunda.bpm.example.invoice.InvoiceProcessApplication.startProcessInstances No new instances of Invoice Receipt version 2 started, there are 3 instances running
23-Apr-2017 01:40:23.875 INFO [localhost-startStop-1] org.camunda.commons.logging.BaseLogger.logInfo ENGINE-08050 Process application camunda-invoice successfully deployed
23-Apr-2017 01:40:23.877 INFO [localhost-startStop-1] org.apache.catalina.startup.HostConfig.deployDirectory Deployment of web application directory D:\KULIAH\kuliah\Skripsi\6. Camunda\camunda-bpm-tomcat-7.6.0\server\apache-tomcat-8.0.24\webapps\camunda-invoice has finished in 2,091 ms
23-Apr-2017 01:40:23.878 INFO [localhost-startStop-1] org.apache.catalina.startup.HostConfig.deployDirectory Deploying web application directory D:\KULIAH\kuliah\Skripsi\6. Camunda\camunda-bpm-tomcat-7.6.0\server\apache-tomcat-8.0.24\webapps\camunda-welcome
23-Apr-2017 01:40:25.119 INFO [localhost-startStop-1] org.apache.jasper.servlet.TldScanner.scanJars At least one JAR was scanned for TLDs yet contained no TLDs. Enable debug logging for this logger for a complete list of JARs that were scanned but no TLDs were found in them. Skipping unneeded JARs during scanning can improve startup time and JSP compilation time.
23-Apr-2017 01:40:25.123 INFO [localhost-startStop-1] org.apache.catalina.startup.HostConfig.deployDirectory Deployment of web application directory D:\KULIAH\kuliah\Skripsi\6. Camunda\camunda-bpm-tomcat-7.6.0\server\apache-tomcat-8.0.24\webapps\camunda-welcome has finished in 1,245 ms
23-Apr-2017 01:40:25.123 INFO [localhost-startStop-1] org.apache.catalina.startup.HostConfig.deployDirectory Deploying web application directory D:\KULIAH\kuliah\Skripsi\6. Camunda\camunda-bpm-tomcat-7.6.0\server\apache-tomcat-8.0.24\webapps\docs
23-Apr-2017 01:40:26.339 INFO [localhost-startStop-1] org.apache.jasper.servlet.TldScanner.scanJars At least one JAR was scanned for TLDs yet contained no TLDs. Enable debug logging for this logger for a complete list of JARs that were scanned but no TLDs were found in them. Skipping unneeded JARs during scanning can improve startup time and JSP compilation time.
23-Apr-2017 01:40:26.341 INFO [localhost-startStop-1] org.apache.catalina.startup.HostConfig.deployDirectory Deployment of web application directory D:\KULIAH\kuliah\Skripsi\6. Camunda\camunda-bpm-tomcat-7.6.0\server\apache-tomcat-8.0.24\webapps\docs has finished in 1,218 ms
23-Apr-2017 01:40:26.342 INFO [localhost-startStop-1] org.apache.catalina.startup.HostConfig.deployDirectory Deploying web application directory D:\KULIAH\kuliah\Skripsi\6. Camunda\camunda-bpm-tomcat-7.6.0\server\apache-tomcat-8.0.24\webapps\engine-rest
23-Apr-2017 01:40:27.732 INFO [localhost-startStop-1] org.apache.jasper.servlet.TldScanner.scanJars At least one JAR was scanned for TLDs yet contained no TLDs. Enable debug logging for this logger for a complete list of JARs that were scanned but no TLDs were found in them. Skipping unneeded JARs during scanning can improve startup time and JSP compilation time.
23-Apr-2017 01:40:27.875 INFO [localhost-startStop-1] org.jboss.resteasy.logging.impl.Slf4jLogger.info Deploying javax.ws.rs.core.Application: class org.camunda.bpm.engine.rest.impl.application.DefaultApplication
23-Apr-2017 01:40:27.971 INFO [localhost-startStop-1] org.apache.catalina.startup.HostConfig.deployDirectory Deployment of web application directory D:\KULIAH\kuliah\Skripsi\6. Camunda\camunda-bpm-tomcat-7.6.0\server\apache-tomcat-8.0.24\webapps\engine-rest has finished in 1,628 ms
23-Apr-2017 01:40:27.972 INFO [localhost-startStop-1] org.apache.catalina.startup.HostConfig.deployDirectory Deploying web application directory D:\KULIAH\kuliah\Skripsi\6. Camunda\camunda-bpm-tomcat-7.6.0\server\apache-tomcat-8.0.24\webapps\examples
23-Apr-2017 01:40:29.191 INFO [localhost-startStop-1] org.apache.jasper.servlet.TldScanner.scanJars At least one JAR was scanned for TLDs yet contained no TLDs. Enable debug logging for this logger for a complete list of JARs that were scanned but no TLDs were found in them. Skipping unneeded JARs during scanning can improve startup time and JSP compilation time.
23-Apr-2017 01:40:29.221 INFO [localhost-startStop-1] org.apache.catalina.startup.HostConfig.deployDirectory Deployment of web application directory D:\KULIAH\kuliah\Skripsi\6. Camunda\camunda-bpm-tomcat-7.6.0\server\apache-tomcat-8.0.24\webapps\examples has finished in 1,249 ms
23-Apr-2017 01:40:29.221 INFO [localhost-startStop-1] org.apache.catalina.startup.HostConfig.deployDirectory Deploying web application directory D:\KULIAH\kuliah\Skripsi\6. Camunda\camunda-bpm-tomcat-7.6.0\server\apache-tomcat-8.0.24\webapps\h2
23-Apr-2017 01:40:30.413 INFO [localhost-startStop-1] org.apache.jasper.servlet.TldScanner.scanJars At least one JAR was scanned for TLDs yet contained no TLDs. Enable debug logging for this logger for a complete list of JARs that were scanned but no TLDs were found in them. Skipping unneeded JARs during scanning can improve startup time and JSP compilation time.
23-Apr-2017 01:40:30.419 INFO [localhost-startStop-1] org.apache.catalina.startup.HostConfig.deployDirectory Deployment of web application directory D:\KULIAH\kuliah\Skripsi\6. Camunda\camunda-bpm-tomcat-7.6.0\server\apache-tomcat-8.0.24\webapps\h2 has finished in 1,198 ms
23-Apr-2017 01:40:30.419 INFO [localhost-startStop-1] org.apache.catalina.startup.HostConfig.deployDirectory Deploying web application directory D:\KULIAH\kuliah\Skripsi\6. Camunda\camunda-bpm-tomcat-7.6.0\server\apache-tomcat-8.0.24\webapps\host-manager
23-Apr-2017 01:40:31.454 INFO [localhost-startStop-1] org.apache.jasper.servlet.TldScanner.scanJars At least one JAR was scanned for TLDs yet contained no TLDs. Enable debug logging for this logger for a complete list of JARs that were scanned but no TLDs were found in them. Skipping unneeded JARs during scanning can improve startup time and JSP compilation time.
23-Apr-2017 01:40:31.461 INFO [localhost-startStop-1] org.apache.catalina.startup.HostConfig.deployDirectory Deployment of web application directory D:\KULIAH\kuliah\Skripsi\6. Camunda\camunda-bpm-tomcat-7.6.0\server\apache-tomcat-8.0.24\webapps\host-manager has finished in 1,042 ms
23-Apr-2017 01:40:31.461 INFO [localhost-startStop-1] org.apache.catalina.startup.HostConfig.deployDirectory Deploying web application directory D:\KULIAH\kuliah\Skripsi\6. Camunda\camunda-bpm-tomcat-7.6.0\server\apache-tomcat-8.0.24\webapps\manager
23-Apr-2017 01:40:32.516 INFO [localhost-startStop-1] org.apache.jasper.servlet.TldScanner.scanJars At least one JAR was scanned for TLDs yet contained no TLDs. Enable debug logging for this logger for a complete list of JARs that were scanned but no TLDs were found in them. Skipping unneeded JARs during scanning can improve startup time and JSP compilation time.
23-Apr-2017 01:40:32.519 INFO [localhost-startStop-1] org.apache.catalina.startup.HostConfig.deployDirectory Deployment of web application directory D:\KULIAH\kuliah\Skripsi\6. Camunda\camunda-bpm-tomcat-7.6.0\server\apache-tomcat-8.0.24\webapps\manager has finished in 1,058 ms
23-Apr-2017 01:40:32.522 INFO [localhost-startStop-1] org.apache.catalina.startup.HostConfig.deployDirectory Deploying web application directory D:\KULIAH\kuliah\Skripsi\6. Camunda\camunda-bpm-tomcat-7.6.0\server\apache-tomcat-8.0.24\webapps\ROOT
23-Apr-2017 01:40:33.597 INFO [localhost-startStop-1] org.apache.jasper.servlet.TldScanner.scanJars At least one JAR was scanned for TLDs yet contained no TLDs. Enable debug logging for this logger for a complete list of JARs that were scanned but no TLDs were found in them. Skipping unneeded JARs during scanning can improve startup time and JSP compilation time.
23-Apr-2017 01:40:33.599 INFO [localhost-startStop-1] org.apache.catalina.startup.HostConfig.deployDirectory Deployment of web application directory D:\KULIAH\kuliah\Skripsi\6. Camunda\camunda-bpm-tomcat-7.6.0\server\apache-tomcat-8.0.24\webapps\ROOT has finished in 1,078 ms
23-Apr-2017 01:40:33.603 INFO [main] org.apache.coyote.AbstractProtocol.start Starting ProtocolHandler ["ajp-nio-8009"]
23-Apr-2017 01:40:33.612 INFO [main] org.apache.catalina.startup.Catalina.start Server startup in 20876 ms
23-Apr-2017 01:45:09.099 INFO [main] org.apache.catalina.startup.VersionLoggerListener.log Server version:        Apache Tomcat/8.0.24
23-Apr-2017 01:45:09.100 INFO [main] org.apache.catalina.startup.VersionLoggerListener.log Server built:          Jul 1 2015 20:19:55 UTC
23-Apr-2017 01:45:09.101 INFO [main] org.apache.catalina.startup.VersionLoggerListener.log Server number:         8.0.24.0
23-Apr-2017 01:45:09.101 INFO [main] org.apache.catalina.startup.VersionLoggerListener.log OS Name:               Windows 7
23-Apr-2017 01:45:09.101 INFO [main] org.apache.catalina.startup.VersionLoggerListener.log OS Version:            6.1
23-Apr-2017 01:45:09.102 INFO [main] org.apache.catalina.startup.VersionLoggerListener.log Architecture:          amd64
23-Apr-2017 01:45:09.102 INFO [main] org.apache.catalina.startup.VersionLoggerListener.log Java Home:             C:\Program Files\Java\jdk1.8.0_31\jre
23-Apr-2017 01:45:09.102 INFO [main] org.apache.catalina.startup.VersionLoggerListener.log JVM Version:           1.8.0_31-b13
23-Apr-2017 01:45:09.102 INFO [main] org.apache.catalina.startup.VersionLoggerListener.log JVM Vendor:            Oracle Corporation
23-Apr-2017 01:45:09.103 INFO [main] org.apache.catalina.startup.VersionLoggerListener.log CATALINA_BASE:         D:\KULIAH\kuliah\Skripsi\6. Camunda\camunda-bpm-tomcat-7.6.0\server\apache-tomcat-8.0.24
23-Apr-2017 01:45:09.103 INFO [main] org.apache.catalina.startup.VersionLoggerListener.log CATALINA_HOME:         D:\KULIAH\kuliah\Skripsi\6. Camunda\camunda-bpm-tomcat-7.6.0\server\apache-tomcat-8.0.24
23-Apr-2017 01:45:09.104 INFO [main] org.apache.catalina.startup.VersionLoggerListener.log Command line argument: -Djava.util.logging.config.file=D:\KULIAH\kuliah\Skripsi\6. Camunda\camunda-bpm-tomcat-7.6.0\server\apache-tomcat-8.0.24\conf\logging.properties
23-Apr-2017 01:45:09.104 INFO [main] org.apache.catalina.startup.VersionLoggerListener.log Command line argument: -Djava.util.logging.manager=org.apache.juli.ClassLoaderLogManager
23-Apr-2017 01:45:09.106 INFO [main] org.apache.catalina.startup.VersionLoggerListener.log Command line argument: -Xmx512m
23-Apr-2017 01:45:09.106 INFO [main] org.apache.catalina.startup.VersionLoggerListener.log Command line argument: -XX:MaxPermSize=256m
23-Apr-2017 01:45:09.107 INFO [main] org.apache.catalina.startup.VersionLoggerListener.log Command line argument: -XX:PermSize=256m
23-Apr-2017 01:45:09.107 INFO [main] org.apache.catalina.startup.VersionLoggerListener.log Command line argument: -Djava.endorsed.dirs=D:\KULIAH\kuliah\Skripsi\6. Camunda\camunda-bpm-tomcat-7.6.0\server\apache-tomcat-8.0.24\endorsed
23-Apr-2017 01:45:09.107 INFO [main] org.apache.catalina.startup.VersionLoggerListener.log Command line argument: -Dcatalina.base=D:\KULIAH\kuliah\Skripsi\6. Camunda\camunda-bpm-tomcat-7.6.0\server\apache-tomcat-8.0.24
23-Apr-2017 01:45:09.109 INFO [main] org.apache.catalina.startup.VersionLoggerListener.log Command line argument: -Dcatalina.home=D:\KULIAH\kuliah\Skripsi\6. Camunda\camunda-bpm-tomcat-7.6.0\server\apache-tomcat-8.0.24
23-Apr-2017 01:45:09.109 INFO [main] org.apache.catalina.startup.VersionLoggerListener.log Command line argument: -Djava.io.tmpdir=D:\KULIAH\kuliah\Skripsi\6. Camunda\camunda-bpm-tomcat-7.6.0\server\apache-tomcat-8.0.24\temp
23-Apr-2017 01:45:09.110 INFO [main] org.apache.catalina.core.AprLifecycleListener.lifecycleEvent The APR based Apache Tomcat Native library which allows optimal performance in production environments was not found on the java.library.path: C:\Program Files\Java\jdk1.8.0_31\bin;C:\Windows\Sun\Java\bin;C:\Windows\system32;C:\Windows;C:\Windows\system32;C:\Windows;C:\Windows\system32\wbem;C:\Program Files\Java\jdk1.8.0_31\bin;D:\KULIAH\kuliah\Semester6\PBWL\4\typesafe-activator-1.3.2-minimal\activator-1.3.2-minimal;C:\Program Files (x86)\AutoLyric;C:\Program Files\nodejs;C:\Windows\system32\config\systemprofile\.dnx\bin;C:\Program Files\Microsoft DNX\Dnvm;C:\Program Files (x86)\Windows Kits\8.1\Windows Performance Toolkit;C:\ant\bin;C:\Users\Luke\AppData\Local\Android\android-sdk\tools;C:\Users\Luke\AppData\Local\Android\android-sdk\platform-tools;C:\Program Files (x86)\OpenVPN\bin;C:\Program Files\TortoiseGit\bin;C:\xampp\php;C:\ProgramData\ComposerSetup\bin;C:\Program Files (x86)\GtkSharp\2.12\bin;C:\Program Files\Java\jdk1.8.0_31\bin;D:\KULIAH\kuliah\Semester6\PBWL\4\typesafe-activator-1.3.2-minimal\activator-1.3.2-minimal;D:\PHALCON\phalcon-devtools-2.0.1\phalcon-devtools-2.0.1;C:\Users\Luke\AppData\Roaming\npm;C:\Users\Luke\AppData\Roaming\Composer\vendor\bin;C:\Users\Luke\AppData\Local\atom\bin;.
23-Apr-2017 01:45:09.281 INFO [main] org.apache.coyote.AbstractProtocol.init Initializing ProtocolHandler ["http-nio-1234"]
23-Apr-2017 01:45:09.351 INFO [main] org.apache.tomcat.util.net.NioSelectorPool.getSharedSelector Using a shared selector for servlet write/read
23-Apr-2017 01:45:09.353 INFO [main] org.apache.coyote.AbstractProtocol.init Initializing ProtocolHandler ["ajp-nio-8009"]
23-Apr-2017 01:45:09.358 INFO [main] org.apache.tomcat.util.net.NioSelectorPool.getSharedSelector Using a shared selector for servlet write/read
23-Apr-2017 01:45:09.359 INFO [main] org.apache.catalina.startup.Catalina.load Initialization processed in 817 ms
23-Apr-2017 01:45:09.378 WARNING [main] org.apache.tomcat.jdbc.pool.ConnectionPool.init maxIdle is larger than maxActive, setting maxIdle to: 20
23-Apr-2017 01:45:11.682 INFO [main] org.camunda.commons.logging.BaseLogger.logInfo ENGINE-08046 Found camunda bpm platform configuration in CATALINA_BASE/CATALINA_HOME conf directory [D:\KULIAH\kuliah\Skripsi\6. Camunda\camunda-bpm-tomcat-7.6.0\server\apache-tomcat-8.0.24\conf\bpm-platform.xml] at 'file:/D:/KULIAH/kuliah/Skripsi/6.%20Camunda/camunda-bpm-tomcat-7.6.0/server/apache-tomcat-8.0.24/conf/bpm-platform.xml'
23-Apr-2017 01:45:12.059 INFO [main] org.camunda.commons.logging.BaseLogger.logInfo ENGINE-12003 Plugin 'ProcessApplicationEventListenerPlugin' activated on process engine 'default'
23-Apr-2017 01:45:12.065 INFO [main] org.camunda.commons.logging.BaseLogger.logInfo ENGINE-12003 Plugin 'SpinProcessEnginePlugin' activated on process engine 'default'
23-Apr-2017 01:45:12.069 INFO [main] org.camunda.commons.logging.BaseLogger.logInfo SPIN-01010 Discovered Spin data format provider: org.camunda.spin.impl.json.jackson.format.JacksonJsonDataFormatProvider[name = application/json]
23-Apr-2017 01:45:12.322 INFO [main] org.camunda.commons.logging.BaseLogger.logInfo SPIN-01010 Discovered Spin data format provider: org.camunda.spin.impl.xml.dom.format.DomXmlDataFormatProvider[name = application/xml]
23-Apr-2017 01:45:12.336 INFO [main] org.camunda.commons.logging.BaseLogger.logInfo SPIN-01009 Discovered Spin data format: org.camunda.spin.impl.xml.dom.format.DomXmlDataFormat[name = application/xml]
23-Apr-2017 01:45:12.336 INFO [main] org.camunda.commons.logging.BaseLogger.logInfo SPIN-01009 Discovered Spin data format: org.camunda.spin.impl.json.jackson.format.JacksonJsonDataFormat[name = application/json]
23-Apr-2017 01:45:12.337 INFO [main] org.camunda.commons.logging.BaseLogger.logInfo ENGINE-12003 Plugin 'ConnectProcessEnginePlugin' activated on process engine 'default'
23-Apr-2017 01:45:12.477 INFO [main] org.camunda.commons.logging.BaseLogger.logInfo CNCT-01004 Discovered provider for connector id 'http-connector' and class 'org.camunda.connect.httpclient.impl.HttpConnectorImpl': 'org.camunda.connect.httpclient.impl.HttpConnectorProviderImpl'
23-Apr-2017 01:45:12.480 INFO [main] org.camunda.commons.logging.BaseLogger.logInfo CNCT-01004 Discovered provider for connector id 'soap-http-connector' and class 'org.camunda.connect.httpclient.soap.impl.SoapHttpConnectorImpl': 'org.camunda.connect.httpclient.soap.impl.SoapHttpConnectorProviderImpl'
23-Apr-2017 01:45:14.634 INFO [main] org.camunda.commons.logging.BaseLogger.logInfo ENGINE-00001 Process Engine default created.
23-Apr-2017 01:45:14.636 INFO [main] org.camunda.commons.logging.BaseLogger.logInfo ENGINE-14014 Starting up the JobExecutor[org.camunda.bpm.engine.impl.jobexecutor.RuntimeContainerJobExecutor].
23-Apr-2017 01:45:14.639 INFO [Thread-6] org.camunda.commons.logging.BaseLogger.logInfo ENGINE-14018 JobExecutor[org.camunda.bpm.engine.impl.jobexecutor.RuntimeContainerJobExecutor] starting to acquire jobs
23-Apr-2017 01:45:14.685 INFO [main] org.camunda.commons.logging.BaseLogger.logInfo ENGINE-08048 Camunda BPM platform sucessfully started at 'Apache Tomcat/8.0.24'.
23-Apr-2017 01:45:14.696 INFO [main] org.apache.catalina.core.StandardService.startInternal Starting service Catalina
23-Apr-2017 01:45:14.696 INFO [main] org.apache.catalina.core.StandardEngine.startInternal Starting Servlet Engine: Apache Tomcat/8.0.24
23-Apr-2017 01:45:14.707 INFO [localhost-startStop-1] org.apache.catalina.startup.HostConfig.deployDirectory Deploying web application directory D:\KULIAH\kuliah\Skripsi\6. Camunda\camunda-bpm-tomcat-7.6.0\server\apache-tomcat-8.0.24\webapps\camunda
23-Apr-2017 01:45:17.076 INFO [localhost-startStop-1] org.apache.jasper.servlet.TldScanner.scanJars At least one JAR was scanned for TLDs yet contained no TLDs. Enable debug logging for this logger for a complete list of JARs that were scanned but no TLDs were found in them. Skipping unneeded JARs during scanning can improve startup time and JSP compilation time.
23-Apr-2017 01:45:17.354 INFO [localhost-startStop-1] org.apache.catalina.startup.HostConfig.deployDirectory Deployment of web application directory D:\KULIAH\kuliah\Skripsi\6. Camunda\camunda-bpm-tomcat-7.6.0\server\apache-tomcat-8.0.24\webapps\camunda has finished in 2,646 ms
23-Apr-2017 01:45:17.355 INFO [localhost-startStop-1] org.apache.catalina.startup.HostConfig.deployDirectory Deploying web application directory D:\KULIAH\kuliah\Skripsi\6. Camunda\camunda-bpm-tomcat-7.6.0\server\apache-tomcat-8.0.24\webapps\camunda-invoice
23-Apr-2017 01:45:18.686 INFO [localhost-startStop-1] org.camunda.commons.logging.BaseLogger.logInfo ENGINE-07015 Detected @ProcessApplication class 'org.camunda.bpm.example.invoice.InvoiceProcessApplication'
23-Apr-2017 01:45:18.708 INFO [localhost-startStop-1] org.apache.jasper.servlet.TldScanner.scanJars At least one JAR was scanned for TLDs yet contained no TLDs. Enable debug logging for this logger for a complete list of JARs that were scanned but no TLDs were found in them. Skipping unneeded JARs during scanning can improve startup time and JSP compilation time.
23-Apr-2017 01:45:18.712 INFO [localhost-startStop-1] org.camunda.commons.logging.BaseLogger.logInfo ENGINE-08024 Found processes.xml file at file:/D:/KULIAH/kuliah/Skripsi/6.%20Camunda/camunda-bpm-tomcat-7.6.0/server/apache-tomcat-8.0.24/webapps/camunda-invoice/WEB-INF/classes/META-INF/processes.xml
23-Apr-2017 01:45:18.741 INFO [localhost-startStop-1] org.camunda.commons.logging.BaseLogger.logInfo ENGINE-08023 Deployment summary for process archive 'camunda-invoice': 

        invoiceBusinessDecisions.dmn
        invoice.v2.bpmn
        review-invoice.cmmn

23-Apr-2017 01:45:19.335 INFO [localhost-startStop-1] org.camunda.commons.logging.BaseLogger.logInfo ENGINE-07021 ProcessApplication 'camunda-invoice' registered for DB deployments [e036146b-278a-11e7-92f8-902b3437070c, dfe55c51-278a-11e7-92f8-902b3437070c]. Will execute process definitions 

        invoice[version: 2, id: invoice:2:e03d676f-278a-11e7-92f8-902b3437070c]
        invoice[version: 1, id: invoice:1:dff5b005-278a-11e7-92f8-902b3437070c]

Will execute case definitions 

        ReviewInvoiceCase[version: 2, id: ReviewInvoiceCase:2:e0429791-278a-11e7-92f8-902b3437070c]
        ReviewInvoiceCase[version: 1, id: ReviewInvoiceCase:1:e016cc97-278a-11e7-92f8-902b3437070c]

23-Apr-2017 01:45:19.341 INFO [localhost-startStop-1] org.camunda.commons.logging.BaseLogger.logInfo SPIN-01010 Discovered Spin data format provider: org.camunda.spin.impl.json.jackson.format.JacksonJsonDataFormatProvider[name = application/json]
23-Apr-2017 01:45:19.342 INFO [localhost-startStop-1] org.camunda.commons.logging.BaseLogger.logInfo SPIN-01010 Discovered Spin data format provider: org.camunda.spin.impl.xml.dom.format.DomXmlDataFormatProvider[name = application/xml]
23-Apr-2017 01:45:19.344 INFO [localhost-startStop-1] org.camunda.commons.logging.BaseLogger.logInfo SPIN-01009 Discovered Spin data format: org.camunda.spin.impl.xml.dom.format.DomXmlDataFormat[name = application/xml]
23-Apr-2017 01:45:19.348 INFO [localhost-startStop-1] org.camunda.commons.logging.BaseLogger.logInfo SPIN-01009 Discovered Spin data format: org.camunda.spin.impl.json.jackson.format.JacksonJsonDataFormat[name = application/json]
23-Apr-2017 01:45:19.417 INFO [localhost-startStop-1] null.null No new instances of Invoice Receipt version 1 started, there are 3 instances running
23-Apr-2017 01:45:19.469 INFO [localhost-startStop-1] null.null No new instances of Invoice Receipt version 2 started, there are 3 instances running
23-Apr-2017 01:45:19.472 INFO [localhost-startStop-1] org.camunda.commons.logging.BaseLogger.logInfo ENGINE-08050 Process application camunda-invoice successfully deployed
23-Apr-2017 01:45:19.475 INFO [localhost-startStop-1] org.apache.catalina.startup.HostConfig.deployDirectory Deployment of web application directory D:\KULIAH\kuliah\Skripsi\6. Camunda\camunda-bpm-tomcat-7.6.0\server\apache-tomcat-8.0.24\webapps\camunda-invoice has finished in 2,120 ms
23-Apr-2017 01:45:19.476 INFO [localhost-startStop-1] org.apache.catalina.startup.HostConfig.deployDirectory Deploying web application directory D:\KULIAH\kuliah\Skripsi\6. Camunda\camunda-bpm-tomcat-7.6.0\server\apache-tomcat-8.0.24\webapps\camunda-welcome
23-Apr-2017 01:45:20.651 INFO [localhost-startStop-1] org.apache.jasper.servlet.TldScanner.scanJars At least one JAR was scanned for TLDs yet contained no TLDs. Enable debug logging for this logger for a complete list of JARs that were scanned but no TLDs were found in them. Skipping unneeded JARs during scanning can improve startup time and JSP compilation time.
23-Apr-2017 01:45:20.654 INFO [localhost-startStop-1] org.apache.catalina.startup.HostConfig.deployDirectory Deployment of web application directory D:\KULIAH\kuliah\Skripsi\6. Camunda\camunda-bpm-tomcat-7.6.0\server\apache-tomcat-8.0.24\webapps\camunda-welcome has finished in 1,178 ms
23-Apr-2017 01:45:20.657 INFO [localhost-startStop-1] org.apache.catalina.startup.HostConfig.deployDirectory Deploying web application directory D:\KULIAH\kuliah\Skripsi\6. Camunda\camunda-bpm-tomcat-7.6.0\server\apache-tomcat-8.0.24\webapps\docs
23-Apr-2017 01:45:21.814 INFO [localhost-startStop-1] org.apache.jasper.servlet.TldScanner.scanJars At least one JAR was scanned for TLDs yet contained no TLDs. Enable debug logging for this logger for a complete list of JARs that were scanned but no TLDs were found in them. Skipping unneeded JARs during scanning can improve startup time and JSP compilation time.
23-Apr-2017 01:45:21.816 INFO [localhost-startStop-1] org.apache.catalina.startup.HostConfig.deployDirectory Deployment of web application directory D:\KULIAH\kuliah\Skripsi\6. Camunda\camunda-bpm-tomcat-7.6.0\server\apache-tomcat-8.0.24\webapps\docs has finished in 1,159 ms
23-Apr-2017 01:45:21.816 INFO [localhost-startStop-1] org.apache.catalina.startup.HostConfig.deployDirectory Deploying web application directory D:\KULIAH\kuliah\Skripsi\6. Camunda\camunda-bpm-tomcat-7.6.0\server\apache-tomcat-8.0.24\webapps\engine-rest
23-Apr-2017 01:45:23.225 INFO [localhost-startStop-1] org.apache.jasper.servlet.TldScanner.scanJars At least one JAR was scanned for TLDs yet contained no TLDs. Enable debug logging for this logger for a complete list of JARs that were scanned but no TLDs were found in them. Skipping unneeded JARs during scanning can improve startup time and JSP compilation time.
23-Apr-2017 01:45:23.359 INFO [localhost-startStop-1] org.jboss.resteasy.logging.impl.Slf4jLogger.info Deploying javax.ws.rs.core.Application: class org.camunda.bpm.engine.rest.impl.application.DefaultApplication
23-Apr-2017 01:45:23.445 INFO [localhost-startStop-1] org.apache.catalina.startup.HostConfig.deployDirectory Deployment of web application directory D:\KULIAH\kuliah\Skripsi\6. Camunda\camunda-bpm-tomcat-7.6.0\server\apache-tomcat-8.0.24\webapps\engine-rest has finished in 1,629 ms
23-Apr-2017 01:45:23.446 INFO [localhost-startStop-1] org.apache.catalina.startup.HostConfig.deployDirectory Deploying web application directory D:\KULIAH\kuliah\Skripsi\6. Camunda\camunda-bpm-tomcat-7.6.0\server\apache-tomcat-8.0.24\webapps\examples
23-Apr-2017 01:45:24.930 INFO [localhost-startStop-1] org.apache.jasper.servlet.TldScanner.scanJars At least one JAR was scanned for TLDs yet contained no TLDs. Enable debug logging for this logger for a complete list of JARs that were scanned but no TLDs were found in them. Skipping unneeded JARs during scanning can improve startup time and JSP compilation time.
23-Apr-2017 01:45:24.959 INFO [localhost-startStop-1] org.apache.catalina.startup.HostConfig.deployDirectory Deployment of web application directory D:\KULIAH\kuliah\Skripsi\6. Camunda\camunda-bpm-tomcat-7.6.0\server\apache-tomcat-8.0.24\webapps\examples has finished in 1,513 ms
23-Apr-2017 01:45:24.960 INFO [localhost-startStop-1] org.apache.catalina.startup.HostConfig.deployDirectory Deploying web application directory D:\KULIAH\kuliah\Skripsi\6. Camunda\camunda-bpm-tomcat-7.6.0\server\apache-tomcat-8.0.24\webapps\h2
23-Apr-2017 01:45:26.012 INFO [localhost-startStop-1] org.apache.jasper.servlet.TldScanner.scanJars At least one JAR was scanned for TLDs yet contained no TLDs. Enable debug logging for this logger for a complete list of JARs that were scanned but no TLDs were found in them. Skipping unneeded JARs during scanning can improve startup time and JSP compilation time.
23-Apr-2017 01:45:26.017 INFO [localhost-startStop-1] org.apache.catalina.startup.HostConfig.deployDirectory Deployment of web application directory D:\KULIAH\kuliah\Skripsi\6. Camunda\camunda-bpm-tomcat-7.6.0\server\apache-tomcat-8.0.24\webapps\h2 has finished in 1,057 ms
23-Apr-2017 01:45:26.018 INFO [localhost-startStop-1] org.apache.catalina.startup.HostConfig.deployDirectory Deploying web application directory D:\KULIAH\kuliah\Skripsi\6. Camunda\camunda-bpm-tomcat-7.6.0\server\apache-tomcat-8.0.24\webapps\host-manager
23-Apr-2017 01:45:27.047 INFO [localhost-startStop-1] org.apache.jasper.servlet.TldScanner.scanJars At least one JAR was scanned for TLDs yet contained no TLDs. Enable debug logging for this logger for a complete list of JARs that were scanned but no TLDs were found in them. Skipping unneeded JARs during scanning can improve startup time and JSP compilation time.
23-Apr-2017 01:45:27.050 INFO [localhost-startStop-1] org.apache.catalina.startup.HostConfig.deployDirectory Deployment of web application directory D:\KULIAH\kuliah\Skripsi\6. Camunda\camunda-bpm-tomcat-7.6.0\server\apache-tomcat-8.0.24\webapps\host-manager has finished in 1,032 ms
23-Apr-2017 01:45:27.051 INFO [localhost-startStop-1] org.apache.catalina.startup.HostConfig.deployDirectory Deploying web application directory D:\KULIAH\kuliah\Skripsi\6. Camunda\camunda-bpm-tomcat-7.6.0\server\apache-tomcat-8.0.24\webapps\manager
23-Apr-2017 01:45:28.121 INFO [localhost-startStop-1] org.apache.jasper.servlet.TldScanner.scanJars At least one JAR was scanned for TLDs yet contained no TLDs. Enable debug logging for this logger for a complete list of JARs that were scanned but no TLDs were found in them. Skipping unneeded JARs during scanning can improve startup time and JSP compilation time.
23-Apr-2017 01:45:28.124 INFO [localhost-startStop-1] org.apache.catalina.startup.HostConfig.deployDirectory Deployment of web application directory D:\KULIAH\kuliah\Skripsi\6. Camunda\camunda-bpm-tomcat-7.6.0\server\apache-tomcat-8.0.24\webapps\manager has finished in 1,072 ms
23-Apr-2017 01:45:28.125 INFO [localhost-startStop-1] org.apache.catalina.startup.HostConfig.deployDirectory Deploying web application directory D:\KULIAH\kuliah\Skripsi\6. Camunda\camunda-bpm-tomcat-7.6.0\server\apache-tomcat-8.0.24\webapps\ROOT
23-Apr-2017 01:45:29.175 INFO [localhost-startStop-1] org.apache.jasper.servlet.TldScanner.scanJars At least one JAR was scanned for TLDs yet contained no TLDs. Enable debug logging for this logger for a complete list of JARs that were scanned but no TLDs were found in them. Skipping unneeded JARs during scanning can improve startup time and JSP compilation time.
23-Apr-2017 01:45:29.178 INFO [localhost-startStop-1] org.apache.catalina.startup.HostConfig.deployDirectory Deployment of web application directory D:\KULIAH\kuliah\Skripsi\6. Camunda\camunda-bpm-tomcat-7.6.0\server\apache-tomcat-8.0.24\webapps\ROOT has finished in 1,054 ms
23-Apr-2017 01:45:29.181 INFO [main] org.apache.coyote.AbstractProtocol.start Starting ProtocolHandler ["http-nio-1234"]
23-Apr-2017 01:45:29.188 INFO [main] org.apache.coyote.AbstractProtocol.start Starting ProtocolHandler ["ajp-nio-8009"]
23-Apr-2017 01:45:29.192 INFO [main] org.apache.catalina.startup.Catalina.start Server startup in 19832 ms
23-Apr-2017 01:45:30.461 INFO [http-nio-1234-exec-6] org.jboss.resteasy.logging.impl.Slf4jLogger.info Deploying javax.ws.rs.core.Application: class org.camunda.bpm.admin.impl.web.AdminApplication
23-Apr-2017 01:45:30.630 INFO [http-nio-1234-exec-9] org.jboss.resteasy.logging.impl.Slf4jLogger.info Deploying javax.ws.rs.core.Application: class org.camunda.bpm.webapp.impl.engine.EngineRestApplication
23-Apr-2017 01:45:55.815 INFO [http-nio-1234-exec-8] org.jboss.resteasy.logging.impl.Slf4jLogger.info Deploying javax.ws.rs.core.Application: class org.camunda.bpm.tasklist.impl.web.TasklistApplication
23-Apr-2017 01:49:37.224 SEVERE [http-nio-1234-exec-8] org.camunda.commons.logging.BaseLogger.logError ENGINE-16004 Exception while closing command context: The user with id 'john' does not have 'CREATE' permission on resource 'ProcessInstance'.
 org.camunda.bpm.engine.AuthorizationException: The user with id 'john' does not have 'CREATE' permission on resource 'ProcessInstance'.
	at org.camunda.bpm.engine.impl.persistence.entity.AuthorizationManager.checkAuthorization(AuthorizationManager.java:246)
	at org.camunda.bpm.engine.impl.persistence.entity.AuthorizationManager.checkAuthorization(AuthorizationManager.java:237)
	at org.camunda.bpm.engine.impl.cfg.auth.AuthorizationCommandChecker.checkCreateProcessInstance(AuthorizationCommandChecker.java:56)
	at org.camunda.bpm.engine.impl.cmd.SubmitStartFormCmd.execute(SubmitStartFormCmd.java:61)
	at org.camunda.bpm.engine.impl.cmd.SubmitStartFormCmd.execute(SubmitStartFormCmd.java:39)
	at org.camunda.bpm.engine.impl.interceptor.CommandExecutorImpl.execute(CommandExecutorImpl.java:24)
	at org.camunda.bpm.engine.impl.interceptor.CommandContextInterceptor.execute(CommandContextInterceptor.java:104)
	at org.camunda.bpm.engine.impl.interceptor.ProcessApplicationContextInterceptor.execute(ProcessApplicationContextInterceptor.java:66)
	at org.camunda.bpm.engine.impl.interceptor.LogInterceptor.execute(LogInterceptor.java:30)
	at org.camunda.bpm.engine.impl.FormServiceImpl.submitStartForm(FormServiceImpl.java:74)
	at org.camunda.bpm.engine.rest.sub.repository.impl.ProcessDefinitionResourceImpl.submitForm(ProcessDefinitionResourceImpl.java:170)
	at sun.reflect.NativeMethodAccessorImpl.invoke0(Native Method)
	at sun.reflect.NativeMethodAccessorImpl.invoke(NativeMethodAccessorImpl.java:62)
	at sun.reflect.DelegatingMethodAccessorImpl.invoke(DelegatingMethodAccessorImpl.java:43)
	at java.lang.reflect.Method.invoke(Method.java:483)
	at org.jboss.resteasy.core.MethodInjectorImpl.invoke(MethodInjectorImpl.java:167)
	at org.jboss.resteasy.core.ResourceMethod.invokeOnTarget(ResourceMethod.java:257)
	at org.jboss.resteasy.core.ResourceMethod.invoke(ResourceMethod.java:222)
	at org.jboss.resteasy.core.ResourceLocator.invokeOnTargetObject(ResourceLocator.java:159)
	at org.jboss.resteasy.core.ResourceLocator.invoke(ResourceLocator.java:107)
	at org.jboss.resteasy.core.ResourceLocator.invokeOnTargetObject(ResourceLocator.java:154)
	at org.jboss.resteasy.core.ResourceLocator.invoke(ResourceLocator.java:92)
	at org.jboss.resteasy.core.SynchronousDispatcher.getResponse(SynchronousDispatcher.java:542)
	at org.jboss.resteasy.core.SynchronousDispatcher.invoke(SynchronousDispatcher.java:524)
	at org.jboss.resteasy.core.SynchronousDispatcher.invoke(SynchronousDispatcher.java:126)
	at org.jboss.resteasy.plugins.server.servlet.ServletContainerDispatcher.service(ServletContainerDispatcher.java:208)
	at org.jboss.resteasy.plugins.server.servlet.HttpServletDispatcher.service(HttpServletDispatcher.java:55)
	at org.jboss.resteasy.plugins.server.servlet.HttpServletDispatcher.service(HttpServletDispatcher.java:50)
	at javax.servlet.http.HttpServlet.service(HttpServlet.java:729)
	at org.apache.catalina.core.ApplicationFilterChain.internalDoFilter(ApplicationFilterChain.java:291)
	at org.apache.catalina.core.ApplicationFilterChain.doFilter(ApplicationFilterChain.java:206)
	at org.apache.tomcat.websocket.server.WsFilter.doFilter(WsFilter.java:52)
	at org.apache.catalina.core.ApplicationFilterChain.internalDoFilter(ApplicationFilterChain.java:239)
	at org.apache.catalina.core.ApplicationFilterChain.doFilter(ApplicationFilterChain.java:206)
	at org.camunda.bpm.engine.rest.filter.CacheControlFilter.doFilter(CacheControlFilter.java:41)
	at org.apache.catalina.core.ApplicationFilterChain.internalDoFilter(ApplicationFilterChain.java:239)
	at org.apache.catalina.core.ApplicationFilterChain.doFilter(ApplicationFilterChain.java:206)
	at org.camunda.bpm.webapp.impl.security.filter.SecurityFilter.doFilterSecure(SecurityFilter.java:67)
	at org.camunda.bpm.webapp.impl.security.filter.SecurityFilter.doFilter(SecurityFilter.java:51)
	at org.apache.catalina.core.ApplicationFilterChain.internalDoFilter(ApplicationFilterChain.java:239)
	at org.apache.catalina.core.ApplicationFilterChain.doFilter(ApplicationFilterChain.java:206)
	at org.camunda.bpm.webapp.impl.security.auth.AuthenticationFilter$1.execute(AuthenticationFilter.java:59)
	at org.camunda.bpm.webapp.impl.security.auth.AuthenticationFilter$1.execute(AuthenticationFilter.java:56)
	at org.camunda.bpm.webapp.impl.security.SecurityActions.runWithAuthentications(SecurityActions.java:38)
	at org.camunda.bpm.webapp.impl.security.auth.AuthenticationFilter.doFilter(AuthenticationFilter.java:56)
	at org.apache.catalina.core.ApplicationFilterChain.internalDoFilter(ApplicationFilterChain.java:239)
	at org.apache.catalina.core.ApplicationFilterChain.doFilter(ApplicationFilterChain.java:206)
	at org.apache.catalina.core.StandardWrapperValve.invoke(StandardWrapperValve.java:219)
	at org.apache.catalina.core.StandardContextValve.invoke(StandardContextValve.java:106)
	at org.apache.catalina.authenticator.AuthenticatorBase.invoke(AuthenticatorBase.java:502)
	at org.apache.catalina.core.StandardHostValve.invoke(StandardHostValve.java:142)
	at org.apache.catalina.valves.ErrorReportValve.invoke(ErrorReportValve.java:79)
	at org.apache.catalina.valves.AbstractAccessLogValve.invoke(AbstractAccessLogValve.java:617)
	at org.apache.catalina.core.StandardEngineValve.invoke(StandardEngineValve.java:88)
	at org.apache.catalina.connector.CoyoteAdapter.service(CoyoteAdapter.java:518)
	at org.apache.coyote.http11.AbstractHttp11Processor.process(AbstractHttp11Processor.java:1091)
	at org.apache.coyote.AbstractProtocol$AbstractConnectionHandler.process(AbstractProtocol.java:668)
	at org.apache.tomcat.util.net.NioEndpoint$SocketProcessor.doRun(NioEndpoint.java:1527)
	at org.apache.tomcat.util.net.NioEndpoint$SocketProcessor.run(NioEndpoint.java:1484)
	at java.util.concurrent.ThreadPoolExecutor.runWorker(ThreadPoolExecutor.java:1142)
	at java.util.concurrent.ThreadPoolExecutor$Worker.run(ThreadPoolExecutor.java:617)
	at org.apache.tomcat.util.threads.TaskThread$WrappingRunnable.run(TaskThread.java:61)
	at java.lang.Thread.run(Thread.java:745)

23-Apr-2017 01:49:37.257 WARNING [http-nio-1234-exec-8] null.toResponse org.camunda.bpm.engine.AuthorizationException: The user with id 'john' does not have 'CREATE' permission on resource 'ProcessInstance'.
	at org.camunda.bpm.engine.impl.persistence.entity.AuthorizationManager.checkAuthorization(AuthorizationManager.java:246)
	at org.camunda.bpm.engine.impl.persistence.entity.AuthorizationManager.checkAuthorization(AuthorizationManager.java:237)
	at org.camunda.bpm.engine.impl.cfg.auth.AuthorizationCommandChecker.checkCreateProcessInstance(AuthorizationCommandChecker.java:56)
	at org.camunda.bpm.engine.impl.cmd.SubmitStartFormCmd.execute(SubmitStartFormCmd.java:61)
	at org.camunda.bpm.engine.impl.cmd.SubmitStartFormCmd.execute(SubmitStartFormCmd.java:39)
	at org.camunda.bpm.engine.impl.interceptor.CommandExecutorImpl.execute(CommandExecutorImpl.java:24)
	at org.camunda.bpm.engine.impl.interceptor.CommandContextInterceptor.execute(CommandContextInterceptor.java:104)
	at org.camunda.bpm.engine.impl.interceptor.ProcessApplicationContextInterceptor.execute(ProcessApplicationContextInterceptor.java:66)
	at org.camunda.bpm.engine.impl.interceptor.LogInterceptor.execute(LogInterceptor.java:30)
	at org.camunda.bpm.engine.impl.FormServiceImpl.submitStartForm(FormServiceImpl.java:74)
	at org.camunda.bpm.engine.rest.sub.repository.impl.ProcessDefinitionResourceImpl.submitForm(ProcessDefinitionResourceImpl.java:170)
	at sun.reflect.NativeMethodAccessorImpl.invoke0(Native Method)
	at sun.reflect.NativeMethodAccessorImpl.invoke(NativeMethodAccessorImpl.java:62)
	at sun.reflect.DelegatingMethodAccessorImpl.invoke(DelegatingMethodAccessorImpl.java:43)
	at java.lang.reflect.Method.invoke(Method.java:483)
	at org.jboss.resteasy.core.MethodInjectorImpl.invoke(MethodInjectorImpl.java:167)
	at org.jboss.resteasy.core.ResourceMethod.invokeOnTarget(ResourceMethod.java:257)
	at org.jboss.resteasy.core.ResourceMethod.invoke(ResourceMethod.java:222)
	at org.jboss.resteasy.core.ResourceLocator.invokeOnTargetObject(ResourceLocator.java:159)
	at org.jboss.resteasy.core.ResourceLocator.invoke(ResourceLocator.java:107)
	at org.jboss.resteasy.core.ResourceLocator.invokeOnTargetObject(ResourceLocator.java:154)
	at org.jboss.resteasy.core.ResourceLocator.invoke(ResourceLocator.java:92)
	at org.jboss.resteasy.core.SynchronousDispatcher.getResponse(SynchronousDispatcher.java:542)
	at org.jboss.resteasy.core.SynchronousDispatcher.invoke(SynchronousDispatcher.java:524)
	at org.jboss.resteasy.core.SynchronousDispatcher.invoke(SynchronousDispatcher.java:126)
	at org.jboss.resteasy.plugins.server.servlet.ServletContainerDispatcher.service(ServletContainerDispatcher.java:208)
	at org.jboss.resteasy.plugins.server.servlet.HttpServletDispatcher.service(HttpServletDispatcher.java:55)
	at org.jboss.resteasy.plugins.server.servlet.HttpServletDispatcher.service(HttpServletDispatcher.java:50)
	at javax.servlet.http.HttpServlet.service(HttpServlet.java:729)
	at org.apache.catalina.core.ApplicationFilterChain.internalDoFilter(ApplicationFilterChain.java:291)
	at org.apache.catalina.core.ApplicationFilterChain.doFilter(ApplicationFilterChain.java:206)
	at org.apache.tomcat.websocket.server.WsFilter.doFilter(WsFilter.java:52)
	at org.apache.catalina.core.ApplicationFilterChain.internalDoFilter(ApplicationFilterChain.java:239)
	at org.apache.catalina.core.ApplicationFilterChain.doFilter(ApplicationFilterChain.java:206)
	at org.camunda.bpm.engine.rest.filter.CacheControlFilter.doFilter(CacheControlFilter.java:41)
	at org.apache.catalina.core.ApplicationFilterChain.internalDoFilter(ApplicationFilterChain.java:239)
	at org.apache.catalina.core.ApplicationFilterChain.doFilter(ApplicationFilterChain.java:206)
	at org.camunda.bpm.webapp.impl.security.filter.SecurityFilter.doFilterSecure(SecurityFilter.java:67)
	at org.camunda.bpm.webapp.impl.security.filter.SecurityFilter.doFilter(SecurityFilter.java:51)
	at org.apache.catalina.core.ApplicationFilterChain.internalDoFilter(ApplicationFilterChain.java:239)
	at org.apache.catalina.core.ApplicationFilterChain.doFilter(ApplicationFilterChain.java:206)
	at org.camunda.bpm.webapp.impl.security.auth.AuthenticationFilter$1.execute(AuthenticationFilter.java:59)
	at org.camunda.bpm.webapp.impl.security.auth.AuthenticationFilter$1.execute(AuthenticationFilter.java:56)
	at org.camunda.bpm.webapp.impl.security.SecurityActions.runWithAuthentications(SecurityActions.java:38)
	at org.camunda.bpm.webapp.impl.security.auth.AuthenticationFilter.doFilter(AuthenticationFilter.java:56)
	at org.apache.catalina.core.ApplicationFilterChain.internalDoFilter(ApplicationFilterChain.java:239)
	at org.apache.catalina.core.ApplicationFilterChain.doFilter(ApplicationFilterChain.java:206)
	at org.apache.catalina.core.StandardWrapperValve.invoke(StandardWrapperValve.java:219)
	at org.apache.catalina.core.StandardContextValve.invoke(StandardContextValve.java:106)
	at org.apache.catalina.authenticator.AuthenticatorBase.invoke(AuthenticatorBase.java:502)
	at org.apache.catalina.core.StandardHostValve.invoke(StandardHostValve.java:142)
	at org.apache.catalina.valves.ErrorReportValve.invoke(ErrorReportValve.java:79)
	at org.apache.catalina.valves.AbstractAccessLogValve.invoke(AbstractAccessLogValve.java:617)
	at org.apache.catalina.core.StandardEngineValve.invoke(StandardEngineValve.java:88)
	at org.apache.catalina.connector.CoyoteAdapter.service(CoyoteAdapter.java:518)
	at org.apache.coyote.http11.AbstractHttp11Processor.process(AbstractHttp11Processor.java:1091)
	at org.apache.coyote.AbstractProtocol$AbstractConnectionHandler.process(AbstractProtocol.java:668)
	at org.apache.tomcat.util.net.NioEndpoint$SocketProcessor.doRun(NioEndpoint.java:1527)
	at org.apache.tomcat.util.net.NioEndpoint$SocketProcessor.run(NioEndpoint.java:1484)
	at java.util.concurrent.ThreadPoolExecutor.runWorker(ThreadPoolExecutor.java:1142)
	at java.util.concurrent.ThreadPoolExecutor$Worker.run(ThreadPoolExecutor.java:617)
	at org.apache.tomcat.util.threads.TaskThread$WrappingRunnable.run(TaskThread.java:61)
	at java.lang.Thread.run(Thread.java:745)

23-Apr-2017 01:50:22.703 WARNING [http-nio-1234-exec-2] org.camunda.commons.logging.BaseLogger.logWarn ENGINE-09004 Warnings during parsing: 
* Exclusive Gateway 'reviewSuccessful_gw' has outgoing sequence flow 'reviewSuccessful' without condition which is not the default flow. We assume it to be the default flow, but it is bad modeling practice, better set the default flow in your gateway. | invoice.v1.bpmn | line 0 | column 0
23-Apr-2017 01:50:42.056 INFO [http-nio-1234-exec-8] org.jboss.resteasy.logging.impl.Slf4jLogger.info Deploying javax.ws.rs.core.Application: class org.camunda.bpm.cockpit.impl.web.CockpitApplication
23-Apr-2017 01:52:57.214 INFO [pool-2-thread-1] null.null 

  ... Now archiving invoice 12345, filename: Episode List.txt 


23-Apr-2017 01:53:02.437 INFO [pool-2-thread-2] org.camunda.bpm.example.invoice.service.ArchiveInvoiceService.execute 

  ... Now archiving invoice BOS-43934, filename: invoice.pdf 


23-Apr-2017 01:53:32.576 INFO [pool-2-thread-3] null.null 

  ... Now archiving invoice GPFE-23232323, filename: invoice.pdf 


23-Apr-2017 01:53:36.713 INFO [pool-2-thread-1] null.null 

  ... Now archiving invoice BOS-43934, filename: invoice.pdf 


23-Apr-2017 01:53:42.407 INFO [http-nio-1234-exec-2] null.null 

  ... Now notifying creditor Great Pizza for Everyone Inc.


23-Apr-2017 01:53:46.395 INFO [pool-2-thread-2] null.null 

  ... Now archiving invoice GPFE-23232323, filename: invoice.pdf 


23-Apr-2017 01:55:36.207 INFO [http-nio-1234-exec-4] null.null 

  ... Now notifying creditor Papa Steve's all you can eat


23-Apr-2017 01:55:41.108 INFO [pool-2-thread-3] org.camunda.bpm.example.invoice.service.ArchiveInvoiceService.execute 

  ... Now archiving invoice PSACE-5342, filename: invoice.pdf 


23-Apr-2017 01:55:50.042 INFO [pool-2-thread-1] org.camunda.bpm.example.invoice.service.ArchiveInvoiceService.execute 

  ... Now archiving invoice PSACE-5342, filename: invoice.pdf 


