This is pdfTeX, Version 3.1415926-2.5-1.40.14 (MiKTeX 2.9) (preloaded format=pdflatex 2015.2.26)  31 JUL 2017 16:42
entering extended mode
**skripsi.tex
("D:\KULIAH\kuliah\Skripsi\4. Buku Skripsi\Template Skripsi FTIS v11-0\skripsi.tex"
LaTeX2e <2011/06/27>
Babel <v3.8m> and hyphenation patterns for english, afrikaans, ancientgreek, arabic, armenian, assamese, basque, bengali
, bokmal, bulgarian, catalan, coptic, croatian, czech, danish, dutch, esperanto, estonian, farsi, finnish, french, galic
ian, german, german-x-2013-05-26, greek, gujarati, hindi, hungarian, icelandic, indonesian, interlingua, irish, italian,
 kannada, kurmanji, latin, latvian, lithuanian, malayalam, marathi, mongolian, mongolianlmc, monogreek, ngerman, ngerman
-x-2013-05-26, nynorsk, oriya, panjabi, pinyin, polish, portuguese, romanian, russian, sanskrit, serbian, slovak, sloven
ian, spanish, swedish, swissgerman, tamil, telugu, turkish, turkmen, ukenglish, ukrainian, uppersorbian, usenglishmax, w
elsh, loaded.
("C:\Program Files (x86)\MiKTeX 2.9\tex\latex\base\report.cls"
Document Class: report 2007/10/19 v1.4h Standard LaTeX document class
("C:\Program Files (x86)\MiKTeX 2.9\tex\latex\base\size11.clo"
File: size11.clo 2007/10/19 v1.4h Standard LaTeX file (size option)
)
\c@part=\count79
\c@chapter=\count80
\c@section=\count81
\c@subsection=\count82
\c@subsubsection=\count83
\c@paragraph=\count84
\c@subparagraph=\count85
\c@figure=\count86
\c@table=\count87
\abovecaptionskip=\skip41
\belowcaptionskip=\skip42
\bibindent=\dimen102
)
("C:\Program Files (x86)\MiKTeX 2.9\tex\latex\lm\lmodern.sty"
Package: lmodern 2009/10/30 v1.6 Latin Modern Fonts
LaTeX Font Info:    Overwriting symbol font `operators' in version `normal'
(Font)                  OT1/cmr/m/n --> OT1/lmr/m/n on input line 22.
LaTeX Font Info:    Overwriting symbol font `letters' in version `normal'
(Font)                  OML/cmm/m/it --> OML/lmm/m/it on input line 23.
LaTeX Font Info:    Overwriting symbol font `symbols' in version `normal'
(Font)                  OMS/cmsy/m/n --> OMS/lmsy/m/n on input line 24.
LaTeX Font Info:    Overwriting symbol font `largesymbols' in version `normal'
(Font)                  OMX/cmex/m/n --> OMX/lmex/m/n on input line 25.
LaTeX Font Info:    Overwriting symbol font `operators' in version `bold'
(Font)                  OT1/cmr/bx/n --> OT1/lmr/bx/n on input line 26.
LaTeX Font Info:    Overwriting symbol font `letters' in version `bold'
(Font)                  OML/cmm/b/it --> OML/lmm/b/it on input line 27.
LaTeX Font Info:    Overwriting symbol font `symbols' in version `bold'
(Font)                  OMS/cmsy/b/n --> OMS/lmsy/b/n on input line 28.
LaTeX Font Info:    Overwriting symbol font `largesymbols' in version `bold'
(Font)                  OMX/cmex/m/n --> OMX/lmex/m/n on input line 29.
LaTeX Font Info:    Overwriting math alphabet `\mathbf' in version `normal'
(Font)                  OT1/cmr/bx/n --> OT1/lmr/bx/n on input line 31.
LaTeX Font Info:    Overwriting math alphabet `\mathsf' in version `normal'
(Font)                  OT1/cmss/m/n --> OT1/lmss/m/n on input line 32.
LaTeX Font Info:    Overwriting math alphabet `\mathit' in version `normal'
(Font)                  OT1/cmr/m/it --> OT1/lmr/m/it on input line 33.
LaTeX Font Info:    Overwriting math alphabet `\mathtt' in version `normal'
(Font)                  OT1/cmtt/m/n --> OT1/lmtt/m/n on input line 34.
LaTeX Font Info:    Overwriting math alphabet `\mathbf' in version `bold'
(Font)                  OT1/cmr/bx/n --> OT1/lmr/bx/n on input line 35.
LaTeX Font Info:    Overwriting math alphabet `\mathsf' in version `bold'
(Font)                  OT1/cmss/bx/n --> OT1/lmss/bx/n on input line 36.
LaTeX Font Info:    Overwriting math alphabet `\mathit' in version `bold'
(Font)                  OT1/cmr/bx/it --> OT1/lmr/bx/it on input line 37.
LaTeX Font Info:    Overwriting math alphabet `\mathtt' in version `bold'
(Font)                  OT1/cmtt/m/n --> OT1/lmtt/m/n on input line 38.
)
("C:\Program Files (x86)\MiKTeX 2.9\tex\generic\babel\babel.sty"
Package: babel 2008/07/08 v3.8m The Babel package

*************************************
* Local config file bblopts.cfg used
*
("C:\Program Files (x86)\MiKTeX 2.9\tex\latex\00miktex\bblopts.cfg"
File: bblopts.cfg 2006/07/31 v1.0 MiKTeX 'babel' configuration
)
("C:\Program Files (x86)\MiKTeX 2.9\tex\generic\babel\bahasai.ldf"
Language: bahasa 2008/03/15 v1.0l Bahasa Indonesia support from the babel system

("C:\Program Files (x86)\MiKTeX 2.9\tex\generic\babel\babel.def"
File: babel.def 2008/07/08 v3.8m Babel common definitions
\babel@savecnt=\count88
\U@D=\dimen103
)))
("C:\Program Files (x86)\MiKTeX 2.9\tex\latex\base\fontenc.sty"
Package: fontenc 2005/09/27 v1.99g Standard LaTeX package

("C:\Program Files (x86)\MiKTeX 2.9\tex\latex\base\t1enc.def"
File: t1enc.def 2005/09/27 v1.99g Standard LaTeX file
LaTeX Font Info:    Redeclaring font encoding T1 on input line 43.
))
("C:\Program Files (x86)\MiKTeX 2.9\tex\latex\abstract\abstract.sty"
Package: abstract 2009/06/08 v1.2a configurable abstracts
\abstitleskip=\skip43
\absleftindent=\skip44
\absrightindent=\skip45
\absparindent=\skip46
\absparsep=\skip47
)
("C:\Program Files (x86)\MiKTeX 2.9\tex\latex\chappg\chappg.sty"
Package: chappg 2006/05/09 v2.1b page numbering by chapter number pages by chapter (or other unit)
)
("C:\Program Files (x86)\MiKTeX 2.9\tex\latex\graphics\color.sty"
Package: color 2005/11/14 v1.0j Standard LaTeX Color (DPC)

("C:\Program Files (x86)\MiKTeX 2.9\tex\latex\00miktex\color.cfg"
File: color.cfg 2007/01/18 v1.5 color configuration of teTeX/TeXLive
)
Package color Info: Driver file: pdftex.def on input line 130.

("C:\Program Files (x86)\MiKTeX 2.9\tex\latex\pdftex-def\pdftex.def"
File: pdftex.def 2011/05/27 v0.06d Graphics/color for pdfTeX

("C:\Program Files (x86)\MiKTeX 2.9\tex\generic\oberdiek\infwarerr.sty"
Package: infwarerr 2010/04/08 v1.3 Providing info/warning/error messages (HO)
)
("C:\Program Files (x86)\MiKTeX 2.9\tex\generic\oberdiek\ltxcmds.sty"
Package: ltxcmds 2011/11/09 v1.22 LaTeX kernel commands for general use (HO)
)
\Gread@gobject=\count89
))
("C:\Program Files (x86)\MiKTeX 2.9\tex\latex\etoolbox\etoolbox.sty"
Package: etoolbox 2015/08/02 v2.2a e-TeX tools for LaTeX (JAW)

("C:\Program Files (x86)\MiKTeX 2.9\tex\latex\misc\etex.sty"
Package: etex 1998/03/26 v2.0 eTeX basic definition package (PEB)
\et@xins=\count90
)
\etb@tempcnta=\count91
)
("C:\Program Files (x86)\MiKTeX 2.9\tex\latex\fancyhdr\fancyhdr.sty"
\fancy@headwidth=\skip48
\f@ncyO@elh=\skip49
\f@ncyO@erh=\skip50
\f@ncyO@olh=\skip51
\f@ncyO@orh=\skip52
\f@ncyO@elf=\skip53
\f@ncyO@erf=\skip54
\f@ncyO@olf=\skip55
\f@ncyO@orf=\skip56
)
("C:\Program Files (x86)\MiKTeX 2.9\tex\latex\float\float.sty"
Package: float 2001/11/08 v1.3d Float enhancements (AL)
\c@float@type=\count92
\float@exts=\toks14
\float@box=\box26
\@float@everytoks=\toks15
\@floatcapt=\box27
)
("C:\Program Files (x86)\MiKTeX 2.9\tex\latex\geometry\geometry.sty"
Package: geometry 2010/09/12 v5.6 Page Geometry

("C:\Program Files (x86)\MiKTeX 2.9\tex\latex\graphics\keyval.sty"
Package: keyval 1999/03/16 v1.13 key=value parser (DPC)
\KV@toks@=\toks16
)
("C:\Program Files (x86)\MiKTeX 2.9\tex\generic\oberdiek\ifpdf.sty"
Package: ifpdf 2011/01/30 v2.3 Provides the ifpdf switch (HO)
Package ifpdf Info: pdfTeX in PDF mode is detected.
)
("C:\Program Files (x86)\MiKTeX 2.9\tex\generic\oberdiek\ifvtex.sty"
Package: ifvtex 2010/03/01 v1.5 Detect VTeX and its facilities (HO)
Package ifvtex Info: VTeX not detected.
)
("C:\Program Files (x86)\MiKTeX 2.9\tex\generic\ifxetex\ifxetex.sty"
Package: ifxetex 2010/09/12 v0.6 Provides ifxetex conditional
)
\Gm@cnth=\count93
\Gm@cntv=\count94
\c@Gm@tempcnt=\count95
\Gm@bindingoffset=\dimen104
\Gm@wd@mp=\dimen105
\Gm@odd@mp=\dimen106
\Gm@even@mp=\dimen107
\Gm@layoutwidth=\dimen108
\Gm@layoutheight=\dimen109
\Gm@layouthoffset=\dimen110
\Gm@layoutvoffset=\dimen111
\Gm@dimlist=\toks17

("C:\Program Files (x86)\MiKTeX 2.9\tex\latex\geometry\geometry.cfg"))
("C:\Program Files (x86)\MiKTeX 2.9\tex\latex\graphics\graphicx.sty"
Package: graphicx 1999/02/16 v1.0f Enhanced LaTeX Graphics (DPC,SPQR)

("C:\Program Files (x86)\MiKTeX 2.9\tex\latex\graphics\graphics.sty"
Package: graphics 2009/02/05 v1.0o Standard LaTeX Graphics (DPC,SPQR)

("C:\Program Files (x86)\MiKTeX 2.9\tex\latex\graphics\trig.sty"
Package: trig 1999/03/16 v1.09 sin cos tan (DPC)
)
("C:\Program Files (x86)\MiKTeX 2.9\tex\latex\00miktex\graphics.cfg"
File: graphics.cfg 2007/01/18 v1.5 graphics configuration of teTeX/TeXLive
)
Package graphics Info: Driver file: pdftex.def on input line 91.
)
\Gin@req@height=\dimen112
\Gin@req@width=\dimen113
)
("C:\Program Files (x86)\MiKTeX 2.9\tex\latex\listings\listings.sty"
\lst@mode=\count96
\lst@gtempboxa=\box28
\lst@token=\toks18
\lst@length=\count97
\lst@currlwidth=\dimen114
\lst@column=\count98
\lst@pos=\count99
\lst@lostspace=\dimen115
\lst@width=\dimen116
\lst@newlines=\count100
\lst@lineno=\count101
\lst@maxwidth=\dimen117

("C:\Program Files (x86)\MiKTeX 2.9\tex\latex\listings\lstmisc.sty"
File: lstmisc.sty 2015/06/04 1.6 (Carsten Heinz)
\c@lstnumber=\count102
\lst@skipnumbers=\count103
\lst@framebox=\box29
)
("C:\Program Files (x86)\MiKTeX 2.9\tex\latex\listings\listings.cfg"
File: listings.cfg 2015/06/04 1.6 listings configuration
))
Package: listings 2015/06/04 1.6 (Carsten Heinz)

("C:\Program Files (x86)\MiKTeX 2.9\tex\latex\graphics\lscape.sty"
Package: lscape 2000/10/22 v3.01 Landscape Pages (DPC)
)
("C:\Program Files (x86)\MiKTeX 2.9\tex\latex\tools\multicol.sty"
Package: multicol 2011/06/27 v1.7a multicolumn formatting (FMi)
\c@tracingmulticols=\count104
\mult@box=\box30
\multicol@leftmargin=\dimen118
\c@unbalance=\count105
\c@collectmore=\count106
\doublecol@number=\count107
\multicoltolerance=\count108
\multicolpretolerance=\count109
\full@width=\dimen119
\page@free=\dimen120
\premulticols=\dimen121
\postmulticols=\dimen122
\multicolsep=\skip57
\multicolbaselineskip=\skip58
\partial@page=\box31
\last@line=\box32
\mult@rightbox=\box33
\mult@grightbox=\box34
\mult@gfirstbox=\box35
\mult@firstbox=\box36
\@tempa=\box37
\@tempa=\box38
\@tempa=\box39
\@tempa=\box40
\@tempa=\box41
\@tempa=\box42
\@tempa=\box43
\@tempa=\box44
\@tempa=\box45
\@tempa=\box46
\@tempa=\box47
\@tempa=\box48
\@tempa=\box49
\@tempa=\box50
\@tempa=\box51
\@tempa=\box52
\@tempa=\box53
\c@columnbadness=\count110
\c@finalcolumnbadness=\count111
\last@try=\dimen123
\multicolovershoot=\dimen124
\multicolundershoot=\dimen125
\mult@nat@firstbox=\box54
\colbreak@box=\box55
\multicol@sort@counter=\count112
)
("C:\Program Files (x86)\MiKTeX 2.9\tex\latex\base\ifthen.sty"
Package: ifthen 2001/05/26 v1.1c Standard LaTeX ifthen package (DPC)
)
("C:\Program Files (x86)\MiKTeX 2.9\tex\latex\lineno\lineno.sty"
Package: lineno 2005/11/02 line numbers on paragraphs v4.41
\linenopenalty=\count113
\output=\toks19
\linenoprevgraf=\count114
\linenumbersep=\dimen126
\linenumberwidth=\dimen127
\c@linenumber=\count115
\c@pagewiselinenumber=\count116
\c@LN@truepage=\count117
\c@internallinenumber=\count118
\c@internallinenumbers=\count119
\quotelinenumbersep=\dimen128
\bframerule=\dimen129
\bframesep=\dimen130
\bframebox=\box56
LaTeX Info: Redefining \\ on input line 3056.
)
("C:\Program Files (x86)\MiKTeX 2.9\tex\latex\kantlipsum\kantlipsum.sty"
("C:\Program Files (x86)\MiKTeX 2.9\tex\latex\l3kernel\expl3.sty"
Package: expl3 2016/10/19 v6730 L3 programming layer (loader) 

("C:\Program Files (x86)\MiKTeX 2.9\tex\latex\l3kernel\expl3-code.tex"
Package: expl3 2016/10/19 v6730 L3 programming layer (code)
L3 Module: l3bootstrap 2016/06/13 v6596 L3 Bootstrap code
L3 Module: l3names 2016/10/13 v6722 L3 Namespace for primitives
L3 Module: l3basics 2016/09/01 v6696 L3 Basic definitions
L3 Module: l3expan 2016/08/19 v6684 L3 Argument expansion
L3 Module: l3tl 2016/08/19 v6692 L3 Token lists
L3 Module: l3str 2016/08/19 v6692 L3 Strings
L3 Module: l3seq 2016/08/19 v6685 L3 Sequences and stacks
L3 Module: l3int 2016/09/07 v6700 L3 Integers
\c_max_int=\count120
\l_tmpa_int=\count121
\l_tmpb_int=\count122
\g_tmpa_int=\count123
\g_tmpb_int=\count124
L3 Module: l3quark 2016/08/19 v6685 L3 Quarks
L3 Module: l3prg 2016/08/18 v6679 L3 Control structures
\g__prg_map_int=\count125
L3 Module: l3clist 2016/08/19 v6685 L3 Comma separated lists
L3 Module: l3token 2016/09/01 v6695 L3 Experimental token manipulation
L3 Module: l3prop 2016/08/19 v6685 L3 Property lists
L3 Module: l3msg 2016/08/19 v6691 L3 Messages
L3 Module: l3file 2016/08/19 v6685 L3 File and I/O operations
\l_iow_line_count_int=\count126
\l__iow_target_count_int=\count127
\l__iow_current_line_int=\count128
\l__iow_current_word_int=\count129
\l__iow_current_indentation_int=\count130
L3 Module: l3skip 2016/08/19 v6692 L3 Dimensions and skips
\c_zero_dim=\dimen131
\c_max_dim=\dimen132
\l_tmpa_dim=\dimen133
\l_tmpb_dim=\dimen134
\g_tmpa_dim=\dimen135
\g_tmpb_dim=\dimen136
\c_zero_skip=\skip59
\c_max_skip=\skip60
\l_tmpa_skip=\skip61
\l_tmpb_skip=\skip62
\g_tmpa_skip=\skip63
\g_tmpb_skip=\skip64
\c_zero_muskip=\muskip10
\c_max_muskip=\muskip11
\l_tmpa_muskip=\muskip12
\l_tmpb_muskip=\muskip13
\g_tmpa_muskip=\muskip14
\g_tmpb_muskip=\muskip15
L3 Module: l3keys 2016/09/21 v6711 L3 Key-value interfaces
\l_keys_choice_int=\count131
L3 Module: l3fp 2016/08/19 v6685 L3 Floating points
\c__fp_leading_shift_int=\count132
\c__fp_middle_shift_int=\count133
\c__fp_trailing_shift_int=\count134
\c__fp_big_leading_shift_int=\count135
\c__fp_big_middle_shift_int=\count136
\c__fp_big_trailing_shift_int=\count137
\c__fp_Bigg_leading_shift_int=\count138
\c__fp_Bigg_middle_shift_int=\count139
\c__fp_Bigg_trailing_shift_int=\count140
L3 Module: l3box 2016/08/19 v6685 L3 Experimental boxes
\c_empty_box=\box57
\l_tmpa_box=\box58
\l_tmpb_box=\box59
\g_tmpa_box=\box60
\g_tmpb_box=\box61
L3 Module: l3coffins 2016/08/19 v6685 L3 Coffin code layer
\l__coffin_internal_box=\box62
\l__coffin_internal_dim=\dimen137
\l__coffin_offset_x_dim=\dimen138
\l__coffin_offset_y_dim=\dimen139
\l__coffin_x_dim=\dimen140
\l__coffin_y_dim=\dimen141
\l__coffin_x_prime_dim=\dimen142
\l__coffin_y_prime_dim=\dimen143
\c_empty_coffin=\box63
\l__coffin_aligned_coffin=\box64
\l__coffin_aligned_internal_coffin=\box65
\l_tmpa_coffin=\box66
\l_tmpb_coffin=\box67
\l__coffin_display_coffin=\box68
\l__coffin_display_coord_coffin=\box69
\l__coffin_display_pole_coffin=\box70
\l__coffin_display_offset_dim=\dimen144
\l__coffin_display_x_dim=\dimen145
\l__coffin_display_y_dim=\dimen146
L3 Module: l3color 2016/06/13 v6596 L3 Experimental color support
L3 Module: l3sys 2015/09/25 v6087 L3 Experimental system/runtime functions
L3 Module: l3candidates 2016/08/19 v6688 L3 Experimental additions to l3kernel
\l__box_top_dim=\dimen147
\l__box_bottom_dim=\dimen148
\l__box_left_dim=\dimen149
\l__box_right_dim=\dimen150
\l__box_top_new_dim=\dimen151
\l__box_bottom_new_dim=\dimen152
\l__box_left_new_dim=\dimen153
\l__box_right_new_dim=\dimen154
\l__box_internal_box=\box71
\l__coffin_bounding_shift_dim=\dimen155
\l__coffin_left_corner_dim=\dimen156
\l__coffin_right_corner_dim=\dimen157
\l__coffin_bottom_corner_dim=\dimen158
\l__coffin_top_corner_dim=\dimen159
\l__coffin_scaled_total_height_dim=\dimen160
\l__coffin_scaled_width_dim=\dimen161
L3 Module: l3luatex 2016/08/18 v6679 L3 Experimental LuaTeX-specific functions
)
("C:\Program Files (x86)\MiKTeX 2.9\tex\latex\l3kernel\l3pdfmode.def"
File: l3pdfmode.def 2016/08/18 v6679 L3 Experimental driver: PDF mode
\l__driver_color_stack_int=\count141
\l__driver_tmp_box=\box72
))
Package: kantlipsum 2012/10/14 v0.6 Dummy text in Kantian style

("C:\Program Files (x86)\MiKTeX 2.9\tex\latex\l3packages\xparse\xparse.sty"
Package: xparse 2016/10/19 v6730 L3 Experimental document command parser
\l__xparse_current_arg_int=\count142
\l__xparse_m_args_int=\count143
\l__xparse_mandatory_args_int=\count144
\l__xparse_processor_int=\count145
\l__xparse_v_nesting_int=\count146
)
\l_kgl_start_int=\count147
\l_kgl_end_int=\count148
.................................................
. LaTeX info: "xparse/define-command"
. 
. Defining command \kant with sig. 's>{\SplitArgument {1}{-}}O{1-7}' on line
. 86.
.................................................
.................................................
. LaTeX info: "xparse/define-command"
. 
. Defining command \kantdef with sig. 'mm' on line 101.
.................................................
.................................................
. kantlipsum info: "how-many"
. 
. The package provides paragraphs 1 to 164. Values outside this range will be
. ignored.
.................................................
)
("C:\Program Files (x86)\MiKTeX 2.9\tex\latex\titlesec\titlesec.sty"
Package: titlesec 2011/12/15 v2.10.0 Sectioning titles
\ttl@box=\box73
\beforetitleunit=\skip65
\aftertitleunit=\skip66
\ttl@plus=\dimen162
\ttl@minus=\dimen163
\ttl@toksa=\toks20
\titlewidth=\dimen164
\titlewidthlast=\dimen165
\titlewidthfirst=\dimen166
)
("C:\Program Files (x86)\MiKTeX 2.9\tex\latex\tocbibind\tocbibind.sty"
Package: tocbibind 2010/10/13 v1.5k extra ToC listings
Package tocbibind Info: The document has chapter divisions on input line 50.


Package tocbibind Note: Using chapter style headings, unless overridden.

) ("C:\Program Files (x86)\MiKTeX 2.9\tex\latex\tocloft\tocloft.sty"
Package: tocloft 2013/05/02 v2.3f parameterised ToC, etc., typesetting
Package tocloft Info: The document has chapter divisions on input line 44.
\cftparskip=\skip67
\cftbeforetoctitleskip=\skip68
\cftaftertoctitleskip=\skip69
\cftbeforepartskip=\skip70
\cftpartnumwidth=\skip71
\cftpartindent=\skip72
\cftbeforechapskip=\skip73
\cftchapindent=\skip74
\cftchapnumwidth=\skip75
\cftbeforesecskip=\skip76
\cftsecindent=\skip77
\cftsecnumwidth=\skip78
\cftbeforesubsecskip=\skip79
\cftsubsecindent=\skip80
\cftsubsecnumwidth=\skip81
\cftbeforesubsubsecskip=\skip82
\cftsubsubsecindent=\skip83
\cftsubsubsecnumwidth=\skip84
\cftbeforeparaskip=\skip85
\cftparaindent=\skip86
\cftparanumwidth=\skip87
\cftbeforesubparaskip=\skip88
\cftsubparaindent=\skip89
\cftsubparanumwidth=\skip90
\cftbeforeloftitleskip=\skip91
\cftafterloftitleskip=\skip92
\cftbeforefigskip=\skip93
\cftfigindent=\skip94
\cftfignumwidth=\skip95
\c@lofdepth=\count149
\c@lotdepth=\count150
\cftbeforelottitleskip=\skip96
\cftafterlottitleskip=\skip97
\cftbeforetabskip=\skip98
\cfttabindent=\skip99
\cfttabnumwidth=\skip100
)
("C:\Program Files (x86)\MiKTeX 2.9\tex\latex\setspace\setspace.sty"
Package: setspace 2011/12/19 v6.7a set line spacing
)
("C:\Program Files (x86)\MiKTeX 2.9\tex\latex\xstring\xstring.sty"
("C:\Program Files (x86)\MiKTeX 2.9\tex\generic\xstring\xstring.tex"
\@xs@message=\write3
\integerpart=\count151
\decimalpart=\count152
)
Package: xstring 2013/10/13  v1.7c  String manipulations (C Tellechea)
)
("C:\Program Files (x86)\MiKTeX 2.9\tex\latex\hyperref\hyperref.sty"
Package: hyperref 2012/11/06 v6.83m Hypertext links for LaTeX

("C:\Program Files (x86)\MiKTeX 2.9\tex\generic\oberdiek\hobsub-hyperref.sty"
Package: hobsub-hyperref 2012/04/25 v1.12 Bundle oberdiek, subset hyperref (HO)

("C:\Program Files (x86)\MiKTeX 2.9\tex\generic\oberdiek\hobsub-generic.sty"
Package: hobsub-generic 2012/04/25 v1.12 Bundle oberdiek, subset generic (HO)
Package: hobsub 2012/04/25 v1.12 Construct package bundles (HO)
Package hobsub Info: Skipping package `infwarerr' (already loaded).
Package hobsub Info: Skipping package `ltxcmds' (already loaded).
Package: ifluatex 2010/03/01 v1.3 Provides the ifluatex switch (HO)
Package ifluatex Info: LuaTeX not detected.
Package hobsub Info: Skipping package `ifvtex' (already loaded).
Package: intcalc 2007/09/27 v1.1 Expandable calculations with integers (HO)
Package hobsub Info: Skipping package `ifpdf' (already loaded).
Package: etexcmds 2011/02/16 v1.5 Avoid name clashes with e-TeX commands (HO)
Package etexcmds Info: Could not find \expanded.
(etexcmds)             That can mean that you are not using pdfTeX 1.50 or
(etexcmds)             that some package has redefined \expanded.
(etexcmds)             In the latter case, load this package earlier.
Package: kvsetkeys 2012/04/25 v1.16 Key value parser (HO)
Package: kvdefinekeys 2011/04/07 v1.3 Define keys (HO)
Package: pdftexcmds 2011/11/29 v0.20 Utility functions of pdfTeX for LuaTeX (HO)
Package pdftexcmds Info: LuaTeX not detected.
Package pdftexcmds Info: \pdf@primitive is available.
Package pdftexcmds Info: \pdf@ifprimitive is available.
Package pdftexcmds Info: \pdfdraftmode found.
Package: pdfescape 2011/11/25 v1.13 Implements pdfTeX's escape features (HO)
Package: bigintcalc 2012/04/08 v1.3 Expandable calculations on big integers (HO)
Package: bitset 2011/01/30 v1.1 Handle bit-vector datatype (HO)
Package: uniquecounter 2011/01/30 v1.2 Provide unlimited unique counter (HO)
)
Package hobsub Info: Skipping package `hobsub' (already loaded).
Package: letltxmacro 2010/09/02 v1.4 Let assignment for LaTeX macros (HO)
Package: hopatch 2011/06/24 v1.1 Wrapper for package hooks (HO)
Package: xcolor-patch 2011/01/30 xcolor patch
Package: atveryend 2011/06/30 v1.8 Hooks at the very end of document (HO)
Package: atbegshi 2011/10/05 v1.16 At begin shipout hook (HO)
Package: refcount 2011/10/16 v3.4 Data extraction from label references (HO)
Package: hycolor 2011/01/30 v1.7 Color options for hyperref/bookmark (HO)
)
("C:\Program Files (x86)\MiKTeX 2.9\tex\latex\oberdiek\auxhook.sty"
Package: auxhook 2011/03/04 v1.3 Hooks for auxiliary files (HO)
)
("C:\Program Files (x86)\MiKTeX 2.9\tex\latex\oberdiek\kvoptions.sty"
Package: kvoptions 2011/06/30 v3.11 Key value format for package options (HO)
)
\@linkdim=\dimen167
\Hy@linkcounter=\count153
\Hy@pagecounter=\count154

("C:\Program Files (x86)\MiKTeX 2.9\tex\latex\hyperref\pd1enc.def"
File: pd1enc.def 2012/11/06 v6.83m Hyperref: PDFDocEncoding definition (HO)
)
\Hy@SavedSpaceFactor=\count155

("C:\Program Files (x86)\MiKTeX 2.9\tex\latex\00miktex\hyperref.cfg"
File: hyperref.cfg 2002/06/06 v1.2 hyperref configuration of TeXLive
)
Package hyperref Info: Option `plainpages' set `false' on input line 4319.
Package hyperref Info: Option `pdfpagelabels' set `true' on input line 4319.
Package hyperref Info: Option `unicode' set `true' on input line 4319.

("C:\Program Files (x86)\MiKTeX 2.9\tex\latex\hyperref\puenc.def"
File: puenc.def 2012/11/06 v6.83m Hyperref: PDF Unicode definition (HO)
)
Package hyperref Info: Hyper figures OFF on input line 4443.
Package hyperref Info: Link nesting OFF on input line 4448.
Package hyperref Info: Hyper index ON on input line 4451.
Package hyperref Info: Plain pages OFF on input line 4458.
Package hyperref Info: Backreferencing OFF on input line 4463.
Package hyperref Info: Implicit mode ON; LaTeX internals redefined.
Package hyperref Info: Bookmarks ON on input line 4688.
\c@Hy@tempcnt=\count156

("C:\Program Files (x86)\MiKTeX 2.9\tex\latex\url\url.sty"
\Urlmuskip=\muskip16
Package: url 2013/09/16  ver 3.4  Verb mode for urls, etc.
)
LaTeX Info: Redefining \url on input line 5041.
\XeTeXLinkMargin=\dimen168
\Fld@menulength=\count157
\Field@Width=\dimen169
\Fld@charsize=\dimen170
Package hyperref Info: Hyper figures OFF on input line 6295.
Package hyperref Info: Link nesting OFF on input line 6300.
Package hyperref Info: Hyper index ON on input line 6303.
Package hyperref Info: backreferencing OFF on input line 6310.
Package hyperref Info: Link coloring OFF on input line 6315.
Package hyperref Info: Link coloring with OCG OFF on input line 6320.
Package hyperref Info: PDF/A mode OFF on input line 6325.
LaTeX Info: Redefining \ref on input line 6365.
LaTeX Info: Redefining \pageref on input line 6369.
\Hy@abspage=\count158
\c@Item=\count159
\c@Hfootnote=\count160
)

Package hyperref Message: Driver (autodetected): hpdftex.

("C:\Program Files (x86)\MiKTeX 2.9\tex\latex\hyperref\hpdftex.def"
File: hpdftex.def 2012/11/06 v6.83m Hyperref driver for pdfTeX
\Fld@listcount=\count161
\c@bookmark@seq@number=\count162

("C:\Program Files (x86)\MiKTeX 2.9\tex\latex\oberdiek\rerunfilecheck.sty"
Package: rerunfilecheck 2011/04/15 v1.7 Rerun checks for auxiliary files (HO)
Package uniquecounter Info: New unique counter `rerunfilecheck' on input line 282.
)
\Hy@SectionHShift=\skip101
)
("C:\Program Files (x86)\MiKTeX 2.9\tex\latex\emptypage\emptypage.sty"
Package: emptypage 2010/05/30 v1.2 Suppress page numbers and headings on empty pages
)
("C:\Program Files (x86)\MiKTeX 2.9\tex\latex\rotating\rotating.sty"
Package: rotating 2009/03/28 v2.16a rotated objects in LaTeX
\c@r@tfl@t=\count163
\rotFPtop=\skip102
\rotFPbot=\skip103
\rot@float@box=\box74
\rot@mess@toks=\toks21
)
("C:\Program Files (x86)\MiKTeX 2.9\tex\latex\oberdiek\pdflscape.sty"
Package: pdflscape 2008/08/11 v0.10 Display of landscape pages in PDF (HO)
Package pdflscape Info: Auto-detected driver: pdftex on input line 80.
)
("C:\Program Files (x86)\MiKTeX 2.9\tex\latex\adjustbox\adjustbox.sty"
Package: adjustbox 2012/05/21 v1.0 Adjusting TeX boxes (trim, clip, ...)

("C:\Program Files (x86)\MiKTeX 2.9\tex\latex\xkeyval\xkeyval.sty"
Package: xkeyval 2012/10/14 v2.6b package option processing (HA)

("C:\Program Files (x86)\MiKTeX 2.9\tex\generic\xkeyval\xkeyval.tex"
\XKV@toks=\toks22
\XKV@tempa@toks=\toks23
\XKV@depth=\count164
File: xkeyval.tex 2012/10/14 v2.6b key=value parser (HA)
))
("C:\Program Files (x86)\MiKTeX 2.9\tex\latex\adjustbox\adjcalc.sty"
Package: adjcalc 2012/05/16 v1.1 Provides advanced setlength with multiple back-ends (calc, etex, pgfmath)
)
("C:\Program Files (x86)\MiKTeX 2.9\tex\latex\adjustbox\trimclip.sty"
Package: trimclip 2012/05/16 v1.0 Trim and clip general TeX material

("C:\Program Files (x86)\MiKTeX 2.9\tex\latex\collectbox\collectbox.sty"
Package: collectbox 2012/05/17 v0.4b Collect macro arguments as boxes
\collectedbox=\box75
)
\tc@llx=\dimen171
\tc@lly=\dimen172
\tc@urx=\dimen173
\tc@ury=\dimen174
Package trimclip Info: Using driver 'tc-pdftex.def'.

("C:\Program Files (x86)\MiKTeX 2.9\tex\latex\adjustbox\tc-pdftex.def"
File: tc-pdftex.def 2012/05/13 v1.0 Clipping driver for pdftex
))
\adjbox@Width=\dimen175
\adjbox@Height=\dimen176
\adjbox@Depth=\dimen177
\adjbox@Totalheight=\dimen178

("C:\Program Files (x86)\MiKTeX 2.9\tex\latex\ifoddpage\ifoddpage.sty"
Package: ifoddpage 2016/04/23 v1.1 Conditionals for odd/even page detection
\c@checkoddpage=\count165
)
("C:\Program Files (x86)\MiKTeX 2.9\tex\latex\ltxmisc\varwidth.sty"
Package: varwidth 2009/03/30 ver 0.92;  Variable-width minipages
\@vwid@box=\box76
\sift@deathcycles=\count166
\@vwid@loff=\dimen179
\@vwid@roff=\dimen180
))
("C:\Program Files (x86)\MiKTeX 2.9\tex\latex\lcg\lcg.sty"
Package: lcg 2013/08/09 v1.3 generating random numbers
\f@rst=\count167
\l@st=\count168
\cr@nd=\count169
\c@rand=\count170

Smallest possible random number: 1
Largest possible random number: 2147483647
The pseudo random numbers will be stored in the LaTeX counter `rand'
)
LaTeX Font Info:    Try loading font information for T1+lmr on input line 74.
 ("C:\Program Files (x86)\MiKTeX 2.9\tex\latex\lm\t1lmr.fd"
File: t1lmr.fd 2009/10/30 v1.6 Font defs for Latin Modern
)
Package hyperref Info: Option `unicode' set `true' on input line 281.
Package hyperref Info: Option `colorlinks' set `true' on input line 281.

\@input{data.aux}
("D:\KULIAH\kuliah\Skripsi\4. Buku Skripsi\Template Skripsi FTIS v11-0\data.tex"
("C:\Program Files (x86)\MiKTeX 2.9\tex\latex\booktabs\booktabs.sty"
Package: booktabs 2005/04/14 v1.61803 publication quality tables
\heavyrulewidth=\dimen181
\lightrulewidth=\dimen182
\cmidrulewidth=\dimen183
\belowrulesep=\dimen184
\belowbottomsep=\dimen185
\aboverulesep=\dimen186
\abovetopsep=\dimen187
\cmidrulesep=\dimen188
\cmidrulekern=\dimen189
\defaultaddspace=\dimen190
\@cmidla=\count171
\@cmidlb=\count172
\@aboverulesep=\dimen191
\@belowrulesep=\dimen192
\@thisruleclass=\count173
\@lastruleclass=\count174
\@thisrulewidth=\dimen193
)
("C:\Program Files (x86)\MiKTeX 2.9\tex\latex\xcolor\xcolor.sty"
Package: xcolor 2007/01/21 v2.11 LaTeX color extensions (UK)

("C:\Program Files (x86)\MiKTeX 2.9\tex\latex\00miktex\color.cfg"
File: color.cfg 2007/01/18 v1.5 color configuration of teTeX/TeXLive
)
Package xcolor Info: Driver file: pdftex.def on input line 225.

("C:\Program Files (x86)\MiKTeX 2.9\tex\latex\colortbl\colortbl.sty"
Package: colortbl 2012/02/13 v1.0a Color table columns (DPC)

("C:\Program Files (x86)\MiKTeX 2.9\tex\latex\tools\array.sty"
Package: array 2008/09/09 v2.4c Tabular extension package (FMi)
\col@sep=\dimen194
\extrarowheight=\dimen195
\NC@list=\toks24
\extratabsurround=\skip104
\backup@length=\skip105
)
\everycr=\toks25
\minrowclearance=\skip106
)
LaTeX Info: Redefining \color on input line 702.
\rownum=\count175
Package xcolor Info: Model `cmy' substituted by `cmy0' on input line 1337.
Package xcolor Info: Model `hsb' substituted by `rgb' on input line 1341.
Package xcolor Info: Model `RGB' extended on input line 1353.
Package xcolor Info: Model `HTML' substituted by `rgb' on input line 1355.
Package xcolor Info: Model `Hsb' substituted by `hsb' on input line 1356.
Package xcolor Info: Model `tHsb' substituted by `hsb' on input line 1357.
Package xcolor Info: Model `HSB' substituted by `hsb' on input line 1358.
Package xcolor Info: Model `Gray' substituted by `gray' on input line 1359.
Package xcolor Info: Model `wave' substituted by `hsb' on input line 1360.
)
("C:\Program Files (x86)\MiKTeX 2.9\tex\latex\tools\longtable.sty"
Package: longtable 2004/02/01 v4.11 Multi-page Table package (DPC)
\LTleft=\skip107
\LTright=\skip108
\LTpre=\skip109
\LTpost=\skip110
\LTchunksize=\count176
\LTcapwidth=\dimen196
\LT@head=\box77
\LT@firsthead=\box78
\LT@foot=\box79
\LT@lastfoot=\box80
\LT@cols=\count177
\LT@rows=\count178
\c@LT@tables=\count179
\c@LT@chunks=\count180
\LT@p@ftn=\toks26
)
("C:\Program Files (x86)\MiKTeX 2.9\tex\latex\amsfonts\amssymb.sty"
Package: amssymb 2013/01/14 v3.01 AMS font symbols

("C:\Program Files (x86)\MiKTeX 2.9\tex\latex\amsfonts\amsfonts.sty"
Package: amsfonts 2013/01/14 v3.01 Basic AMSFonts support
\@emptytoks=\toks27
\symAMSa=\mathgroup4
\symAMSb=\mathgroup5
LaTeX Font Info:    Overwriting math alphabet `\mathfrak' in version `bold'
(Font)                  U/euf/m/n --> U/euf/b/n on input line 106.
))
("C:\Program Files (x86)\MiKTeX 2.9\tex\latex\todo\todo.sty"
Package: todo 2010/03/31 v2.4142 To-do list (Federico Garcia)
\@todotoks=\toks28
\c@todo=\count181
)
("C:\Program Files (x86)\MiKTeX 2.9\tex\latex\tools\verbatim.sty"
Package: verbatim 2003/08/22 v1.5q LaTeX2e package for verbatim enhancements
\every@verbatim=\toks29
\verbatim@line=\toks30
\verbatim@in@stream=\read1
)
("C:\Program Files (x86)\MiKTeX 2.9\tex\latex\pgfplots\pgfplots.sty"
("C:\Program Files (x86)\MiKTeX 2.9\tex\generic\pgfplots\pgfplots.revision.tex")
Package: pgfplots 2016/08/10 v1.14 Data Visualization (1.14)

("C:\Program Files (x86)\MiKTeX 2.9\tex\latex\pgf\frontendlayer\tikz.sty"
("C:\Program Files (x86)\MiKTeX 2.9\tex\latex\pgf\basiclayer\pgf.sty"
("C:\Program Files (x86)\MiKTeX 2.9\tex\latex\pgf\utilities\pgfrcs.sty"
("C:\Program Files (x86)\MiKTeX 2.9\tex\generic\pgf\utilities\pgfutil-common.tex"
\pgfutil@everybye=\toks31
\pgfutil@tempdima=\dimen197
\pgfutil@tempdimb=\dimen198

("C:\Program Files (x86)\MiKTeX 2.9\tex\generic\pgf\utilities\pgfutil-common-lists.tex"))
("C:\Program Files (x86)\MiKTeX 2.9\tex\generic\pgf\utilities\pgfutil-latex.def"
\pgfutil@abb=\box81

("C:\Program Files (x86)\MiKTeX 2.9\tex\latex\ms\everyshi.sty"
Package: everyshi 2001/05/15 v3.00 EveryShipout Package (MS)
))
("C:\Program Files (x86)\MiKTeX 2.9\tex\generic\pgf\utilities\pgfrcs.code.tex"
Package: pgfrcs 2015/08/07 v3.0.1a (rcs-revision 1.31)
))
Package: pgf 2015/08/07 v3.0.1a (rcs-revision 1.15)

("C:\Program Files (x86)\MiKTeX 2.9\tex\latex\pgf\basiclayer\pgfcore.sty"
("C:\Program Files (x86)\MiKTeX 2.9\tex\latex\pgf\systemlayer\pgfsys.sty"
("C:\Program Files (x86)\MiKTeX 2.9\tex\generic\pgf\systemlayer\pgfsys.code.tex"
Package: pgfsys 2014/07/09 v3.0.1a (rcs-revision 1.48)

("C:\Program Files (x86)\MiKTeX 2.9\tex\generic\pgf\utilities\pgfkeys.code.tex"
\pgfkeys@pathtoks=\toks32
\pgfkeys@temptoks=\toks33

("C:\Program Files (x86)\MiKTeX 2.9\tex\generic\pgf\utilities\pgfkeysfiltered.code.tex"
\pgfkeys@tmptoks=\toks34
))
\pgf@x=\dimen199
\pgf@y=\dimen200
\pgf@xa=\dimen201
Normal \dimen register pool exhausted, switching to extended pool.
\pgf@ya=\dimen256
\pgf@xb=\dimen257
\pgf@yb=\dimen258
\pgf@xc=\dimen259
\pgf@yc=\dimen260
\w@pgf@writea=\write4
\r@pgf@reada=\read2
\c@pgf@counta=\count182
\c@pgf@countb=\count183
\c@pgf@countc=\count184
\c@pgf@countd=\count185
\t@pgf@toka=\toks35
\t@pgf@tokb=\toks36
\t@pgf@tokc=\toks37

("C:\Program Files (x86)\MiKTeX 2.9\tex\generic\pgf\systemlayer\pgf.cfg"
File: pgf.cfg 2008/05/14  (rcs-revision 1.7)
)
Driver file for pgf: pgfsys-pdftex.def

("C:\Program Files (x86)\MiKTeX 2.9\tex\generic\pgf\systemlayer\pgfsys-pdftex.def"
File: pgfsys-pdftex.def 2014/10/11  (rcs-revision 1.35)

("C:\Program Files (x86)\MiKTeX 2.9\tex\generic\pgf\systemlayer\pgfsys-common-pdf.def"
File: pgfsys-common-pdf.def 2013/10/10  (rcs-revision 1.13)
)))
("C:\Program Files (x86)\MiKTeX 2.9\tex\generic\pgf\systemlayer\pgfsyssoftpath.code.tex"
File: pgfsyssoftpath.code.tex 2013/09/09  (rcs-revision 1.9)
\pgfsyssoftpath@smallbuffer@items=\count186
\pgfsyssoftpath@bigbuffer@items=\count187
)
("C:\Program Files (x86)\MiKTeX 2.9\tex\generic\pgf\systemlayer\pgfsysprotocol.code.tex"
File: pgfsysprotocol.code.tex 2006/10/16  (rcs-revision 1.4)
))
("C:\Program Files (x86)\MiKTeX 2.9\tex\generic\pgf\basiclayer\pgfcore.code.tex"
Package: pgfcore 2010/04/11 v3.0.1a (rcs-revision 1.7)

("C:\Program Files (x86)\MiKTeX 2.9\tex\generic\pgf\math\pgfmath.code.tex"
("C:\Program Files (x86)\MiKTeX 2.9\tex\generic\pgf\math\pgfmathcalc.code.tex"
("C:\Program Files (x86)\MiKTeX 2.9\tex\generic\pgf\math\pgfmathutil.code.tex")
("C:\Program Files (x86)\MiKTeX 2.9\tex\generic\pgf\math\pgfmathparser.code.tex"
\pgfmath@dimen=\dimen261
\pgfmath@count=\count188
\pgfmath@box=\box82
\pgfmath@toks=\toks38
\pgfmath@stack@operand=\toks39
\pgfmath@stack@operation=\toks40
)
("C:\Program Files (x86)\MiKTeX 2.9\tex\generic\pgf\math\pgfmathfunctions.code.tex"
("C:\Program Files (x86)\MiKTeX 2.9\tex\generic\pgf\math\pgfmathfunctions.basic.code.tex")
("C:\Program Files (x86)\MiKTeX 2.9\tex\generic\pgf\math\pgfmathfunctions.trigonometric.code.tex")
("C:\Program Files (x86)\MiKTeX 2.9\tex\generic\pgf\math\pgfmathfunctions.random.code.tex")
("C:\Program Files (x86)\MiKTeX 2.9\tex\generic\pgf\math\pgfmathfunctions.comparison.code.tex")
("C:\Program Files (x86)\MiKTeX 2.9\tex\generic\pgf\math\pgfmathfunctions.base.code.tex")
("C:\Program Files (x86)\MiKTeX 2.9\tex\generic\pgf\math\pgfmathfunctions.round.code.tex")
("C:\Program Files (x86)\MiKTeX 2.9\tex\generic\pgf\math\pgfmathfunctions.misc.code.tex")
("C:\Program Files (x86)\MiKTeX 2.9\tex\generic\pgf\math\pgfmathfunctions.integerarithmetics.code.tex")))
("C:\Program Files (x86)\MiKTeX 2.9\tex\generic\pgf\math\pgfmathfloat.code.tex"
\c@pgfmathroundto@lastzeros=\count189
))
("C:\Program Files (x86)\MiKTeX 2.9\tex\generic\pgf\basiclayer\pgfcorepoints.code.tex"
File: pgfcorepoints.code.tex 2013/10/07  (rcs-revision 1.27)
\pgf@picminx=\dimen262
\pgf@picmaxx=\dimen263
\pgf@picminy=\dimen264
\pgf@picmaxy=\dimen265
\pgf@pathminx=\dimen266
\pgf@pathmaxx=\dimen267
\pgf@pathminy=\dimen268
\pgf@pathmaxy=\dimen269
\pgf@xx=\dimen270
\pgf@xy=\dimen271
\pgf@yx=\dimen272
\pgf@yy=\dimen273
\pgf@zx=\dimen274
\pgf@zy=\dimen275
)
("C:\Program Files (x86)\MiKTeX 2.9\tex\generic\pgf\basiclayer\pgfcorepathconstruct.code.tex"
File: pgfcorepathconstruct.code.tex 2013/10/07  (rcs-revision 1.29)
\pgf@path@lastx=\dimen276
\pgf@path@lasty=\dimen277
)
("C:\Program Files (x86)\MiKTeX 2.9\tex\generic\pgf\basiclayer\pgfcorepathusage.code.tex"
File: pgfcorepathusage.code.tex 2014/11/02  (rcs-revision 1.24)
\pgf@shorten@end@additional=\dimen278
\pgf@shorten@start@additional=\dimen279
)
("C:\Program Files (x86)\MiKTeX 2.9\tex\generic\pgf\basiclayer\pgfcorescopes.code.tex"
File: pgfcorescopes.code.tex 2015/05/08  (rcs-revision 1.46)
\pgfpic=\box83
\pgf@hbox=\box84
\pgf@layerbox@main=\box85
\pgf@picture@serial@count=\count190
)
("C:\Program Files (x86)\MiKTeX 2.9\tex\generic\pgf\basiclayer\pgfcoregraphicstate.code.tex"
File: pgfcoregraphicstate.code.tex 2014/11/02  (rcs-revision 1.12)
\pgflinewidth=\dimen280
)
("C:\Program Files (x86)\MiKTeX 2.9\tex\generic\pgf\basiclayer\pgfcoretransformations.code.tex"
File: pgfcoretransformations.code.tex 2015/08/07  (rcs-revision 1.20)
\pgf@pt@x=\dimen281
\pgf@pt@y=\dimen282
\pgf@pt@temp=\dimen283
)
("C:\Program Files (x86)\MiKTeX 2.9\tex\generic\pgf\basiclayer\pgfcorequick.code.tex"
File: pgfcorequick.code.tex 2008/10/09  (rcs-revision 1.3)
)
("C:\Program Files (x86)\MiKTeX 2.9\tex\generic\pgf\basiclayer\pgfcoreobjects.code.tex"
File: pgfcoreobjects.code.tex 2006/10/11  (rcs-revision 1.2)
)
("C:\Program Files (x86)\MiKTeX 2.9\tex\generic\pgf\basiclayer\pgfcorepathprocessing.code.tex"
File: pgfcorepathprocessing.code.tex 2013/09/09  (rcs-revision 1.9)
)
("C:\Program Files (x86)\MiKTeX 2.9\tex\generic\pgf\basiclayer\pgfcorearrows.code.tex"
File: pgfcorearrows.code.tex 2015/05/14  (rcs-revision 1.43)
\pgfarrowsep=\dimen284
)
("C:\Program Files (x86)\MiKTeX 2.9\tex\generic\pgf\basiclayer\pgfcoreshade.code.tex"
File: pgfcoreshade.code.tex 2013/07/15  (rcs-revision 1.15)
\pgf@max=\dimen285
\pgf@sys@shading@range@num=\count191
)
("C:\Program Files (x86)\MiKTeX 2.9\tex\generic\pgf\basiclayer\pgfcoreimage.code.tex"
File: pgfcoreimage.code.tex 2013/07/15  (rcs-revision 1.18)

("C:\Program Files (x86)\MiKTeX 2.9\tex\generic\pgf\basiclayer\pgfcoreexternal.code.tex"
File: pgfcoreexternal.code.tex 2014/07/09  (rcs-revision 1.21)
\pgfexternal@startupbox=\box86
))
("C:\Program Files (x86)\MiKTeX 2.9\tex\generic\pgf\basiclayer\pgfcorelayers.code.tex"
File: pgfcorelayers.code.tex 2013/07/18  (rcs-revision 1.7)
)
("C:\Program Files (x86)\MiKTeX 2.9\tex\generic\pgf\basiclayer\pgfcoretransparency.code.tex"
File: pgfcoretransparency.code.tex 2013/09/30  (rcs-revision 1.5)
)
("C:\Program Files (x86)\MiKTeX 2.9\tex\generic\pgf\basiclayer\pgfcorepatterns.code.tex"
File: pgfcorepatterns.code.tex 2013/11/07  (rcs-revision 1.5)
)))
("C:\Program Files (x86)\MiKTeX 2.9\tex\generic\pgf\modules\pgfmoduleshapes.code.tex"
File: pgfmoduleshapes.code.tex 2014/03/21  (rcs-revision 1.35)
\pgfnodeparttextbox=\box87
)
("C:\Program Files (x86)\MiKTeX 2.9\tex\generic\pgf\modules\pgfmoduleplot.code.tex"
File: pgfmoduleplot.code.tex 2015/08/03  (rcs-revision 1.13)
)
("C:\Program Files (x86)\MiKTeX 2.9\tex\latex\pgf\compatibility\pgfcomp-version-0-65.sty"
Package: pgfcomp-version-0-65 2007/07/03 v3.0.1a (rcs-revision 1.7)
\pgf@nodesepstart=\dimen286
\pgf@nodesepend=\dimen287
)
("C:\Program Files (x86)\MiKTeX 2.9\tex\latex\pgf\compatibility\pgfcomp-version-1-18.sty"
Package: pgfcomp-version-1-18 2007/07/23 v3.0.1a (rcs-revision 1.1)
))
("C:\Program Files (x86)\MiKTeX 2.9\tex\latex\pgf\utilities\pgffor.sty"
("C:\Program Files (x86)\MiKTeX 2.9\tex\latex\pgf\utilities\pgfkeys.sty"
("C:\Program Files (x86)\MiKTeX 2.9\tex\generic\pgf\utilities\pgfkeys.code.tex"))
("C:\Program Files (x86)\MiKTeX 2.9\tex\latex\pgf\math\pgfmath.sty"
("C:\Program Files (x86)\MiKTeX 2.9\tex\generic\pgf\math\pgfmath.code.tex"))
("C:\Program Files (x86)\MiKTeX 2.9\tex\generic\pgf\utilities\pgffor.code.tex"
Package: pgffor 2013/12/13 v3.0.1a (rcs-revision 1.25)

("C:\Program Files (x86)\MiKTeX 2.9\tex\generic\pgf\math\pgfmath.code.tex")
\pgffor@iter=\dimen288
\pgffor@skip=\dimen289
\pgffor@stack=\toks41
\pgffor@toks=\toks42
))
("C:\Program Files (x86)\MiKTeX 2.9\tex\generic\pgf\frontendlayer\tikz\tikz.code.tex"
Package: tikz 2015/08/07 v3.0.1a (rcs-revision 1.151)

("C:\Program Files (x86)\MiKTeX 2.9\tex\generic\pgf\libraries\pgflibraryplothandlers.code.tex"
File: pgflibraryplothandlers.code.tex 2013/08/31 v3.0.1a (rcs-revision 1.20)
\pgf@plot@mark@count=\count192
\pgfplotmarksize=\dimen290
)
\tikz@lastx=\dimen291
\tikz@lasty=\dimen292
\tikz@lastxsaved=\dimen293
\tikz@lastysaved=\dimen294
\tikzleveldistance=\dimen295
\tikzsiblingdistance=\dimen296
\tikz@figbox=\box88
\tikz@figbox@bg=\box89
\tikz@tempbox=\box90
\tikz@tempbox@bg=\box91
\tikztreelevel=\count193
\tikznumberofchildren=\count194
\tikznumberofcurrentchild=\count195
\tikz@fig@count=\count196

("C:\Program Files (x86)\MiKTeX 2.9\tex\generic\pgf\modules\pgfmodulematrix.code.tex"
File: pgfmodulematrix.code.tex 2013/09/17  (rcs-revision 1.8)
\pgfmatrixcurrentrow=\count197
\pgfmatrixcurrentcolumn=\count198
\pgf@matrix@numberofcolumns=\count199
)
\tikz@expandcount=\count200

("C:\Program Files (x86)\MiKTeX 2.9\tex\generic\pgf\frontendlayer\tikz\libraries\tikzlibrarytopaths.code.tex"
File: tikzlibrarytopaths.code.tex 2008/06/17 v3.0.1a (rcs-revision 1.2)
)))
("C:\Program Files (x86)\MiKTeX 2.9\tex\generic\pgfplots\pgfplots.code.tex"
("C:\Program Files (x86)\MiKTeX 2.9\tex\generic\pgfplots\pgfplotscore.code.tex"
\t@pgfplots@toka=\toks43
\t@pgfplots@tokb=\toks44
\t@pgfplots@tokc=\toks45
\pgfplots@tmpa=\dimen297
\c@pgfplots@coordindex=\count201
Normal \count register pool exhausted, switching to extended pool.
\c@pgfplots@scanlineindex=\count277

("C:\Program Files (x86)\MiKTeX 2.9\tex\generic\pgfplots\sys\pgfplotssysgeneric.code.tex"))
("C:\Program Files (x86)\MiKTeX 2.9\tex\generic\pgfplots\libs\pgfplotslibrary.code.tex")
("C:\Program Files (x86)\MiKTeX 2.9\tex\generic\pgfplots\oldpgfcompatib\pgfplotsoldpgfsupp_loader.code.tex"
("C:\Program Files (x86)\MiKTeX 2.9\tex\generic\pgf\libraries\pgflibraryfpu.code.tex")
Package pgfplots: loading complementary arithmetics for your pgf version...
("C:\Program Files (x86)\MiKTeX 2.9\tex\generic\pgfplots\oldpgfcompatib\pgfplotsoldpgfsupp_pgflibraryfpu.code.tex")
("C:\Program Files (x86)\MiKTeX 2.9\tex\generic\pgfplots\oldpgfcompatib\pgfplotsoldpgfsupp_pgfmathfloat.code.tex"
\c@pgfmathroundto@lastzeros=\count278
))
("C:\Program Files (x86)\MiKTeX 2.9\tex\generic\pgfplots\util\pgfplotsutil.code.tex"
("C:\Program Files (x86)\MiKTeX 2.9\tex\generic\pgfplots\liststructure\pgfplotsliststructure.code.tex")
("C:\Program Files (x86)\MiKTeX 2.9\tex\generic\pgfplots\liststructure\pgfplotsliststructureext.code.tex")
("C:\Program Files (x86)\MiKTeX 2.9\tex\generic\pgfplots\liststructure\pgfplotsarray.code.tex"
\c@pgfplotsarray@tmp=\count279
)
("C:\Program Files (x86)\MiKTeX 2.9\tex\generic\pgfplots\liststructure\pgfplotsmatrix.code.tex")
("C:\Program Files (x86)\MiKTeX 2.9\tex\generic\pgfplots\numtable\pgfplotstableshared.code.tex"
\c@pgfplotstable@counta=\count280
\t@pgfplotstable@a=\toks46
)
("C:\Program Files (x86)\MiKTeX 2.9\tex\generic\pgfplots\liststructure\pgfplotsdeque.code.tex")
("C:\Program Files (x86)\MiKTeX 2.9\tex\generic\pgfplots\util\pgfplotsbinary.code.tex"
("C:\Program Files (x86)\MiKTeX 2.9\tex\generic\pgfplots\util\pgfplotsbinary.data.code.tex"))
("C:\Program Files (x86)\MiKTeX 2.9\tex\generic\pgfplots\util\pgfplotsutil.verb.code.tex")
("C:\Program Files (x86)\MiKTeX 2.9\tex\generic\pgfplots\libs\pgflibrarypgfplots.surfshading.code.tex"
\c@pgfplotslibrarysurf@no=\count281

("C:\Program Files (x86)\MiKTeX 2.9\tex\generic\pgfplots\sys\pgflibrarypgfplots.surfshading.pgfsys-pdftex.def")))
("C:\Program Files (x86)\MiKTeX 2.9\tex\generic\pgfplots\util\pgfplotscolormap.code.tex"
("C:\Program Files (x86)\MiKTeX 2.9\tex\generic\pgfplots\util\pgfplotscolor.code.tex"))
("C:\Program Files (x86)\MiKTeX 2.9\tex\generic\pgfplots\pgfplotsstackedplots.code.tex")
("C:\Program Files (x86)\MiKTeX 2.9\tex\generic\pgfplots\pgfplotsplothandlers.code.tex"
("C:\Program Files (x86)\MiKTeX 2.9\tex\generic\pgfplots\pgfplotsmeshplothandler.code.tex"
("C:\Program Files (x86)\MiKTeX 2.9\tex\generic\pgfplots\pgfplotsmeshplotimage.code.tex")))
("C:\Program Files (x86)\MiKTeX 2.9\tex\generic\pgfplots\pgfplots.scaling.code.tex")
("C:\Program Files (x86)\MiKTeX 2.9\tex\generic\pgfplots\pgfplotscoordprocessing.code.tex")
("C:\Program Files (x86)\MiKTeX 2.9\tex\generic\pgfplots\pgfplots.errorbars.code.tex")
("C:\Program Files (x86)\MiKTeX 2.9\tex\generic\pgfplots\pgfplots.markers.code.tex")
("C:\Program Files (x86)\MiKTeX 2.9\tex\generic\pgfplots\pgfplotsticks.code.tex")
("C:\Program Files (x86)\MiKTeX 2.9\tex\generic\pgfplots\pgfplots.paths.code.tex")
("C:\Program Files (x86)\MiKTeX 2.9\tex\generic\pgf\frontendlayer\tikz\libraries\tikzlibrarydecorations.code.tex"
("C:\Program Files (x86)\MiKTeX 2.9\tex\generic\pgf\modules\pgfmoduledecorations.code.tex"
\pgfdecoratedcompleteddistance=\dimen298
\pgfdecoratedremainingdistance=\dimen299
\pgfdecoratedinputsegmentcompleteddistance=\dimen300
\pgfdecoratedinputsegmentremainingdistance=\dimen301
\pgf@decorate@distancetomove=\dimen302
\pgf@decorate@repeatstate=\count282
\pgfdecorationsegmentamplitude=\dimen303
\pgfdecorationsegmentlength=\dimen304
)
\tikz@lib@dec@box=\box92
)
("C:\Program Files (x86)\MiKTeX 2.9\tex\generic\pgf\frontendlayer\tikz\libraries\tikzlibrarydecorations.pathmorphing.cod
e.tex"
("C:\Program Files (x86)\MiKTeX 2.9\tex\generic\pgf\libraries\decorations\pgflibrarydecorations.pathmorphing.code.tex"))

("C:\Program Files (x86)\MiKTeX 2.9\tex\generic\pgf\frontendlayer\tikz\libraries\tikzlibrarydecorations.pathreplacing.co
de.tex"
("C:\Program Files (x86)\MiKTeX 2.9\tex\generic\pgf\libraries\decorations\pgflibrarydecorations.pathreplacing.code.tex")
)
\pgfplots@numplots=\count283
\pgfplots@xmin@reg=\dimen305
\pgfplots@xmax@reg=\dimen306
\pgfplots@ymin@reg=\dimen307
\pgfplots@ymax@reg=\dimen308
\pgfplots@zmin@reg=\dimen309
\pgfplots@zmax@reg=\dimen310
) ("C:\Program Files (x86)\MiKTeX 2.9\tex\generic\pgf\frontendlayer\tikz\libraries\tikzlibraryplotmarks.code.tex"
File: tikzlibraryplotmarks.code.tex 2008/01/09 v3.0.1a (rcs-revision 1.1)

("C:\Program Files (x86)\MiKTeX 2.9\tex\generic\pgf\libraries\pgflibraryplotmarks.code.tex"
File: pgflibraryplotmarks.code.tex 2015/08/03 v3.0.1a (rcs-revision 1.14)
)))
("C:\Program Files (x86)\MiKTeX 2.9\tex\generic\pgf\frontendlayer\tikz\libraries\tikzlibrarypatterns.code.tex"
File: tikzlibrarypatterns.code.tex 2008/01/15 v3.0.1a (rcs-revision 1.2)

("C:\Program Files (x86)\MiKTeX 2.9\tex\generic\pgf\libraries\pgflibrarypatterns.code.tex"
File: pgflibrarypatterns.code.tex 2008/03/03 v3.0.1a (rcs-revision 1.13)
)))
\@input{dosen.aux}
("D:\KULIAH\kuliah\Skripsi\4. Buku Skripsi\Template Skripsi FTIS v11-0\dosen.tex")
("D:\KULIAH\kuliah\Skripsi\4. Buku Skripsi\Template Skripsi FTIS v11-0\skripsi.aux"
("D:\KULIAH\kuliah\Skripsi\4. Buku Skripsi\Template Skripsi FTIS v11-0\Bab/bab1.aux")
("D:\KULIAH\kuliah\Skripsi\4. Buku Skripsi\Template Skripsi FTIS v11-0\Bab/bab2.aux")
("D:\KULIAH\kuliah\Skripsi\4. Buku Skripsi\Template Skripsi FTIS v11-0\Bab/bab3.aux")
("D:\KULIAH\kuliah\Skripsi\4. Buku Skripsi\Template Skripsi FTIS v11-0\Bab/bab4.aux")
("D:\KULIAH\kuliah\Skripsi\4. Buku Skripsi\Template Skripsi FTIS v11-0\Bab/bab5.aux")
("D:\KULIAH\kuliah\Skripsi\4. Buku Skripsi\Template Skripsi FTIS v11-0\Bab/bab6.aux")
("D:\KULIAH\kuliah\Skripsi\4. Buku Skripsi\Template Skripsi FTIS v11-0\Bab/bab7.aux")
("D:\KULIAH\kuliah\Skripsi\4. Buku Skripsi\Template Skripsi FTIS v11-0\Bab/bab8.aux")
("D:\KULIAH\kuliah\Skripsi\4. Buku Skripsi\Template Skripsi FTIS v11-0\Bab/bab9.aux")
("D:\KULIAH\kuliah\Skripsi\4. Buku Skripsi\Template Skripsi FTIS v11-0\Lampiran/lampA.aux")
("D:\KULIAH\kuliah\Skripsi\4. Buku Skripsi\Template Skripsi FTIS v11-0\Lampiran/lampB.aux")
("D:\KULIAH\kuliah\Skripsi\4. Buku Skripsi\Template Skripsi FTIS v11-0\Lampiran/lampC.aux")
("D:\KULIAH\kuliah\Skripsi\4. Buku Skripsi\Template Skripsi FTIS v11-0\Lampiran/lampD.aux")
("D:\KULIAH\kuliah\Skripsi\4. Buku Skripsi\Template Skripsi FTIS v11-0\Lampiran/lampE.aux")
("D:\KULIAH\kuliah\Skripsi\4. Buku Skripsi\Template Skripsi FTIS v11-0\Lampiran/lampF.aux")
("D:\KULIAH\kuliah\Skripsi\4. Buku Skripsi\Template Skripsi FTIS v11-0\Lampiran/lampG.aux")
("D:\KULIAH\kuliah\Skripsi\4. Buku Skripsi\Template Skripsi FTIS v11-0\Lampiran/lampH.aux")
("D:\KULIAH\kuliah\Skripsi\4. Buku Skripsi\Template Skripsi FTIS v11-0\Lampiran/lampI.aux"))
LaTeX Font Info:    Checking defaults for OML/cmm/m/it on input line 291.
LaTeX Font Info:    ... okay on input line 291.
LaTeX Font Info:    Checking defaults for T1/cmr/m/n on input line 291.
LaTeX Font Info:    ... okay on input line 291.
LaTeX Font Info:    Checking defaults for OT1/cmr/m/n on input line 291.
LaTeX Font Info:    ... okay on input line 291.
LaTeX Font Info:    Checking defaults for OMS/cmsy/m/n on input line 291.
LaTeX Font Info:    ... okay on input line 291.
LaTeX Font Info:    Checking defaults for OMX/cmex/m/n on input line 291.
LaTeX Font Info:    ... okay on input line 291.
LaTeX Font Info:    Checking defaults for U/cmr/m/n on input line 291.
LaTeX Font Info:    ... okay on input line 291.
LaTeX Font Info:    Checking defaults for PD1/pdf/m/n on input line 291.
LaTeX Font Info:    ... okay on input line 291.
LaTeX Font Info:    Checking defaults for PU/pdf/m/n on input line 291.
LaTeX Font Info:    ... okay on input line 291.

("C:\Program Files (x86)\MiKTeX 2.9\tex\context\base\supp-pdf.mkii"
[Loading MPS to PDF converter (version 2006.09.02).]
\scratchcounter=\count284
\scratchdimen=\dimen311
\scratchbox=\box93
\nofMPsegments=\count285
\nofMParguments=\count286
\everyMPshowfont=\toks47
\MPscratchCnt=\count287
\MPscratchDim=\dimen312
\MPnumerator=\count288
\makeMPintoPDFobject=\count289
\everyMPtoPDFconversion=\toks48
)
*geometry* driver: auto-detecting
*geometry* detected driver: pdftex
*geometry* verbose mode - [ preamble ] result:
* driver: pdftex
* paper: a4paper
* layout: <same size as paper>
* layoutoffset:(h,v)=(0.0pt,0.0pt)
* modes: twoside 
* h-part:(L,W,R)=(71.13188pt, 469.47049pt, 56.9055pt)
* v-part:(T,H,B)=(71.13188pt, 702.78308pt, 71.13188pt)
* \paperwidth=597.50787pt
* \paperheight=845.04684pt
* \textwidth=469.47049pt
* \textheight=702.78308pt
* \oddsidemargin=-1.1381pt
* \evensidemargin=-15.36449pt
* \topmargin=-38.1381pt
* \headheight=15.0pt
* \headsep=25.0pt
* \topskip=11.0pt
* \footskip=30.0pt
* \marginparwidth=103.0pt
* \marginparsep=10.0pt
* \columnsep=10.0pt
* \skip\footins=10.0pt plus 4.0pt minus 2.0pt
* \hoffset=0.0pt
* \voffset=0.0pt
* \mag=1000
* \@twocolumnfalse
* \@twosidetrue
* \@mparswitchtrue
* \@reversemarginfalse
* (1in=72.27pt=25.4mm, 1cm=28.453pt)

\c@lstlisting=\count290
\AtBeginShipoutBox=\box94
Package hyperref Info: Link coloring ON on input line 291.
("C:\Program Files (x86)\MiKTeX 2.9\tex\latex\hyperref\nameref.sty"
Package: nameref 2012/10/27 v2.43 Cross-referencing by name of section

("C:\Program Files (x86)\MiKTeX 2.9\tex\generic\oberdiek\gettitlestring.sty"
Package: gettitlestring 2010/12/03 v1.4 Cleanup title references (HO)
)
\c@section@level=\count291
)
LaTeX Info: Redefining \ref on input line 291.
LaTeX Info: Redefining \pageref on input line 291.
LaTeX Info: Redefining \nameref on input line 291.

("D:\KULIAH\kuliah\Skripsi\4. Buku Skripsi\Template Skripsi FTIS v11-0\skripsi.out")
("D:\KULIAH\kuliah\Skripsi\4. Buku Skripsi\Template Skripsi FTIS v11-0\skripsi.out")
\@outlinefile=\write5

ABD: EveryShipout initializing macros
Package pgfplots notification 'compat/show suggested version=true': document has been generated with the most recent fea
ture set (\pgfplotsset{compat=1.14}).

<Gambar/logo-unpar.png, id=254, 360.59718pt x 356.0803pt>
File: Gambar/logo-unpar.png Graphic file (type png)
 <use Gambar/logo-unpar.png>
Package pdftex.def Info: Gambar/logo-unpar.png used on input line 481.
(pdftex.def)             Requested size: 144.23631pt x 142.4296pt.
 [1





{C:/ProgramData/MiKTeX/2.9/pdftex/config/pdftex.map} <D:/KULIAH/kuliah/Skripsi/4. Buku Skripsi/Template Skripsi FTIS v11
-0/Gambar/logo-unpar.png>]
[2

]
File: Gambar/logo-unpar.png Graphic file (type png)
 <use Gambar/logo-unpar.png>
Package pdftex.def Info: Gambar/logo-unpar.png used on input line 481.
(pdftex.def)             Requested size: 144.23631pt x 142.4296pt.
 [3] [4

]

! LaTeX Error: There's no line here to end.

See the LaTeX manual or LaTeX Companion for explanation.
Type  H <return>  for immediate help.
 ...                                              
                                                  
l.481 }
       
Your command was ignored.
Type  I <command> <return>  to replace it with another command,
or  <return>  to continue without it.

[5] [6

]
LaTeX Font Info:    Try loading font information for OT1+lmr on input line 481.
 ("C:\Program Files (x86)\MiKTeX 2.9\tex\latex\lm\ot1lmr.fd"
File: ot1lmr.fd 2009/10/30 v1.6 Font defs for Latin Modern
)
LaTeX Font Info:    Try loading font information for OML+lmm on input line 481.

("C:\Program Files (x86)\MiKTeX 2.9\tex\latex\lm\omllmm.fd"
File: omllmm.fd 2009/10/30 v1.6 Font defs for Latin Modern
)
LaTeX Font Info:    Try loading font information for OMS+lmsy on input line 481.
 ("C:\Program Files (x86)\MiKTeX 2.9\tex\latex\lm\omslmsy.fd"
File: omslmsy.fd 2009/10/30 v1.6 Font defs for Latin Modern
)
LaTeX Font Info:    Try loading font information for OMX+lmex on input line 481.
 ("C:\Program Files (x86)\MiKTeX 2.9\tex\latex\lm\omxlmex.fd"
File: omxlmex.fd 2009/10/30 v1.6 Font defs for Latin Modern
)
LaTeX Font Info:    External font `lmex10' loaded for size
(Font)              <10.95> on input line 481.
LaTeX Font Info:    External font `lmex10' loaded for size
(Font)              <8> on input line 481.
LaTeX Font Info:    External font `lmex10' loaded for size
(Font)              <6> on input line 481.
LaTeX Font Info:    Try loading font information for U+msa on input line 481.

("C:\Program Files (x86)\MiKTeX 2.9\tex\latex\amsfonts\umsa.fd"
File: umsa.fd 2013/01/14 v3.01 AMS symbols A
)
LaTeX Font Info:    Try loading font information for U+msb on input line 481.

("C:\Program Files (x86)\MiKTeX 2.9\tex\latex\amsfonts\umsb.fd"
File: umsb.fd 2013/01/14 v3.01 AMS symbols B
) [7] [8

] [9] [10

] [11] [12

] [13] [14

]
LaTeX Font Info:    Try loading font information for OMS+lmr on input line 481.

("C:\Program Files (x86)\MiKTeX 2.9\tex\latex\lm\omslmr.fd"
File: omslmr.fd 2009/10/30 v1.6 Font defs for Latin Modern
)
LaTeX Font Info:    Font shape `OMS/lmr/m/n' in size <10.95> not available
(Font)              Font shape `OMS/lmsy/m/n' tried instead on input line 481.
 [15

] [16

]
("D:\KULIAH\kuliah\Skripsi\4. Buku Skripsi\Template Skripsi FTIS v11-0\skripsi.toc"
LaTeX Font Info:    Font shape `T1/lmr/bx/sc' in size <10.95> not available
(Font)              Font shape `T1/cmr/bx/sc' tried instead on input line 2.
 [17])
\tf@toc=\write6
 [18]
("D:\KULIAH\kuliah\Skripsi\4. Buku Skripsi\Template Skripsi FTIS v11-0\skripsi.lof" [19])
\tf@lof=\write7
 [20]
("D:\KULIAH\kuliah\Skripsi\4. Buku Skripsi\Template Skripsi FTIS v11-0\Bab/bab1.tex"
Bab 1.
[1




]) [2] ("D:\KULIAH\kuliah\Skripsi\4. Buku Skripsi\Template Skripsi FTIS v11-0\Bab/bab2.tex"
Bab 2.

Overfull \hbox (21.63223pt too wide) in paragraph at lines 9--10
\T1/lmr/m/it/10.95 Business Pro-cess \T1/lmr/m/n/10.95 ada-lah kum-pul-an da-ri \T1/lmr/m/it/10.95 event\T1/lmr/m/n/10.9
5 /kejadian, \T1/lmr/m/it/10.95 acti-vi-ty\T1/lmr/m/n/10.95 /kegiatan, dan \T1/lmr/m/it/10.95 de-ci-sion po-int\T1/lmr/m
/n/10.95 /keputusan
 []

<Gambar/Bab-2/1-bp-components.png, id=583, 588.69937pt x 302.63063pt>
File: Gambar/Bab-2/1-bp-components.png Graphic file (type png)
 <use Gambar/Bab-2/1-bp-components.png>
Package pdftex.def Info: Gambar/Bab-2/1-bp-components.png used on input line 21.
(pdftex.def)             Requested size: 412.08675pt x 211.83998pt.
 [3



]
[4 <D:/KULIAH/kuliah/Skripsi/4. Buku Skripsi/Template Skripsi FTIS v11-0/Gambar/Bab-2/1-bp-components.png>]
<Gambar/Bab-2/2-bpm-lifeCycle.png, id=595, 432.11438pt x 372.64218pt>
File: Gambar/Bab-2/2-bpm-lifeCycle.png Graphic file (type png)
 <use Gambar/Bab-2/2-bpm-lifeCycle.png>
Package pdftex.def Info: Gambar/Bab-2/2-bpm-lifeCycle.png used on input line 45.
(pdftex.def)             Requested size: 302.478pt x 260.84775pt.
LaTeX Font Info:    External font `lmex10' loaded for size
(Font)              <9> on input line 53.
LaTeX Font Info:    External font `lmex10' loaded for size
(Font)              <5> on input line 53.

<Gambar/Bab-2/bpmn/event1.png, id=597, 259.7203pt x 79.79813pt>
File: Gambar/Bab-2/bpmn/event1.png Graphic file (type png)
 <use Gambar/Bab-2/bpmn/event1.png>
Package pdftex.def Info: Gambar/Bab-2/bpmn/event1.png used on input line 60.
(pdftex.def)             Requested size: 259.71967pt x 79.79791pt.
 [5 <D:/KULIAH/kuliah/Skripsi/4. Buku Skripsi/Template Skripsi FTIS v11-0/Gambar/Bab-2/2-bpm-lifeCycle.png>]
<Gambar/Bab-2/bpmn/task.png, id=607, 310.91156pt x 91.84312pt>
File: Gambar/Bab-2/bpmn/task.png Graphic file (type png)
 <use Gambar/Bab-2/bpmn/task.png>
Package pdftex.def Info: Gambar/Bab-2/bpmn/task.png used on input line 77.
(pdftex.def)             Requested size: 310.91078pt x 91.84288pt.

<Gambar/Bab-2/bpmn/gateway.png, id=608, 187.45032pt x 56.46094pt>
File: Gambar/Bab-2/bpmn/gateway.png Graphic file (type png)
 <use Gambar/Bab-2/bpmn/gateway.png>
Package pdftex.def Info: Gambar/Bab-2/bpmn/gateway.png used on input line 94.
(pdftex.def)             Requested size: 187.44984pt x 56.46078pt.

<Gambar/Bab-2/bpmn/data.png, id=609, 112.92188pt x 68.50594pt>
File: Gambar/Bab-2/bpmn/data.png Graphic file (type png)
 <use Gambar/Bab-2/bpmn/data.png>
Package pdftex.def Info: Gambar/Bab-2/bpmn/data.png used on input line 115.
(pdftex.def)             Requested size: 112.92159pt x 68.50577pt.
 [6 <D:/KULIAH/kuliah/Skripsi/4. Buku Skripsi/Template Skripsi FTIS v11-0/Gambar/Bab-2/bpmn/event1.png> <D:/KULIAH/kulia
h/Skripsi/4. Buku Skripsi/Template Skripsi FTIS v11-0/Gambar/Bab-2/bpmn/task.png> <D:/KULIAH/kuliah/Skripsi/4. Buku Skri
psi/Template Skripsi FTIS v11-0/Gambar/Bab-2/bpmn/gateway.png>] <Gambar/Bab-2/bpmn/artifact.png, id=620, 146.79843pt x 7
5.28125pt>
File: Gambar/Bab-2/bpmn/artifact.png Graphic file (type png)

<use Gambar/Bab-2/bpmn/artifact.png>
Package pdftex.def Info: Gambar/Bab-2/bpmn/artifact.png used on input line 126.
(pdftex.def)             Requested size: 146.79807pt x 75.28105pt.
 <Gambar/Bab-2/bpmn/swimlane.png, id=621, 164.86594pt x 90.3375pt>
File: Gambar/Bab-2/bpmn/swimlane.png Graphic file (type png)

<use Gambar/Bab-2/bpmn/swimlane.png>
Package pdftex.def Info: Gambar/Bab-2/bpmn/swimlane.png used on input line 137.
(pdftex.def)             Requested size: 164.86551pt x 90.33727pt.
 [7 <D:/KULIAH/kuliah/Skripsi/4. Buku Skripsi/Template Skripsi FTIS v11-0/Gambar/Bab-2/bpmn/data.png> <D:/KULIAH/kuliah/
Skripsi/4. Buku Skripsi/Template Skripsi FTIS v11-0/Gambar/Bab-2/bpmn/artifact.png> <D:/KULIAH/kuliah/Skripsi/4. Buku Sk
ripsi/Template Skripsi FTIS v11-0/Gambar/Bab-2/bpmn/swimlane.png>]
<Gambar/Bab-2/bpms/bpms.png, id=630, 395.22656pt x 261.22594pt>
File: Gambar/Bab-2/bpms/bpms.png Graphic file (type png)
 <use Gambar/Bab-2/bpms/bpms.png>
Package pdftex.def Info: Gambar/Bab-2/bpms/bpms.png used on input line 160.
(pdftex.def)             Requested size: 276.6567pt x 182.85689pt.

<Gambar/Bab-2/bpms/arsitektur-camunda.png, id=632, 587.19376pt x 335.00156pt>
File: Gambar/Bab-2/bpms/arsitektur-camunda.png Graphic file (type png)

<use Gambar/Bab-2/bpms/arsitektur-camunda.png>
Package pdftex.def Info: Gambar/Bab-2/bpms/arsitektur-camunda.png used on input line 176.
(pdftex.def)             Requested size: 411.03282pt x 234.49948pt.

<Gambar/Bab-2/bpms/camundaModeler.png, id=633, 724.95844pt x 551.05875pt>
File: Gambar/Bab-2/bpms/camundaModeler.png Graphic file (type png)
 <use Gambar/Bab-2/bpms/camundaModeler.png>
Package pdftex.def Info: Gambar/Bab-2/bpms/camundaModeler.png used on input line 185.
(pdftex.def)             Requested size: 289.97824pt x 220.41959pt.

[8 <D:/KULIAH/kuliah/Skripsi/4. Buku Skripsi/Template Skripsi FTIS v11-0/Gambar/Bab-2/bpms/bpms.png> <D:/KULIAH/kuliah/S
kripsi/4. Buku Skripsi/Template Skripsi FTIS v11-0/Gambar/Bab-2/bpms/arsitektur-camunda.png>]
<Gambar/Bab-3/Modeler/3Properties.png, id=641, 324.46219pt x 452.4403pt>
File: Gambar/Bab-3/Modeler/3Properties.png Graphic file (type png)
 <use Gambar/Bab-3/Modeler/3Properties.png>
Package pdftex.def Info: Gambar/Bab-3/Modeler/3Properties.png used on input line 208.
(pdftex.def)             Requested size: 162.23068pt x 226.2196pt.

[9 <D:/KULIAH/kuliah/Skripsi/4. Buku Skripsi/Template Skripsi FTIS v11-0/Gambar/Bab-2/bpms/camundaModeler.png>]
<Gambar/Bab-3/Modeler/4.png, id=651, 323.70938pt x 196.48407pt>
File: Gambar/Bab-3/Modeler/4.png Graphic file (type png)
 <use Gambar/Bab-3/Modeler/4.png>
Package pdftex.def Info: Gambar/Bab-3/Modeler/4.png used on input line 215.
(pdftex.def)             Requested size: 161.8543pt x 98.24179pt.

<Gambar/Bab-3/Modeler/5.png, id=652, 319.94531pt x 258.9675pt>
File: Gambar/Bab-3/Modeler/5.png Graphic file (type png)
 <use Gambar/Bab-3/Modeler/5.png>
Package pdftex.def Info: Gambar/Bab-3/Modeler/5.png used on input line 222.
(pdftex.def)             Requested size: 159.97226pt x 129.48341pt.

<Gambar/Bab-2/bpms/camundaTaskList.png, id=653, 1099.85907pt x 540.51938pt>
File: Gambar/Bab-2/bpms/camundaTaskList.png Graphic file (type png)
 <use Gambar/Bab-2/bpms/camundaTaskList.png>
Package pdftex.def Info: Gambar/Bab-2/bpms/camundaTaskList.png used on input line 236.
(pdftex.def)             Requested size: 439.93584pt x 216.20392pt.

[10 <D:/KULIAH/kuliah/Skripsi/4. Buku Skripsi/Template Skripsi FTIS v11-0/Gambar/Bab-3/Modeler/3Properties.png> <D:/KULI
AH/kuliah/Skripsi/4. Buku Skripsi/Template Skripsi FTIS v11-0/Gambar/Bab-3/Modeler/4.png> <D:/KULIAH/kuliah/Skripsi/4. B
uku Skripsi/Template Skripsi FTIS v11-0/Gambar/Bab-3/Modeler/5.png>]
<Gambar/Bab-2/bpms/camundaCockpit.png, id=663, 1108.14pt x 447.92343pt>
File: Gambar/Bab-2/bpms/camundaCockpit.png Graphic file (type png)
 <use Gambar/Bab-2/bpms/camundaCockpit.png>
Package pdftex.def Info: Gambar/Bab-2/bpms/camundaCockpit.png used on input line 244.
(pdftex.def)             Requested size: 443.24815pt x 179.1662pt.

<Gambar/Bab-2/bpms/camundaAdmin.png, id=664, 1098.35344pt x 487.06969pt>
File: Gambar/Bab-2/bpms/camundaAdmin.png Graphic file (type png)
 <use Gambar/Bab-2/bpms/camundaAdmin.png>
Package pdftex.def Info: Gambar/Bab-2/bpms/camundaAdmin.png used on input line 252.
(pdftex.def)             Requested size: 439.3336pt x 194.82442pt.

[11 <D:/KULIAH/kuliah/Skripsi/4. Buku Skripsi/Template Skripsi FTIS v11-0/Gambar/Bab-2/bpms/camundaTaskList.png> <D:/KUL
IAH/kuliah/Skripsi/4. Buku Skripsi/Template Skripsi FTIS v11-0/Gambar/Bab-2/bpms/camundaCockpit.png>]
("C:\Program Files (x86)\MiKTeX 2.9\tex\latex\listings\lstlang1.sty"
File: lstlang1.sty 2015/06/04 1.6 listings language file
)
("C:\Program Files (x86)\MiKTeX 2.9\tex\latex\listings\lstmisc.sty"
File: lstmisc.sty 2015/06/04 1.6 (Carsten Heinz)
)
Overfull \hbox (15.7719pt too wide) in paragraph at lines 275--276
[]\T1/lmr/m/it/10.95 Date In-pu-ts\T1/lmr/m/n/10.95 , un-tuk me-ma-sukk-an tang-gal de-ngan for-mat yyyy-MM-dd'T'HH:mm:s
s (contoh:2017-
 []

[12 <D:/KULIAH/kuliah/Skripsi/4. Buku Skripsi/Template Skripsi FTIS v11-0/Gambar/Bab-2/bpms/camundaAdmin.png>] [13]
("C:\Program Files (x86)\MiKTeX 2.9\tex\latex\listings\lstlang1.sty"
File: lstlang1.sty 2015/06/04 1.6 listings language file
)) [14]
("D:\KULIAH\kuliah\Skripsi\4. Buku Skripsi\Template Skripsi FTIS v11-0\Bab/bab3.tex"
Bab 3.
[15



] <Gambar/Bab-3/Kasus2-3.png, id=766, 556.32843pt x 286.82156pt>
File: Gambar/Bab-3/Kasus2-3.png Graphic file (type png)
 <use Gambar/Bab-3/Kasus2-3.png>
Package pdftex.def Info: Gambar/Bab-3/Kasus2-3.png used on input line 54.
(pdftex.def)             Requested size: 278.16353pt x 143.41042pt.

<Gambar/Bab-3/Kasus1/1group.png, id=767, 279.29344pt x 35.38219pt>
File: Gambar/Bab-3/Kasus1/1group.png Graphic file (type png)
 <use Gambar/Bab-3/Kasus1/1group.png>
Package pdftex.def Info: Gambar/Bab-3/Kasus1/1group.png used on input line 64.
(pdftex.def)             Requested size: 279.29276pt x 35.3821pt.

<Gambar/Bab-3/Kasus1/3group2.png, id=768, 280.79906pt x 36.88782pt>
File: Gambar/Bab-3/Kasus1/3group2.png Graphic file (type png)
 <use Gambar/Bab-3/Kasus1/3group2.png>
Package pdftex.def Info: Gambar/Bab-3/Kasus1/3group2.png used on input line 75.
(pdftex.def)             Requested size: 280.79837pt x 36.88771pt.
 [16 <D:/KULIAH/kuliah/Skripsi/4. Buku Skripsi/Template Skripsi FTIS v11-0/Gambar/Bab-3/Kasus2-3.png> <D:/KULIAH/kuliah/
Skripsi/4. Buku Skripsi/Template Skripsi FTIS v11-0/Gambar/Bab-3/Kasus1/1group.png> <D:/KULIAH/kuliah/Skripsi/4. Buku Sk
ripsi/Template Skripsi FTIS v11-0/Gambar/Bab-3/Kasus1/3group2.png>] <Gambar/Bab-3/Kasus2-4.jpeg, id=785, 1715.40875pt x 
781.92125pt>
File: Gambar/Bab-3/Kasus2-4.jpeg Graphic file (type jpg)

<use Gambar/Bab-3/Kasus2-4.jpeg>
Package pdftex.def Info: Gambar/Bab-3/Kasus2-4.jpeg used on input line 126.
(pdftex.def)             Requested size: 686.15135pt x 312.76295pt.
 [17]
Overfull \vbox (6.96828pt too high) has occurred while \output is active []

 [18 <D:/KULIAH/kuliah/Skripsi/4. Buku Skripsi/Template Skripsi FTIS v11-0/Gambar/Bab-3/Kasus2-4.jpeg>]
<Gambar/Bab-3/Kasus2/1assigneejohn.png, id=819, 288.3272pt x 212.29312pt>
File: Gambar/Bab-3/Kasus2/1assigneejohn.png Graphic file (type png)
 <use Gambar/Bab-3/Kasus2/1assigneejohn.png>
Package pdftex.def Info: Gambar/Bab-3/Kasus2/1assigneejohn.png used on input line 135.
(pdftex.def)             Requested size: 288.32648pt x 212.2926pt.

[19 <D:/KULIAH/kuliah/Skripsi/4. Buku Skripsi/Template Skripsi FTIS v11-0/Gambar/Bab-3/Kasus2/1assigneejohn.png>]
("C:\Program Files (x86)\MiKTeX 2.9\tex\latex\listings\lstlang1.sty"
File: lstlang1.sty 2015/06/04 1.6 listings language file
)
<Gambar/Bab-3/Kasus1/2form.png, id=832, 289.08pt x 192.72pt>
File: Gambar/Bab-3/Kasus1/2form.png Graphic file (type png)
 <use Gambar/Bab-3/Kasus1/2form.png>
Package pdftex.def Info: Gambar/Bab-3/Kasus1/2form.png used on input line 228.
(pdftex.def)             Requested size: 289.07928pt x 192.71951pt.
 [20]
<Gambar/Bab-3/Kasus1/4form2.png, id=877, 283.81032pt x 194.97844pt>
File: Gambar/Bab-3/Kasus1/4form2.png Graphic file (type png)
 <use Gambar/Bab-3/Kasus1/4form2.png>
Package pdftex.def Info: Gambar/Bab-3/Kasus1/4form2.png used on input line 256.
(pdftex.def)             Requested size: 283.80962pt x 194.97795pt.
 [21 <D:/KULIAH/kuliah/Skripsi/4. Buku Skripsi/Template Skripsi FTIS v11-0/Gambar/Bab-3/Kasus1/2form.png> <D:/KULIAH/kul
iah/Skripsi/4. Buku Skripsi/Template Skripsi FTIS v11-0/Gambar/Bab-3/Kasus1/4form2.png>]
<Gambar/Bab-3/Kasus1/5layakgambar.png, id=901, 227.34938pt x 178.41656pt>
File: Gambar/Bab-3/Kasus1/5layakgambar.png Graphic file (type png)
 <use Gambar/Bab-3/Kasus1/5layakgambar.png>
Package pdftex.def Info: Gambar/Bab-3/Kasus1/5layakgambar.png used on input line 283.
(pdftex.def)             Requested size: 227.34882pt x 178.4161pt.

<Gambar/Bab-3/Kasus1/6layakkode.png, id=902, 286.06876pt x 105.39375pt>
File: Gambar/Bab-3/Kasus1/6layakkode.png Graphic file (type png)
 <use Gambar/Bab-3/Kasus1/6layakkode.png>
Package pdftex.def Info: Gambar/Bab-3/Kasus1/6layakkode.png used on input line 289.
(pdftex.def)             Requested size: 286.06805pt x 105.39348pt.

<Gambar/Bab-3/Kasus1/7tidaklayakgambar.png, id=903, 293.59688pt x 289.08pt>
File: Gambar/Bab-3/Kasus1/7tidaklayakgambar.png Graphic file (type png)

<use Gambar/Bab-3/Kasus1/7tidaklayakgambar.png>
Package pdftex.def Info: Gambar/Bab-3/Kasus1/7tidaklayakgambar.png used on input line 296.
(pdftex.def)             Requested size: 293.59615pt x 289.07928pt.

<Gambar/Bab-3/Kasus1/8tidaklayakkode.png, id=904, 285.31593pt x 106.14656pt>
File: Gambar/Bab-3/Kasus1/8tidaklayakkode.png Graphic file (type png)

<use Gambar/Bab-3/Kasus1/8tidaklayakkode.png>
Package pdftex.def Info: Gambar/Bab-3/Kasus1/8tidaklayakkode.png used on input line 302.
(pdftex.def)             Requested size: 285.31523pt x 106.1463pt.
 [22 <D:/KULIAH/kuliah/Skripsi/4. Buku Skripsi/Template Skripsi FTIS v11-0/Gambar/Bab-3/Kasus1/5layakgambar.png> <D:/KUL
IAH/kuliah/Skripsi/4. Buku Skripsi/Template Skripsi FTIS v11-0/Gambar/Bab-3/Kasus1/6layakkode.png>] [23 <D:/KULIAH/kulia
h/Skripsi/4. Buku Skripsi/Template Skripsi FTIS v11-0/Gambar/Bab-3/Kasus1/7tidaklayakgambar.png> <D:/KULIAH/kuliah/Skrip
si/4. Buku Skripsi/Template Skripsi FTIS v11-0/Gambar/Bab-3/Kasus1/8tidaklayakkode.png>] [24] <Gambar/Bab-3/Kasus2/2serv
icetask.png, id=1002, 634.62094pt x 356.0803pt>
File: Gambar/Bab-3/Kasus2/2servicetask.png Graphic file (type png)

<use Gambar/Bab-3/Kasus2/2servicetask.png>
Package pdftex.def Info: Gambar/Bab-3/Kasus2/2servicetask.png used on input line 401.
(pdftex.def)             Requested size: 380.7755pt x 213.64983pt.
 <Gambar/Bab-3/BPMS/Kasus1/1.png, id=1003, 710.655pt x 261.22594pt>
File: Gambar/Bab-3/BPMS/Kasus1/1.png Graphic file (type png)

<use Gambar/Bab-3/BPMS/Kasus1/1.png>
Package pdftex.def Info: Gambar/Bab-3/BPMS/Kasus1/1.png used on input line 428.
(pdftex.def)             Requested size: 426.39629pt x 156.73676pt.
 <Gambar/Bab-3/BPMS/Kasus1/2.png, id=1004, 709.14937pt x 298.86656pt>
File: Gambar/Bab-3/BPMS/Kasus1/2.png Graphic file (type png)

<use Gambar/Bab-3/BPMS/Kasus1/2.png>
Package pdftex.def Info: Gambar/Bab-3/BPMS/Kasus1/2.png used on input line 435.
(pdftex.def)             Requested size: 425.4929pt x 179.3213pt.
 [25 <D:/KULIAH/kuliah/Skripsi/4. Buku Skripsi/Template Skripsi FTIS v11-0/Gambar/Bab-3/Kasus2/2servicetask.png> <D:/KUL
IAH/kuliah/Skripsi/4. Buku Skripsi/Template Skripsi FTIS v11-0/Gambar/Bab-3/BPMS/Kasus1/1.png>] <Gambar/Bab-3/BPMS/Kasus
1/3.png, id=1016, 706.89093pt x 277.035pt>
File: Gambar/Bab-3/BPMS/Kasus1/3.png Graphic file (type png)
 <use Gambar/Bab-3/BPMS/Kasus1/3.png>
Package pdftex.def Info: Gambar/Bab-3/BPMS/Kasus1/3.png used on input line 442.
(pdftex.def)             Requested size: 424.13783pt x 166.22227pt.

<Gambar/Bab-3/BPMS/Kasus2/1.png, id=1017, 918.43124pt x 492.33937pt>
File: Gambar/Bab-3/BPMS/Kasus2/1.png Graphic file (type png)
 <use Gambar/Bab-3/BPMS/Kasus2/1.png>
Package pdftex.def Info: Gambar/Bab-3/BPMS/Kasus2/1.png used on input line 457.
(pdftex.def)             Requested size: 367.36598pt x 196.93225pt.
 [26 <D:/KULIAH/kuliah/Skripsi/4. Buku Skripsi/Template Skripsi FTIS v11-0/Gambar/Bab-3/BPMS/Kasus1/2.png> <D:/KULIAH/ku
liah/Skripsi/4. Buku Skripsi/Template Skripsi FTIS v11-0/Gambar/Bab-3/BPMS/Kasus1/3.png>]
<Gambar/Bab-3/BPMS/Kasus2/2.png, id=1026, 701.62125pt x 299.61937pt>
File: Gambar/Bab-3/BPMS/Kasus2/2.png Graphic file (type png)
 <use Gambar/Bab-3/BPMS/Kasus2/2.png>
Package pdftex.def Info: Gambar/Bab-3/BPMS/Kasus2/2.png used on input line 465.
(pdftex.def)             Requested size: 420.97598pt x 179.77301pt.

<Gambar/Bab-3/BPMS/Kasus2/3.png, id=1027, 694.09312pt x 313.9228pt>
File: Gambar/Bab-3/BPMS/Kasus2/3.png Graphic file (type png)
 <use Gambar/Bab-3/BPMS/Kasus2/3.png>
Package pdftex.def Info: Gambar/Bab-3/BPMS/Kasus2/3.png used on input line 473.
(pdftex.def)             Requested size: 416.45909pt x 188.35512pt.
 [27 <D:/KULIAH/kuliah/Skripsi/4. Buku Skripsi/Template Skripsi FTIS v11-0/Gambar/Bab-3/BPMS/Kasus2/1.png> <D:/KULIAH/ku
liah/Skripsi/4. Buku Skripsi/Template Skripsi FTIS v11-0/Gambar/Bab-3/BPMS/Kasus2/2.png>]
<Gambar/Bab-3/BPMS/Kasus2/4.png, id=1036, 700.11563pt x 298.86656pt>
File: Gambar/Bab-3/BPMS/Kasus2/4.png Graphic file (type png)
 <use Gambar/Bab-3/BPMS/Kasus2/4.png>
Package pdftex.def Info: Gambar/Bab-3/BPMS/Kasus2/4.png used on input line 481.
(pdftex.def)             Requested size: 420.07262pt x 179.3213pt.

<Gambar/Bab-3/BPMS/Kasus2/5.png, id=1037, 694.09312pt x 338.01282pt>
File: Gambar/Bab-3/BPMS/Kasus2/5.png Graphic file (type png)
 <use Gambar/Bab-3/BPMS/Kasus2/5.png>
Package pdftex.def Info: Gambar/Bab-3/BPMS/Kasus2/5.png used on input line 489.
(pdftex.def)             Requested size: 416.45909pt x 202.80925pt.
 [28 <D:/KULIAH/kuliah/Skripsi/4. Buku Skripsi/Template Skripsi FTIS v11-0/Gambar/Bab-3/BPMS/Kasus2/3.png> <D:/KULIAH/ku
liah/Skripsi/4. Buku Skripsi/Template Skripsi FTIS v11-0/Gambar/Bab-3/BPMS/Kasus2/4.png>]
<Gambar/Bab-3/BPMS/Kasus2/6.png, id=1046, 694.84593pt x 432.86719pt>
File: Gambar/Bab-3/BPMS/Kasus2/6.png Graphic file (type png)
 <use Gambar/Bab-3/BPMS/Kasus2/6.png>
Package pdftex.def Info: Gambar/Bab-3/BPMS/Kasus2/6.png used on input line 497.
(pdftex.def)             Requested size: 416.91077pt x 259.7223pt.

<Gambar/Bab-3/BPMS/Kasus2/7.png, id=1047, 701.62125pt x 372.64218pt>
File: Gambar/Bab-3/BPMS/Kasus2/7.png Graphic file (type png)
 <use Gambar/Bab-3/BPMS/Kasus2/7.png>
Package pdftex.def Info: Gambar/Bab-3/BPMS/Kasus2/7.png used on input line 505.
(pdftex.def)             Requested size: 420.97598pt x 223.58702pt.
 [29 <D:/KULIAH/kuliah/Skripsi/4. Buku Skripsi/Template Skripsi FTIS v11-0/Gambar/Bab-3/BPMS/Kasus2/5.png> <D:/KULIAH/ku
liah/Skripsi/4. Buku Skripsi/Template Skripsi FTIS v11-0/Gambar/Bab-3/BPMS/Kasus2/6.png>]) [30 <D:/KULIAH/kuliah/Skripsi
/4. Buku Skripsi/Template Skripsi FTIS v11-0/Gambar/Bab-3/BPMS/Kasus2/7.png>]
("D:\KULIAH\kuliah\Skripsi\4. Buku Skripsi\Template Skripsi FTIS v11-0\Bab/bab4.tex"
Bab 4.
<Gambar/Bab-4/HighLevelFlowchart.png, id=1062, 1266.98344pt x 574.39594pt>
File: Gambar/Bab-4/HighLevelFlowchart.png Graphic file (type png)
 <use Gambar/Bab-4/HighLevelFlowchart.png>
Package pdftex.def Info: Gambar/Bab-4/HighLevelFlowchart.png used on input line 14.
(pdftex.def)             Requested size: 506.78441pt x 229.75429pt.

Overfull \hbox (37.31392pt too wide) in paragraph at lines 14--15
 [][] 
 []

[31



 <D:/KULIAH/kuliah/Skripsi/4. Buku Skripsi/Template Skripsi FTIS v11-0/Gambar/Bab-4/HighLevelFlowchart.png>]
<Gambar/Bab-3/TaskListener.png, id=1070, 187.45032pt x 189.70876pt>
File: Gambar/Bab-3/TaskListener.png Graphic file (type png)
 <use Gambar/Bab-3/TaskListener.png>
Package pdftex.def Info: Gambar/Bab-3/TaskListener.png used on input line 79.
(pdftex.def)             Requested size: 187.44984pt x 189.70828pt.
 [32] [33 <D:/KULIAH/kuliah/Skripsi/4. Buku Skripsi/Template Skripsi FTIS v11-0/Gambar/Bab-3/TaskListener.png>]
<Gambar/Bab-5/kasus2/12.png, id=1099, 490.08093pt x 231.11343pt>
File: Gambar/Bab-5/kasus2/12.png Graphic file (type png)
 <use Gambar/Bab-5/kasus2/12.png>
Package pdftex.def Info: Gambar/Bab-5/kasus2/12.png used on input line 122.
(pdftex.def)             Requested size: 392.06528pt x 184.89099pt.
 [34 <D:/KULIAH/kuliah/Skripsi/4. Buku Skripsi/Template Skripsi FTIS v11-0/Gambar/Bab-5/kasus2/12.png>]
Overfull \hbox (20.19762pt too wide) in paragraph at lines 200--201
[]\T1/lmr/m/n/10.95 getCandidates(), men-da-patk-an \T1/lmr/m/it/10.95 can-di-da-te user-s/gro-u-ps \T1/lmr/m/n/10.95 da
n addCan-di-da-te-Gro-up() / addCan-
 []

<Gambar/Bab-4/UI/1.png, id=1130, 307.1475pt x 248.42813pt>
File: Gambar/Bab-4/UI/1.png Graphic file (type png)
 <use Gambar/Bab-4/UI/1.png>
Package pdftex.def Info: Gambar/Bab-4/UI/1.png used on input line 211.
(pdftex.def)             Requested size: 307.14674pt x 248.42752pt.
 [35]) [36 <D:/KULIAH/kuliah/Skripsi/4. Buku Skripsi/Template Skripsi FTIS v11-0/Gambar/Bab-4/UI/1.png>]
("D:\KULIAH\kuliah\Skripsi\4. Buku Skripsi\Template Skripsi FTIS v11-0\Bab/bab5.tex"
Bab 5.
[37



] <Gambar/Bab-5/taskListener.png, id=1193, 496.10344pt x 225.09094pt>
File: Gambar/Bab-5/taskListener.png Graphic file (type png)
 <use Gambar/Bab-5/taskListener.png>
Package pdftex.def Info: Gambar/Bab-5/taskListener.png used on input line 113.
(pdftex.def)             Requested size: 396.88329pt x 180.07298pt.
 [38]
<Gambar/Bab-5/kasus1/1.png, id=1250, 773.89125pt x 512.66531pt>
File: Gambar/Bab-5/kasus1/1.png Graphic file (type png)
 <use Gambar/Bab-5/kasus1/1.png>
Package pdftex.def Info: Gambar/Bab-5/kasus1/1.png used on input line 139.
(pdftex.def)             Requested size: 386.94467pt x 256.33202pt.
 [39 <D:/KULIAH/kuliah/Skripsi/4. Buku Skripsi/Template Skripsi FTIS v11-0/Gambar/Bab-5/taskListener.png>]
<Gambar/Bab-5/kasus1/2.png, id=1260, 385.44pt x 149.05687pt>
File: Gambar/Bab-5/kasus1/2.png Graphic file (type png)
 <use Gambar/Bab-5/kasus1/2.png>
Package pdftex.def Info: Gambar/Bab-5/kasus1/2.png used on input line 147.
(pdftex.def)             Requested size: 308.35242pt x 119.24565pt.

<Gambar/Bab-5/kasus1/3.png, id=1261, 495.35063pt x 213.04594pt>
File: Gambar/Bab-5/kasus1/3.png Graphic file (type png)
 <use Gambar/Bab-5/kasus1/3.png>
Package pdftex.def Info: Gambar/Bab-5/kasus1/3.png used on input line 154.
(pdftex.def)             Requested size: 396.28105pt x 170.43697pt.

<Gambar/Bab-5/kasus1/4.png, id=1262, 768.62157pt x 516.42938pt>
File: Gambar/Bab-5/kasus1/4.png Graphic file (type png)
 <use Gambar/Bab-5/kasus1/4.png>
Package pdftex.def Info: Gambar/Bab-5/kasus1/4.png used on input line 162.
(pdftex.def)             Requested size: 384.30984pt x 258.21405pt.
 [40 <D:/KULIAH/kuliah/Skripsi/4. Buku Skripsi/Template Skripsi FTIS v11-0/Gambar/Bab-5/kasus1/1.png> <D:/KULIAH/kuliah/
Skripsi/4. Buku Skripsi/Template Skripsi FTIS v11-0/Gambar/Bab-5/kasus1/2.png> <D:/KULIAH/kuliah/Skripsi/4. Buku Skripsi
/Template Skripsi FTIS v11-0/Gambar/Bab-5/kasus1/3.png>] <Gambar/Bab-5/kasus1/5.png, id=1271, 380.92313pt x 149.05687pt>
File: Gambar/Bab-5/kasus1/5.png Graphic file (type png)

<use Gambar/Bab-5/kasus1/5.png>
Package pdftex.def Info: Gambar/Bab-5/kasus1/5.png used on input line 170.
(pdftex.def)             Requested size: 304.73889pt x 119.24565pt.
 <Gambar/Bab-5/kasus1/6.png, id=1272, 768.62157pt x 515.67656pt>
File: Gambar/Bab-5/kasus1/6.png Graphic file (type png)

<use Gambar/Bab-5/kasus1/6.png>
Package pdftex.def Info: Gambar/Bab-5/kasus1/6.png used on input line 178.
(pdftex.def)             Requested size: 384.30984pt x 257.83765pt.
 [41 <D:/KULIAH/kuliah/Skripsi/4. Buku Skripsi/Template Skripsi FTIS v11-0/Gambar/Bab-5/kasus1/4.png> <D:/KULIAH/kuliah/
Skripsi/4. Buku Skripsi/Template Skripsi FTIS v11-0/Gambar/Bab-5/kasus1/5.png>]
<Gambar/Bab-5/kasus1/7.png, id=1283, 383.93437pt x 151.3153pt>
File: Gambar/Bab-5/kasus1/7.png Graphic file (type png)
 <use Gambar/Bab-5/kasus1/7.png>
Package pdftex.def Info: Gambar/Bab-5/kasus1/7.png used on input line 186.
(pdftex.def)             Requested size: 307.1479pt x 121.0524pt.

<Gambar/Bab-5/kasus1/8.png, id=1284, 772.38562pt x 514.92375pt>
File: Gambar/Bab-5/kasus1/8.png Graphic file (type png)
 <use Gambar/Bab-5/kasus1/8.png>
Package pdftex.def Info: Gambar/Bab-5/kasus1/8.png used on input line 194.
(pdftex.def)             Requested size: 386.19186pt x 257.46124pt.
 [42 <D:/KULIAH/kuliah/Skripsi/4. Buku Skripsi/Template Skripsi FTIS v11-0/Gambar/Bab-5/kasus1/6.png> <D:/KULIAH/kuliah/
Skripsi/4. Buku Skripsi/Template Skripsi FTIS v11-0/Gambar/Bab-5/kasus1/7.png>] <Gambar/Bab-5/kasus2/1.png, id=1294, 773
.13844pt x 513.41812pt>
File: Gambar/Bab-5/kasus2/1.png Graphic file (type png)

<use Gambar/Bab-5/kasus2/1.png>
Package pdftex.def Info: Gambar/Bab-5/kasus2/1.png used on input line 211.
(pdftex.def)             Requested size: 386.56828pt x 256.70842pt.
 <Gambar/Bab-5/kasus2/2.png, id=1295, 380.92313pt x 189.70876pt>
File: Gambar/Bab-5/kasus2/2.png Graphic file (type png)

<use Gambar/Bab-5/kasus2/2.png>
Package pdftex.def Info: Gambar/Bab-5/kasus2/2.png used on input line 220.
(pdftex.def)             Requested size: 304.73889pt x 151.7672pt.
 [43 <D:/KULIAH/kuliah/Skripsi/4. Buku Skripsi/Template Skripsi FTIS v11-0/Gambar/Bab-5/kasus1/8.png> <D:/KULIAH/kuliah/
Skripsi/4. Buku Skripsi/Template Skripsi FTIS v11-0/Gambar/Bab-5/kasus2/1.png>]
<Gambar/Bab-5/kasus2/3.png, id=1304, 831.85782pt x 694.09312pt>
File: Gambar/Bab-5/kasus2/3.png Graphic file (type png)
 <use Gambar/Bab-5/kasus2/3.png>
Package pdftex.def Info: Gambar/Bab-5/kasus2/3.png used on input line 229.
(pdftex.def)             Requested size: 415.92789pt x 347.04572pt.

<Gambar/Bab-5/kasus2/4.png, id=1305, 395.97937pt x 197.98969pt>
File: Gambar/Bab-5/kasus2/4.png Graphic file (type png)
 <use Gambar/Bab-5/kasus2/4.png>
Package pdftex.def Info: Gambar/Bab-5/kasus2/4.png used on input line 238.
(pdftex.def)             Requested size: 316.78392pt x 158.39195pt.
 [44 <D:/KULIAH/kuliah/Skripsi/4. Buku Skripsi/Template Skripsi FTIS v11-0/Gambar/Bab-5/kasus2/2.png> <D:/KULIAH/kuliah/
Skripsi/4. Buku Skripsi/Template Skripsi FTIS v11-0/Gambar/Bab-5/kasus2/3.png>] <Gambar/Bab-5/kasus2/5.png, id=1314, 830
.35219pt x 476.53032pt>
File: Gambar/Bab-5/kasus2/5.png Graphic file (type png)

<use Gambar/Bab-5/kasus2/5.png>
Package pdftex.def Info: Gambar/Bab-5/kasus2/5.png used on input line 247.
(pdftex.def)             Requested size: 415.17508pt x 238.26457pt.
 <Gambar/Bab-5/kasus2/6.png, id=1315, 397.485pt x 215.30438pt>
File: Gambar/Bab-5/kasus2/6.png Graphic file (type png)

<use Gambar/Bab-5/kasus2/6.png>
Package pdftex.def Info: Gambar/Bab-5/kasus2/6.png used on input line 256.
(pdftex.def)             Requested size: 317.98842pt x 172.24373pt.
 [45 <D:/KULIAH/kuliah/Skripsi/4. Buku Skripsi/Template Skripsi FTIS v11-0/Gambar/Bab-5/kasus2/4.png> <D:/KULIAH/kuliah/
Skripsi/4. Buku Skripsi/Template Skripsi FTIS v11-0/Gambar/Bab-5/kasus2/5.png>]
<Gambar/Bab-5/kasus2/7.png, id=1324, 827.34094pt x 477.28313pt>
File: Gambar/Bab-5/kasus2/7.png Graphic file (type png)
 <use Gambar/Bab-5/kasus2/7.png>
Package pdftex.def Info: Gambar/Bab-5/kasus2/7.png used on input line 265.
(pdftex.def)             Requested size: 413.66946pt x 238.64098pt.

<Gambar/Bab-5/kasus2/8.png, id=1325, 389.20406pt x 185.94469pt>
File: Gambar/Bab-5/kasus2/8.png Graphic file (type png)
 <use Gambar/Bab-5/kasus2/8.png>
Package pdftex.def Info: Gambar/Bab-5/kasus2/8.png used on input line 274.
(pdftex.def)             Requested size: 311.36366pt x 148.75594pt.
 [46 <D:/KULIAH/kuliah/Skripsi/4. Buku Skripsi/Template Skripsi FTIS v11-0/Gambar/Bab-5/kasus2/6.png> <D:/KULIAH/kuliah/
Skripsi/4. Buku Skripsi/Template Skripsi FTIS v11-0/Gambar/Bab-5/kasus2/7.png>] <Gambar/Bab-5/kasus2/9.png, id=1334, 772
.38562pt x 568.37344pt>
File: Gambar/Bab-5/kasus2/9.png Graphic file (type png)

<use Gambar/Bab-5/kasus2/9.png>
Package pdftex.def Info: Gambar/Bab-5/kasus2/9.png used on input line 283.
(pdftex.def)             Requested size: 386.19186pt x 284.18602pt.
 <Gambar/Bab-5/kasus2/10.png, id=1335, 396.7322pt x 210.03468pt>
File: Gambar/Bab-5/kasus2/10.png Graphic file (type png)

<use Gambar/Bab-5/kasus2/10.png>
Package pdftex.def Info: Gambar/Bab-5/kasus2/10.png used on input line 292.
(pdftex.def)             Requested size: 317.38617pt x 168.02797pt.
 [47 <D:/KULIAH/kuliah/Skripsi/4. Buku Skripsi/Template Skripsi FTIS v11-0/Gambar/Bab-5/kasus2/8.png> <D:/KULIAH/kuliah/
Skripsi/4. Buku Skripsi/Template Skripsi FTIS v11-0/Gambar/Bab-5/kasus2/9.png>]
<Gambar/Bab-5/kasus2/11.png, id=1345, 782.925pt x 524.71031pt>
File: Gambar/Bab-5/kasus2/11.png Graphic file (type png)
 <use Gambar/Bab-5/kasus2/11.png>
Package pdftex.def Info: Gambar/Bab-5/kasus2/11.png used on input line 301.
(pdftex.def)             Requested size: 391.46155pt x 262.3545pt.
File: Gambar/Bab-5/kasus2/12.png Graphic file (type png)

<use Gambar/Bab-5/kasus2/12.png>
Package pdftex.def Info: Gambar/Bab-5/kasus2/12.png used on input line 310.
(pdftex.def)             Requested size: 392.06528pt x 184.89099pt.
 [48 <D:/KULIAH/kuliah/Skripsi/4. Buku Skripsi/Template Skripsi FTIS v11-0/Gambar/Bab-5/kasus2/10.png> <D:/KULIAH/kuliah
/Skripsi/4. Buku Skripsi/Template Skripsi FTIS v11-0/Gambar/Bab-5/kasus2/11.png>]
<Gambar/Bab-5/kasus2/13.png, id=1354, 780.66656pt x 581.92406pt>
File: Gambar/Bab-5/kasus2/13.png Graphic file (type png)
 <use Gambar/Bab-5/kasus2/13.png>
Package pdftex.def Info: Gambar/Bab-5/kasus2/13.png used on input line 319.
(pdftex.def)             Requested size: 390.33232pt x 290.96132pt.

<Gambar/Bab-5/kasus2/14.png, id=1355, 499.8675pt x 225.09094pt>
File: Gambar/Bab-5/kasus2/14.png Graphic file (type png)
 <use Gambar/Bab-5/kasus2/14.png>
Package pdftex.def Info: Gambar/Bab-5/kasus2/14.png used on input line 328.
(pdftex.def)             Requested size: 399.89453pt x 180.07298pt.
 [49 <D:/KULIAH/kuliah/Skripsi/4. Buku Skripsi/Template Skripsi FTIS v11-0/Gambar/Bab-5/kasus2/13.png>]
<Gambar/Bab-5/kasus2/15.png, id=1363, 763.35187pt x 574.39594pt>
File: Gambar/Bab-5/kasus2/15.png Graphic file (type png)
 <use Gambar/Bab-5/kasus2/15.png>
Package pdftex.def Info: Gambar/Bab-5/kasus2/15.png used on input line 337.
(pdftex.def)             Requested size: 381.675pt x 287.19725pt.
 [50 <D:/KULIAH/kuliah/Skripsi/4. Buku Skripsi/Template Skripsi FTIS v11-0/Gambar/Bab-5/kasus2/14.png> <D:/KULIAH/kuliah
/Skripsi/4. Buku Skripsi/Template Skripsi FTIS v11-0/Gambar/Bab-5/kasus2/15.png>]) [51]
("D:\KULIAH\kuliah\Skripsi\4. Buku Skripsi\Template Skripsi FTIS v11-0\Bab/bab6.tex" [52



]
Bab 6.
) [53] ("D:\KULIAH\kuliah\Skripsi\4. Buku Skripsi\Template Skripsi FTIS v11-0\Bab/bab7.tex")
("D:\KULIAH\kuliah\Skripsi\4. Buku Skripsi\Template Skripsi FTIS v11-0\Bab/bab8.tex")
("D:\KULIAH\kuliah\Skripsi\4. Buku Skripsi\Template Skripsi FTIS v11-0\Bab/bab9.tex")
("D:\KULIAH\kuliah\Skripsi\4. Buku Skripsi\Template Skripsi FTIS v11-0\skripsi.bbl" [54








]) [55]
("D:\KULIAH\kuliah\Skripsi\4. Buku Skripsi\Template Skripsi FTIS v11-0\Lampiran/lampA.tex" [56


]
Lampiran A.
[57]) [58] ("D:\KULIAH\kuliah\Skripsi\4. Buku Skripsi\Template Skripsi FTIS v11-0\Lampiran/lampB.tex"
Lampiran B.
) [59



] ("D:\KULIAH\kuliah\Skripsi\4. Buku Skripsi\Template Skripsi FTIS v11-0\Lampiran/lampC.tex" [60



]
Lampiran C.
[61] [62] [63] [64] [65] [66]) [67]
("D:\KULIAH\kuliah\Skripsi\4. Buku Skripsi\Template Skripsi FTIS v11-0\Lampiran/lampD.tex")
("D:\KULIAH\kuliah\Skripsi\4. Buku Skripsi\Template Skripsi FTIS v11-0\Lampiran/lampE.tex")
("D:\KULIAH\kuliah\Skripsi\4. Buku Skripsi\Template Skripsi FTIS v11-0\Lampiran/lampF.tex")
("D:\KULIAH\kuliah\Skripsi\4. Buku Skripsi\Template Skripsi FTIS v11-0\Lampiran/lampG.tex")
("D:\KULIAH\kuliah\Skripsi\4. Buku Skripsi\Template Skripsi FTIS v11-0\Lampiran/lampH.tex")
("D:\KULIAH\kuliah\Skripsi\4. Buku Skripsi\Template Skripsi FTIS v11-0\Lampiran/lampI.tex")
Package atveryend Info: Empty hook `BeforeClearDocument' on input line 521.
Package atveryend Info: Empty hook `AfterLastShipout' on input line 521.

("D:\KULIAH\kuliah\Skripsi\4. Buku Skripsi\Template Skripsi FTIS v11-0\skripsi.aux"
("D:\KULIAH\kuliah\Skripsi\4. Buku Skripsi\Template Skripsi FTIS v11-0\Bab/bab1.aux")
("D:\KULIAH\kuliah\Skripsi\4. Buku Skripsi\Template Skripsi FTIS v11-0\Bab/bab2.aux")
("D:\KULIAH\kuliah\Skripsi\4. Buku Skripsi\Template Skripsi FTIS v11-0\Bab/bab3.aux")
("D:\KULIAH\kuliah\Skripsi\4. Buku Skripsi\Template Skripsi FTIS v11-0\Bab/bab4.aux")
("D:\KULIAH\kuliah\Skripsi\4. Buku Skripsi\Template Skripsi FTIS v11-0\Bab/bab5.aux")
("D:\KULIAH\kuliah\Skripsi\4. Buku Skripsi\Template Skripsi FTIS v11-0\Bab/bab6.aux")
("D:\KULIAH\kuliah\Skripsi\4. Buku Skripsi\Template Skripsi FTIS v11-0\Bab/bab7.aux")
("D:\KULIAH\kuliah\Skripsi\4. Buku Skripsi\Template Skripsi FTIS v11-0\Bab/bab8.aux")
("D:\KULIAH\kuliah\Skripsi\4. Buku Skripsi\Template Skripsi FTIS v11-0\Bab/bab9.aux")
("D:\KULIAH\kuliah\Skripsi\4. Buku Skripsi\Template Skripsi FTIS v11-0\Lampiran/lampA.aux")
("D:\KULIAH\kuliah\Skripsi\4. Buku Skripsi\Template Skripsi FTIS v11-0\Lampiran/lampB.aux")
("D:\KULIAH\kuliah\Skripsi\4. Buku Skripsi\Template Skripsi FTIS v11-0\Lampiran/lampC.aux")
("D:\KULIAH\kuliah\Skripsi\4. Buku Skripsi\Template Skripsi FTIS v11-0\Lampiran/lampD.aux")
("D:\KULIAH\kuliah\Skripsi\4. Buku Skripsi\Template Skripsi FTIS v11-0\Lampiran/lampE.aux")
("D:\KULIAH\kuliah\Skripsi\4. Buku Skripsi\Template Skripsi FTIS v11-0\Lampiran/lampF.aux")
("D:\KULIAH\kuliah\Skripsi\4. Buku Skripsi\Template Skripsi FTIS v11-0\Lampiran/lampG.aux")
("D:\KULIAH\kuliah\Skripsi\4. Buku Skripsi\Template Skripsi FTIS v11-0\Lampiran/lampH.aux")
("D:\KULIAH\kuliah\Skripsi\4. Buku Skripsi\Template Skripsi FTIS v11-0\Lampiran/lampI.aux"))
Package atveryend Info: Executing hook `AtVeryEndDocument' on input line 521.
Package atveryend Info: Executing hook `AtEndAfterFileList' on input line 521.
Package rerunfilecheck Info: File `skripsi.out' has not changed.
(rerunfilecheck)             Checksum: 3090192E83DA68990DE3A3EF3E7B6EF1;9934.
 ) 
Here is how much of TeX's memory you used:
 43077 strings out of 493921
 930542 string characters out of 3144879
 1440213 words of memory out of 3000000
 44153 multiletter control sequences out of 15000+200000
 85525 words of font info for 61 fonts, out of 3000000 for 9000
 845 hyphenation exceptions out of 8191
 73i,12n,122p,10422b,1866s stack positions out of 5000i,500n,10000p,200000b,50000s
{C:/Program Files (x86)/MiKTeX 2.9/fonts/enc/dvips/lm/lm-mathsy.enc}{C:/Program Files (x86)/MiKTeX 2.9/fonts/enc/dvips
/lm/lm-ec.enc} <C:\Users\Luke\AppData\Local\MiKTeX\2.9\fonts\pk\ljfour\jknappen\ec\dpi600\ecxc1095.pk><C:/Program Files 
(x86)/MiKTeX 2.9/fonts/type1/public/lm/lmbx10.pfb><C:/Program Files (x86)/MiKTeX 2.9/fonts/type1/public/lm/lmbx12.pfb><C
:/Program Files (x86)/MiKTeX 2.9/fonts/type1/public/lm/lmbx6.pfb><C:/Program Files (x86)/MiKTeX 2.9/fonts/type1/public/l
m/lmbxi10.pfb><C:/Program Files (x86)/MiKTeX 2.9/fonts/type1/public/lm/lmcsc10.pfb><C:/Program Files (x86)/MiKTeX 2.9/fo
nts/type1/public/lm/lmr10.pfb><C:/Program Files (x86)/MiKTeX 2.9/fonts/type1/public/lm/lmr6.pfb><C:/Program Files (x86)/
MiKTeX 2.9/fonts/type1/public/lm/lmr8.pfb><C:/Program Files (x86)/MiKTeX 2.9/fonts/type1/public/lm/lmr9.pfb><C:/Program 
Files (x86)/MiKTeX 2.9/fonts/type1/public/lm/lmri10.pfb><C:/Program Files (x86)/MiKTeX 2.9/fonts/type1/public/lm/lmri12.
pfb><C:/Program Files (x86)/MiKTeX 2.9/fonts/type1/public/lm/lmsy10.pfb><C:/Program Files (x86)/MiKTeX 2.9/fonts/type1/p
ublic/lm/lmsy6.pfb>
Output written on skripsi.pdf (87 pages, 3343539 bytes).
PDF statistics:
 2515 PDF objects out of 2984 (max. 8388607)
 1384 named destinations out of 1440 (max. 500000)
 844 words of extra memory for PDF output out of 10000 (max. 10000000)

