\BOOKMARK [0][-]{chapter*.1}{\376\377\000K\000a\000t\000a\000\040\000P\000e\000n\000g\000a\000n\000t\000a\000r}{}% 1
\BOOKMARK [0][-]{section*.2}{\376\377\000D\000a\000f\000t\000a\000r\000\040\000I\000s\000i}{}% 2
\BOOKMARK [0][-]{section*.3}{\376\377\000D\000a\000f\000t\000a\000r\000\040\000G\000a\000m\000b\000a\000r}{}% 3
\BOOKMARK [0][-]{chapter.1}{\376\377\000P\000e\000n\000d\000a\000h\000u\000l\000u\000a\000n}{}% 4
\BOOKMARK [1][-]{section.1.1}{\376\377\000L\000a\000t\000a\000r\000\040\000B\000e\000l\000a\000k\000a\000n\000g}{chapter.1}% 5
\BOOKMARK [1][-]{section.1.2}{\376\377\000R\000u\000m\000u\000s\000a\000n\000\040\000M\000a\000s\000a\000l\000a\000h}{chapter.1}% 6
\BOOKMARK [1][-]{section.1.3}{\376\377\000T\000u\000j\000u\000a\000n}{chapter.1}% 7
\BOOKMARK [1][-]{section.1.4}{\376\377\000B\000a\000t\000a\000s\000a\000n\000\040\000M\000a\000s\000a\000l\000a\000h}{chapter.1}% 8
\BOOKMARK [1][-]{section.1.5}{\376\377\000M\000e\000t\000o\000d\000o\000l\000o\000g\000i}{chapter.1}% 9
\BOOKMARK [1][-]{section.1.6}{\376\377\000S\000i\000s\000t\000e\000m\000a\000t\000i\000k\000a\000\040\000P\000e\000m\000b\000a\000h\000a\000s\000a\000n}{chapter.1}% 10
\BOOKMARK [0][-]{chapter.2}{\376\377\000D\000a\000s\000a\000r\000\040\000T\000e\000o\000r\000i}{}% 11
\BOOKMARK [1][-]{section.2.1}{\376\377\000B\000u\000s\000i\000n\000e\000s\000s\000\040\000P\000r\000o\000c\000e\000s\000s\000\040\000\050\000B\000P\000\051}{chapter.2}% 12
\BOOKMARK [1][-]{section.2.2}{\376\377\000B\000u\000s\000i\000n\000e\000s\000s\000\040\000P\000r\000o\000c\000e\000s\000s\000\040\000M\000a\000n\000a\000g\000e\000m\000e\000n\000t\000\050\000B\000P\000M\000\051}{chapter.2}% 13
\BOOKMARK [1][-]{section.2.3}{\376\377\000B\000u\000s\000i\000n\000e\000s\000s\000\040\000P\000r\000o\000c\000e\000s\000s\000\040\000M\000o\000d\000e\000l\000\040\000a\000n\000d\000\040\000N\000o\000t\000a\000t\000i\000o\000n}{chapter.2}% 14
\BOOKMARK [2][-]{subsection.2.3.1}{\376\377\000E\000v\000e\000n\000t}{section.2.3}% 15
\BOOKMARK [2][-]{subsection.2.3.2}{\376\377\000A\000c\000t\000i\000v\000i\000t\000y}{section.2.3}% 16
\BOOKMARK [2][-]{subsection.2.3.3}{\376\377\000G\000a\000t\000e\000w\000a\000y}{section.2.3}% 17
\BOOKMARK [2][-]{subsection.2.3.4}{\376\377\000D\000a\000t\000a}{section.2.3}% 18
\BOOKMARK [2][-]{subsection.2.3.5}{\376\377\000A\000r\000t\000i\000f\000a\000c\000t}{section.2.3}% 19
\BOOKMARK [2][-]{subsection.2.3.6}{\376\377\000P\000o\000o\000l\000s\000\040\000d\000a\000n\000\040\000L\000a\000n\000e\000s}{section.2.3}% 20
\BOOKMARK [1][-]{section.2.4}{\376\377\000B\000u\000s\000i\000n\000e\000s\000s\000\040\000P\000r\000o\000c\000e\000s\000s\000\040\000M\000a\000n\000a\000g\000e\000m\000e\000n\000t\000\040\000S\000y\000s\000t\000e\000m\000\040\000\050\000B\000P\000M\000S\000\051}{chapter.2}% 21
\BOOKMARK [1][-]{section.2.5}{\376\377\000B\000P\000M\000S\000\040\000C\000a\000m\000u\000n\000d\000a}{chapter.2}% 22
\BOOKMARK [2][-]{subsection.2.5.1}{\376\377\000A\000r\000s\000i\000t\000e\000k\000t\000u\000r\000\040\000B\000P\000M\000S\000\040\000C\000a\000m\000u\000n\000d\000a}{section.2.5}% 23
\BOOKMARK [2][-]{subsection.2.5.2}{\376\377\000F\000o\000r\000m\000s\000\040\000S\000D\000K}{section.2.5}% 24
\BOOKMARK [1][-]{section.2.6}{\376\377\000E\000m\000a\000i\000l}{chapter.2}% 25
\BOOKMARK [2][-]{subsection.2.6.1}{\376\377\000M\000a\000i\000l\000\040\000S\000e\000r\000v\000e\000r}{section.2.6}% 26
\BOOKMARK [2][-]{subsection.2.6.2}{\376\377\000J\000a\000v\000a\000M\000a\000i\000l}{section.2.6}% 27
\BOOKMARK [0][-]{chapter.3}{\376\377\000H\000a\000s\000i\000l\000\040\000S\000t\000u\000d\000i}{}% 28
\BOOKMARK [1][-]{section.3.1}{\376\377\000H\000a\000s\000i\000l\000\040\000S\000t\000u\000d\000i\000\040\000B\000P\000M\000N}{chapter.3}% 29
\BOOKMARK [2][-]{subsection.3.1.1}{\376\377\000M\000a\000s\000a\000l\000a\000h\000\040\000P\000r\000o\000s\000e\000s\000\040\000B\000i\000s\000n\000i\000s}{section.3.1}% 30
\BOOKMARK [2][-]{subsection.3.1.2}{\376\377\000M\000e\000m\000o\000d\000e\000l\000k\000a\000n\000\040\000P\000r\000o\000s\000e\000s\000\040\000B\000i\000s\000n\000i\000s\000\040\000d\000e\000n\000g\000a\000n\000\040\000W\000o\000r\000k\000f\000l\000o\000w}{section.3.1}% 31
\BOOKMARK [1][-]{section.3.2}{\376\377\000M\000e\000n\000y\000i\000a\000p\000k\000a\000n\000\040\000B\000P\000M\000S\000\040\000C\000a\000m\000u\000n\000d\000a}{chapter.3}% 32
\BOOKMARK [2][-]{subsection.3.2.1}{\376\377\000I\000n\000s\000t\000a\000l\000a\000s\000i\000\040\000C\000a\000m\000u\000n\000d\000a}{section.3.2}% 33
\BOOKMARK [2][-]{subsection.3.2.2}{\376\377\000K\000a\000s\000u\000s\000\040\0001\000\040\000-\000\040\000P\000e\000n\000g\000a\000j\000u\000a\000n\000\040\000P\000r\000o\000p\000o\000s\000a\000l}{section.3.2}% 34
\BOOKMARK [2][-]{subsection.3.2.3}{\376\377\000K\000a\000s\000u\000s\000\040\0002\000\040\000-\000\040\000P\000e\000n\000d\000a\000f\000t\000a\000r\000a\000n\000\040\000B\000P\000J\000S}{section.3.2}% 35
\BOOKMARK [1][-]{section.3.3}{\376\377\000M\000e\000n\000j\000a\000l\000a\000n\000k\000a\000n\000\040\000C\000a\000m\000u\000n\000d\000a}{chapter.3}% 36
\BOOKMARK [2][-]{subsection.3.3.1}{\376\377\000O\000t\000o\000m\000a\000s\000i\000\040\000K\000a\000s\000u\000s\000\040\0001\000\040\000-\000\040\000P\000e\000n\000g\000a\000j\000u\000a\000n\000\040\000P\000r\000o\000p\000o\000s\000a\000l}{section.3.3}% 37
\BOOKMARK [2][-]{subsection.3.3.2}{\376\377\000O\000t\000o\000m\000a\000s\000i\000\040\000K\000a\000s\000u\000s\000\040\0002\000\040\000-\000\040\000P\000e\000n\000d\000a\000f\000t\000a\000r\000a\000n\000\040\000B\000P\000J\000S}{section.3.3}% 38
\BOOKMARK [0][-]{chapter.4}{\376\377\000A\000n\000a\000l\000i\000s\000i\000s\000\040\000d\000a\000n\000\040\000P\000e\000r\000a\000n\000c\000a\000n\000g\000a\000n}{}% 39
\BOOKMARK [1][-]{section.4.1}{\376\377\000A\000n\000a\000l\000i\000s\000i\000s\000\040\000M\000a\000s\000a\000l\000a\000h\000\040\000d\000a\000n\000\040\000S\000o\000l\000u\000s\000i}{chapter.4}% 40
\BOOKMARK [2][-]{subsection.4.1.1}{\376\377\000A\000n\000a\000l\000i\000s\000i\000s\000\040\000M\000a\000s\000a\000l\000a\000h}{section.4.1}% 41
\BOOKMARK [2][-]{subsection.4.1.2}{\376\377\000U\000s\000u\000l\000a\000n\000\040\000S\000o\000l\000u\000s\000i}{section.4.1}% 42
\BOOKMARK [1][-]{section.4.2}{\376\377\000R\000a\000n\000c\000a\000n\000g\000a\000n\000\040\000S\000i\000s\000t\000e\000m}{chapter.4}% 43
\BOOKMARK [2][-]{subsection.4.2.1}{\376\377\000R\000a\000n\000c\000a\000n\000g\000a\000n\000\040\000E\000m\000a\000i\000l}{section.4.2}% 44
\BOOKMARK [2][-]{subsection.4.2.2}{\376\377\000R\000a\000n\000c\000a\000n\000g\000a\000n\000\040\000A\000l\000g\000o\000r\000i\000t\000m\000a\000\040\000P\000e\000n\000g\000i\000r\000i\000m\000a\000n\000\040\000E\000m\000a\000i\000l}{section.4.2}% 45
\BOOKMARK [2][-]{subsection.4.2.3}{\376\377\000R\000a\000n\000c\000a\000n\000g\000a\000n\000\040\000A\000n\000t\000a\000r\000m\000u\000k\000a\000\040\000u\000n\000t\000u\000k\000\040\000M\000e\000m\000b\000a\000n\000g\000k\000i\000t\000k\000a\000n\000\040\000K\000o\000d\000e\000\040\000T\000a\000s\000k\000\040\000E\000v\000e\000n\000t\000\040\000L\000i\000s\000t\000e\000n\000e\000r}{section.4.2}% 46
\BOOKMARK [0][-]{chapter.5}{\376\377\000I\000m\000p\000l\000e\000m\000e\000n\000t\000a\000s\000i\000\040\000d\000a\000n\000\040\000P\000e\000n\000g\000u\000j\000i\000a\000n}{}% 47
\BOOKMARK [1][-]{section.5.1}{\376\377\000L\000i\000n\000g\000k\000u\000n\000g\000a\000n\000\040\000I\000m\000p\000l\000e\000m\000e\000n\000t\000a\000s\000i}{chapter.5}% 48
\BOOKMARK [1][-]{section.5.2}{\376\377\000I\000m\000p\000l\000e\000m\000e\000n\000t\000a\000s\000i\000\040\000A\000l\000g\000o\000r\000i\000t\000m\000a\000\040\000P\000e\000n\000g\000i\000r\000i\000m\000a\000n\000\040\000E\000m\000a\000i\000l}{chapter.5}% 49
\BOOKMARK [1][-]{section.5.3}{\376\377\000P\000e\000n\000g\000u\000j\000i\000a\000n}{chapter.5}% 50
\BOOKMARK [2][-]{subsection.5.3.1}{\376\377\000H\000a\000s\000i\000l\000\040\000P\000e\000n\000g\000u\000j\000i\000a\000n\000\040\000K\000a\000s\000u\000s\000\040\000P\000e\000n\000g\000a\000j\000u\000a\000n\000\040\000P\000r\000o\000p\000o\000s\000a\000l}{section.5.3}% 51
\BOOKMARK [2][-]{subsection.5.3.2}{\376\377\000H\000a\000s\000i\000l\000\040\000P\000e\000n\000g\000u\000j\000i\000a\000n\000\040\000K\000a\000s\000u\000s\000\040\000P\000e\000n\000d\000a\000f\000t\000a\000r\000a\000n\000\040\000B\000P\000J\000S}{section.5.3}% 52
\BOOKMARK [1][-]{section.5.4}{\376\377\000A\000n\000a\000l\000i\000s\000i\000s\000\040\000P\000e\000n\000g\000u\000j\000i\000a\000n}{chapter.5}% 53
\BOOKMARK [0][-]{chapter.6}{\376\377\000K\000e\000s\000i\000m\000p\000u\000l\000a\000n\000\040\000d\000a\000n\000\040\000S\000a\000r\000a\000n}{}% 54
\BOOKMARK [1][-]{section.6.1}{\376\377\000K\000e\000s\000i\000m\000p\000u\000l\000a\000n}{chapter.6}% 55
\BOOKMARK [1][-]{section.6.2}{\376\377\000S\000a\000r\000a\000n}{chapter.6}% 56
\BOOKMARK [0][-]{chapter*.7}{\376\377\000D\000a\000f\000t\000a\000r\000\040\000R\000e\000f\000e\000r\000e\000n\000s\000i}{}% 57
\BOOKMARK [0][-]{appendix.A}{\376\377\000K\000o\000d\000e\000\040\000P\000r\000o\000g\000r\000a\000m\000\040\000P\000e\000n\000g\000i\000r\000i\000m\000a\000n\000\040\000E\000m\000a\000i\000l}{}% 58
\BOOKMARK [0][-]{appendix.B}{\376\377\000K\000o\000d\000e\000\040\000p\000o\000m\000.\000x\000m\000l}{}% 59
\BOOKMARK [0][-]{appendix.C}{\376\377\000K\000o\000d\000e\000\040\000S\000k\000e\000n\000a\000r\000i\000o}{}% 60
\BOOKMARK [1][-]{section.C.1}{\376\377\000K\000a\000s\000u\000s\000\040\0001\000\040\000-\000\040\000P\000e\000n\000g\000a\000j\000u\000a\000n\000\040\000P\000r\000o\000p\000o\000s\000a\000l}{appendix.C}% 61
\BOOKMARK [1][-]{section.C.2}{\376\377\000K\000a\000s\000u\000s\000\040\0002\000\040\000-\000\040\000P\000e\000n\000d\000a\000f\000t\000a\000r\000a\000n\000\040\000B\000P\000J\000S}{appendix.C}% 62
