31-Jan-2017 06:26:38.636 INFO [main] org.apache.catalina.startup.VersionLoggerListener.log Server version:        Apache Tomcat/8.0.24
31-Jan-2017 06:26:38.640 INFO [main] org.apache.catalina.startup.VersionLoggerListener.log Server built:          Jul 1 2015 20:19:55 UTC
31-Jan-2017 06:26:38.641 INFO [main] org.apache.catalina.startup.VersionLoggerListener.log Server number:         8.0.24.0
31-Jan-2017 06:26:38.642 INFO [main] org.apache.catalina.startup.VersionLoggerListener.log OS Name:               Windows 8.1
31-Jan-2017 06:26:38.642 INFO [main] org.apache.catalina.startup.VersionLoggerListener.log OS Version:            6.3
31-Jan-2017 06:26:38.643 INFO [main] org.apache.catalina.startup.VersionLoggerListener.log Architecture:          x86
31-Jan-2017 06:26:38.644 INFO [main] org.apache.catalina.startup.VersionLoggerListener.log Java Home:             C:\Program Files (x86)\Java\jre1.8.0_74
31-Jan-2017 06:26:38.644 INFO [main] org.apache.catalina.startup.VersionLoggerListener.log JVM Version:           1.8.0_74-b02
31-Jan-2017 06:26:38.645 INFO [main] org.apache.catalina.startup.VersionLoggerListener.log JVM Vendor:            Oracle Corporation
31-Jan-2017 06:26:38.645 INFO [main] org.apache.catalina.startup.VersionLoggerListener.log CATALINA_BASE:         D:\Skripsi 2\Skripsi\0. Bahan\MPB\camunda-bpm-tomcat-7.4.0\server\apache-tomcat-8.0.24
31-Jan-2017 06:26:38.646 INFO [main] org.apache.catalina.startup.VersionLoggerListener.log CATALINA_HOME:         D:\Skripsi 2\Skripsi\0. Bahan\MPB\camunda-bpm-tomcat-7.4.0\server\apache-tomcat-8.0.24
31-Jan-2017 06:26:38.648 INFO [main] org.apache.catalina.startup.VersionLoggerListener.log Command line argument: -Djava.util.logging.config.file=D:\Skripsi 2\Skripsi\0. Bahan\MPB\camunda-bpm-tomcat-7.4.0\server\apache-tomcat-8.0.24\conf\logging.properties
31-Jan-2017 06:26:38.651 INFO [main] org.apache.catalina.startup.VersionLoggerListener.log Command line argument: -Djava.util.logging.manager=org.apache.juli.ClassLoaderLogManager
31-Jan-2017 06:26:38.654 INFO [main] org.apache.catalina.startup.VersionLoggerListener.log Command line argument: -Xmx512m
31-Jan-2017 06:26:38.657 INFO [main] org.apache.catalina.startup.VersionLoggerListener.log Command line argument: -XX:MaxPermSize=256m
31-Jan-2017 06:26:38.661 INFO [main] org.apache.catalina.startup.VersionLoggerListener.log Command line argument: -XX:PermSize=256m
31-Jan-2017 06:26:38.662 INFO [main] org.apache.catalina.startup.VersionLoggerListener.log Command line argument: -Djava.endorsed.dirs=D:\Skripsi 2\Skripsi\0. Bahan\MPB\camunda-bpm-tomcat-7.4.0\server\apache-tomcat-8.0.24\endorsed
31-Jan-2017 06:26:38.664 INFO [main] org.apache.catalina.startup.VersionLoggerListener.log Command line argument: -Dcatalina.base=D:\Skripsi 2\Skripsi\0. Bahan\MPB\camunda-bpm-tomcat-7.4.0\server\apache-tomcat-8.0.24
31-Jan-2017 06:26:38.669 INFO [main] org.apache.catalina.startup.VersionLoggerListener.log Command line argument: -Dcatalina.home=D:\Skripsi 2\Skripsi\0. Bahan\MPB\camunda-bpm-tomcat-7.4.0\server\apache-tomcat-8.0.24
31-Jan-2017 06:26:38.672 INFO [main] org.apache.catalina.startup.VersionLoggerListener.log Command line argument: -Djava.io.tmpdir=D:\Skripsi 2\Skripsi\0. Bahan\MPB\camunda-bpm-tomcat-7.4.0\server\apache-tomcat-8.0.24\temp
31-Jan-2017 06:26:38.679 INFO [main] org.apache.catalina.core.AprLifecycleListener.lifecycleEvent The APR based Apache Tomcat Native library which allows optimal performance in production environments was not found on the java.library.path: C:\Program Files (x86)\Java\jre1.8.0_74\bin;C:\Windows\Sun\Java\bin;C:\Windows\system32;C:\Windows;C:\Program Files\Broadcom\Broadcom 802.11;C:\ProgramData\Oracle\Java\javapath;C:\Windows\system32;C:\Windows;C:\Windows\System32\Wbem;C:\Windows\System32\WindowsPowerShell\v1.0\;C:\Program Files (x86)\Skype\Phone\;C:\Program Files\nodejs\;C:\Program Files\Git\bin;C:\Program Files\Java\jdk1.8.0_65;C:\Program Files\Java\jre1.8.0_65;C:\xampp\php;C:\ProgramData\ComposerSetup\bin;C:\Program Files (x86)\OpenVPN\bin;C:\Program Files\TortoiseGit\bin;C:\Python27;C:\Program Files\MiKTeX 2.9\miktex\bin\x64\;C:\Users\LukeOne\AppData\Roaming\npm;C:\Users\LukeOne\AppData\Roaming\Composer\vendor\bin;C:\Users\LukeOne\AppData\Local\atom\bin;C:\Python27;.
31-Jan-2017 06:26:40.579 INFO [main] org.apache.coyote.AbstractProtocol.init Initializing ProtocolHandler ["http-nio-8080"]
31-Jan-2017 06:26:41.459 INFO [main] org.apache.tomcat.util.net.NioSelectorPool.getSharedSelector Using a shared selector for servlet write/read
31-Jan-2017 06:26:41.506 INFO [main] org.apache.coyote.AbstractProtocol.init Initializing ProtocolHandler ["ajp-nio-8009"]
31-Jan-2017 06:26:41.527 INFO [main] org.apache.tomcat.util.net.NioSelectorPool.getSharedSelector Using a shared selector for servlet write/read
31-Jan-2017 06:26:41.530 INFO [main] org.apache.catalina.startup.Catalina.load Initialization processed in 4265 ms
31-Jan-2017 06:26:42.095 WARNING [main] org.apache.tomcat.jdbc.pool.ConnectionPool.init maxIdle is larger than maxActive, setting maxIdle to: 20
31-Jan-2017 06:26:50.207 INFO [main] org.camunda.commons.logging.BaseLogger.logInfo ENGINE-08046 Found camunda bpm platform configuration in CATALINA_BASE/CATALINA_HOME conf directory [D:\Skripsi 2\Skripsi\0. Bahan\MPB\camunda-bpm-tomcat-7.4.0\server\apache-tomcat-8.0.24\conf\bpm-platform.xml] at 'file:/D:/Skripsi%202/Skripsi/0.%20Bahan/MPB/camunda-bpm-tomcat-7.4.0/server/apache-tomcat-8.0.24/conf/bpm-platform.xml'
31-Jan-2017 06:26:52.438 INFO [main] org.camunda.commons.logging.BaseLogger.logInfo ENGINE-12003 Plugin 'ProcessApplicationEventListenerPlugin' activated on process engine 'default'
31-Jan-2017 06:26:52.450 INFO [main] org.camunda.commons.logging.BaseLogger.logInfo ENGINE-12003 Plugin 'SpinProcessEnginePlugin' activated on process engine 'default'
31-Jan-2017 06:26:52.492 INFO [main] org.camunda.commons.logging.BaseLogger.logInfo SPIN-01010 Discovered Spin data format provider: org.camunda.spin.impl.json.jackson.format.JacksonJsonDataFormatProvider[name = application/json]
31-Jan-2017 06:26:53.232 INFO [main] org.camunda.commons.logging.BaseLogger.logInfo SPIN-01010 Discovered Spin data format provider: org.camunda.spin.impl.xml.dom.format.DomXmlDataFormatProvider[name = application/xml]
31-Jan-2017 06:26:53.381 INFO [main] org.camunda.commons.logging.BaseLogger.logInfo SPIN-01009 Discovered Spin data format: org.camunda.spin.impl.xml.dom.format.DomXmlDataFormat[name = application/xml]
31-Jan-2017 06:26:53.385 INFO [main] org.camunda.commons.logging.BaseLogger.logInfo SPIN-01009 Discovered Spin data format: org.camunda.spin.impl.json.jackson.format.JacksonJsonDataFormat[name = application/json]
31-Jan-2017 06:26:53.387 INFO [main] org.camunda.commons.logging.BaseLogger.logInfo ENGINE-12003 Plugin 'ConnectProcessEnginePlugin' activated on process engine 'default'
31-Jan-2017 06:26:54.686 INFO [main] org.camunda.commons.logging.BaseLogger.logInfo CNCT-01004 Discovered provider for connector id 'http-connector' and class 'org.camunda.connect.httpclient.impl.HttpConnectorImpl': 'org.camunda.connect.httpclient.impl.HttpConnectorProviderImpl'
31-Jan-2017 06:26:54.713 INFO [main] org.camunda.commons.logging.BaseLogger.logInfo CNCT-01004 Discovered provider for connector id 'soap-http-connector' and class 'org.camunda.connect.httpclient.soap.impl.SoapHttpConnectorImpl': 'org.camunda.connect.httpclient.soap.impl.SoapHttpConnectorProviderImpl'
31-Jan-2017 06:27:02.924 INFO [main] org.camunda.commons.logging.BaseLogger.logInfo ENGINE-00001 Process Engine default created.
31-Jan-2017 06:27:02.929 INFO [main] org.camunda.commons.logging.BaseLogger.logInfo ENGINE-14014 Starting up the JobExecutor[org.camunda.bpm.engine.impl.jobexecutor.RuntimeContainerJobExecutor].
31-Jan-2017 06:27:02.934 INFO [Thread-6] org.camunda.commons.logging.BaseLogger.logInfo ENGINE-14018 JobExecutor[org.camunda.bpm.engine.impl.jobexecutor.RuntimeContainerJobExecutor] starting to acquire jobs
31-Jan-2017 06:27:02.950 INFO [main] org.camunda.commons.logging.BaseLogger.logInfo ENGINE-08048 Camunda BPM platform sucessfully started at 'Apache Tomcat/8.0.24'.
31-Jan-2017 06:27:03.099 INFO [main] org.apache.catalina.core.StandardService.startInternal Starting service Catalina
31-Jan-2017 06:27:03.100 INFO [main] org.apache.catalina.core.StandardEngine.startInternal Starting Servlet Engine: Apache Tomcat/8.0.24
31-Jan-2017 06:27:03.381 INFO [localhost-startStop-1] org.apache.catalina.startup.HostConfig.deployWAR Deploying web application archive D:\Skripsi 2\Skripsi\0. Bahan\MPB\camunda-bpm-tomcat-7.4.0\server\apache-tomcat-8.0.24\webapps\pendaftaran-bpjs-0.0.1-SNAPSHOT.war
31-Jan-2017 06:27:13.530 INFO [localhost-startStop-1] org.camunda.commons.logging.BaseLogger.logInfo ENGINE-07015 Detected @ProcessApplication class 'org.camunda.bpm.getstarted.pendaftaranbpjs.PendaftaranBPJS'
31-Jan-2017 06:27:13.802 INFO [localhost-startStop-1] org.apache.jasper.servlet.TldScanner.scanJars At least one JAR was scanned for TLDs yet contained no TLDs. Enable debug logging for this logger for a complete list of JARs that were scanned but no TLDs were found in them. Skipping unneeded JARs during scanning can improve startup time and JSP compilation time.
31-Jan-2017 06:27:13.970 INFO [localhost-startStop-1] org.camunda.commons.logging.BaseLogger.logInfo ENGINE-08024 Found processes.xml file at file:/D:/Skripsi%202/Skripsi/0.%20Bahan/MPB/camunda-bpm-tomcat-7.4.0/server/apache-tomcat-8.0.24/webapps/pendaftaran-bpjs-0.0.1-SNAPSHOT/WEB-INF/classes/META-INF/processes.xml
31-Jan-2017 06:27:14.095 INFO [localhost-startStop-1] org.camunda.commons.logging.BaseLogger.logInfo ENGINE-08023 Deployment summary for process archive 'pendaftaran-bpjs': 

        pendaftaran-bpjs.bpmn

31-Jan-2017 06:27:15.924 INFO [localhost-startStop-1] org.camunda.commons.logging.BaseLogger.logInfo ENGINE-08050 Process application PendaftaranBPJS App successfully deployed
31-Jan-2017 06:27:16.011 INFO [localhost-startStop-1] org.apache.catalina.startup.HostConfig.deployWAR Deployment of web application archive D:\Skripsi 2\Skripsi\0. Bahan\MPB\camunda-bpm-tomcat-7.4.0\server\apache-tomcat-8.0.24\webapps\pendaftaran-bpjs-0.0.1-SNAPSHOT.war has finished in 12,628 ms
31-Jan-2017 06:27:16.014 INFO [localhost-startStop-1] org.apache.catalina.startup.HostConfig.deployDirectory Deploying web application directory D:\Skripsi 2\Skripsi\0. Bahan\MPB\camunda-bpm-tomcat-7.4.0\server\apache-tomcat-8.0.24\webapps\camunda
31-Jan-2017 06:27:27.483 INFO [localhost-startStop-1] org.apache.jasper.servlet.TldScanner.scanJars At least one JAR was scanned for TLDs yet contained no TLDs. Enable debug logging for this logger for a complete list of JARs that were scanned but no TLDs were found in them. Skipping unneeded JARs during scanning can improve startup time and JSP compilation time.
31-Jan-2017 06:27:28.515 INFO [localhost-startStop-1] org.apache.catalina.startup.HostConfig.deployDirectory Deployment of web application directory D:\Skripsi 2\Skripsi\0. Bahan\MPB\camunda-bpm-tomcat-7.4.0\server\apache-tomcat-8.0.24\webapps\camunda has finished in 12,501 ms
31-Jan-2017 06:27:28.516 INFO [localhost-startStop-1] org.apache.catalina.startup.HostConfig.deployDirectory Deploying web application directory D:\Skripsi 2\Skripsi\0. Bahan\MPB\camunda-bpm-tomcat-7.4.0\server\apache-tomcat-8.0.24\webapps\camunda-invoice
31-Jan-2017 06:27:36.290 INFO [localhost-startStop-1] org.camunda.commons.logging.BaseLogger.logInfo ENGINE-07015 Detected @ProcessApplication class 'org.camunda.bpm.example.invoice.InvoiceProcessApplication'
31-Jan-2017 06:27:36.357 INFO [localhost-startStop-1] org.apache.jasper.servlet.TldScanner.scanJars At least one JAR was scanned for TLDs yet contained no TLDs. Enable debug logging for this logger for a complete list of JARs that were scanned but no TLDs were found in them. Skipping unneeded JARs during scanning can improve startup time and JSP compilation time.
31-Jan-2017 06:27:36.363 INFO [localhost-startStop-1] org.camunda.commons.logging.BaseLogger.logInfo ENGINE-08024 Found processes.xml file at file:/D:/Skripsi%202/Skripsi/0.%20Bahan/MPB/camunda-bpm-tomcat-7.4.0/server/apache-tomcat-8.0.24/webapps/camunda-invoice/WEB-INF/classes/META-INF/processes.xml
31-Jan-2017 06:27:36.565 INFO [localhost-startStop-1] org.camunda.commons.logging.BaseLogger.logInfo ENGINE-08023 Deployment summary for process archive 'camunda-invoice': 

        invoice.png
        assign-approver-groups.dmn
        invoice.bpmn

31-Jan-2017 06:27:42.922 INFO [localhost-startStop-1] org.camunda.commons.logging.BaseLogger.logInfo ENGINE-08050 Process application camunda-invoice successfully deployed
31-Jan-2017 06:27:42.933 INFO [localhost-startStop-1] org.apache.catalina.startup.HostConfig.deployDirectory Deployment of web application directory D:\Skripsi 2\Skripsi\0. Bahan\MPB\camunda-bpm-tomcat-7.4.0\server\apache-tomcat-8.0.24\webapps\camunda-invoice has finished in 14,417 ms
31-Jan-2017 06:27:42.933 INFO [localhost-startStop-1] org.apache.catalina.startup.HostConfig.deployDirectory Deploying web application directory D:\Skripsi 2\Skripsi\0. Bahan\MPB\camunda-bpm-tomcat-7.4.0\server\apache-tomcat-8.0.24\webapps\camunda-welcome
31-Jan-2017 06:27:48.185 INFO [localhost-startStop-1] org.apache.jasper.servlet.TldScanner.scanJars At least one JAR was scanned for TLDs yet contained no TLDs. Enable debug logging for this logger for a complete list of JARs that were scanned but no TLDs were found in them. Skipping unneeded JARs during scanning can improve startup time and JSP compilation time.
31-Jan-2017 06:27:48.194 INFO [localhost-startStop-1] org.apache.catalina.startup.HostConfig.deployDirectory Deployment of web application directory D:\Skripsi 2\Skripsi\0. Bahan\MPB\camunda-bpm-tomcat-7.4.0\server\apache-tomcat-8.0.24\webapps\camunda-welcome has finished in 5,260 ms
31-Jan-2017 06:27:48.194 INFO [localhost-startStop-1] org.apache.catalina.startup.HostConfig.deployDirectory Deploying web application directory D:\Skripsi 2\Skripsi\0. Bahan\MPB\camunda-bpm-tomcat-7.4.0\server\apache-tomcat-8.0.24\webapps\docs
31-Jan-2017 06:27:53.216 INFO [localhost-startStop-1] org.apache.jasper.servlet.TldScanner.scanJars At least one JAR was scanned for TLDs yet contained no TLDs. Enable debug logging for this logger for a complete list of JARs that were scanned but no TLDs were found in them. Skipping unneeded JARs during scanning can improve startup time and JSP compilation time.
31-Jan-2017 06:27:53.223 INFO [localhost-startStop-1] org.apache.catalina.startup.HostConfig.deployDirectory Deployment of web application directory D:\Skripsi 2\Skripsi\0. Bahan\MPB\camunda-bpm-tomcat-7.4.0\server\apache-tomcat-8.0.24\webapps\docs has finished in 5,029 ms
31-Jan-2017 06:27:53.224 INFO [localhost-startStop-1] org.apache.catalina.startup.HostConfig.deployDirectory Deploying web application directory D:\Skripsi 2\Skripsi\0. Bahan\MPB\camunda-bpm-tomcat-7.4.0\server\apache-tomcat-8.0.24\webapps\engine-rest
31-Jan-2017 06:28:12.502 INFO [localhost-startStop-1] org.apache.jasper.servlet.TldScanner.scanJars At least one JAR was scanned for TLDs yet contained no TLDs. Enable debug logging for this logger for a complete list of JARs that were scanned but no TLDs were found in them. Skipping unneeded JARs during scanning can improve startup time and JSP compilation time.
31-Jan-2017 06:28:13.084 INFO [localhost-startStop-1] org.jboss.resteasy.logging.impl.Slf4jLogger.info Deploying javax.ws.rs.core.Application: class org.camunda.bpm.engine.rest.impl.application.DefaultApplication
31-Jan-2017 06:28:13.511 INFO [localhost-startStop-1] org.apache.catalina.startup.HostConfig.deployDirectory Deployment of web application directory D:\Skripsi 2\Skripsi\0. Bahan\MPB\camunda-bpm-tomcat-7.4.0\server\apache-tomcat-8.0.24\webapps\engine-rest has finished in 20,286 ms
31-Jan-2017 06:28:13.517 INFO [localhost-startStop-1] org.apache.catalina.startup.HostConfig.deployDirectory Deploying web application directory D:\Skripsi 2\Skripsi\0. Bahan\MPB\camunda-bpm-tomcat-7.4.0\server\apache-tomcat-8.0.24\webapps\examples
31-Jan-2017 06:28:26.052 INFO [localhost-startStop-1] org.apache.jasper.servlet.TldScanner.scanJars At least one JAR was scanned for TLDs yet contained no TLDs. Enable debug logging for this logger for a complete list of JARs that were scanned but no TLDs were found in them. Skipping unneeded JARs during scanning can improve startup time and JSP compilation time.
31-Jan-2017 06:28:26.507 INFO [localhost-startStop-1] org.apache.catalina.startup.HostConfig.deployDirectory Deployment of web application directory D:\Skripsi 2\Skripsi\0. Bahan\MPB\camunda-bpm-tomcat-7.4.0\server\apache-tomcat-8.0.24\webapps\examples has finished in 12,990 ms
31-Jan-2017 06:28:26.508 INFO [localhost-startStop-1] org.apache.catalina.startup.HostConfig.deployDirectory Deploying web application directory D:\Skripsi 2\Skripsi\0. Bahan\MPB\camunda-bpm-tomcat-7.4.0\server\apache-tomcat-8.0.24\webapps\h2
31-Jan-2017 06:28:34.567 INFO [localhost-startStop-1] org.apache.jasper.servlet.TldScanner.scanJars At least one JAR was scanned for TLDs yet contained no TLDs. Enable debug logging for this logger for a complete list of JARs that were scanned but no TLDs were found in them. Skipping unneeded JARs during scanning can improve startup time and JSP compilation time.
31-Jan-2017 06:28:34.599 INFO [localhost-startStop-1] org.apache.catalina.startup.HostConfig.deployDirectory Deployment of web application directory D:\Skripsi 2\Skripsi\0. Bahan\MPB\camunda-bpm-tomcat-7.4.0\server\apache-tomcat-8.0.24\webapps\h2 has finished in 8,091 ms
31-Jan-2017 06:28:34.601 INFO [localhost-startStop-1] org.apache.catalina.startup.HostConfig.deployDirectory Deploying web application directory D:\Skripsi 2\Skripsi\0. Bahan\MPB\camunda-bpm-tomcat-7.4.0\server\apache-tomcat-8.0.24\webapps\host-manager
31-Jan-2017 06:28:43.288 INFO [localhost-startStop-1] org.apache.jasper.servlet.TldScanner.scanJars At least one JAR was scanned for TLDs yet contained no TLDs. Enable debug logging for this logger for a complete list of JARs that were scanned but no TLDs were found in them. Skipping unneeded JARs during scanning can improve startup time and JSP compilation time.
31-Jan-2017 06:28:43.305 INFO [localhost-startStop-1] org.apache.catalina.startup.HostConfig.deployDirectory Deployment of web application directory D:\Skripsi 2\Skripsi\0. Bahan\MPB\camunda-bpm-tomcat-7.4.0\server\apache-tomcat-8.0.24\webapps\host-manager has finished in 8,703 ms
31-Jan-2017 06:28:43.305 INFO [localhost-startStop-1] org.apache.catalina.startup.HostConfig.deployDirectory Deploying web application directory D:\Skripsi 2\Skripsi\0. Bahan\MPB\camunda-bpm-tomcat-7.4.0\server\apache-tomcat-8.0.24\webapps\loan-approval-0.1.0-SNAPSHOT
31-Jan-2017 06:28:52.626 INFO [localhost-startStop-1] org.camunda.commons.logging.BaseLogger.logInfo ENGINE-07015 Detected @ProcessApplication class 'org.camunda.bpm.getstarted.loanapproval.LoanApprovalApplication'
31-Jan-2017 06:28:52.766 INFO [localhost-startStop-1] org.apache.jasper.servlet.TldScanner.scanJars At least one JAR was scanned for TLDs yet contained no TLDs. Enable debug logging for this logger for a complete list of JARs that were scanned but no TLDs were found in them. Skipping unneeded JARs during scanning can improve startup time and JSP compilation time.
31-Jan-2017 06:28:52.780 INFO [localhost-startStop-1] org.camunda.commons.logging.BaseLogger.logInfo ENGINE-08024 Found processes.xml file at file:/D:/Skripsi%202/Skripsi/0.%20Bahan/MPB/camunda-bpm-tomcat-7.4.0/server/apache-tomcat-8.0.24/webapps/loan-approval-0.1.0-SNAPSHOT/WEB-INF/classes/META-INF/processes.xml
31-Jan-2017 06:28:52.926 INFO [localhost-startStop-1] org.camunda.commons.logging.BaseLogger.logInfo ENGINE-08023 Deployment summary for process archive 'loan-approval': 

        loan-approval.bpmn

31-Jan-2017 06:28:53.139 INFO [localhost-startStop-1] org.camunda.commons.logging.BaseLogger.logInfo ENGINE-08050 Process application Loan Approval App successfully deployed
31-Jan-2017 06:28:53.152 INFO [localhost-startStop-1] org.apache.catalina.startup.HostConfig.deployDirectory Deployment of web application directory D:\Skripsi 2\Skripsi\0. Bahan\MPB\camunda-bpm-tomcat-7.4.0\server\apache-tomcat-8.0.24\webapps\loan-approval-0.1.0-SNAPSHOT has finished in 9,847 ms
31-Jan-2017 06:28:53.153 INFO [localhost-startStop-1] org.apache.catalina.startup.HostConfig.deployDirectory Deploying web application directory D:\Skripsi 2\Skripsi\0. Bahan\MPB\camunda-bpm-tomcat-7.4.0\server\apache-tomcat-8.0.24\webapps\manager
31-Jan-2017 06:29:00.585 INFO [localhost-startStop-1] org.apache.jasper.servlet.TldScanner.scanJars At least one JAR was scanned for TLDs yet contained no TLDs. Enable debug logging for this logger for a complete list of JARs that were scanned but no TLDs were found in them. Skipping unneeded JARs during scanning can improve startup time and JSP compilation time.
31-Jan-2017 06:29:00.595 INFO [localhost-startStop-1] org.apache.catalina.startup.HostConfig.deployDirectory Deployment of web application directory D:\Skripsi 2\Skripsi\0. Bahan\MPB\camunda-bpm-tomcat-7.4.0\server\apache-tomcat-8.0.24\webapps\manager has finished in 7,441 ms
31-Jan-2017 06:29:00.595 INFO [localhost-startStop-1] org.apache.catalina.startup.HostConfig.deployDirectory Deploying web application directory D:\Skripsi 2\Skripsi\0. Bahan\MPB\camunda-bpm-tomcat-7.4.0\server\apache-tomcat-8.0.24\webapps\ROOT
31-Jan-2017 06:29:07.354 INFO [localhost-startStop-1] org.apache.jasper.servlet.TldScanner.scanJars At least one JAR was scanned for TLDs yet contained no TLDs. Enable debug logging for this logger for a complete list of JARs that were scanned but no TLDs were found in them. Skipping unneeded JARs during scanning can improve startup time and JSP compilation time.
31-Jan-2017 06:29:07.374 INFO [localhost-startStop-1] org.apache.catalina.startup.HostConfig.deployDirectory Deployment of web application directory D:\Skripsi 2\Skripsi\0. Bahan\MPB\camunda-bpm-tomcat-7.4.0\server\apache-tomcat-8.0.24\webapps\ROOT has finished in 6,778 ms
31-Jan-2017 06:29:07.386 INFO [main] org.apache.coyote.AbstractProtocol.start Starting ProtocolHandler ["http-nio-8080"]
31-Jan-2017 06:29:07.415 INFO [main] org.apache.coyote.AbstractProtocol.start Starting ProtocolHandler ["ajp-nio-8009"]
31-Jan-2017 06:29:07.423 INFO [main] org.apache.catalina.startup.Catalina.start Server startup in 145891 ms
31-Jan-2017 06:29:29.894 INFO [http-nio-8080-exec-10] org.jboss.resteasy.logging.impl.Slf4jLogger.info Deploying javax.ws.rs.core.Application: class org.camunda.bpm.tasklist.impl.web.TasklistApplication
31-Jan-2017 06:29:30.591 INFO [http-nio-8080-exec-2] org.jboss.resteasy.logging.impl.Slf4jLogger.info Deploying javax.ws.rs.core.Application: class org.camunda.bpm.webapp.impl.engine.EngineRestApplication
31-Jan-2017 06:29:30.670 INFO [http-nio-8080-exec-3] org.jboss.resteasy.logging.impl.Slf4jLogger.info Deploying javax.ws.rs.core.Application: class org.camunda.bpm.admin.impl.web.AdminApplication
31-Jan-2017 06:29:33.199 WARNING [http-nio-8080-exec-10] null.null java.lang.ArrayIndexOutOfBoundsException: 22
	at java.util.ArrayList.add(Unknown Source)
	at org.jboss.resteasy.core.ResourceMethod.<init>(ResourceMethod.java:107)
	at org.jboss.resteasy.core.ResourceMethodRegistry.processMethod(ResourceMethodRegistry.java:276)
	at org.jboss.resteasy.core.ResourceMethodRegistry.addResourceFactory(ResourceMethodRegistry.java:124)
	at org.jboss.resteasy.core.ResourceLocator.invokeOnTargetObject(ResourceLocator.java:140)
	at org.jboss.resteasy.core.ResourceLocator.invoke(ResourceLocator.java:92)
	at org.jboss.resteasy.core.SynchronousDispatcher.getResponse(SynchronousDispatcher.java:542)
	at org.jboss.resteasy.core.SynchronousDispatcher.invoke(SynchronousDispatcher.java:524)
	at org.jboss.resteasy.core.SynchronousDispatcher.invoke(SynchronousDispatcher.java:126)
	at org.jboss.resteasy.plugins.server.servlet.ServletContainerDispatcher.service(ServletContainerDispatcher.java:208)
	at org.jboss.resteasy.plugins.server.servlet.HttpServletDispatcher.service(HttpServletDispatcher.java:55)
	at org.jboss.resteasy.plugins.server.servlet.HttpServletDispatcher.service(HttpServletDispatcher.java:50)
	at javax.servlet.http.HttpServlet.service(HttpServlet.java:729)
	at org.apache.catalina.core.ApplicationFilterChain.internalDoFilter(ApplicationFilterChain.java:291)
	at org.apache.catalina.core.ApplicationFilterChain.doFilter(ApplicationFilterChain.java:206)
	at org.apache.tomcat.websocket.server.WsFilter.doFilter(WsFilter.java:52)
	at org.apache.catalina.core.ApplicationFilterChain.internalDoFilter(ApplicationFilterChain.java:239)
	at org.apache.catalina.core.ApplicationFilterChain.doFilter(ApplicationFilterChain.java:206)
	at org.camunda.bpm.engine.rest.filter.CacheControlFilter.doFilter(CacheControlFilter.java:41)
	at org.apache.catalina.core.ApplicationFilterChain.internalDoFilter(ApplicationFilterChain.java:239)
	at org.apache.catalina.core.ApplicationFilterChain.doFilter(ApplicationFilterChain.java:206)
	at org.camunda.bpm.webapp.impl.security.filter.SecurityFilter.doFilterSecure(SecurityFilter.java:67)
	at org.camunda.bpm.webapp.impl.security.filter.SecurityFilter.doFilter(SecurityFilter.java:51)
	at org.apache.catalina.core.ApplicationFilterChain.internalDoFilter(ApplicationFilterChain.java:239)
	at org.apache.catalina.core.ApplicationFilterChain.doFilter(ApplicationFilterChain.java:206)
	at org.camunda.bpm.webapp.impl.security.auth.AuthenticationFilter$1.execute(AuthenticationFilter.java:59)
	at org.camunda.bpm.webapp.impl.security.auth.AuthenticationFilter$1.execute(AuthenticationFilter.java:56)
	at org.camunda.bpm.webapp.impl.security.SecurityActions.runWithAuthentications(SecurityActions.java:38)
	at org.camunda.bpm.webapp.impl.security.auth.AuthenticationFilter.doFilter(AuthenticationFilter.java:56)
	at org.apache.catalina.core.ApplicationFilterChain.internalDoFilter(ApplicationFilterChain.java:239)
	at org.apache.catalina.core.ApplicationFilterChain.doFilter(ApplicationFilterChain.java:206)
	at org.apache.catalina.core.StandardWrapperValve.invoke(StandardWrapperValve.java:219)
	at org.apache.catalina.core.StandardContextValve.invoke(StandardContextValve.java:106)
	at org.apache.catalina.authenticator.AuthenticatorBase.invoke(AuthenticatorBase.java:502)
	at org.apache.catalina.core.StandardHostValve.invoke(StandardHostValve.java:142)
	at org.apache.catalina.valves.ErrorReportValve.invoke(ErrorReportValve.java:79)
	at org.apache.catalina.valves.AbstractAccessLogValve.invoke(AbstractAccessLogValve.java:617)
	at org.apache.catalina.core.StandardEngineValve.invoke(StandardEngineValve.java:88)
	at org.apache.catalina.connector.CoyoteAdapter.service(CoyoteAdapter.java:518)
	at org.apache.coyote.http11.AbstractHttp11Processor.process(AbstractHttp11Processor.java:1091)
	at org.apache.coyote.AbstractProtocol$AbstractConnectionHandler.process(AbstractProtocol.java:668)
	at org.apache.tomcat.util.net.NioEndpoint$SocketProcessor.doRun(NioEndpoint.java:1527)
	at org.apache.tomcat.util.net.NioEndpoint$SocketProcessor.run(NioEndpoint.java:1484)
	at java.util.concurrent.ThreadPoolExecutor.runWorker(Unknown Source)
	at java.util.concurrent.ThreadPoolExecutor$Worker.run(Unknown Source)
	at org.apache.tomcat.util.threads.TaskThread$WrappingRunnable.run(TaskThread.java:61)
	at java.lang.Thread.run(Unknown Source)

31-Jan-2017 06:30:23.620 INFO [http-nio-8080-exec-10] null.null enter class
31-Jan-2017 06:30:23.645 INFO [http-nio-8080-exec-10] org.camunda.bpm.getstarted.pendaftaranbpjs.TaskAssignmentListener.notify 
 1st ===> setup Mail Server Properties..
31-Jan-2017 06:30:23.646 INFO [http-nio-8080-exec-10] org.camunda.bpm.getstarted.pendaftaranbpjs.TaskAssignmentListener.notify 

 2nd ===> get Mail Session..
31-Jan-2017 06:30:23.965 INFO [http-nio-8080-exec-10] org.camunda.bpm.getstarted.pendaftaranbpjs.TaskAssignmentListener.notify Mail Session has been created successfully..
31-Jan-2017 06:30:23.966 INFO [http-nio-8080-exec-10] null.null 

 3rd ===> Get Session and Send mail
31-Jan-2017 06:30:26.695 INFO [http-nio-8080-exec-1] null.null enter class
31-Jan-2017 06:30:26.699 INFO [http-nio-8080-exec-1] null.null 
 1st ===> setup Mail Server Properties..
31-Jan-2017 06:30:26.700 INFO [http-nio-8080-exec-1] null.null 

 2nd ===> get Mail Session..
31-Jan-2017 06:30:26.702 INFO [http-nio-8080-exec-1] null.null Mail Session has been created successfully..
31-Jan-2017 06:30:26.702 INFO [http-nio-8080-exec-1] org.camunda.bpm.getstarted.pendaftaranbpjs.TaskAssignmentListener.notify 

 3rd ===> Get Session and Send mail
31-Jan-2017 06:30:34.992 SEVERE [http-nio-8080-exec-1] org.camunda.commons.logging.BaseLogger.logError ENGINE-16004 Exception while closing command context: ENGINE-03004 Exception while executing Database Operation 'INSERT VariableInstanceEntity[145c89b3-e744-11e6-bbc4-606dc7dcad9f]' with message '
### Error updating database.  Cause: org.h2.jdbc.JdbcSQLException: Unique index or primary key violation: "ACT_UNIQ_VARIABLE_INDEX_C ON PUBLIC.ACT_RU_VARIABLE(VAR_SCOPE_, NAME_)"; SQL statement:
insert into ACT_RU_VARIABLE
    (
      ID_,
      TYPE_,
      NAME_,
      PROC_INST_ID_,
      EXECUTION_ID_,
      CASE_INST_ID_,
      CASE_EXECUTION_ID_,
      TASK_ID_,
      BYTEARRAY_ID_,
      DOUBLE_,
      LONG_,
      TEXT_,
      TEXT2_,
      VAR_SCOPE_,
      SEQUENCE_COUNTER_,
      IS_CONCURRENT_LOCAL_,
      REV_
    )
    values (
      ?,
      ?,
      ?,
      ?,
      ?,
      ?,
      ?,
      ?,
      ?,
      ?,
      ?,
      ?,
      ?,
      ?,
      ?,
      ?,
      1
    ) [23505-168]
### The error may involve org.camunda.bpm.engine.impl.persistence.entity.VariableInstanceEntity.insertVariableInstance-Inline
### The error occurred while setting parameters
### SQL: insert into ACT_RU_VARIABLE     (       ID_,       TYPE_,       NAME_,       PROC_INST_ID_,       EXECUTION_ID_,       CASE_INST_ID_,       CASE_EXECUTION_ID_,       TASK_ID_,       BYTEARRAY_ID_,       DOUBLE_,       LONG_,       TEXT_,       TEXT2_,       VAR_SCOPE_,       SEQUENCE_COUNTER_,       IS_CONCURRENT_LOCAL_,       REV_     )     values (       ?,       ?,       ?,       ?,       ?,       ?,       ?,       ?,       ?,       ?,       ?,       ?,       ?,       ?,       ?,       ?,       1     )
### Cause: org.h2.jdbc.JdbcSQLException: Unique index or primary key violation: "ACT_UNIQ_VARIABLE_INDEX_C ON PUBLIC.ACT_RU_VARIABLE(VAR_SCOPE_, NAME_)"; SQL statement:
insert into ACT_RU_VARIABLE
    (
      ID_,
      TYPE_,
      NAME_,
      PROC_INST_ID_,
      EXECUTION_ID_,
      CASE_INST_ID_,
      CASE_EXECUTION_ID_,
      TASK_ID_,
      BYTEARRAY_ID_,
      DOUBLE_,
      LONG_,
      TEXT_,
      TEXT2_,
      VAR_SCOPE_,
      SEQUENCE_COUNTER_,
      IS_CONCURRENT_LOCAL_,
      REV_
    )
    values (
      ?,
      ?,
      ?,
      ?,
      ?,
      ?,
      ?,
      ?,
      ?,
      ?,
      ?,
      ?,
      ?,
      ?,
      ?,
      ?,
      1
    ) [23505-168]'. Flush summary: 
 [
  INSERT HistoricVariableInstanceEntity[145c89b3-e744-11e6-bbc4-606dc7dcad9f]
  INSERT HistoricVariableInstanceEntity[145e376a-e744-11e6-bbc4-606dc7dcad9f]
  INSERT HistoricVariableInstanceEntity[145e376c-e744-11e6-bbc4-606dc7dcad9f]
  INSERT AuthorizationEntity[1903a3a4-e744-11e6-bbc4-606dc7dcad9f]
  INSERT UserOperationLogEntryEventEntity[145d4d08-e744-11e6-bbc4-606dc7dcad9f]
  INSERT HistoricVariableUpdateEventEntity[145c89b5-e744-11e6-bbc4-606dc7dcad9f]
  INSERT HistoricVariableUpdateEventEntity[145e376b-e744-11e6-bbc4-606dc7dcad9f]
  INSERT HistoricVariableUpdateEventEntity[145e5e7d-e744-11e6-bbc4-606dc7dcad9f]
  INSERT HistoricVariableUpdateEventEntity[145e858f-e744-11e6-bbc4-606dc7dcad9f]
  INSERT HistoricVariableUpdateEventEntity[145eaca0-e744-11e6-bbc4-606dc7dcad9f]
  INSERT HistoricTaskInstanceEventEntity[145f21d1-e744-11e6-bbc4-606dc7dcad9f]
  INSERT HistoricActivityInstanceEventEntity[ServiceTask_0xkgh2d:145e1059-e744-11e6-bbc4-606dc7dcad9f]
  INSERT HistoricActivityInstanceEventEntity[UserTask_18tusp0:145e5e7e-e744-11e6-bbc4-606dc7dcad9f]
  INSERT TaskEntity[145f21d1-e744-11e6-bbc4-606dc7dcad9f]
  INSERT ByteArrayEntity[145c89b2-e744-11e6-bbc4-606dc7dcad9f]
  INSERT ByteArrayEntity[145c89b4-e744-11e6-bbc4-606dc7dcad9f]
  INSERT ByteArrayEntity[145c89b6-e744-11e6-bbc4-606dc7dcad9f]
  INSERT VariableInstanceEntity[145c89b3-e744-11e6-bbc4-606dc7dcad9f]
  INSERT VariableInstanceEntity[145e376a-e744-11e6-bbc4-606dc7dcad9f]
  INSERT VariableInstanceEntity[145e376c-e744-11e6-bbc4-606dc7dcad9f]
  DELETE TaskEntity[0c4ec51f-e744-11e6-bbc4-606dc7dcad9f]
  UPDATE ExecutionEntity[fff1075a-e743-11e6-bbc4-606dc7dcad9f]
  UPDATE HistoricActivityInstanceEventEntity[UserTask_1w7apo5:0c4e4fee-e744-11e6-bbc4-606dc7dcad9f]
  UPDATE HistoricTaskInstanceEventEntity[0c4ec51f-e744-11e6-bbc4-606dc7dcad9f]
  DELETE_BULK deleteAuthorizationsForResourceId {resourceId=0c4ec51f-e744-11e6-bbc4-606dc7dcad9f, resourceType=7}
]
 org.camunda.bpm.engine.ProcessEngineException: ENGINE-03004 Exception while executing Database Operation 'INSERT VariableInstanceEntity[145c89b3-e744-11e6-bbc4-606dc7dcad9f]' with message '
### Error updating database.  Cause: org.h2.jdbc.JdbcSQLException: Unique index or primary key violation: "ACT_UNIQ_VARIABLE_INDEX_C ON PUBLIC.ACT_RU_VARIABLE(VAR_SCOPE_, NAME_)"; SQL statement:
insert into ACT_RU_VARIABLE
    (
      ID_,
      TYPE_,
      NAME_,
      PROC_INST_ID_,
      EXECUTION_ID_,
      CASE_INST_ID_,
      CASE_EXECUTION_ID_,
      TASK_ID_,
      BYTEARRAY_ID_,
      DOUBLE_,
      LONG_,
      TEXT_,
      TEXT2_,
      VAR_SCOPE_,
      SEQUENCE_COUNTER_,
      IS_CONCURRENT_LOCAL_,
      REV_
    )
    values (
      ?,
      ?,
      ?,
      ?,
      ?,
      ?,
      ?,
      ?,
      ?,
      ?,
      ?,
      ?,
      ?,
      ?,
      ?,
      ?,
      1
    ) [23505-168]
### The error may involve org.camunda.bpm.engine.impl.persistence.entity.VariableInstanceEntity.insertVariableInstance-Inline
### The error occurred while setting parameters
### SQL: insert into ACT_RU_VARIABLE     (       ID_,       TYPE_,       NAME_,       PROC_INST_ID_,       EXECUTION_ID_,       CASE_INST_ID_,       CASE_EXECUTION_ID_,       TASK_ID_,       BYTEARRAY_ID_,       DOUBLE_,       LONG_,       TEXT_,       TEXT2_,       VAR_SCOPE_,       SEQUENCE_COUNTER_,       IS_CONCURRENT_LOCAL_,       REV_     )     values (       ?,       ?,       ?,       ?,       ?,       ?,       ?,       ?,       ?,       ?,       ?,       ?,       ?,       ?,       ?,       ?,       1     )
### Cause: org.h2.jdbc.JdbcSQLException: Unique index or primary key violation: "ACT_UNIQ_VARIABLE_INDEX_C ON PUBLIC.ACT_RU_VARIABLE(VAR_SCOPE_, NAME_)"; SQL statement:
insert into ACT_RU_VARIABLE
    (
      ID_,
      TYPE_,
      NAME_,
      PROC_INST_ID_,
      EXECUTION_ID_,
      CASE_INST_ID_,
      CASE_EXECUTION_ID_,
      TASK_ID_,
      BYTEARRAY_ID_,
      DOUBLE_,
      LONG_,
      TEXT_,
      TEXT2_,
      VAR_SCOPE_,
      SEQUENCE_COUNTER_,
      IS_CONCURRENT_LOCAL_,
      REV_
    )
    values (
      ?,
      ?,
      ?,
      ?,
      ?,
      ?,
      ?,
      ?,
      ?,
      ?,
      ?,
      ?,
      ?,
      ?,
      ?,
      ?,
      1
    ) [23505-168]'. Flush summary: 
 [
  INSERT HistoricVariableInstanceEntity[145c89b3-e744-11e6-bbc4-606dc7dcad9f]
  INSERT HistoricVariableInstanceEntity[145e376a-e744-11e6-bbc4-606dc7dcad9f]
  INSERT HistoricVariableInstanceEntity[145e376c-e744-11e6-bbc4-606dc7dcad9f]
  INSERT AuthorizationEntity[1903a3a4-e744-11e6-bbc4-606dc7dcad9f]
  INSERT UserOperationLogEntryEventEntity[145d4d08-e744-11e6-bbc4-606dc7dcad9f]
  INSERT HistoricVariableUpdateEventEntity[145c89b5-e744-11e6-bbc4-606dc7dcad9f]
  INSERT HistoricVariableUpdateEventEntity[145e376b-e744-11e6-bbc4-606dc7dcad9f]
  INSERT HistoricVariableUpdateEventEntity[145e5e7d-e744-11e6-bbc4-606dc7dcad9f]
  INSERT HistoricVariableUpdateEventEntity[145e858f-e744-11e6-bbc4-606dc7dcad9f]
  INSERT HistoricVariableUpdateEventEntity[145eaca0-e744-11e6-bbc4-606dc7dcad9f]
  INSERT HistoricTaskInstanceEventEntity[145f21d1-e744-11e6-bbc4-606dc7dcad9f]
  INSERT HistoricActivityInstanceEventEntity[ServiceTask_0xkgh2d:145e1059-e744-11e6-bbc4-606dc7dcad9f]
  INSERT HistoricActivityInstanceEventEntity[UserTask_18tusp0:145e5e7e-e744-11e6-bbc4-606dc7dcad9f]
  INSERT TaskEntity[145f21d1-e744-11e6-bbc4-606dc7dcad9f]
  INSERT ByteArrayEntity[145c89b2-e744-11e6-bbc4-606dc7dcad9f]
  INSERT ByteArrayEntity[145c89b4-e744-11e6-bbc4-606dc7dcad9f]
  INSERT ByteArrayEntity[145c89b6-e744-11e6-bbc4-606dc7dcad9f]
  INSERT VariableInstanceEntity[145c89b3-e744-11e6-bbc4-606dc7dcad9f]
  INSERT VariableInstanceEntity[145e376a-e744-11e6-bbc4-606dc7dcad9f]
  INSERT VariableInstanceEntity[145e376c-e744-11e6-bbc4-606dc7dcad9f]
  DELETE TaskEntity[0c4ec51f-e744-11e6-bbc4-606dc7dcad9f]
  UPDATE ExecutionEntity[fff1075a-e743-11e6-bbc4-606dc7dcad9f]
  UPDATE HistoricActivityInstanceEventEntity[UserTask_1w7apo5:0c4e4fee-e744-11e6-bbc4-606dc7dcad9f]
  UPDATE HistoricTaskInstanceEventEntity[0c4ec51f-e744-11e6-bbc4-606dc7dcad9f]
  DELETE_BULK deleteAuthorizationsForResourceId {resourceId=0c4ec51f-e744-11e6-bbc4-606dc7dcad9f, resourceType=7}
]
	at org.camunda.bpm.engine.impl.db.EnginePersistenceLogger.flushDbOperationException(EnginePersistenceLogger.java:113)
	at org.camunda.bpm.engine.impl.db.entitymanager.DbEntityManager.flushDbOperationManager(DbEntityManager.java:296)
	at org.camunda.bpm.engine.impl.db.entitymanager.DbEntityManager.flush(DbEntityManager.java:282)
	at org.camunda.bpm.engine.impl.interceptor.CommandContext.flushSessions(CommandContext.java:315)
	at org.camunda.bpm.engine.impl.interceptor.CommandContext.close(CommandContext.java:243)
	at org.camunda.bpm.engine.impl.interceptor.CommandContextInterceptor.execute(CommandContextInterceptor.java:104)
	at org.camunda.bpm.engine.impl.interceptor.LogInterceptor.execute(LogInterceptor.java:30)
	at org.camunda.bpm.engine.impl.FormServiceImpl.submitTaskForm(FormServiceImpl.java:86)
	at org.camunda.bpm.engine.rest.sub.task.impl.TaskResourceImpl.submit(TaskResourceImpl.java:109)
	at sun.reflect.NativeMethodAccessorImpl.invoke0(Native Method)
	at sun.reflect.NativeMethodAccessorImpl.invoke(Unknown Source)
	at sun.reflect.DelegatingMethodAccessorImpl.invoke(Unknown Source)
	at java.lang.reflect.Method.invoke(Unknown Source)
	at org.jboss.resteasy.core.MethodInjectorImpl.invoke(MethodInjectorImpl.java:167)
	at org.jboss.resteasy.core.ResourceMethod.invokeOnTarget(ResourceMethod.java:257)
	at org.jboss.resteasy.core.ResourceMethod.invoke(ResourceMethod.java:222)
	at org.jboss.resteasy.core.ResourceLocator.invokeOnTargetObject(ResourceLocator.java:159)
	at org.jboss.resteasy.core.ResourceLocator.invoke(ResourceLocator.java:107)
	at org.jboss.resteasy.core.ResourceLocator.invokeOnTargetObject(ResourceLocator.java:154)
	at org.jboss.resteasy.core.ResourceLocator.invoke(ResourceLocator.java:92)
	at org.jboss.resteasy.core.SynchronousDispatcher.getResponse(SynchronousDispatcher.java:542)
	at org.jboss.resteasy.core.SynchronousDispatcher.invoke(SynchronousDispatcher.java:524)
	at org.jboss.resteasy.core.SynchronousDispatcher.invoke(SynchronousDispatcher.java:126)
	at org.jboss.resteasy.plugins.server.servlet.ServletContainerDispatcher.service(ServletContainerDispatcher.java:208)
	at org.jboss.resteasy.plugins.server.servlet.HttpServletDispatcher.service(HttpServletDispatcher.java:55)
	at org.jboss.resteasy.plugins.server.servlet.HttpServletDispatcher.service(HttpServletDispatcher.java:50)
	at javax.servlet.http.HttpServlet.service(HttpServlet.java:729)
	at org.apache.catalina.core.ApplicationFilterChain.internalDoFilter(ApplicationFilterChain.java:291)
	at org.apache.catalina.core.ApplicationFilterChain.doFilter(ApplicationFilterChain.java:206)
	at org.apache.tomcat.websocket.server.WsFilter.doFilter(WsFilter.java:52)
	at org.apache.catalina.core.ApplicationFilterChain.internalDoFilter(ApplicationFilterChain.java:239)
	at org.apache.catalina.core.ApplicationFilterChain.doFilter(ApplicationFilterChain.java:206)
	at org.camunda.bpm.engine.rest.filter.CacheControlFilter.doFilter(CacheControlFilter.java:41)
	at org.apache.catalina.core.ApplicationFilterChain.internalDoFilter(ApplicationFilterChain.java:239)
	at org.apache.catalina.core.ApplicationFilterChain.doFilter(ApplicationFilterChain.java:206)
	at org.camunda.bpm.webapp.impl.security.filter.SecurityFilter.doFilterSecure(SecurityFilter.java:67)
	at org.camunda.bpm.webapp.impl.security.filter.SecurityFilter.doFilter(SecurityFilter.java:51)
	at org.apache.catalina.core.ApplicationFilterChain.internalDoFilter(ApplicationFilterChain.java:239)
	at org.apache.catalina.core.ApplicationFilterChain.doFilter(ApplicationFilterChain.java:206)
	at org.camunda.bpm.webapp.impl.security.auth.AuthenticationFilter$1.execute(AuthenticationFilter.java:59)
	at org.camunda.bpm.webapp.impl.security.auth.AuthenticationFilter$1.execute(AuthenticationFilter.java:56)
	at org.camunda.bpm.webapp.impl.security.SecurityActions.runWithAuthentications(SecurityActions.java:38)
	at org.camunda.bpm.webapp.impl.security.auth.AuthenticationFilter.doFilter(AuthenticationFilter.java:56)
	at org.apache.catalina.core.ApplicationFilterChain.internalDoFilter(ApplicationFilterChain.java:239)
	at org.apache.catalina.core.ApplicationFilterChain.doFilter(ApplicationFilterChain.java:206)
	at org.apache.catalina.core.StandardWrapperValve.invoke(StandardWrapperValve.java:219)
	at org.apache.catalina.core.StandardContextValve.invoke(StandardContextValve.java:106)
	at org.apache.catalina.authenticator.AuthenticatorBase.invoke(AuthenticatorBase.java:502)
	at org.apache.catalina.core.StandardHostValve.invoke(StandardHostValve.java:142)
	at org.apache.catalina.valves.ErrorReportValve.invoke(ErrorReportValve.java:79)
	at org.apache.catalina.valves.AbstractAccessLogValve.invoke(AbstractAccessLogValve.java:617)
	at org.apache.catalina.core.StandardEngineValve.invoke(StandardEngineValve.java:88)
	at org.apache.catalina.connector.CoyoteAdapter.service(CoyoteAdapter.java:518)
	at org.apache.coyote.http11.AbstractHttp11Processor.process(AbstractHttp11Processor.java:1091)
	at org.apache.coyote.AbstractProtocol$AbstractConnectionHandler.process(AbstractProtocol.java:668)
	at org.apache.tomcat.util.net.NioEndpoint$SocketProcessor.doRun(NioEndpoint.java:1527)
	at org.apache.tomcat.util.net.NioEndpoint$SocketProcessor.run(NioEndpoint.java:1484)
	at java.util.concurrent.ThreadPoolExecutor.runWorker(Unknown Source)
	at java.util.concurrent.ThreadPoolExecutor$Worker.run(Unknown Source)
	at org.apache.tomcat.util.threads.TaskThread$WrappingRunnable.run(TaskThread.java:61)
	at java.lang.Thread.run(Unknown Source)
Caused by: org.apache.ibatis.exceptions.PersistenceException: 
### Error updating database.  Cause: org.h2.jdbc.JdbcSQLException: Unique index or primary key violation: "ACT_UNIQ_VARIABLE_INDEX_C ON PUBLIC.ACT_RU_VARIABLE(VAR_SCOPE_, NAME_)"; SQL statement:
insert into ACT_RU_VARIABLE
    (
      ID_,
      TYPE_,
      NAME_,
      PROC_INST_ID_,
      EXECUTION_ID_,
      CASE_INST_ID_,
      CASE_EXECUTION_ID_,
      TASK_ID_,
      BYTEARRAY_ID_,
      DOUBLE_,
      LONG_,
      TEXT_,
      TEXT2_,
      VAR_SCOPE_,
      SEQUENCE_COUNTER_,
      IS_CONCURRENT_LOCAL_,
      REV_
    )
    values (
      ?,
      ?,
      ?,
      ?,
      ?,
      ?,
      ?,
      ?,
      ?,
      ?,
      ?,
      ?,
      ?,
      ?,
      ?,
      ?,
      1
    ) [23505-168]
### The error may involve org.camunda.bpm.engine.impl.persistence.entity.VariableInstanceEntity.insertVariableInstance-Inline
### The error occurred while setting parameters
### SQL: insert into ACT_RU_VARIABLE     (       ID_,       TYPE_,       NAME_,       PROC_INST_ID_,       EXECUTION_ID_,       CASE_INST_ID_,       CASE_EXECUTION_ID_,       TASK_ID_,       BYTEARRAY_ID_,       DOUBLE_,       LONG_,       TEXT_,       TEXT2_,       VAR_SCOPE_,       SEQUENCE_COUNTER_,       IS_CONCURRENT_LOCAL_,       REV_     )     values (       ?,       ?,       ?,       ?,       ?,       ?,       ?,       ?,       ?,       ?,       ?,       ?,       ?,       ?,       ?,       ?,       1     )
### Cause: org.h2.jdbc.JdbcSQLException: Unique index or primary key violation: "ACT_UNIQ_VARIABLE_INDEX_C ON PUBLIC.ACT_RU_VARIABLE(VAR_SCOPE_, NAME_)"; SQL statement:
insert into ACT_RU_VARIABLE
    (
      ID_,
      TYPE_,
      NAME_,
      PROC_INST_ID_,
      EXECUTION_ID_,
      CASE_INST_ID_,
      CASE_EXECUTION_ID_,
      TASK_ID_,
      BYTEARRAY_ID_,
      DOUBLE_,
      LONG_,
      TEXT_,
      TEXT2_,
      VAR_SCOPE_,
      SEQUENCE_COUNTER_,
      IS_CONCURRENT_LOCAL_,
      REV_
    )
    values (
      ?,
      ?,
      ?,
      ?,
      ?,
      ?,
      ?,
      ?,
      ?,
      ?,
      ?,
      ?,
      ?,
      ?,
      ?,
      ?,
      1
    ) [23505-168]
	at org.apache.ibatis.exceptions.ExceptionFactory.wrapException(ExceptionFactory.java:26)
	at org.apache.ibatis.session.defaults.DefaultSqlSession.update(DefaultSqlSession.java:154)
	at org.apache.ibatis.session.defaults.DefaultSqlSession.insert(DefaultSqlSession.java:141)
	at org.camunda.bpm.engine.impl.db.sql.DbSqlSession.executeInsertEntity(DbSqlSession.java:145)
	at org.camunda.bpm.engine.impl.db.sql.DbSqlSession.insertEntity(DbSqlSession.java:137)
	at org.camunda.bpm.engine.impl.db.AbstractPersistenceSession.executeDbOperation(AbstractPersistenceSession.java:41)
	at org.camunda.bpm.engine.impl.db.entitymanager.DbEntityManager.flushDbOperationManager(DbEntityManager.java:293)
	... 59 more
Caused by: org.h2.jdbc.JdbcSQLException: Unique index or primary key violation: "ACT_UNIQ_VARIABLE_INDEX_C ON PUBLIC.ACT_RU_VARIABLE(VAR_SCOPE_, NAME_)"; SQL statement:
insert into ACT_RU_VARIABLE
    (
      ID_,
      TYPE_,
      NAME_,
      PROC_INST_ID_,
      EXECUTION_ID_,
      CASE_INST_ID_,
      CASE_EXECUTION_ID_,
      TASK_ID_,
      BYTEARRAY_ID_,
      DOUBLE_,
      LONG_,
      TEXT_,
      TEXT2_,
      VAR_SCOPE_,
      SEQUENCE_COUNTER_,
      IS_CONCURRENT_LOCAL_,
      REV_
    )
    values (
      ?,
      ?,
      ?,
      ?,
      ?,
      ?,
      ?,
      ?,
      ?,
      ?,
      ?,
      ?,
      ?,
      ?,
      ?,
      ?,
      1
    ) [23505-168]
	at org.h2.message.DbException.getJdbcSQLException(DbException.java:329)
	at org.h2.message.DbException.get(DbException.java:169)
	at org.h2.message.DbException.get(DbException.java:146)
	at org.h2.index.BaseIndex.getDuplicateKeyException(BaseIndex.java:81)
	at org.h2.index.PageBtree.find(PageBtree.java:121)
	at org.h2.index.PageBtreeLeaf.addRow(PageBtreeLeaf.java:147)
	at org.h2.index.PageBtreeLeaf.addRowTry(PageBtreeLeaf.java:100)
	at org.h2.index.PageBtreeNode.addRowTry(PageBtreeNode.java:200)
	at org.h2.index.PageBtreeNode.addRowTry(PageBtreeNode.java:200)
	at org.h2.index.PageBtreeIndex.addRow(PageBtreeIndex.java:105)
	at org.h2.index.PageBtreeIndex.add(PageBtreeIndex.java:96)
	at org.h2.index.MultiVersionIndex.add(MultiVersionIndex.java:50)
	at org.h2.table.RegularTable.addRow(RegularTable.java:121)
	at org.h2.command.dml.Insert.insertRows(Insert.java:124)
	at org.h2.command.dml.Insert.update(Insert.java:84)
	at org.h2.command.CommandContainer.update(CommandContainer.java:75)
	at org.h2.command.Command.executeUpdate(Command.java:230)
	at org.h2.jdbc.JdbcPreparedStatement.execute(JdbcPreparedStatement.java:194)
	at org.apache.ibatis.executor.statement.PreparedStatementHandler.update(PreparedStatementHandler.java:44)
	at org.apache.ibatis.executor.statement.RoutingStatementHandler.update(RoutingStatementHandler.java:69)
	at org.apache.ibatis.executor.SimpleExecutor.doUpdate(SimpleExecutor.java:48)
	at org.apache.ibatis.executor.BaseExecutor.update(BaseExecutor.java:105)
	at org.apache.ibatis.executor.CachingExecutor.update(CachingExecutor.java:71)
	at org.apache.ibatis.session.defaults.DefaultSqlSession.update(DefaultSqlSession.java:152)
	... 64 more

31-Jan-2017 06:30:35.012 WARNING [http-nio-8080-exec-1] org.camunda.bpm.engine.rest.exception.RestExceptionHandler.toResponse org.camunda.bpm.engine.rest.exception.RestException: Cannot submit task form 0c4ec51f-e744-11e6-bbc4-606dc7dcad9f: ENGINE-03004 Exception while executing Database Operation 'INSERT VariableInstanceEntity[145c89b3-e744-11e6-bbc4-606dc7dcad9f]' with message '
### Error updating database.  Cause: org.h2.jdbc.JdbcSQLException: Unique index or primary key violation: "ACT_UNIQ_VARIABLE_INDEX_C ON PUBLIC.ACT_RU_VARIABLE(VAR_SCOPE_, NAME_)"; SQL statement:
insert into ACT_RU_VARIABLE
    (
      ID_,
      TYPE_,
      NAME_,
      PROC_INST_ID_,
      EXECUTION_ID_,
      CASE_INST_ID_,
      CASE_EXECUTION_ID_,
      TASK_ID_,
      BYTEARRAY_ID_,
      DOUBLE_,
      LONG_,
      TEXT_,
      TEXT2_,
      VAR_SCOPE_,
      SEQUENCE_COUNTER_,
      IS_CONCURRENT_LOCAL_,
      REV_
    )
    values (
      ?,
      ?,
      ?,
      ?,
      ?,
      ?,
      ?,
      ?,
      ?,
      ?,
      ?,
      ?,
      ?,
      ?,
      ?,
      ?,
      1
    ) [23505-168]
### The error may involve org.camunda.bpm.engine.impl.persistence.entity.VariableInstanceEntity.insertVariableInstance-Inline
### The error occurred while setting parameters
### SQL: insert into ACT_RU_VARIABLE     (       ID_,       TYPE_,       NAME_,       PROC_INST_ID_,       EXECUTION_ID_,       CASE_INST_ID_,       CASE_EXECUTION_ID_,       TASK_ID_,       BYTEARRAY_ID_,       DOUBLE_,       LONG_,       TEXT_,       TEXT2_,       VAR_SCOPE_,       SEQUENCE_COUNTER_,       IS_CONCURRENT_LOCAL_,       REV_     )     values (       ?,       ?,       ?,       ?,       ?,       ?,       ?,       ?,       ?,       ?,       ?,       ?,       ?,       ?,       ?,       ?,       1     )
### Cause: org.h2.jdbc.JdbcSQLException: Unique index or primary key violation: "ACT_UNIQ_VARIABLE_INDEX_C ON PUBLIC.ACT_RU_VARIABLE(VAR_SCOPE_, NAME_)"; SQL statement:
insert into ACT_RU_VARIABLE
    (
      ID_,
      TYPE_,
      NAME_,
      PROC_INST_ID_,
      EXECUTION_ID_,
      CASE_INST_ID_,
      CASE_EXECUTION_ID_,
      TASK_ID_,
      BYTEARRAY_ID_,
      DOUBLE_,
      LONG_,
      TEXT_,
      TEXT2_,
      VAR_SCOPE_,
      SEQUENCE_COUNTER_,
      IS_CONCURRENT_LOCAL_,
      REV_
    )
    values (
      ?,
      ?,
      ?,
      ?,
      ?,
      ?,
      ?,
      ?,
      ?,
      ?,
      ?,
      ?,
      ?,
      ?,
      ?,
      ?,
      1
    ) [23505-168]'. Flush summary: 
 [
  INSERT HistoricVariableInstanceEntity[145c89b3-e744-11e6-bbc4-606dc7dcad9f]
  INSERT HistoricVariableInstanceEntity[145e376a-e744-11e6-bbc4-606dc7dcad9f]
  INSERT HistoricVariableInstanceEntity[145e376c-e744-11e6-bbc4-606dc7dcad9f]
  INSERT AuthorizationEntity[1903a3a4-e744-11e6-bbc4-606dc7dcad9f]
  INSERT UserOperationLogEntryEventEntity[145d4d08-e744-11e6-bbc4-606dc7dcad9f]
  INSERT HistoricVariableUpdateEventEntity[145c89b5-e744-11e6-bbc4-606dc7dcad9f]
  INSERT HistoricVariableUpdateEventEntity[145e376b-e744-11e6-bbc4-606dc7dcad9f]
  INSERT HistoricVariableUpdateEventEntity[145e5e7d-e744-11e6-bbc4-606dc7dcad9f]
  INSERT HistoricVariableUpdateEventEntity[145e858f-e744-11e6-bbc4-606dc7dcad9f]
  INSERT HistoricVariableUpdateEventEntity[145eaca0-e744-11e6-bbc4-606dc7dcad9f]
  INSERT HistoricTaskInstanceEventEntity[145f21d1-e744-11e6-bbc4-606dc7dcad9f]
  INSERT HistoricActivityInstanceEventEntity[ServiceTask_0xkgh2d:145e1059-e744-11e6-bbc4-606dc7dcad9f]
  INSERT HistoricActivityInstanceEventEntity[UserTask_18tusp0:145e5e7e-e744-11e6-bbc4-606dc7dcad9f]
  INSERT TaskEntity[145f21d1-e744-11e6-bbc4-606dc7dcad9f]
  INSERT ByteArrayEntity[145c89b2-e744-11e6-bbc4-606dc7dcad9f]
  INSERT ByteArrayEntity[145c89b4-e744-11e6-bbc4-606dc7dcad9f]
  INSERT ByteArrayEntity[145c89b6-e744-11e6-bbc4-606dc7dcad9f]
  INSERT VariableInstanceEntity[145c89b3-e744-11e6-bbc4-606dc7dcad9f]
  INSERT VariableInstanceEntity[145e376a-e744-11e6-bbc4-606dc7dcad9f]
  INSERT VariableInstanceEntity[145e376c-e744-11e6-bbc4-606dc7dcad9f]
  DELETE TaskEntity[0c4ec51f-e744-11e6-bbc4-606dc7dcad9f]
  UPDATE ExecutionEntity[fff1075a-e743-11e6-bbc4-606dc7dcad9f]
  UPDATE HistoricActivityInstanceEventEntity[UserTask_1w7apo5:0c4e4fee-e744-11e6-bbc4-606dc7dcad9f]
  UPDATE HistoricTaskInstanceEventEntity[0c4ec51f-e744-11e6-bbc4-606dc7dcad9f]
  DELETE_BULK deleteAuthorizationsForResourceId {resourceId=0c4ec51f-e744-11e6-bbc4-606dc7dcad9f, resourceType=7}
]
	at org.camunda.bpm.engine.rest.sub.task.impl.TaskResourceImpl.submit(TaskResourceImpl.java:120)
	at sun.reflect.NativeMethodAccessorImpl.invoke0(Native Method)
	at sun.reflect.NativeMethodAccessorImpl.invoke(Unknown Source)
	at sun.reflect.DelegatingMethodAccessorImpl.invoke(Unknown Source)
	at java.lang.reflect.Method.invoke(Unknown Source)
	at org.jboss.resteasy.core.MethodInjectorImpl.invoke(MethodInjectorImpl.java:167)
	at org.jboss.resteasy.core.ResourceMethod.invokeOnTarget(ResourceMethod.java:257)
	at org.jboss.resteasy.core.ResourceMethod.invoke(ResourceMethod.java:222)
	at org.jboss.resteasy.core.ResourceLocator.invokeOnTargetObject(ResourceLocator.java:159)
	at org.jboss.resteasy.core.ResourceLocator.invoke(ResourceLocator.java:107)
	at org.jboss.resteasy.core.ResourceLocator.invokeOnTargetObject(ResourceLocator.java:154)
	at org.jboss.resteasy.core.ResourceLocator.invoke(ResourceLocator.java:92)
	at org.jboss.resteasy.core.SynchronousDispatcher.getResponse(SynchronousDispatcher.java:542)
	at org.jboss.resteasy.core.SynchronousDispatcher.invoke(SynchronousDispatcher.java:524)
	at org.jboss.resteasy.core.SynchronousDispatcher.invoke(SynchronousDispatcher.java:126)
	at org.jboss.resteasy.plugins.server.servlet.ServletContainerDispatcher.service(ServletContainerDispatcher.java:208)
	at org.jboss.resteasy.plugins.server.servlet.HttpServletDispatcher.service(HttpServletDispatcher.java:55)
	at org.jboss.resteasy.plugins.server.servlet.HttpServletDispatcher.service(HttpServletDispatcher.java:50)
	at javax.servlet.http.HttpServlet.service(HttpServlet.java:729)
	at org.apache.catalina.core.ApplicationFilterChain.internalDoFilter(ApplicationFilterChain.java:291)
	at org.apache.catalina.core.ApplicationFilterChain.doFilter(ApplicationFilterChain.java:206)
	at org.apache.tomcat.websocket.server.WsFilter.doFilter(WsFilter.java:52)
	at org.apache.catalina.core.ApplicationFilterChain.internalDoFilter(ApplicationFilterChain.java:239)
	at org.apache.catalina.core.ApplicationFilterChain.doFilter(ApplicationFilterChain.java:206)
	at org.camunda.bpm.engine.rest.filter.CacheControlFilter.doFilter(CacheControlFilter.java:41)
	at org.apache.catalina.core.ApplicationFilterChain.internalDoFilter(ApplicationFilterChain.java:239)
	at org.apache.catalina.core.ApplicationFilterChain.doFilter(ApplicationFilterChain.java:206)
	at org.camunda.bpm.webapp.impl.security.filter.SecurityFilter.doFilterSecure(SecurityFilter.java:67)
	at org.camunda.bpm.webapp.impl.security.filter.SecurityFilter.doFilter(SecurityFilter.java:51)
	at org.apache.catalina.core.ApplicationFilterChain.internalDoFilter(ApplicationFilterChain.java:239)
	at org.apache.catalina.core.ApplicationFilterChain.doFilter(ApplicationFilterChain.java:206)
	at org.camunda.bpm.webapp.impl.security.auth.AuthenticationFilter$1.execute(AuthenticationFilter.java:59)
	at org.camunda.bpm.webapp.impl.security.auth.AuthenticationFilter$1.execute(AuthenticationFilter.java:56)
	at org.camunda.bpm.webapp.impl.security.SecurityActions.runWithAuthentications(SecurityActions.java:38)
	at org.camunda.bpm.webapp.impl.security.auth.AuthenticationFilter.doFilter(AuthenticationFilter.java:56)
	at org.apache.catalina.core.ApplicationFilterChain.internalDoFilter(ApplicationFilterChain.java:239)
	at org.apache.catalina.core.ApplicationFilterChain.doFilter(ApplicationFilterChain.java:206)
	at org.apache.catalina.core.StandardWrapperValve.invoke(StandardWrapperValve.java:219)
	at org.apache.catalina.core.StandardContextValve.invoke(StandardContextValve.java:106)
	at org.apache.catalina.authenticator.AuthenticatorBase.invoke(AuthenticatorBase.java:502)
	at org.apache.catalina.core.StandardHostValve.invoke(StandardHostValve.java:142)
	at org.apache.catalina.valves.ErrorReportValve.invoke(ErrorReportValve.java:79)
	at org.apache.catalina.valves.AbstractAccessLogValve.invoke(AbstractAccessLogValve.java:617)
	at org.apache.catalina.core.StandardEngineValve.invoke(StandardEngineValve.java:88)
	at org.apache.catalina.connector.CoyoteAdapter.service(CoyoteAdapter.java:518)
	at org.apache.coyote.http11.AbstractHttp11Processor.process(AbstractHttp11Processor.java:1091)
	at org.apache.coyote.AbstractProtocol$AbstractConnectionHandler.process(AbstractProtocol.java:668)
	at org.apache.tomcat.util.net.NioEndpoint$SocketProcessor.doRun(NioEndpoint.java:1527)
	at org.apache.tomcat.util.net.NioEndpoint$SocketProcessor.run(NioEndpoint.java:1484)
	at java.util.concurrent.ThreadPoolExecutor.runWorker(Unknown Source)
	at java.util.concurrent.ThreadPoolExecutor$Worker.run(Unknown Source)
	at org.apache.tomcat.util.threads.TaskThread$WrappingRunnable.run(TaskThread.java:61)
	at java.lang.Thread.run(Unknown Source)
Caused by: org.camunda.bpm.engine.ProcessEngineException: ENGINE-03004 Exception while executing Database Operation 'INSERT VariableInstanceEntity[145c89b3-e744-11e6-bbc4-606dc7dcad9f]' with message '
### Error updating database.  Cause: org.h2.jdbc.JdbcSQLException: Unique index or primary key violation: "ACT_UNIQ_VARIABLE_INDEX_C ON PUBLIC.ACT_RU_VARIABLE(VAR_SCOPE_, NAME_)"; SQL statement:
insert into ACT_RU_VARIABLE
    (
      ID_,
      TYPE_,
      NAME_,
      PROC_INST_ID_,
      EXECUTION_ID_,
      CASE_INST_ID_,
      CASE_EXECUTION_ID_,
      TASK_ID_,
      BYTEARRAY_ID_,
      DOUBLE_,
      LONG_,
      TEXT_,
      TEXT2_,
      VAR_SCOPE_,
      SEQUENCE_COUNTER_,
      IS_CONCURRENT_LOCAL_,
      REV_
    )
    values (
      ?,
      ?,
      ?,
      ?,
      ?,
      ?,
      ?,
      ?,
      ?,
      ?,
      ?,
      ?,
      ?,
      ?,
      ?,
      ?,
      1
    ) [23505-168]
### The error may involve org.camunda.bpm.engine.impl.persistence.entity.VariableInstanceEntity.insertVariableInstance-Inline
### The error occurred while setting parameters
### SQL: insert into ACT_RU_VARIABLE     (       ID_,       TYPE_,       NAME_,       PROC_INST_ID_,       EXECUTION_ID_,       CASE_INST_ID_,       CASE_EXECUTION_ID_,       TASK_ID_,       BYTEARRAY_ID_,       DOUBLE_,       LONG_,       TEXT_,       TEXT2_,       VAR_SCOPE_,       SEQUENCE_COUNTER_,       IS_CONCURRENT_LOCAL_,       REV_     )     values (       ?,       ?,       ?,       ?,       ?,       ?,       ?,       ?,       ?,       ?,       ?,       ?,       ?,       ?,       ?,       ?,       1     )
### Cause: org.h2.jdbc.JdbcSQLException: Unique index or primary key violation: "ACT_UNIQ_VARIABLE_INDEX_C ON PUBLIC.ACT_RU_VARIABLE(VAR_SCOPE_, NAME_)"; SQL statement:
insert into ACT_RU_VARIABLE
    (
      ID_,
      TYPE_,
      NAME_,
      PROC_INST_ID_,
      EXECUTION_ID_,
      CASE_INST_ID_,
      CASE_EXECUTION_ID_,
      TASK_ID_,
      BYTEARRAY_ID_,
      DOUBLE_,
      LONG_,
      TEXT_,
      TEXT2_,
      VAR_SCOPE_,
      SEQUENCE_COUNTER_,
      IS_CONCURRENT_LOCAL_,
      REV_
    )
    values (
      ?,
      ?,
      ?,
      ?,
      ?,
      ?,
      ?,
      ?,
      ?,
      ?,
      ?,
      ?,
      ?,
      ?,
      ?,
      ?,
      1
    ) [23505-168]'. Flush summary: 
 [
  INSERT HistoricVariableInstanceEntity[145c89b3-e744-11e6-bbc4-606dc7dcad9f]
  INSERT HistoricVariableInstanceEntity[145e376a-e744-11e6-bbc4-606dc7dcad9f]
  INSERT HistoricVariableInstanceEntity[145e376c-e744-11e6-bbc4-606dc7dcad9f]
  INSERT AuthorizationEntity[1903a3a4-e744-11e6-bbc4-606dc7dcad9f]
  INSERT UserOperationLogEntryEventEntity[145d4d08-e744-11e6-bbc4-606dc7dcad9f]
  INSERT HistoricVariableUpdateEventEntity[145c89b5-e744-11e6-bbc4-606dc7dcad9f]
  INSERT HistoricVariableUpdateEventEntity[145e376b-e744-11e6-bbc4-606dc7dcad9f]
  INSERT HistoricVariableUpdateEventEntity[145e5e7d-e744-11e6-bbc4-606dc7dcad9f]
  INSERT HistoricVariableUpdateEventEntity[145e858f-e744-11e6-bbc4-606dc7dcad9f]
  INSERT HistoricVariableUpdateEventEntity[145eaca0-e744-11e6-bbc4-606dc7dcad9f]
  INSERT HistoricTaskInstanceEventEntity[145f21d1-e744-11e6-bbc4-606dc7dcad9f]
  INSERT HistoricActivityInstanceEventEntity[ServiceTask_0xkgh2d:145e1059-e744-11e6-bbc4-606dc7dcad9f]
  INSERT HistoricActivityInstanceEventEntity[UserTask_18tusp0:145e5e7e-e744-11e6-bbc4-606dc7dcad9f]
  INSERT TaskEntity[145f21d1-e744-11e6-bbc4-606dc7dcad9f]
  INSERT ByteArrayEntity[145c89b2-e744-11e6-bbc4-606dc7dcad9f]
  INSERT ByteArrayEntity[145c89b4-e744-11e6-bbc4-606dc7dcad9f]
  INSERT ByteArrayEntity[145c89b6-e744-11e6-bbc4-606dc7dcad9f]
  INSERT VariableInstanceEntity[145c89b3-e744-11e6-bbc4-606dc7dcad9f]
  INSERT VariableInstanceEntity[145e376a-e744-11e6-bbc4-606dc7dcad9f]
  INSERT VariableInstanceEntity[145e376c-e744-11e6-bbc4-606dc7dcad9f]
  DELETE TaskEntity[0c4ec51f-e744-11e6-bbc4-606dc7dcad9f]
  UPDATE ExecutionEntity[fff1075a-e743-11e6-bbc4-606dc7dcad9f]
  UPDATE HistoricActivityInstanceEventEntity[UserTask_1w7apo5:0c4e4fee-e744-11e6-bbc4-606dc7dcad9f]
  UPDATE HistoricTaskInstanceEventEntity[0c4ec51f-e744-11e6-bbc4-606dc7dcad9f]
  DELETE_BULK deleteAuthorizationsForResourceId {resourceId=0c4ec51f-e744-11e6-bbc4-606dc7dcad9f, resourceType=7}
]
	at org.camunda.bpm.engine.impl.db.EnginePersistenceLogger.flushDbOperationException(EnginePersistenceLogger.java:113)
	at org.camunda.bpm.engine.impl.db.entitymanager.DbEntityManager.flushDbOperationManager(DbEntityManager.java:296)
	at org.camunda.bpm.engine.impl.db.entitymanager.DbEntityManager.flush(DbEntityManager.java:282)
	at org.camunda.bpm.engine.impl.interceptor.CommandContext.flushSessions(CommandContext.java:315)
	at org.camunda.bpm.engine.impl.interceptor.CommandContext.close(CommandContext.java:243)
	at org.camunda.bpm.engine.impl.interceptor.CommandContextInterceptor.execute(CommandContextInterceptor.java:104)
	at org.camunda.bpm.engine.impl.interceptor.LogInterceptor.execute(LogInterceptor.java:30)
	at org.camunda.bpm.engine.impl.FormServiceImpl.submitTaskForm(FormServiceImpl.java:86)
	at org.camunda.bpm.engine.rest.sub.task.impl.TaskResourceImpl.submit(TaskResourceImpl.java:109)
	... 52 more
Caused by: org.apache.ibatis.exceptions.PersistenceException: 
### Error updating database.  Cause: org.h2.jdbc.JdbcSQLException: Unique index or primary key violation: "ACT_UNIQ_VARIABLE_INDEX_C ON PUBLIC.ACT_RU_VARIABLE(VAR_SCOPE_, NAME_)"; SQL statement:
insert into ACT_RU_VARIABLE
    (
      ID_,
      TYPE_,
      NAME_,
      PROC_INST_ID_,
      EXECUTION_ID_,
      CASE_INST_ID_,
      CASE_EXECUTION_ID_,
      TASK_ID_,
      BYTEARRAY_ID_,
      DOUBLE_,
      LONG_,
      TEXT_,
      TEXT2_,
      VAR_SCOPE_,
      SEQUENCE_COUNTER_,
      IS_CONCURRENT_LOCAL_,
      REV_
    )
    values (
      ?,
      ?,
      ?,
      ?,
      ?,
      ?,
      ?,
      ?,
      ?,
      ?,
      ?,
      ?,
      ?,
      ?,
      ?,
      ?,
      1
    ) [23505-168]
### The error may involve org.camunda.bpm.engine.impl.persistence.entity.VariableInstanceEntity.insertVariableInstance-Inline
### The error occurred while setting parameters
### SQL: insert into ACT_RU_VARIABLE     (       ID_,       TYPE_,       NAME_,       PROC_INST_ID_,       EXECUTION_ID_,       CASE_INST_ID_,       CASE_EXECUTION_ID_,       TASK_ID_,       BYTEARRAY_ID_,       DOUBLE_,       LONG_,       TEXT_,       TEXT2_,       VAR_SCOPE_,       SEQUENCE_COUNTER_,       IS_CONCURRENT_LOCAL_,       REV_     )     values (       ?,       ?,       ?,       ?,       ?,       ?,       ?,       ?,       ?,       ?,       ?,       ?,       ?,       ?,       ?,       ?,       1     )
### Cause: org.h2.jdbc.JdbcSQLException: Unique index or primary key violation: "ACT_UNIQ_VARIABLE_INDEX_C ON PUBLIC.ACT_RU_VARIABLE(VAR_SCOPE_, NAME_)"; SQL statement:
insert into ACT_RU_VARIABLE
    (
      ID_,
      TYPE_,
      NAME_,
      PROC_INST_ID_,
      EXECUTION_ID_,
      CASE_INST_ID_,
      CASE_EXECUTION_ID_,
      TASK_ID_,
      BYTEARRAY_ID_,
      DOUBLE_,
      LONG_,
      TEXT_,
      TEXT2_,
      VAR_SCOPE_,
      SEQUENCE_COUNTER_,
      IS_CONCURRENT_LOCAL_,
      REV_
    )
    values (
      ?,
      ?,
      ?,
      ?,
      ?,
      ?,
      ?,
      ?,
      ?,
      ?,
      ?,
      ?,
      ?,
      ?,
      ?,
      ?,
      1
    ) [23505-168]
	at org.apache.ibatis.exceptions.ExceptionFactory.wrapException(ExceptionFactory.java:26)
	at org.apache.ibatis.session.defaults.DefaultSqlSession.update(DefaultSqlSession.java:154)
	at org.apache.ibatis.session.defaults.DefaultSqlSession.insert(DefaultSqlSession.java:141)
	at org.camunda.bpm.engine.impl.db.sql.DbSqlSession.executeInsertEntity(DbSqlSession.java:145)
	at org.camunda.bpm.engine.impl.db.sql.DbSqlSession.insertEntity(DbSqlSession.java:137)
	at org.camunda.bpm.engine.impl.db.AbstractPersistenceSession.executeDbOperation(AbstractPersistenceSession.java:41)
	at org.camunda.bpm.engine.impl.db.entitymanager.DbEntityManager.flushDbOperationManager(DbEntityManager.java:293)
	... 59 more
Caused by: org.h2.jdbc.JdbcSQLException: Unique index or primary key violation: "ACT_UNIQ_VARIABLE_INDEX_C ON PUBLIC.ACT_RU_VARIABLE(VAR_SCOPE_, NAME_)"; SQL statement:
insert into ACT_RU_VARIABLE
    (
      ID_,
      TYPE_,
      NAME_,
      PROC_INST_ID_,
      EXECUTION_ID_,
      CASE_INST_ID_,
      CASE_EXECUTION_ID_,
      TASK_ID_,
      BYTEARRAY_ID_,
      DOUBLE_,
      LONG_,
      TEXT_,
      TEXT2_,
      VAR_SCOPE_,
      SEQUENCE_COUNTER_,
      IS_CONCURRENT_LOCAL_,
      REV_
    )
    values (
      ?,
      ?,
      ?,
      ?,
      ?,
      ?,
      ?,
      ?,
      ?,
      ?,
      ?,
      ?,
      ?,
      ?,
      ?,
      ?,
      1
    ) [23505-168]
	at org.h2.message.DbException.getJdbcSQLException(DbException.java:329)
	at org.h2.message.DbException.get(DbException.java:169)
	at org.h2.message.DbException.get(DbException.java:146)
	at org.h2.index.BaseIndex.getDuplicateKeyException(BaseIndex.java:81)
	at org.h2.index.PageBtree.find(PageBtree.java:121)
	at org.h2.index.PageBtreeLeaf.addRow(PageBtreeLeaf.java:147)
	at org.h2.index.PageBtreeLeaf.addRowTry(PageBtreeLeaf.java:100)
	at org.h2.index.PageBtreeNode.addRowTry(PageBtreeNode.java:200)
	at org.h2.index.PageBtreeNode.addRowTry(PageBtreeNode.java:200)
	at org.h2.index.PageBtreeIndex.addRow(PageBtreeIndex.java:105)
	at org.h2.index.PageBtreeIndex.add(PageBtreeIndex.java:96)
	at org.h2.index.MultiVersionIndex.add(MultiVersionIndex.java:50)
	at org.h2.table.RegularTable.addRow(RegularTable.java:121)
	at org.h2.command.dml.Insert.insertRows(Insert.java:124)
	at org.h2.command.dml.Insert.update(Insert.java:84)
	at org.h2.command.CommandContainer.update(CommandContainer.java:75)
	at org.h2.command.Command.executeUpdate(Command.java:230)
	at org.h2.jdbc.JdbcPreparedStatement.execute(JdbcPreparedStatement.java:194)
	at org.apache.ibatis.executor.statement.PreparedStatementHandler.update(PreparedStatementHandler.java:44)
	at org.apache.ibatis.executor.statement.RoutingStatementHandler.update(RoutingStatementHandler.java:69)
	at org.apache.ibatis.executor.SimpleExecutor.doUpdate(SimpleExecutor.java:48)
	at org.apache.ibatis.executor.BaseExecutor.update(BaseExecutor.java:105)
	at org.apache.ibatis.executor.CachingExecutor.update(CachingExecutor.java:71)
	at org.apache.ibatis.session.defaults.DefaultSqlSession.update(DefaultSqlSession.java:152)
	... 64 more

31-Jan-2017 06:33:06.752 INFO [ContainerBackgroundProcessor[StandardEngine[Catalina]]] org.apache.catalina.startup.HostConfig.undeploy Undeploying context [/pendaftaran-bpjs-0.0.1-SNAPSHOT]
31-Jan-2017 06:33:08.067 INFO [ContainerBackgroundProcessor[StandardEngine[Catalina]]] org.camunda.commons.logging.BaseLogger.logInfo ENGINE-08051 Process application PendaftaranBPJS App undeployed
31-Jan-2017 06:33:08.192 INFO [localhost-startStop-2] org.apache.catalina.startup.HostConfig.deployWAR Deploying web application archive D:\Skripsi 2\Skripsi\0. Bahan\MPB\camunda-bpm-tomcat-7.4.0\server\apache-tomcat-8.0.24\webapps\pendaftaran-bpjs-0.0.1-SNAPSHOT.war
31-Jan-2017 06:33:16.275 INFO [localhost-startStop-2] org.camunda.commons.logging.BaseLogger.logInfo ENGINE-07015 Detected @ProcessApplication class 'org.camunda.bpm.getstarted.pendaftaranbpjs.PendaftaranBPJS'
31-Jan-2017 06:33:16.388 INFO [localhost-startStop-2] org.camunda.commons.logging.BaseLogger.logInfo ENGINE-08024 Found processes.xml file at file:/D:/Skripsi%202/Skripsi/0.%20Bahan/MPB/camunda-bpm-tomcat-7.4.0/server/apache-tomcat-8.0.24/webapps/pendaftaran-bpjs-0.0.1-SNAPSHOT/WEB-INF/classes/META-INF/processes.xml
31-Jan-2017 06:33:16.414 INFO [localhost-startStop-2] org.camunda.commons.logging.BaseLogger.logInfo ENGINE-08023 Deployment summary for process archive 'pendaftaran-bpjs': 

        pendaftaran-bpjs.bpmn

31-Jan-2017 06:33:16.522 INFO [localhost-startStop-2] org.camunda.commons.logging.BaseLogger.logInfo ENGINE-08050 Process application PendaftaranBPJS App successfully deployed
31-Jan-2017 06:33:16.534 INFO [localhost-startStop-2] org.apache.catalina.startup.HostConfig.deployWAR Deployment of web application archive D:\Skripsi 2\Skripsi\0. Bahan\MPB\camunda-bpm-tomcat-7.4.0\server\apache-tomcat-8.0.24\webapps\pendaftaran-bpjs-0.0.1-SNAPSHOT.war has finished in 8,340 ms
31-Jan-2017 06:34:46.768 INFO [ContainerBackgroundProcessor[StandardEngine[Catalina]]] org.apache.catalina.startup.HostConfig.undeploy Undeploying context [/pendaftaran-bpjs-0.0.1-SNAPSHOT]
31-Jan-2017 06:34:47.959 INFO [ContainerBackgroundProcessor[StandardEngine[Catalina]]] org.camunda.commons.logging.BaseLogger.logInfo ENGINE-08051 Process application PendaftaranBPJS App undeployed
31-Jan-2017 06:34:48.115 INFO [localhost-startStop-3] org.apache.catalina.startup.HostConfig.deployWAR Deploying web application archive D:\Skripsi 2\Skripsi\0. Bahan\MPB\camunda-bpm-tomcat-7.4.0\server\apache-tomcat-8.0.24\webapps\pendaftaran-bpjs-0.0.1-SNAPSHOT.war
31-Jan-2017 06:34:56.291 INFO [localhost-startStop-3] org.camunda.commons.logging.BaseLogger.logInfo ENGINE-07015 Detected @ProcessApplication class 'org.camunda.bpm.getstarted.pendaftaranbpjs.PendaftaranBPJS'
31-Jan-2017 06:34:56.377 INFO [localhost-startStop-3] org.camunda.commons.logging.BaseLogger.logInfo ENGINE-08024 Found processes.xml file at file:/D:/Skripsi%202/Skripsi/0.%20Bahan/MPB/camunda-bpm-tomcat-7.4.0/server/apache-tomcat-8.0.24/webapps/pendaftaran-bpjs-0.0.1-SNAPSHOT/WEB-INF/classes/META-INF/processes.xml
31-Jan-2017 06:34:56.397 INFO [localhost-startStop-3] org.camunda.commons.logging.BaseLogger.logInfo ENGINE-08023 Deployment summary for process archive 'pendaftaran-bpjs': 

        pendaftaran-bpjs.bpmn

31-Jan-2017 06:34:56.477 INFO [localhost-startStop-3] org.camunda.commons.logging.BaseLogger.logInfo ENGINE-08050 Process application PendaftaranBPJS App successfully deployed
31-Jan-2017 06:34:56.488 INFO [localhost-startStop-3] org.apache.catalina.startup.HostConfig.deployWAR Deployment of web application archive D:\Skripsi 2\Skripsi\0. Bahan\MPB\camunda-bpm-tomcat-7.4.0\server\apache-tomcat-8.0.24\webapps\pendaftaran-bpjs-0.0.1-SNAPSHOT.war has finished in 8,372 ms
31-Jan-2017 06:35:52.669 INFO [http-nio-8080-exec-2] null.null enter class
31-Jan-2017 06:35:52.691 INFO [http-nio-8080-exec-2] org.camunda.bpm.getstarted.pendaftaranbpjs.TaskAssignmentListener.notify 
 1st ===> setup Mail Server Properties..
31-Jan-2017 06:35:52.693 INFO [http-nio-8080-exec-2] null.null 

 2nd ===> get Mail Session..
31-Jan-2017 06:35:52.966 INFO [http-nio-8080-exec-2] null.null Mail Session has been created successfully..
31-Jan-2017 06:35:52.968 INFO [http-nio-8080-exec-2] null.null 

 3rd ===> Get Session and Send mail
31-Jan-2017 06:35:55.057 SEVERE [http-nio-8080-exec-2] null.null null
 javax.mail.AuthenticationFailedException: 534-5.7.14 <https://accounts.google.com/signin/continue?sarp=1&scc=1&plt=AKgnsbtB
534-5.7.14 KGpNZs_xhEyb7akPzUaiZgzW3an8yuI_w5cavKmTqKnjttw-Lvf7Q3vgTPQvt7kyml1ILL
534-5.7.14 H-ht1q1ZEYoPoBAQsFFW_d0Hvz0-PwDtnZ4sXxT9Nf7Y8myKjEh3DqG47qz-T_jF5kv3eY
534-5.7.14 G80ffIyvg7A8yViJppB2VDAT1cfE9R9Ipq6QZpk23Cl0NefmQhg_nfvVXDtIbOyAL7JwlO
534-5.7.14 MBLl7XBhEhHSOJmGyjCzD--P5797I> Please log in via your web browser and
534-5.7.14 then try again.
534-5.7.14  Learn more at
534 5.7.14  https://support.google.com/mail/answer/78754 o24sm35226152pfj.78 - gsmtp

	at com.sun.mail.smtp.SMTPTransport$Authenticator.authenticate(SMTPTransport.java:826)
	at com.sun.mail.smtp.SMTPTransport.authenticate(SMTPTransport.java:761)
	at com.sun.mail.smtp.SMTPTransport.protocolConnect(SMTPTransport.java:685)
	at javax.mail.Service.connect(Service.java:366)
	at javax.mail.Service.connect(Service.java:246)
	at org.camunda.bpm.getstarted.pendaftaranbpjs.TaskAssignmentListener.notify(TaskAssignmentListener.java:86)
	at org.camunda.bpm.engine.impl.task.delegate.TaskListenerInvocation.invoke(TaskListenerInvocation.java:41)
	at org.camunda.bpm.engine.impl.delegate.DelegateInvocation.proceed(DelegateInvocation.java:54)
	at org.camunda.bpm.engine.impl.delegate.DefaultDelegateInterceptor.handleInvocationInContext(DefaultDelegateInterceptor.java:86)
	at org.camunda.bpm.engine.impl.delegate.DefaultDelegateInterceptor.handleInvocation(DefaultDelegateInterceptor.java:58)
	at org.camunda.bpm.engine.impl.task.listener.ClassDelegateTaskListener.notify(ClassDelegateTaskListener.java:44)
	at org.camunda.bpm.engine.impl.task.delegate.TaskListenerInvocation.invoke(TaskListenerInvocation.java:41)
	at org.camunda.bpm.engine.impl.delegate.DelegateInvocation.proceed(DelegateInvocation.java:54)
	at org.camunda.bpm.engine.impl.delegate.DefaultDelegateInterceptor.handleInvocationInContext(DefaultDelegateInterceptor.java:86)
	at org.camunda.bpm.engine.impl.delegate.DefaultDelegateInterceptor.handleInvocation(DefaultDelegateInterceptor.java:58)
	at org.camunda.bpm.engine.impl.persistence.entity.TaskEntity.fireEvent(TaskEntity.java:793)
	at org.camunda.bpm.engine.impl.persistence.entity.TaskEntity.setAssignee(TaskEntity.java:705)
	at org.camunda.bpm.engine.impl.task.TaskDecorator.initializeTaskAssignee(TaskDecorator.java:154)
	at org.camunda.bpm.engine.impl.task.TaskDecorator.initializeTaskAssignments(TaskDecorator.java:144)
	at org.camunda.bpm.engine.impl.task.TaskDecorator.decorate(TaskDecorator.java:59)
	at org.camunda.bpm.engine.impl.bpmn.behavior.UserTaskActivityBehavior.execute(UserTaskActivityBehavior.java:45)
	at org.camunda.bpm.engine.impl.pvm.runtime.operation.PvmAtomicOperationActivityExecute.execute(PvmAtomicOperationActivityExecute.java:41)
	at org.camunda.bpm.engine.impl.pvm.runtime.operation.PvmAtomicOperationActivityExecute.execute(PvmAtomicOperationActivityExecute.java:26)
	at org.camunda.bpm.engine.impl.interceptor.AtomicOperationInvocation.execute(AtomicOperationInvocation.java:81)
	at org.camunda.bpm.engine.impl.interceptor.CommandContext.invokeNext(CommandContext.java:180)
	at org.camunda.bpm.engine.impl.interceptor.CommandContext.performNext(CommandContext.java:159)
	at org.camunda.bpm.engine.impl.interceptor.CommandContext.performOperation(CommandContext.java:134)
	at org.camunda.bpm.engine.impl.persistence.entity.ExecutionEntity.performOperation(ExecutionEntity.java:494)
	at org.camunda.bpm.engine.impl.persistence.entity.ExecutionEntity.performOperation(ExecutionEntity.java:471)
	at org.camunda.bpm.engine.impl.pvm.runtime.operation.PvmAtomicOperationTransitionNotifyListenerStart.eventNotificationsCompleted(PvmAtomicOperationTransitionNotifyListenerStart.java:56)
	at org.camunda.bpm.engine.impl.pvm.runtime.operation.PvmAtomicOperationTransitionNotifyListenerStart.eventNotificationsCompleted(PvmAtomicOperationTransitionNotifyListenerStart.java:26)
	at org.camunda.bpm.engine.impl.core.operation.AbstractEventAtomicOperation.execute(AbstractEventAtomicOperation.java:65)
	at org.camunda.bpm.engine.impl.interceptor.AtomicOperationInvocation.execute(AtomicOperationInvocation.java:81)
	at org.camunda.bpm.engine.impl.interceptor.CommandContext.invokeNext(CommandContext.java:180)
	at org.camunda.bpm.engine.impl.interceptor.CommandContext.performNext(CommandContext.java:159)
	at org.camunda.bpm.engine.impl.interceptor.CommandContext.performOperation(CommandContext.java:134)
	at org.camunda.bpm.engine.impl.interceptor.CommandContext.performOperation(CommandContext.java:124)
	at org.camunda.bpm.engine.impl.persistence.entity.ExecutionEntity.performOperationSync(ExecutionEntity.java:505)
	at org.camunda.bpm.engine.impl.persistence.entity.ExecutionEntity.performOperationSync(ExecutionEntity.java:480)
	at org.camunda.bpm.engine.impl.core.operation.AbstractEventAtomicOperation.execute(AbstractEventAtomicOperation.java:58)
	at org.camunda.bpm.engine.impl.interceptor.AtomicOperationInvocation.execute(AtomicOperationInvocation.java:81)
	at org.camunda.bpm.engine.impl.interceptor.CommandContext.invokeNext(CommandContext.java:180)
	at org.camunda.bpm.engine.impl.interceptor.CommandContext.performNext(CommandContext.java:159)
	at org.camunda.bpm.engine.impl.interceptor.CommandContext.performOperation(CommandContext.java:134)
	at org.camunda.bpm.engine.impl.interceptor.CommandContext.performOperation(CommandContext.java:124)
	at org.camunda.bpm.engine.impl.persistence.entity.ExecutionEntity.performOperationSync(ExecutionEntity.java:505)
	at org.camunda.bpm.engine.impl.persistence.entity.ExecutionEntity.performOperationSync(ExecutionEntity.java:480)
	at org.camunda.bpm.engine.impl.core.operation.AbstractEventAtomicOperation.execute(AbstractEventAtomicOperation.java:58)
	at org.camunda.bpm.engine.impl.interceptor.AtomicOperationInvocation.execute(AtomicOperationInvocation.java:81)
	at org.camunda.bpm.engine.impl.interceptor.CommandContext.invokeNext(CommandContext.java:180)
	at org.camunda.bpm.engine.impl.interceptor.CommandContext.performNext(CommandContext.java:159)
	at org.camunda.bpm.engine.impl.interceptor.CommandContext.performOperation(CommandContext.java:134)
	at org.camunda.bpm.engine.impl.interceptor.CommandContext.performOperation(CommandContext.java:124)
	at org.camunda.bpm.engine.impl.persistence.entity.ExecutionEntity.performOperationSync(ExecutionEntity.java:505)
	at org.camunda.bpm.engine.impl.persistence.entity.ExecutionEntity.performOperationSync(ExecutionEntity.java:480)
	at org.camunda.bpm.engine.impl.core.operation.AbstractEventAtomicOperation.execute(AbstractEventAtomicOperation.java:58)
	at org.camunda.bpm.engine.impl.interceptor.AtomicOperationInvocation.execute(AtomicOperationInvocation.java:81)
	at org.camunda.bpm.engine.impl.interceptor.CommandContext.invokeNext(CommandContext.java:180)
	at org.camunda.bpm.engine.impl.interceptor.CommandContext.performNext(CommandContext.java:159)
	at org.camunda.bpm.engine.impl.interceptor.CommandContext.performOperation(CommandContext.java:134)
	at org.camunda.bpm.engine.impl.interceptor.CommandContext.performOperation(CommandContext.java:124)
	at org.camunda.bpm.engine.impl.persistence.entity.ExecutionEntity.performOperationSync(ExecutionEntity.java:505)
	at org.camunda.bpm.engine.impl.persistence.entity.ExecutionEntity.performOperationSync(ExecutionEntity.java:480)
	at org.camunda.bpm.engine.impl.core.operation.AbstractEventAtomicOperation.execute(AbstractEventAtomicOperation.java:58)
	at org.camunda.bpm.engine.impl.interceptor.AtomicOperationInvocation.execute(AtomicOperationInvocation.java:81)
	at org.camunda.bpm.engine.impl.interceptor.CommandContext.invokeNext(CommandContext.java:180)
	at org.camunda.bpm.engine.impl.interceptor.CommandContext.performNext(CommandContext.java:159)
	at org.camunda.bpm.engine.impl.interceptor.CommandContext.performOperation(CommandContext.java:134)
	at org.camunda.bpm.engine.impl.persistence.entity.ExecutionEntity.performOperation(ExecutionEntity.java:494)
	at org.camunda.bpm.engine.impl.persistence.entity.ExecutionEntity.performOperation(ExecutionEntity.java:471)
	at org.camunda.bpm.engine.impl.pvm.runtime.operation.PvmAtomicOperationTransitionCreateScope.scopeCreated(PvmAtomicOperationTransitionCreateScope.java:34)
	at org.camunda.bpm.engine.impl.pvm.runtime.operation.PvmAtomicOperationCreateScope.execute(PvmAtomicOperationCreateScope.java:49)
	at org.camunda.bpm.engine.impl.pvm.runtime.operation.PvmAtomicOperationCreateScope.execute(PvmAtomicOperationCreateScope.java:23)
	at org.camunda.bpm.engine.impl.interceptor.AtomicOperationInvocation.execute(AtomicOperationInvocation.java:81)
	at org.camunda.bpm.engine.impl.interceptor.CommandContext.invokeNext(CommandContext.java:180)
	at org.camunda.bpm.engine.impl.interceptor.CommandContext.performNext(CommandContext.java:167)
	at org.camunda.bpm.engine.impl.interceptor.CommandContext.performOperation(CommandContext.java:134)
	at org.camunda.bpm.engine.impl.persistence.entity.ExecutionEntity.performOperation(ExecutionEntity.java:494)
	at org.camunda.bpm.engine.impl.persistence.entity.ExecutionEntity.performOperation(ExecutionEntity.java:471)
	at org.camunda.bpm.engine.impl.pvm.runtime.PvmExecutionImpl.take(PvmExecutionImpl.java:666)
	at org.camunda.bpm.engine.impl.pvm.runtime.operation.PvmAtomicOperationTransitionDestroyScope.execute(PvmAtomicOperationTransitionDestroyScope.java:85)
	at org.camunda.bpm.engine.impl.pvm.runtime.operation.PvmAtomicOperationTransitionDestroyScope.execute(PvmAtomicOperationTransitionDestroyScope.java:33)
	at org.camunda.bpm.engine.impl.interceptor.AtomicOperationInvocation.execute(AtomicOperationInvocation.java:81)
	at org.camunda.bpm.engine.impl.interceptor.CommandContext.invokeNext(CommandContext.java:180)
	at org.camunda.bpm.engine.impl.interceptor.CommandContext.performNext(CommandContext.java:159)
	at org.camunda.bpm.engine.impl.interceptor.CommandContext.performOperation(CommandContext.java:134)
	at org.camunda.bpm.engine.impl.persistence.entity.ExecutionEntity.performOperation(ExecutionEntity.java:494)
	at org.camunda.bpm.engine.impl.persistence.entity.ExecutionEntity.performOperation(ExecutionEntity.java:471)
	at org.camunda.bpm.engine.impl.pvm.runtime.operation.PvmAtomicOperationTransitionNotifyListenerEnd.eventNotificationsCompleted(PvmAtomicOperationTransitionNotifyListenerEnd.java:37)
	at org.camunda.bpm.engine.impl.pvm.runtime.operation.PvmAtomicOperationTransitionNotifyListenerEnd.eventNotificationsCompleted(PvmAtomicOperationTransitionNotifyListenerEnd.java:23)
	at org.camunda.bpm.engine.impl.core.operation.AbstractEventAtomicOperation.execute(AbstractEventAtomicOperation.java:65)
	at org.camunda.bpm.engine.impl.interceptor.AtomicOperationInvocation.execute(AtomicOperationInvocation.java:81)
	at org.camunda.bpm.engine.impl.interceptor.CommandContext.invokeNext(CommandContext.java:180)
	at org.camunda.bpm.engine.impl.interceptor.CommandContext.performNext(CommandContext.java:159)
	at org.camunda.bpm.engine.impl.interceptor.CommandContext.performOperation(CommandContext.java:134)
	at org.camunda.bpm.engine.impl.interceptor.CommandContext.performOperation(CommandContext.java:124)
	at org.camunda.bpm.engine.impl.persistence.entity.ExecutionEntity.performOperationSync(ExecutionEntity.java:505)
	at org.camunda.bpm.engine.impl.persistence.entity.ExecutionEntity.performOperationSync(ExecutionEntity.java:480)
	at org.camunda.bpm.engine.impl.core.operation.AbstractEventAtomicOperation.execute(AbstractEventAtomicOperation.java:58)
	at org.camunda.bpm.engine.impl.interceptor.AtomicOperationInvocation.execute(AtomicOperationInvocation.java:81)
	at org.camunda.bpm.engine.impl.interceptor.CommandContext.invokeNext(CommandContext.java:180)
	at org.camunda.bpm.engine.impl.interceptor.CommandContext.performNext(CommandContext.java:159)
	at org.camunda.bpm.engine.impl.interceptor.CommandContext.performOperation(CommandContext.java:134)
	at org.camunda.bpm.engine.impl.interceptor.CommandContext.performOperation(CommandContext.java:124)
	at org.camunda.bpm.engine.impl.persistence.entity.ExecutionEntity.performOperationSync(ExecutionEntity.java:505)
	at org.camunda.bpm.engine.impl.persistence.entity.ExecutionEntity.performOperationSync(ExecutionEntity.java:480)
	at org.camunda.bpm.engine.impl.core.operation.AbstractEventAtomicOperation.execute(AbstractEventAtomicOperation.java:58)
	at org.camunda.bpm.engine.impl.interceptor.AtomicOperationInvocation.execute(AtomicOperationInvocation.java:81)
	at org.camunda.bpm.engine.impl.interceptor.CommandContext.invokeNext(CommandContext.java:180)
	at org.camunda.bpm.engine.impl.interceptor.CommandContext.performNext(CommandContext.java:159)
	at org.camunda.bpm.engine.impl.interceptor.CommandContext$1.call(CommandContext.java:150)
	at org.camunda.bpm.engine.impl.interceptor.CommandContext$1.call(CommandContext.java:148)
	at org.camunda.bpm.engine.impl.context.ProcessApplicationClassloaderInterceptor.call(ProcessApplicationClassloaderInterceptor.java:44)
	at org.camunda.bpm.application.AbstractProcessApplication.execute(AbstractProcessApplication.java:109)
	at org.camunda.bpm.engine.impl.context.Context.executeWithinProcessApplication(Context.java:186)
	at org.camunda.bpm.engine.impl.interceptor.CommandContext.performNext(CommandContext.java:148)
	at org.camunda.bpm.engine.impl.interceptor.CommandContext.performOperation(CommandContext.java:134)
	at org.camunda.bpm.engine.impl.persistence.entity.ExecutionEntity.performOperation(ExecutionEntity.java:494)
	at org.camunda.bpm.engine.impl.persistence.entity.ExecutionEntity.performOperation(ExecutionEntity.java:471)
	at org.camunda.bpm.engine.impl.pvm.runtime.PvmExecutionImpl.leaveActivityViaTransitions(PvmExecutionImpl.java:867)
	at org.camunda.bpm.engine.impl.pvm.runtime.PvmExecutionImpl.leaveActivityViaTransition(PvmExecutionImpl.java:839)
	at org.camunda.bpm.engine.impl.bpmn.behavior.BpmnActivityBehavior.performOutgoingBehavior(BpmnActivityBehavior.java:101)
	at org.camunda.bpm.engine.impl.bpmn.behavior.BpmnActivityBehavior.performDefaultOutgoingBehavior(BpmnActivityBehavior.java:52)
	at org.camunda.bpm.engine.impl.bpmn.behavior.FlowNodeActivityBehavior.leave(FlowNodeActivityBehavior.java:46)
	at org.camunda.bpm.engine.impl.bpmn.behavior.AbstractBpmnActivityBehavior.leave(AbstractBpmnActivityBehavior.java:68)
	at org.camunda.bpm.engine.impl.bpmn.behavior.UserTaskActivityBehavior.signal(UserTaskActivityBehavior.java:56)
	at org.camunda.bpm.engine.impl.pvm.runtime.PvmExecutionImpl.signal(PvmExecutionImpl.java:645)
	at org.camunda.bpm.engine.impl.persistence.entity.TaskEntity.complete(TaskEntity.java:242)
	at org.camunda.bpm.engine.impl.cmd.SubmitTaskFormCmd.execute(SubmitTaskFormCmd.java:73)
	at org.camunda.bpm.engine.impl.interceptor.CommandExecutorImpl.execute(CommandExecutorImpl.java:24)
	at org.camunda.bpm.engine.impl.interceptor.CommandContextInterceptor.execute(CommandContextInterceptor.java:95)
	at org.camunda.bpm.engine.impl.interceptor.LogInterceptor.execute(LogInterceptor.java:30)
	at org.camunda.bpm.engine.impl.FormServiceImpl.submitTaskForm(FormServiceImpl.java:86)
	at org.camunda.bpm.engine.rest.sub.task.impl.TaskResourceImpl.submit(TaskResourceImpl.java:109)
	at sun.reflect.NativeMethodAccessorImpl.invoke0(Native Method)
	at sun.reflect.NativeMethodAccessorImpl.invoke(Unknown Source)
	at sun.reflect.DelegatingMethodAccessorImpl.invoke(Unknown Source)
	at java.lang.reflect.Method.invoke(Unknown Source)
	at org.jboss.resteasy.core.MethodInjectorImpl.invoke(MethodInjectorImpl.java:167)
	at org.jboss.resteasy.core.ResourceMethod.invokeOnTarget(ResourceMethod.java:257)
	at org.jboss.resteasy.core.ResourceMethod.invoke(ResourceMethod.java:222)
	at org.jboss.resteasy.core.ResourceLocator.invokeOnTargetObject(ResourceLocator.java:159)
	at org.jboss.resteasy.core.ResourceLocator.invoke(ResourceLocator.java:107)
	at org.jboss.resteasy.core.ResourceLocator.invokeOnTargetObject(ResourceLocator.java:154)
	at org.jboss.resteasy.core.ResourceLocator.invoke(ResourceLocator.java:92)
	at org.jboss.resteasy.core.SynchronousDispatcher.getResponse(SynchronousDispatcher.java:542)
	at org.jboss.resteasy.core.SynchronousDispatcher.invoke(SynchronousDispatcher.java:524)
	at org.jboss.resteasy.core.SynchronousDispatcher.invoke(SynchronousDispatcher.java:126)
	at org.jboss.resteasy.plugins.server.servlet.ServletContainerDispatcher.service(ServletContainerDispatcher.java:208)
	at org.jboss.resteasy.plugins.server.servlet.HttpServletDispatcher.service(HttpServletDispatcher.java:55)
	at org.jboss.resteasy.plugins.server.servlet.HttpServletDispatcher.service(HttpServletDispatcher.java:50)
	at javax.servlet.http.HttpServlet.service(HttpServlet.java:729)
	at org.apache.catalina.core.ApplicationFilterChain.internalDoFilter(ApplicationFilterChain.java:291)
	at org.apache.catalina.core.ApplicationFilterChain.doFilter(ApplicationFilterChain.java:206)
	at org.apache.tomcat.websocket.server.WsFilter.doFilter(WsFilter.java:52)
	at org.apache.catalina.core.ApplicationFilterChain.internalDoFilter(ApplicationFilterChain.java:239)
	at org.apache.catalina.core.ApplicationFilterChain.doFilter(ApplicationFilterChain.java:206)
	at org.camunda.bpm.engine.rest.filter.CacheControlFilter.doFilter(CacheControlFilter.java:41)
	at org.apache.catalina.core.ApplicationFilterChain.internalDoFilter(ApplicationFilterChain.java:239)
	at org.apache.catalina.core.ApplicationFilterChain.doFilter(ApplicationFilterChain.java:206)
	at org.camunda.bpm.webapp.impl.security.filter.SecurityFilter.doFilterSecure(SecurityFilter.java:67)
	at org.camunda.bpm.webapp.impl.security.filter.SecurityFilter.doFilter(SecurityFilter.java:51)
	at org.apache.catalina.core.ApplicationFilterChain.internalDoFilter(ApplicationFilterChain.java:239)
	at org.apache.catalina.core.ApplicationFilterChain.doFilter(ApplicationFilterChain.java:206)
	at org.camunda.bpm.webapp.impl.security.auth.AuthenticationFilter$1.execute(AuthenticationFilter.java:59)
	at org.camunda.bpm.webapp.impl.security.auth.AuthenticationFilter$1.execute(AuthenticationFilter.java:56)
	at org.camunda.bpm.webapp.impl.security.SecurityActions.runWithAuthentications(SecurityActions.java:38)
	at org.camunda.bpm.webapp.impl.security.auth.AuthenticationFilter.doFilter(AuthenticationFilter.java:56)
	at org.apache.catalina.core.ApplicationFilterChain.internalDoFilter(ApplicationFilterChain.java:239)
	at org.apache.catalina.core.ApplicationFilterChain.doFilter(ApplicationFilterChain.java:206)
	at org.apache.catalina.core.StandardWrapperValve.invoke(StandardWrapperValve.java:219)
	at org.apache.catalina.core.StandardContextValve.invoke(StandardContextValve.java:106)
	at org.apache.catalina.authenticator.AuthenticatorBase.invoke(AuthenticatorBase.java:502)
	at org.apache.catalina.core.StandardHostValve.invoke(StandardHostValve.java:142)
	at org.apache.catalina.valves.ErrorReportValve.invoke(ErrorReportValve.java:79)
	at org.apache.catalina.valves.AbstractAccessLogValve.invoke(AbstractAccessLogValve.java:617)
	at org.apache.catalina.core.StandardEngineValve.invoke(StandardEngineValve.java:88)
	at org.apache.catalina.connector.CoyoteAdapter.service(CoyoteAdapter.java:518)
	at org.apache.coyote.http11.AbstractHttp11Processor.process(AbstractHttp11Processor.java:1091)
	at org.apache.coyote.AbstractProtocol$AbstractConnectionHandler.process(AbstractProtocol.java:668)
	at org.apache.tomcat.util.net.NioEndpoint$SocketProcessor.doRun(NioEndpoint.java:1527)
	at org.apache.tomcat.util.net.NioEndpoint$SocketProcessor.run(NioEndpoint.java:1484)
	at java.util.concurrent.ThreadPoolExecutor.runWorker(Unknown Source)
	at java.util.concurrent.ThreadPoolExecutor$Worker.run(Unknown Source)
	at org.apache.tomcat.util.threads.TaskThread$WrappingRunnable.run(TaskThread.java:61)
	at java.lang.Thread.run(Unknown Source)

31-Jan-2017 06:38:04.065 INFO [http-nio-8080-exec-21] null.null enter class
31-Jan-2017 06:38:04.069 INFO [http-nio-8080-exec-21] null.null 
 1st ===> setup Mail Server Properties..
31-Jan-2017 06:38:04.070 INFO [http-nio-8080-exec-21] null.null 

 2nd ===> get Mail Session..
31-Jan-2017 06:38:04.072 INFO [http-nio-8080-exec-21] null.null Mail Session has been created successfully..
31-Jan-2017 06:38:04.074 INFO [http-nio-8080-exec-21] null.null 

 3rd ===> Get Session and Send mail
