27-Feb-2017 08:44:34.925 INFO [main] org.apache.catalina.startup.VersionLoggerListener.log Server version:        Apache Tomcat/8.0.24
27-Feb-2017 08:44:34.929 INFO [main] org.apache.catalina.startup.VersionLoggerListener.log Server built:          Jul 1 2015 20:19:55 UTC
27-Feb-2017 08:44:34.930 INFO [main] org.apache.catalina.startup.VersionLoggerListener.log Server number:         8.0.24.0
27-Feb-2017 08:44:34.931 INFO [main] org.apache.catalina.startup.VersionLoggerListener.log OS Name:               Windows 8.1
27-Feb-2017 08:44:34.931 INFO [main] org.apache.catalina.startup.VersionLoggerListener.log OS Version:            6.3
27-Feb-2017 08:44:34.932 INFO [main] org.apache.catalina.startup.VersionLoggerListener.log Architecture:          x86
27-Feb-2017 08:44:34.932 INFO [main] org.apache.catalina.startup.VersionLoggerListener.log Java Home:             C:\Program Files (x86)\Java\jre1.8.0_74
27-Feb-2017 08:44:34.935 INFO [main] org.apache.catalina.startup.VersionLoggerListener.log JVM Version:           1.8.0_74-b02
27-Feb-2017 08:44:34.938 INFO [main] org.apache.catalina.startup.VersionLoggerListener.log JVM Vendor:            Oracle Corporation
27-Feb-2017 08:44:34.939 INFO [main] org.apache.catalina.startup.VersionLoggerListener.log CATALINA_BASE:         D:\Skripsi 2\Skripsi\0. Bahan\MPB\camunda-bpm-tomcat-7.4.0\server\apache-tomcat-8.0.24
27-Feb-2017 08:44:34.942 INFO [main] org.apache.catalina.startup.VersionLoggerListener.log CATALINA_HOME:         D:\Skripsi 2\Skripsi\0. Bahan\MPB\camunda-bpm-tomcat-7.4.0\server\apache-tomcat-8.0.24
27-Feb-2017 08:44:34.946 INFO [main] org.apache.catalina.startup.VersionLoggerListener.log Command line argument: -Djava.util.logging.config.file=D:\Skripsi 2\Skripsi\0. Bahan\MPB\camunda-bpm-tomcat-7.4.0\server\apache-tomcat-8.0.24\conf\logging.properties
27-Feb-2017 08:44:34.953 INFO [main] org.apache.catalina.startup.VersionLoggerListener.log Command line argument: -Djava.util.logging.manager=org.apache.juli.ClassLoaderLogManager
27-Feb-2017 08:44:34.957 INFO [main] org.apache.catalina.startup.VersionLoggerListener.log Command line argument: -Xmx512m
27-Feb-2017 08:44:34.959 INFO [main] org.apache.catalina.startup.VersionLoggerListener.log Command line argument: -XX:MaxPermSize=256m
27-Feb-2017 08:44:34.962 INFO [main] org.apache.catalina.startup.VersionLoggerListener.log Command line argument: -XX:PermSize=256m
27-Feb-2017 08:44:34.968 INFO [main] org.apache.catalina.startup.VersionLoggerListener.log Command line argument: -Djava.endorsed.dirs=D:\Skripsi 2\Skripsi\0. Bahan\MPB\camunda-bpm-tomcat-7.4.0\server\apache-tomcat-8.0.24\endorsed
27-Feb-2017 08:44:34.971 INFO [main] org.apache.catalina.startup.VersionLoggerListener.log Command line argument: -Dcatalina.base=D:\Skripsi 2\Skripsi\0. Bahan\MPB\camunda-bpm-tomcat-7.4.0\server\apache-tomcat-8.0.24
27-Feb-2017 08:44:34.974 INFO [main] org.apache.catalina.startup.VersionLoggerListener.log Command line argument: -Dcatalina.home=D:\Skripsi 2\Skripsi\0. Bahan\MPB\camunda-bpm-tomcat-7.4.0\server\apache-tomcat-8.0.24
27-Feb-2017 08:44:34.977 INFO [main] org.apache.catalina.startup.VersionLoggerListener.log Command line argument: -Djava.io.tmpdir=D:\Skripsi 2\Skripsi\0. Bahan\MPB\camunda-bpm-tomcat-7.4.0\server\apache-tomcat-8.0.24\temp
27-Feb-2017 08:44:34.980 INFO [main] org.apache.catalina.core.AprLifecycleListener.lifecycleEvent The APR based Apache Tomcat Native library which allows optimal performance in production environments was not found on the java.library.path: C:\Program Files (x86)\Java\jre1.8.0_74\bin;C:\Windows\Sun\Java\bin;C:\Windows\system32;C:\Windows;C:\Program Files\Broadcom\Broadcom 802.11;C:\ProgramData\Oracle\Java\javapath;C:\Windows\system32;C:\Windows;C:\Windows\System32\Wbem;C:\Windows\System32\WindowsPowerShell\v1.0\;C:\Program Files (x86)\Skype\Phone\;C:\Program Files\nodejs\;C:\Program Files\Git\bin;C:\Program Files\Java\jdk1.8.0_65;C:\Program Files\Java\jre1.8.0_65;C:\xampp\php;C:\ProgramData\ComposerSetup\bin;C:\Program Files (x86)\OpenVPN\bin;C:\Program Files\TortoiseGit\bin;C:\Python27;C:\Program Files\MiKTeX 2.9\miktex\bin\x64\;C:\Users\LukeOne\AppData\Roaming\npm;C:\Users\LukeOne\AppData\Roaming\Composer\vendor\bin;C:\Users\LukeOne\AppData\Local\atom\bin;C:\Python27;.
27-Feb-2017 08:44:42.980 INFO [main] org.apache.coyote.AbstractProtocol.init Initializing ProtocolHandler ["http-nio-8080"]
27-Feb-2017 08:44:44.173 INFO [main] org.apache.tomcat.util.net.NioSelectorPool.getSharedSelector Using a shared selector for servlet write/read
27-Feb-2017 08:44:44.188 INFO [main] org.apache.coyote.AbstractProtocol.init Initializing ProtocolHandler ["ajp-nio-8009"]
27-Feb-2017 08:44:44.215 INFO [main] org.apache.tomcat.util.net.NioSelectorPool.getSharedSelector Using a shared selector for servlet write/read
27-Feb-2017 08:44:44.219 INFO [main] org.apache.catalina.startup.Catalina.load Initialization processed in 17664 ms
27-Feb-2017 08:44:44.414 WARNING [main] org.apache.tomcat.jdbc.pool.ConnectionPool.init maxIdle is larger than maxActive, setting maxIdle to: 20
27-Feb-2017 08:44:53.786 INFO [main] org.camunda.commons.logging.BaseLogger.logInfo ENGINE-08046 Found camunda bpm platform configuration in CATALINA_BASE/CATALINA_HOME conf directory [D:\Skripsi 2\Skripsi\0. Bahan\MPB\camunda-bpm-tomcat-7.4.0\server\apache-tomcat-8.0.24\conf\bpm-platform.xml] at 'file:/D:/Skripsi%202/Skripsi/0.%20Bahan/MPB/camunda-bpm-tomcat-7.4.0/server/apache-tomcat-8.0.24/conf/bpm-platform.xml'
27-Feb-2017 08:44:59.195 INFO [main] org.camunda.commons.logging.BaseLogger.logInfo ENGINE-12003 Plugin 'ProcessApplicationEventListenerPlugin' activated on process engine 'default'
27-Feb-2017 08:44:59.211 INFO [main] org.camunda.commons.logging.BaseLogger.logInfo ENGINE-12003 Plugin 'SpinProcessEnginePlugin' activated on process engine 'default'
27-Feb-2017 08:44:59.289 INFO [main] org.camunda.commons.logging.BaseLogger.logInfo SPIN-01010 Discovered Spin data format provider: org.camunda.spin.impl.json.jackson.format.JacksonJsonDataFormatProvider[name = application/json]
27-Feb-2017 08:45:00.688 INFO [main] org.camunda.commons.logging.BaseLogger.logInfo SPIN-01010 Discovered Spin data format provider: org.camunda.spin.impl.xml.dom.format.DomXmlDataFormatProvider[name = application/xml]
27-Feb-2017 08:45:02.252 INFO [main] org.camunda.commons.logging.BaseLogger.logInfo SPIN-01009 Discovered Spin data format: org.camunda.spin.impl.xml.dom.format.DomXmlDataFormat[name = application/xml]
27-Feb-2017 08:45:02.253 INFO [main] org.camunda.commons.logging.BaseLogger.logInfo SPIN-01009 Discovered Spin data format: org.camunda.spin.impl.json.jackson.format.JacksonJsonDataFormat[name = application/json]
27-Feb-2017 08:45:02.254 INFO [main] org.camunda.commons.logging.BaseLogger.logInfo ENGINE-12003 Plugin 'ConnectProcessEnginePlugin' activated on process engine 'default'
27-Feb-2017 08:45:05.921 INFO [main] org.camunda.commons.logging.BaseLogger.logInfo CNCT-01004 Discovered provider for connector id 'http-connector' and class 'org.camunda.connect.httpclient.impl.HttpConnectorImpl': 'org.camunda.connect.httpclient.impl.HttpConnectorProviderImpl'
27-Feb-2017 08:45:05.922 INFO [main] org.camunda.commons.logging.BaseLogger.logInfo CNCT-01004 Discovered provider for connector id 'soap-http-connector' and class 'org.camunda.connect.httpclient.soap.impl.SoapHttpConnectorImpl': 'org.camunda.connect.httpclient.soap.impl.SoapHttpConnectorProviderImpl'
27-Feb-2017 08:45:16.113 INFO [main] org.camunda.commons.logging.BaseLogger.logInfo ENGINE-00001 Process Engine default created.
27-Feb-2017 08:45:16.117 INFO [main] org.camunda.commons.logging.BaseLogger.logInfo ENGINE-14014 Starting up the JobExecutor[org.camunda.bpm.engine.impl.jobexecutor.RuntimeContainerJobExecutor].
27-Feb-2017 08:45:16.123 INFO [Thread-6] org.camunda.commons.logging.BaseLogger.logInfo ENGINE-14018 JobExecutor[org.camunda.bpm.engine.impl.jobexecutor.RuntimeContainerJobExecutor] starting to acquire jobs
27-Feb-2017 08:45:16.305 INFO [main] org.camunda.commons.logging.BaseLogger.logInfo ENGINE-08048 Camunda BPM platform sucessfully started at 'Apache Tomcat/8.0.24'.
27-Feb-2017 08:45:16.404 INFO [main] org.apache.catalina.core.StandardService.startInternal Starting service Catalina
27-Feb-2017 08:45:16.405 INFO [main] org.apache.catalina.core.StandardEngine.startInternal Starting Servlet Engine: Apache Tomcat/8.0.24
27-Feb-2017 08:45:16.709 INFO [localhost-startStop-1] org.apache.catalina.startup.HostConfig.deployWAR Deploying web application archive D:\Skripsi 2\Skripsi\0. Bahan\MPB\camunda-bpm-tomcat-7.4.0\server\apache-tomcat-8.0.24\webapps\pendaftaran-bpjs-0.0.1-SNAPSHOT.war
27-Feb-2017 08:45:27.267 INFO [localhost-startStop-1] org.camunda.commons.logging.BaseLogger.logInfo ENGINE-07015 Detected @ProcessApplication class 'org.camunda.bpm.getstarted.pendaftaranbpjs.PendaftaranBPJS'
27-Feb-2017 08:45:27.537 INFO [localhost-startStop-1] org.apache.jasper.servlet.TldScanner.scanJars At least one JAR was scanned for TLDs yet contained no TLDs. Enable debug logging for this logger for a complete list of JARs that were scanned but no TLDs were found in them. Skipping unneeded JARs during scanning can improve startup time and JSP compilation time.
27-Feb-2017 08:45:27.670 INFO [localhost-startStop-1] org.camunda.commons.logging.BaseLogger.logInfo ENGINE-08024 Found processes.xml file at file:/D:/Skripsi%202/Skripsi/0.%20Bahan/MPB/camunda-bpm-tomcat-7.4.0/server/apache-tomcat-8.0.24/webapps/pendaftaran-bpjs-0.0.1-SNAPSHOT/WEB-INF/classes/META-INF/processes.xml
27-Feb-2017 08:45:27.740 INFO [localhost-startStop-1] org.camunda.commons.logging.BaseLogger.logInfo ENGINE-08023 Deployment summary for process archive 'pendaftaran-bpjs': 

        pendaftaran-bpjs.bpmn

27-Feb-2017 08:45:29.272 INFO [localhost-startStop-1] org.camunda.commons.logging.BaseLogger.logInfo ENGINE-08050 Process application PendaftaranBPJS App successfully deployed
27-Feb-2017 08:45:29.344 INFO [localhost-startStop-1] org.apache.catalina.startup.HostConfig.deployWAR Deployment of web application archive D:\Skripsi 2\Skripsi\0. Bahan\MPB\camunda-bpm-tomcat-7.4.0\server\apache-tomcat-8.0.24\webapps\pendaftaran-bpjs-0.0.1-SNAPSHOT.war has finished in 12,633 ms
27-Feb-2017 08:45:29.348 INFO [localhost-startStop-1] org.apache.catalina.startup.HostConfig.deployDirectory Deploying web application directory D:\Skripsi 2\Skripsi\0. Bahan\MPB\camunda-bpm-tomcat-7.4.0\server\apache-tomcat-8.0.24\webapps\camunda
27-Feb-2017 08:45:39.713 INFO [localhost-startStop-1] org.apache.jasper.servlet.TldScanner.scanJars At least one JAR was scanned for TLDs yet contained no TLDs. Enable debug logging for this logger for a complete list of JARs that were scanned but no TLDs were found in them. Skipping unneeded JARs during scanning can improve startup time and JSP compilation time.
27-Feb-2017 08:45:40.554 INFO [localhost-startStop-1] org.apache.catalina.startup.HostConfig.deployDirectory Deployment of web application directory D:\Skripsi 2\Skripsi\0. Bahan\MPB\camunda-bpm-tomcat-7.4.0\server\apache-tomcat-8.0.24\webapps\camunda has finished in 11,206 ms
27-Feb-2017 08:45:40.555 INFO [localhost-startStop-1] org.apache.catalina.startup.HostConfig.deployDirectory Deploying web application directory D:\Skripsi 2\Skripsi\0. Bahan\MPB\camunda-bpm-tomcat-7.4.0\server\apache-tomcat-8.0.24\webapps\camunda-invoice
27-Feb-2017 08:45:45.673 INFO [localhost-startStop-1] org.camunda.commons.logging.BaseLogger.logInfo ENGINE-07015 Detected @ProcessApplication class 'org.camunda.bpm.example.invoice.InvoiceProcessApplication'
27-Feb-2017 08:45:45.741 INFO [localhost-startStop-1] org.apache.jasper.servlet.TldScanner.scanJars At least one JAR was scanned for TLDs yet contained no TLDs. Enable debug logging for this logger for a complete list of JARs that were scanned but no TLDs were found in them. Skipping unneeded JARs during scanning can improve startup time and JSP compilation time.
27-Feb-2017 08:45:45.750 INFO [localhost-startStop-1] org.camunda.commons.logging.BaseLogger.logInfo ENGINE-08024 Found processes.xml file at file:/D:/Skripsi%202/Skripsi/0.%20Bahan/MPB/camunda-bpm-tomcat-7.4.0/server/apache-tomcat-8.0.24/webapps/camunda-invoice/WEB-INF/classes/META-INF/processes.xml
27-Feb-2017 08:45:45.899 INFO [localhost-startStop-1] org.camunda.commons.logging.BaseLogger.logInfo ENGINE-08023 Deployment summary for process archive 'camunda-invoice': 

        invoice.png
        assign-approver-groups.dmn
        invoice.bpmn

27-Feb-2017 08:45:50.697 INFO [localhost-startStop-1] org.camunda.commons.logging.BaseLogger.logInfo ENGINE-08050 Process application camunda-invoice successfully deployed
27-Feb-2017 08:45:50.707 INFO [localhost-startStop-1] org.apache.catalina.startup.HostConfig.deployDirectory Deployment of web application directory D:\Skripsi 2\Skripsi\0. Bahan\MPB\camunda-bpm-tomcat-7.4.0\server\apache-tomcat-8.0.24\webapps\camunda-invoice has finished in 10,151 ms
27-Feb-2017 08:45:50.708 INFO [localhost-startStop-1] org.apache.catalina.startup.HostConfig.deployDirectory Deploying web application directory D:\Skripsi 2\Skripsi\0. Bahan\MPB\camunda-bpm-tomcat-7.4.0\server\apache-tomcat-8.0.24\webapps\camunda-welcome
27-Feb-2017 08:45:56.154 INFO [localhost-startStop-1] org.apache.jasper.servlet.TldScanner.scanJars At least one JAR was scanned for TLDs yet contained no TLDs. Enable debug logging for this logger for a complete list of JARs that were scanned but no TLDs were found in them. Skipping unneeded JARs during scanning can improve startup time and JSP compilation time.
27-Feb-2017 08:45:56.164 INFO [localhost-startStop-1] org.apache.catalina.startup.HostConfig.deployDirectory Deployment of web application directory D:\Skripsi 2\Skripsi\0. Bahan\MPB\camunda-bpm-tomcat-7.4.0\server\apache-tomcat-8.0.24\webapps\camunda-welcome has finished in 5,455 ms
27-Feb-2017 08:45:56.166 INFO [localhost-startStop-1] org.apache.catalina.startup.HostConfig.deployDirectory Deploying web application directory D:\Skripsi 2\Skripsi\0. Bahan\MPB\camunda-bpm-tomcat-7.4.0\server\apache-tomcat-8.0.24\webapps\docs
27-Feb-2017 08:46:01.235 INFO [localhost-startStop-1] org.apache.jasper.servlet.TldScanner.scanJars At least one JAR was scanned for TLDs yet contained no TLDs. Enable debug logging for this logger for a complete list of JARs that were scanned but no TLDs were found in them. Skipping unneeded JARs during scanning can improve startup time and JSP compilation time.
27-Feb-2017 08:46:01.269 INFO [localhost-startStop-1] org.apache.catalina.startup.HostConfig.deployDirectory Deployment of web application directory D:\Skripsi 2\Skripsi\0. Bahan\MPB\camunda-bpm-tomcat-7.4.0\server\apache-tomcat-8.0.24\webapps\docs has finished in 5,103 ms
27-Feb-2017 08:46:01.271 INFO [localhost-startStop-1] org.apache.catalina.startup.HostConfig.deployDirectory Deploying web application directory D:\Skripsi 2\Skripsi\0. Bahan\MPB\camunda-bpm-tomcat-7.4.0\server\apache-tomcat-8.0.24\webapps\engine-rest
27-Feb-2017 08:46:15.375 INFO [localhost-startStop-1] org.apache.jasper.servlet.TldScanner.scanJars At least one JAR was scanned for TLDs yet contained no TLDs. Enable debug logging for this logger for a complete list of JARs that were scanned but no TLDs were found in them. Skipping unneeded JARs during scanning can improve startup time and JSP compilation time.
27-Feb-2017 08:46:15.696 INFO [localhost-startStop-1] org.jboss.resteasy.logging.impl.Slf4jLogger.info Deploying javax.ws.rs.core.Application: class org.camunda.bpm.engine.rest.impl.application.DefaultApplication
27-Feb-2017 08:46:15.925 INFO [localhost-startStop-1] org.apache.catalina.startup.HostConfig.deployDirectory Deployment of web application directory D:\Skripsi 2\Skripsi\0. Bahan\MPB\camunda-bpm-tomcat-7.4.0\server\apache-tomcat-8.0.24\webapps\engine-rest has finished in 14,654 ms
27-Feb-2017 08:46:15.927 INFO [localhost-startStop-1] org.apache.catalina.startup.HostConfig.deployDirectory Deploying web application directory D:\Skripsi 2\Skripsi\0. Bahan\MPB\camunda-bpm-tomcat-7.4.0\server\apache-tomcat-8.0.24\webapps\examples
27-Feb-2017 08:46:22.975 INFO [localhost-startStop-1] org.apache.jasper.servlet.TldScanner.scanJars At least one JAR was scanned for TLDs yet contained no TLDs. Enable debug logging for this logger for a complete list of JARs that were scanned but no TLDs were found in them. Skipping unneeded JARs during scanning can improve startup time and JSP compilation time.
27-Feb-2017 08:46:23.136 INFO [localhost-startStop-1] org.apache.catalina.startup.HostConfig.deployDirectory Deployment of web application directory D:\Skripsi 2\Skripsi\0. Bahan\MPB\camunda-bpm-tomcat-7.4.0\server\apache-tomcat-8.0.24\webapps\examples has finished in 7,210 ms
27-Feb-2017 08:46:23.137 INFO [localhost-startStop-1] org.apache.catalina.startup.HostConfig.deployDirectory Deploying web application directory D:\Skripsi 2\Skripsi\0. Bahan\MPB\camunda-bpm-tomcat-7.4.0\server\apache-tomcat-8.0.24\webapps\h2
27-Feb-2017 08:46:28.700 INFO [localhost-startStop-1] org.apache.jasper.servlet.TldScanner.scanJars At least one JAR was scanned for TLDs yet contained no TLDs. Enable debug logging for this logger for a complete list of JARs that were scanned but no TLDs were found in them. Skipping unneeded JARs during scanning can improve startup time and JSP compilation time.
27-Feb-2017 08:46:28.726 INFO [localhost-startStop-1] org.apache.catalina.startup.HostConfig.deployDirectory Deployment of web application directory D:\Skripsi 2\Skripsi\0. Bahan\MPB\camunda-bpm-tomcat-7.4.0\server\apache-tomcat-8.0.24\webapps\h2 has finished in 5,589 ms
27-Feb-2017 08:46:28.728 INFO [localhost-startStop-1] org.apache.catalina.startup.HostConfig.deployDirectory Deploying web application directory D:\Skripsi 2\Skripsi\0. Bahan\MPB\camunda-bpm-tomcat-7.4.0\server\apache-tomcat-8.0.24\webapps\host-manager
27-Feb-2017 08:46:33.887 INFO [localhost-startStop-1] org.apache.jasper.servlet.TldScanner.scanJars At least one JAR was scanned for TLDs yet contained no TLDs. Enable debug logging for this logger for a complete list of JARs that were scanned but no TLDs were found in them. Skipping unneeded JARs during scanning can improve startup time and JSP compilation time.
27-Feb-2017 08:46:33.903 INFO [localhost-startStop-1] org.apache.catalina.startup.HostConfig.deployDirectory Deployment of web application directory D:\Skripsi 2\Skripsi\0. Bahan\MPB\camunda-bpm-tomcat-7.4.0\server\apache-tomcat-8.0.24\webapps\host-manager has finished in 5,176 ms
27-Feb-2017 08:46:33.905 INFO [localhost-startStop-1] org.apache.catalina.startup.HostConfig.deployDirectory Deploying web application directory D:\Skripsi 2\Skripsi\0. Bahan\MPB\camunda-bpm-tomcat-7.4.0\server\apache-tomcat-8.0.24\webapps\loan-approval-0.1.0-SNAPSHOT
27-Feb-2017 08:46:39.191 INFO [localhost-startStop-1] org.camunda.commons.logging.BaseLogger.logInfo ENGINE-07015 Detected @ProcessApplication class 'org.camunda.bpm.getstarted.loanapproval.LoanApprovalApplication'
27-Feb-2017 08:46:39.272 INFO [localhost-startStop-1] org.apache.jasper.servlet.TldScanner.scanJars At least one JAR was scanned for TLDs yet contained no TLDs. Enable debug logging for this logger for a complete list of JARs that were scanned but no TLDs were found in them. Skipping unneeded JARs during scanning can improve startup time and JSP compilation time.
27-Feb-2017 08:46:39.279 INFO [localhost-startStop-1] org.camunda.commons.logging.BaseLogger.logInfo ENGINE-08024 Found processes.xml file at file:/D:/Skripsi%202/Skripsi/0.%20Bahan/MPB/camunda-bpm-tomcat-7.4.0/server/apache-tomcat-8.0.24/webapps/loan-approval-0.1.0-SNAPSHOT/WEB-INF/classes/META-INF/processes.xml
27-Feb-2017 08:46:39.355 INFO [localhost-startStop-1] org.camunda.commons.logging.BaseLogger.logInfo ENGINE-08023 Deployment summary for process archive 'loan-approval': 

        loan-approval.bpmn

27-Feb-2017 08:46:39.450 INFO [localhost-startStop-1] org.camunda.commons.logging.BaseLogger.logInfo ENGINE-08050 Process application Loan Approval App successfully deployed
27-Feb-2017 08:46:39.462 INFO [localhost-startStop-1] org.apache.catalina.startup.HostConfig.deployDirectory Deployment of web application directory D:\Skripsi 2\Skripsi\0. Bahan\MPB\camunda-bpm-tomcat-7.4.0\server\apache-tomcat-8.0.24\webapps\loan-approval-0.1.0-SNAPSHOT has finished in 5,556 ms
27-Feb-2017 08:46:39.463 INFO [localhost-startStop-1] org.apache.catalina.startup.HostConfig.deployDirectory Deploying web application directory D:\Skripsi 2\Skripsi\0. Bahan\MPB\camunda-bpm-tomcat-7.4.0\server\apache-tomcat-8.0.24\webapps\manager
27-Feb-2017 08:46:44.637 INFO [localhost-startStop-1] org.apache.jasper.servlet.TldScanner.scanJars At least one JAR was scanned for TLDs yet contained no TLDs. Enable debug logging for this logger for a complete list of JARs that were scanned but no TLDs were found in them. Skipping unneeded JARs during scanning can improve startup time and JSP compilation time.
27-Feb-2017 08:46:44.649 INFO [localhost-startStop-1] org.apache.catalina.startup.HostConfig.deployDirectory Deployment of web application directory D:\Skripsi 2\Skripsi\0. Bahan\MPB\camunda-bpm-tomcat-7.4.0\server\apache-tomcat-8.0.24\webapps\manager has finished in 5,186 ms
27-Feb-2017 08:46:44.650 INFO [localhost-startStop-1] org.apache.catalina.startup.HostConfig.deployDirectory Deploying web application directory D:\Skripsi 2\Skripsi\0. Bahan\MPB\camunda-bpm-tomcat-7.4.0\server\apache-tomcat-8.0.24\webapps\ROOT
27-Feb-2017 08:46:50.068 INFO [localhost-startStop-1] org.apache.jasper.servlet.TldScanner.scanJars At least one JAR was scanned for TLDs yet contained no TLDs. Enable debug logging for this logger for a complete list of JARs that were scanned but no TLDs were found in them. Skipping unneeded JARs during scanning can improve startup time and JSP compilation time.
27-Feb-2017 08:46:50.078 INFO [localhost-startStop-1] org.apache.catalina.startup.HostConfig.deployDirectory Deployment of web application directory D:\Skripsi 2\Skripsi\0. Bahan\MPB\camunda-bpm-tomcat-7.4.0\server\apache-tomcat-8.0.24\webapps\ROOT has finished in 5,427 ms
27-Feb-2017 08:46:50.087 INFO [main] org.apache.coyote.AbstractProtocol.start Starting ProtocolHandler ["http-nio-8080"]
27-Feb-2017 08:46:50.115 INFO [main] org.apache.coyote.AbstractProtocol.start Starting ProtocolHandler ["ajp-nio-8009"]
27-Feb-2017 08:46:50.121 INFO [main] org.apache.catalina.startup.Catalina.start Server startup in 125900 ms
27-Feb-2017 08:47:00.908 INFO [http-nio-8080-exec-10] org.jboss.resteasy.logging.impl.Slf4jLogger.info Deploying javax.ws.rs.core.Application: class org.camunda.bpm.tasklist.impl.web.TasklistApplication
27-Feb-2017 08:47:01.591 INFO [http-nio-8080-exec-3] org.jboss.resteasy.logging.impl.Slf4jLogger.info Deploying javax.ws.rs.core.Application: class org.camunda.bpm.webapp.impl.engine.EngineRestApplication
27-Feb-2017 08:47:01.694 INFO [http-nio-8080-exec-4] org.jboss.resteasy.logging.impl.Slf4jLogger.info Deploying javax.ws.rs.core.Application: class org.camunda.bpm.admin.impl.web.AdminApplication
27-Feb-2017 08:52:14.671 INFO [http-nio-8080-exec-10] null.null enter class
27-Feb-2017 08:52:14.686 INFO [http-nio-8080-exec-10] org.camunda.bpm.getstarted.pendaftaranbpjs.TaskAssignmentListener.notify 
 1st ===> setup Mail Server Properties..
27-Feb-2017 08:52:14.687 INFO [http-nio-8080-exec-10] null.null 

 2nd ===> get Mail Session..
27-Feb-2017 08:52:14.885 INFO [http-nio-8080-exec-10] org.camunda.bpm.getstarted.pendaftaranbpjs.TaskAssignmentListener.notify Mail Session has been created successfully..
27-Feb-2017 08:52:14.886 INFO [http-nio-8080-exec-10] null.null 

 3rd ===> Get Session and Send mail
27-Feb-2017 08:52:16.918 INFO [http-nio-8080-exec-2] null.null enter class
27-Feb-2017 08:52:16.920 INFO [http-nio-8080-exec-2] null.null 
 1st ===> setup Mail Server Properties..
27-Feb-2017 08:52:16.922 INFO [http-nio-8080-exec-2] null.null 

 2nd ===> get Mail Session..
27-Feb-2017 08:52:16.923 INFO [http-nio-8080-exec-2] null.null Mail Session has been created successfully..
27-Feb-2017 08:52:16.924 INFO [http-nio-8080-exec-2] null.null 

 3rd ===> Get Session and Send mail
27-Feb-2017 08:52:20.899 SEVERE [http-nio-8080-exec-2] org.camunda.commons.logging.BaseLogger.logError ENGINE-16004 Exception while closing command context: ENGINE-03004 Exception while executing Database Operation 'INSERT VariableInstanceEntity[5e01fc55-fc8f-11e6-aad2-606dc7dcad9f]' with message '
### Error updating database.  Cause: org.h2.jdbc.JdbcSQLException: Unique index or primary key violation: "ACT_UNIQ_VARIABLE_INDEX_C ON PUBLIC.ACT_RU_VARIABLE(VAR_SCOPE_, NAME_)"; SQL statement:
insert into ACT_RU_VARIABLE
    (
      ID_,
      TYPE_,
      NAME_,
      PROC_INST_ID_,
      EXECUTION_ID_,
      CASE_INST_ID_,
      CASE_EXECUTION_ID_,
      TASK_ID_,
      BYTEARRAY_ID_,
      DOUBLE_,
      LONG_,
      TEXT_,
      TEXT2_,
      VAR_SCOPE_,
      SEQUENCE_COUNTER_,
      IS_CONCURRENT_LOCAL_,
      REV_
    )
    values (
      ?,
      ?,
      ?,
      ?,
      ?,
      ?,
      ?,
      ?,
      ?,
      ?,
      ?,
      ?,
      ?,
      ?,
      ?,
      ?,
      1
    ) [23505-168]
### The error may involve org.camunda.bpm.engine.impl.persistence.entity.VariableInstanceEntity.insertVariableInstance-Inline
### The error occurred while setting parameters
### SQL: insert into ACT_RU_VARIABLE     (       ID_,       TYPE_,       NAME_,       PROC_INST_ID_,       EXECUTION_ID_,       CASE_INST_ID_,       CASE_EXECUTION_ID_,       TASK_ID_,       BYTEARRAY_ID_,       DOUBLE_,       LONG_,       TEXT_,       TEXT2_,       VAR_SCOPE_,       SEQUENCE_COUNTER_,       IS_CONCURRENT_LOCAL_,       REV_     )     values (       ?,       ?,       ?,       ?,       ?,       ?,       ?,       ?,       ?,       ?,       ?,       ?,       ?,       ?,       ?,       ?,       1     )
### Cause: org.h2.jdbc.JdbcSQLException: Unique index or primary key violation: "ACT_UNIQ_VARIABLE_INDEX_C ON PUBLIC.ACT_RU_VARIABLE(VAR_SCOPE_, NAME_)"; SQL statement:
insert into ACT_RU_VARIABLE
    (
      ID_,
      TYPE_,
      NAME_,
      PROC_INST_ID_,
      EXECUTION_ID_,
      CASE_INST_ID_,
      CASE_EXECUTION_ID_,
      TASK_ID_,
      BYTEARRAY_ID_,
      DOUBLE_,
      LONG_,
      TEXT_,
      TEXT2_,
      VAR_SCOPE_,
      SEQUENCE_COUNTER_,
      IS_CONCURRENT_LOCAL_,
      REV_
    )
    values (
      ?,
      ?,
      ?,
      ?,
      ?,
      ?,
      ?,
      ?,
      ?,
      ?,
      ?,
      ?,
      ?,
      ?,
      ?,
      ?,
      1
    ) [23505-168]'. Flush summary: 
 [
  INSERT HistoricVariableInstanceEntity[5e01fc55-fc8f-11e6-aad2-606dc7dcad9f]
  INSERT HistoricVariableInstanceEntity[5e02bfac-fc8f-11e6-aad2-606dc7dcad9f]
  INSERT HistoricVariableInstanceEntity[5e02e6be-fc8f-11e6-aad2-606dc7dcad9f]
  INSERT AuthorizationEntity[60255196-fc8f-11e6-aad2-606dc7dcad9f]
  INSERT UserOperationLogEntryEventEntity[5e024a7a-fc8f-11e6-aad2-606dc7dcad9f]
  INSERT HistoricVariableUpdateEventEntity[5e01fc57-fc8f-11e6-aad2-606dc7dcad9f]
  INSERT HistoricVariableUpdateEventEntity[5e02e6bd-fc8f-11e6-aad2-606dc7dcad9f]
  INSERT HistoricVariableUpdateEventEntity[5e02e6bf-fc8f-11e6-aad2-606dc7dcad9f]
  INSERT HistoricVariableUpdateEventEntity[5e030dd1-fc8f-11e6-aad2-606dc7dcad9f]
  INSERT HistoricVariableUpdateEventEntity[5e030dd2-fc8f-11e6-aad2-606dc7dcad9f]
  INSERT HistoricTaskInstanceEventEntity[5e0334e3-fc8f-11e6-aad2-606dc7dcad9f]
  INSERT HistoricActivityInstanceEventEntity[ServiceTask_0xkgh2d:5e02bfab-fc8f-11e6-aad2-606dc7dcad9f]
  INSERT HistoricActivityInstanceEventEntity[UserTask_18tusp0:5e02e6c0-fc8f-11e6-aad2-606dc7dcad9f]
  INSERT TaskEntity[5e0334e3-fc8f-11e6-aad2-606dc7dcad9f]
  INSERT ByteArrayEntity[5e01fc54-fc8f-11e6-aad2-606dc7dcad9f]
  INSERT ByteArrayEntity[5e01fc56-fc8f-11e6-aad2-606dc7dcad9f]
  INSERT ByteArrayEntity[5e01fc58-fc8f-11e6-aad2-606dc7dcad9f]
  INSERT VariableInstanceEntity[5e01fc55-fc8f-11e6-aad2-606dc7dcad9f]
  INSERT VariableInstanceEntity[5e02bfac-fc8f-11e6-aad2-606dc7dcad9f]
  INSERT VariableInstanceEntity[5e02e6be-fc8f-11e6-aad2-606dc7dcad9f]
  DELETE TaskEntity[580341a1-fc8f-11e6-aad2-606dc7dcad9f]
  UPDATE ExecutionEntity[50b571ac-fc8f-11e6-aad2-606dc7dcad9f]
  UPDATE HistoricActivityInstanceEventEntity[UserTask_1w7apo5:58031a90-fc8f-11e6-aad2-606dc7dcad9f]
  UPDATE HistoricTaskInstanceEventEntity[580341a1-fc8f-11e6-aad2-606dc7dcad9f]
  DELETE_BULK deleteAuthorizationsForResourceId {resourceId=580341a1-fc8f-11e6-aad2-606dc7dcad9f, resourceType=7}
]
 org.camunda.bpm.engine.ProcessEngineException: ENGINE-03004 Exception while executing Database Operation 'INSERT VariableInstanceEntity[5e01fc55-fc8f-11e6-aad2-606dc7dcad9f]' with message '
### Error updating database.  Cause: org.h2.jdbc.JdbcSQLException: Unique index or primary key violation: "ACT_UNIQ_VARIABLE_INDEX_C ON PUBLIC.ACT_RU_VARIABLE(VAR_SCOPE_, NAME_)"; SQL statement:
insert into ACT_RU_VARIABLE
    (
      ID_,
      TYPE_,
      NAME_,
      PROC_INST_ID_,
      EXECUTION_ID_,
      CASE_INST_ID_,
      CASE_EXECUTION_ID_,
      TASK_ID_,
      BYTEARRAY_ID_,
      DOUBLE_,
      LONG_,
      TEXT_,
      TEXT2_,
      VAR_SCOPE_,
      SEQUENCE_COUNTER_,
      IS_CONCURRENT_LOCAL_,
      REV_
    )
    values (
      ?,
      ?,
      ?,
      ?,
      ?,
      ?,
      ?,
      ?,
      ?,
      ?,
      ?,
      ?,
      ?,
      ?,
      ?,
      ?,
      1
    ) [23505-168]
### The error may involve org.camunda.bpm.engine.impl.persistence.entity.VariableInstanceEntity.insertVariableInstance-Inline
### The error occurred while setting parameters
### SQL: insert into ACT_RU_VARIABLE     (       ID_,       TYPE_,       NAME_,       PROC_INST_ID_,       EXECUTION_ID_,       CASE_INST_ID_,       CASE_EXECUTION_ID_,       TASK_ID_,       BYTEARRAY_ID_,       DOUBLE_,       LONG_,       TEXT_,       TEXT2_,       VAR_SCOPE_,       SEQUENCE_COUNTER_,       IS_CONCURRENT_LOCAL_,       REV_     )     values (       ?,       ?,       ?,       ?,       ?,       ?,       ?,       ?,       ?,       ?,       ?,       ?,       ?,       ?,       ?,       ?,       1     )
### Cause: org.h2.jdbc.JdbcSQLException: Unique index or primary key violation: "ACT_UNIQ_VARIABLE_INDEX_C ON PUBLIC.ACT_RU_VARIABLE(VAR_SCOPE_, NAME_)"; SQL statement:
insert into ACT_RU_VARIABLE
    (
      ID_,
      TYPE_,
      NAME_,
      PROC_INST_ID_,
      EXECUTION_ID_,
      CASE_INST_ID_,
      CASE_EXECUTION_ID_,
      TASK_ID_,
      BYTEARRAY_ID_,
      DOUBLE_,
      LONG_,
      TEXT_,
      TEXT2_,
      VAR_SCOPE_,
      SEQUENCE_COUNTER_,
      IS_CONCURRENT_LOCAL_,
      REV_
    )
    values (
      ?,
      ?,
      ?,
      ?,
      ?,
      ?,
      ?,
      ?,
      ?,
      ?,
      ?,
      ?,
      ?,
      ?,
      ?,
      ?,
      1
    ) [23505-168]'. Flush summary: 
 [
  INSERT HistoricVariableInstanceEntity[5e01fc55-fc8f-11e6-aad2-606dc7dcad9f]
  INSERT HistoricVariableInstanceEntity[5e02bfac-fc8f-11e6-aad2-606dc7dcad9f]
  INSERT HistoricVariableInstanceEntity[5e02e6be-fc8f-11e6-aad2-606dc7dcad9f]
  INSERT AuthorizationEntity[60255196-fc8f-11e6-aad2-606dc7dcad9f]
  INSERT UserOperationLogEntryEventEntity[5e024a7a-fc8f-11e6-aad2-606dc7dcad9f]
  INSERT HistoricVariableUpdateEventEntity[5e01fc57-fc8f-11e6-aad2-606dc7dcad9f]
  INSERT HistoricVariableUpdateEventEntity[5e02e6bd-fc8f-11e6-aad2-606dc7dcad9f]
  INSERT HistoricVariableUpdateEventEntity[5e02e6bf-fc8f-11e6-aad2-606dc7dcad9f]
  INSERT HistoricVariableUpdateEventEntity[5e030dd1-fc8f-11e6-aad2-606dc7dcad9f]
  INSERT HistoricVariableUpdateEventEntity[5e030dd2-fc8f-11e6-aad2-606dc7dcad9f]
  INSERT HistoricTaskInstanceEventEntity[5e0334e3-fc8f-11e6-aad2-606dc7dcad9f]
  INSERT HistoricActivityInstanceEventEntity[ServiceTask_0xkgh2d:5e02bfab-fc8f-11e6-aad2-606dc7dcad9f]
  INSERT HistoricActivityInstanceEventEntity[UserTask_18tusp0:5e02e6c0-fc8f-11e6-aad2-606dc7dcad9f]
  INSERT TaskEntity[5e0334e3-fc8f-11e6-aad2-606dc7dcad9f]
  INSERT ByteArrayEntity[5e01fc54-fc8f-11e6-aad2-606dc7dcad9f]
  INSERT ByteArrayEntity[5e01fc56-fc8f-11e6-aad2-606dc7dcad9f]
  INSERT ByteArrayEntity[5e01fc58-fc8f-11e6-aad2-606dc7dcad9f]
  INSERT VariableInstanceEntity[5e01fc55-fc8f-11e6-aad2-606dc7dcad9f]
  INSERT VariableInstanceEntity[5e02bfac-fc8f-11e6-aad2-606dc7dcad9f]
  INSERT VariableInstanceEntity[5e02e6be-fc8f-11e6-aad2-606dc7dcad9f]
  DELETE TaskEntity[580341a1-fc8f-11e6-aad2-606dc7dcad9f]
  UPDATE ExecutionEntity[50b571ac-fc8f-11e6-aad2-606dc7dcad9f]
  UPDATE HistoricActivityInstanceEventEntity[UserTask_1w7apo5:58031a90-fc8f-11e6-aad2-606dc7dcad9f]
  UPDATE HistoricTaskInstanceEventEntity[580341a1-fc8f-11e6-aad2-606dc7dcad9f]
  DELETE_BULK deleteAuthorizationsForResourceId {resourceId=580341a1-fc8f-11e6-aad2-606dc7dcad9f, resourceType=7}
]
	at org.camunda.bpm.engine.impl.db.EnginePersistenceLogger.flushDbOperationException(EnginePersistenceLogger.java:113)
	at org.camunda.bpm.engine.impl.db.entitymanager.DbEntityManager.flushDbOperationManager(DbEntityManager.java:296)
	at org.camunda.bpm.engine.impl.db.entitymanager.DbEntityManager.flush(DbEntityManager.java:282)
	at org.camunda.bpm.engine.impl.interceptor.CommandContext.flushSessions(CommandContext.java:315)
	at org.camunda.bpm.engine.impl.interceptor.CommandContext.close(CommandContext.java:243)
	at org.camunda.bpm.engine.impl.interceptor.CommandContextInterceptor.execute(CommandContextInterceptor.java:104)
	at org.camunda.bpm.engine.impl.interceptor.LogInterceptor.execute(LogInterceptor.java:30)
	at org.camunda.bpm.engine.impl.FormServiceImpl.submitTaskForm(FormServiceImpl.java:86)
	at org.camunda.bpm.engine.rest.sub.task.impl.TaskResourceImpl.submit(TaskResourceImpl.java:109)
	at sun.reflect.NativeMethodAccessorImpl.invoke0(Native Method)
	at sun.reflect.NativeMethodAccessorImpl.invoke(Unknown Source)
	at sun.reflect.DelegatingMethodAccessorImpl.invoke(Unknown Source)
	at java.lang.reflect.Method.invoke(Unknown Source)
	at org.jboss.resteasy.core.MethodInjectorImpl.invoke(MethodInjectorImpl.java:167)
	at org.jboss.resteasy.core.ResourceMethod.invokeOnTarget(ResourceMethod.java:257)
	at org.jboss.resteasy.core.ResourceMethod.invoke(ResourceMethod.java:222)
	at org.jboss.resteasy.core.ResourceLocator.invokeOnTargetObject(ResourceLocator.java:159)
	at org.jboss.resteasy.core.ResourceLocator.invoke(ResourceLocator.java:107)
	at org.jboss.resteasy.core.ResourceLocator.invokeOnTargetObject(ResourceLocator.java:154)
	at org.jboss.resteasy.core.ResourceLocator.invoke(ResourceLocator.java:92)
	at org.jboss.resteasy.core.SynchronousDispatcher.getResponse(SynchronousDispatcher.java:542)
	at org.jboss.resteasy.core.SynchronousDispatcher.invoke(SynchronousDispatcher.java:524)
	at org.jboss.resteasy.core.SynchronousDispatcher.invoke(SynchronousDispatcher.java:126)
	at org.jboss.resteasy.plugins.server.servlet.ServletContainerDispatcher.service(ServletContainerDispatcher.java:208)
	at org.jboss.resteasy.plugins.server.servlet.HttpServletDispatcher.service(HttpServletDispatcher.java:55)
	at org.jboss.resteasy.plugins.server.servlet.HttpServletDispatcher.service(HttpServletDispatcher.java:50)
	at javax.servlet.http.HttpServlet.service(HttpServlet.java:729)
	at org.apache.catalina.core.ApplicationFilterChain.internalDoFilter(ApplicationFilterChain.java:291)
	at org.apache.catalina.core.ApplicationFilterChain.doFilter(ApplicationFilterChain.java:206)
	at org.apache.tomcat.websocket.server.WsFilter.doFilter(WsFilter.java:52)
	at org.apache.catalina.core.ApplicationFilterChain.internalDoFilter(ApplicationFilterChain.java:239)
	at org.apache.catalina.core.ApplicationFilterChain.doFilter(ApplicationFilterChain.java:206)
	at org.camunda.bpm.engine.rest.filter.CacheControlFilter.doFilter(CacheControlFilter.java:41)
	at org.apache.catalina.core.ApplicationFilterChain.internalDoFilter(ApplicationFilterChain.java:239)
	at org.apache.catalina.core.ApplicationFilterChain.doFilter(ApplicationFilterChain.java:206)
	at org.camunda.bpm.webapp.impl.security.filter.SecurityFilter.doFilterSecure(SecurityFilter.java:67)
	at org.camunda.bpm.webapp.impl.security.filter.SecurityFilter.doFilter(SecurityFilter.java:51)
	at org.apache.catalina.core.ApplicationFilterChain.internalDoFilter(ApplicationFilterChain.java:239)
	at org.apache.catalina.core.ApplicationFilterChain.doFilter(ApplicationFilterChain.java:206)
	at org.camunda.bpm.webapp.impl.security.auth.AuthenticationFilter$1.execute(AuthenticationFilter.java:59)
	at org.camunda.bpm.webapp.impl.security.auth.AuthenticationFilter$1.execute(AuthenticationFilter.java:56)
	at org.camunda.bpm.webapp.impl.security.SecurityActions.runWithAuthentications(SecurityActions.java:38)
	at org.camunda.bpm.webapp.impl.security.auth.AuthenticationFilter.doFilter(AuthenticationFilter.java:56)
	at org.apache.catalina.core.ApplicationFilterChain.internalDoFilter(ApplicationFilterChain.java:239)
	at org.apache.catalina.core.ApplicationFilterChain.doFilter(ApplicationFilterChain.java:206)
	at org.apache.catalina.core.StandardWrapperValve.invoke(StandardWrapperValve.java:219)
	at org.apache.catalina.core.StandardContextValve.invoke(StandardContextValve.java:106)
	at org.apache.catalina.authenticator.AuthenticatorBase.invoke(AuthenticatorBase.java:502)
	at org.apache.catalina.core.StandardHostValve.invoke(StandardHostValve.java:142)
	at org.apache.catalina.valves.ErrorReportValve.invoke(ErrorReportValve.java:79)
	at org.apache.catalina.valves.AbstractAccessLogValve.invoke(AbstractAccessLogValve.java:617)
	at org.apache.catalina.core.StandardEngineValve.invoke(StandardEngineValve.java:88)
	at org.apache.catalina.connector.CoyoteAdapter.service(CoyoteAdapter.java:518)
	at org.apache.coyote.http11.AbstractHttp11Processor.process(AbstractHttp11Processor.java:1091)
	at org.apache.coyote.AbstractProtocol$AbstractConnectionHandler.process(AbstractProtocol.java:668)
	at org.apache.tomcat.util.net.NioEndpoint$SocketProcessor.doRun(NioEndpoint.java:1527)
	at org.apache.tomcat.util.net.NioEndpoint$SocketProcessor.run(NioEndpoint.java:1484)
	at java.util.concurrent.ThreadPoolExecutor.runWorker(Unknown Source)
	at java.util.concurrent.ThreadPoolExecutor$Worker.run(Unknown Source)
	at org.apache.tomcat.util.threads.TaskThread$WrappingRunnable.run(TaskThread.java:61)
	at java.lang.Thread.run(Unknown Source)
Caused by: org.apache.ibatis.exceptions.PersistenceException: 
### Error updating database.  Cause: org.h2.jdbc.JdbcSQLException: Unique index or primary key violation: "ACT_UNIQ_VARIABLE_INDEX_C ON PUBLIC.ACT_RU_VARIABLE(VAR_SCOPE_, NAME_)"; SQL statement:
insert into ACT_RU_VARIABLE
    (
      ID_,
      TYPE_,
      NAME_,
      PROC_INST_ID_,
      EXECUTION_ID_,
      CASE_INST_ID_,
      CASE_EXECUTION_ID_,
      TASK_ID_,
      BYTEARRAY_ID_,
      DOUBLE_,
      LONG_,
      TEXT_,
      TEXT2_,
      VAR_SCOPE_,
      SEQUENCE_COUNTER_,
      IS_CONCURRENT_LOCAL_,
      REV_
    )
    values (
      ?,
      ?,
      ?,
      ?,
      ?,
      ?,
      ?,
      ?,
      ?,
      ?,
      ?,
      ?,
      ?,
      ?,
      ?,
      ?,
      1
    ) [23505-168]
### The error may involve org.camunda.bpm.engine.impl.persistence.entity.VariableInstanceEntity.insertVariableInstance-Inline
### The error occurred while setting parameters
### SQL: insert into ACT_RU_VARIABLE     (       ID_,       TYPE_,       NAME_,       PROC_INST_ID_,       EXECUTION_ID_,       CASE_INST_ID_,       CASE_EXECUTION_ID_,       TASK_ID_,       BYTEARRAY_ID_,       DOUBLE_,       LONG_,       TEXT_,       TEXT2_,       VAR_SCOPE_,       SEQUENCE_COUNTER_,       IS_CONCURRENT_LOCAL_,       REV_     )     values (       ?,       ?,       ?,       ?,       ?,       ?,       ?,       ?,       ?,       ?,       ?,       ?,       ?,       ?,       ?,       ?,       1     )
### Cause: org.h2.jdbc.JdbcSQLException: Unique index or primary key violation: "ACT_UNIQ_VARIABLE_INDEX_C ON PUBLIC.ACT_RU_VARIABLE(VAR_SCOPE_, NAME_)"; SQL statement:
insert into ACT_RU_VARIABLE
    (
      ID_,
      TYPE_,
      NAME_,
      PROC_INST_ID_,
      EXECUTION_ID_,
      CASE_INST_ID_,
      CASE_EXECUTION_ID_,
      TASK_ID_,
      BYTEARRAY_ID_,
      DOUBLE_,
      LONG_,
      TEXT_,
      TEXT2_,
      VAR_SCOPE_,
      SEQUENCE_COUNTER_,
      IS_CONCURRENT_LOCAL_,
      REV_
    )
    values (
      ?,
      ?,
      ?,
      ?,
      ?,
      ?,
      ?,
      ?,
      ?,
      ?,
      ?,
      ?,
      ?,
      ?,
      ?,
      ?,
      1
    ) [23505-168]
	at org.apache.ibatis.exceptions.ExceptionFactory.wrapException(ExceptionFactory.java:26)
	at org.apache.ibatis.session.defaults.DefaultSqlSession.update(DefaultSqlSession.java:154)
	at org.apache.ibatis.session.defaults.DefaultSqlSession.insert(DefaultSqlSession.java:141)
	at org.camunda.bpm.engine.impl.db.sql.DbSqlSession.executeInsertEntity(DbSqlSession.java:145)
	at org.camunda.bpm.engine.impl.db.sql.DbSqlSession.insertEntity(DbSqlSession.java:137)
	at org.camunda.bpm.engine.impl.db.AbstractPersistenceSession.executeDbOperation(AbstractPersistenceSession.java:41)
	at org.camunda.bpm.engine.impl.db.entitymanager.DbEntityManager.flushDbOperationManager(DbEntityManager.java:293)
	... 59 more
Caused by: org.h2.jdbc.JdbcSQLException: Unique index or primary key violation: "ACT_UNIQ_VARIABLE_INDEX_C ON PUBLIC.ACT_RU_VARIABLE(VAR_SCOPE_, NAME_)"; SQL statement:
insert into ACT_RU_VARIABLE
    (
      ID_,
      TYPE_,
      NAME_,
      PROC_INST_ID_,
      EXECUTION_ID_,
      CASE_INST_ID_,
      CASE_EXECUTION_ID_,
      TASK_ID_,
      BYTEARRAY_ID_,
      DOUBLE_,
      LONG_,
      TEXT_,
      TEXT2_,
      VAR_SCOPE_,
      SEQUENCE_COUNTER_,
      IS_CONCURRENT_LOCAL_,
      REV_
    )
    values (
      ?,
      ?,
      ?,
      ?,
      ?,
      ?,
      ?,
      ?,
      ?,
      ?,
      ?,
      ?,
      ?,
      ?,
      ?,
      ?,
      1
    ) [23505-168]
	at org.h2.message.DbException.getJdbcSQLException(DbException.java:329)
	at org.h2.message.DbException.get(DbException.java:169)
	at org.h2.message.DbException.get(DbException.java:146)
	at org.h2.index.BaseIndex.getDuplicateKeyException(BaseIndex.java:81)
	at org.h2.index.PageBtree.find(PageBtree.java:121)
	at org.h2.index.PageBtreeLeaf.addRow(PageBtreeLeaf.java:147)
	at org.h2.index.PageBtreeLeaf.addRowTry(PageBtreeLeaf.java:100)
	at org.h2.index.PageBtreeNode.addRowTry(PageBtreeNode.java:200)
	at org.h2.index.PageBtreeNode.addRowTry(PageBtreeNode.java:200)
	at org.h2.index.PageBtreeIndex.addRow(PageBtreeIndex.java:105)
	at org.h2.index.PageBtreeIndex.add(PageBtreeIndex.java:96)
	at org.h2.index.MultiVersionIndex.add(MultiVersionIndex.java:50)
	at org.h2.table.RegularTable.addRow(RegularTable.java:121)
	at org.h2.command.dml.Insert.insertRows(Insert.java:124)
	at org.h2.command.dml.Insert.update(Insert.java:84)
	at org.h2.command.CommandContainer.update(CommandContainer.java:75)
	at org.h2.command.Command.executeUpdate(Command.java:230)
	at org.h2.jdbc.JdbcPreparedStatement.execute(JdbcPreparedStatement.java:194)
	at org.apache.ibatis.executor.statement.PreparedStatementHandler.update(PreparedStatementHandler.java:44)
	at org.apache.ibatis.executor.statement.RoutingStatementHandler.update(RoutingStatementHandler.java:69)
	at org.apache.ibatis.executor.SimpleExecutor.doUpdate(SimpleExecutor.java:48)
	at org.apache.ibatis.executor.BaseExecutor.update(BaseExecutor.java:105)
	at org.apache.ibatis.executor.CachingExecutor.update(CachingExecutor.java:71)
	at org.apache.ibatis.session.defaults.DefaultSqlSession.update(DefaultSqlSession.java:152)
	... 64 more

27-Feb-2017 08:52:21.165 WARNING [http-nio-8080-exec-2] null.null org.camunda.bpm.engine.rest.exception.RestException: Cannot submit task form 580341a1-fc8f-11e6-aad2-606dc7dcad9f: ENGINE-03004 Exception while executing Database Operation 'INSERT VariableInstanceEntity[5e01fc55-fc8f-11e6-aad2-606dc7dcad9f]' with message '
### Error updating database.  Cause: org.h2.jdbc.JdbcSQLException: Unique index or primary key violation: "ACT_UNIQ_VARIABLE_INDEX_C ON PUBLIC.ACT_RU_VARIABLE(VAR_SCOPE_, NAME_)"; SQL statement:
insert into ACT_RU_VARIABLE
    (
      ID_,
      TYPE_,
      NAME_,
      PROC_INST_ID_,
      EXECUTION_ID_,
      CASE_INST_ID_,
      CASE_EXECUTION_ID_,
      TASK_ID_,
      BYTEARRAY_ID_,
      DOUBLE_,
      LONG_,
      TEXT_,
      TEXT2_,
      VAR_SCOPE_,
      SEQUENCE_COUNTER_,
      IS_CONCURRENT_LOCAL_,
      REV_
    )
    values (
      ?,
      ?,
      ?,
      ?,
      ?,
      ?,
      ?,
      ?,
      ?,
      ?,
      ?,
      ?,
      ?,
      ?,
      ?,
      ?,
      1
    ) [23505-168]
### The error may involve org.camunda.bpm.engine.impl.persistence.entity.VariableInstanceEntity.insertVariableInstance-Inline
### The error occurred while setting parameters
### SQL: insert into ACT_RU_VARIABLE     (       ID_,       TYPE_,       NAME_,       PROC_INST_ID_,       EXECUTION_ID_,       CASE_INST_ID_,       CASE_EXECUTION_ID_,       TASK_ID_,       BYTEARRAY_ID_,       DOUBLE_,       LONG_,       TEXT_,       TEXT2_,       VAR_SCOPE_,       SEQUENCE_COUNTER_,       IS_CONCURRENT_LOCAL_,       REV_     )     values (       ?,       ?,       ?,       ?,       ?,       ?,       ?,       ?,       ?,       ?,       ?,       ?,       ?,       ?,       ?,       ?,       1     )
### Cause: org.h2.jdbc.JdbcSQLException: Unique index or primary key violation: "ACT_UNIQ_VARIABLE_INDEX_C ON PUBLIC.ACT_RU_VARIABLE(VAR_SCOPE_, NAME_)"; SQL statement:
insert into ACT_RU_VARIABLE
    (
      ID_,
      TYPE_,
      NAME_,
      PROC_INST_ID_,
      EXECUTION_ID_,
      CASE_INST_ID_,
      CASE_EXECUTION_ID_,
      TASK_ID_,
      BYTEARRAY_ID_,
      DOUBLE_,
      LONG_,
      TEXT_,
      TEXT2_,
      VAR_SCOPE_,
      SEQUENCE_COUNTER_,
      IS_CONCURRENT_LOCAL_,
      REV_
    )
    values (
      ?,
      ?,
      ?,
      ?,
      ?,
      ?,
      ?,
      ?,
      ?,
      ?,
      ?,
      ?,
      ?,
      ?,
      ?,
      ?,
      1
    ) [23505-168]'. Flush summary: 
 [
  INSERT HistoricVariableInstanceEntity[5e01fc55-fc8f-11e6-aad2-606dc7dcad9f]
  INSERT HistoricVariableInstanceEntity[5e02bfac-fc8f-11e6-aad2-606dc7dcad9f]
  INSERT HistoricVariableInstanceEntity[5e02e6be-fc8f-11e6-aad2-606dc7dcad9f]
  INSERT AuthorizationEntity[60255196-fc8f-11e6-aad2-606dc7dcad9f]
  INSERT UserOperationLogEntryEventEntity[5e024a7a-fc8f-11e6-aad2-606dc7dcad9f]
  INSERT HistoricVariableUpdateEventEntity[5e01fc57-fc8f-11e6-aad2-606dc7dcad9f]
  INSERT HistoricVariableUpdateEventEntity[5e02e6bd-fc8f-11e6-aad2-606dc7dcad9f]
  INSERT HistoricVariableUpdateEventEntity[5e02e6bf-fc8f-11e6-aad2-606dc7dcad9f]
  INSERT HistoricVariableUpdateEventEntity[5e030dd1-fc8f-11e6-aad2-606dc7dcad9f]
  INSERT HistoricVariableUpdateEventEntity[5e030dd2-fc8f-11e6-aad2-606dc7dcad9f]
  INSERT HistoricTaskInstanceEventEntity[5e0334e3-fc8f-11e6-aad2-606dc7dcad9f]
  INSERT HistoricActivityInstanceEventEntity[ServiceTask_0xkgh2d:5e02bfab-fc8f-11e6-aad2-606dc7dcad9f]
  INSERT HistoricActivityInstanceEventEntity[UserTask_18tusp0:5e02e6c0-fc8f-11e6-aad2-606dc7dcad9f]
  INSERT TaskEntity[5e0334e3-fc8f-11e6-aad2-606dc7dcad9f]
  INSERT ByteArrayEntity[5e01fc54-fc8f-11e6-aad2-606dc7dcad9f]
  INSERT ByteArrayEntity[5e01fc56-fc8f-11e6-aad2-606dc7dcad9f]
  INSERT ByteArrayEntity[5e01fc58-fc8f-11e6-aad2-606dc7dcad9f]
  INSERT VariableInstanceEntity[5e01fc55-fc8f-11e6-aad2-606dc7dcad9f]
  INSERT VariableInstanceEntity[5e02bfac-fc8f-11e6-aad2-606dc7dcad9f]
  INSERT VariableInstanceEntity[5e02e6be-fc8f-11e6-aad2-606dc7dcad9f]
  DELETE TaskEntity[580341a1-fc8f-11e6-aad2-606dc7dcad9f]
  UPDATE ExecutionEntity[50b571ac-fc8f-11e6-aad2-606dc7dcad9f]
  UPDATE HistoricActivityInstanceEventEntity[UserTask_1w7apo5:58031a90-fc8f-11e6-aad2-606dc7dcad9f]
  UPDATE HistoricTaskInstanceEventEntity[580341a1-fc8f-11e6-aad2-606dc7dcad9f]
  DELETE_BULK deleteAuthorizationsForResourceId {resourceId=580341a1-fc8f-11e6-aad2-606dc7dcad9f, resourceType=7}
]
	at org.camunda.bpm.engine.rest.sub.task.impl.TaskResourceImpl.submit(TaskResourceImpl.java:120)
	at sun.reflect.NativeMethodAccessorImpl.invoke0(Native Method)
	at sun.reflect.NativeMethodAccessorImpl.invoke(Unknown Source)
	at sun.reflect.DelegatingMethodAccessorImpl.invoke(Unknown Source)
	at java.lang.reflect.Method.invoke(Unknown Source)
	at org.jboss.resteasy.core.MethodInjectorImpl.invoke(MethodInjectorImpl.java:167)
	at org.jboss.resteasy.core.ResourceMethod.invokeOnTarget(ResourceMethod.java:257)
	at org.jboss.resteasy.core.ResourceMethod.invoke(ResourceMethod.java:222)
	at org.jboss.resteasy.core.ResourceLocator.invokeOnTargetObject(ResourceLocator.java:159)
	at org.jboss.resteasy.core.ResourceLocator.invoke(ResourceLocator.java:107)
	at org.jboss.resteasy.core.ResourceLocator.invokeOnTargetObject(ResourceLocator.java:154)
	at org.jboss.resteasy.core.ResourceLocator.invoke(ResourceLocator.java:92)
	at org.jboss.resteasy.core.SynchronousDispatcher.getResponse(SynchronousDispatcher.java:542)
	at org.jboss.resteasy.core.SynchronousDispatcher.invoke(SynchronousDispatcher.java:524)
	at org.jboss.resteasy.core.SynchronousDispatcher.invoke(SynchronousDispatcher.java:126)
	at org.jboss.resteasy.plugins.server.servlet.ServletContainerDispatcher.service(ServletContainerDispatcher.java:208)
	at org.jboss.resteasy.plugins.server.servlet.HttpServletDispatcher.service(HttpServletDispatcher.java:55)
	at org.jboss.resteasy.plugins.server.servlet.HttpServletDispatcher.service(HttpServletDispatcher.java:50)
	at javax.servlet.http.HttpServlet.service(HttpServlet.java:729)
	at org.apache.catalina.core.ApplicationFilterChain.internalDoFilter(ApplicationFilterChain.java:291)
	at org.apache.catalina.core.ApplicationFilterChain.doFilter(ApplicationFilterChain.java:206)
	at org.apache.tomcat.websocket.server.WsFilter.doFilter(WsFilter.java:52)
	at org.apache.catalina.core.ApplicationFilterChain.internalDoFilter(ApplicationFilterChain.java:239)
	at org.apache.catalina.core.ApplicationFilterChain.doFilter(ApplicationFilterChain.java:206)
	at org.camunda.bpm.engine.rest.filter.CacheControlFilter.doFilter(CacheControlFilter.java:41)
	at org.apache.catalina.core.ApplicationFilterChain.internalDoFilter(ApplicationFilterChain.java:239)
	at org.apache.catalina.core.ApplicationFilterChain.doFilter(ApplicationFilterChain.java:206)
	at org.camunda.bpm.webapp.impl.security.filter.SecurityFilter.doFilterSecure(SecurityFilter.java:67)
	at org.camunda.bpm.webapp.impl.security.filter.SecurityFilter.doFilter(SecurityFilter.java:51)
	at org.apache.catalina.core.ApplicationFilterChain.internalDoFilter(ApplicationFilterChain.java:239)
	at org.apache.catalina.core.ApplicationFilterChain.doFilter(ApplicationFilterChain.java:206)
	at org.camunda.bpm.webapp.impl.security.auth.AuthenticationFilter$1.execute(AuthenticationFilter.java:59)
	at org.camunda.bpm.webapp.impl.security.auth.AuthenticationFilter$1.execute(AuthenticationFilter.java:56)
	at org.camunda.bpm.webapp.impl.security.SecurityActions.runWithAuthentications(SecurityActions.java:38)
	at org.camunda.bpm.webapp.impl.security.auth.AuthenticationFilter.doFilter(AuthenticationFilter.java:56)
	at org.apache.catalina.core.ApplicationFilterChain.internalDoFilter(ApplicationFilterChain.java:239)
	at org.apache.catalina.core.ApplicationFilterChain.doFilter(ApplicationFilterChain.java:206)
	at org.apache.catalina.core.StandardWrapperValve.invoke(StandardWrapperValve.java:219)
	at org.apache.catalina.core.StandardContextValve.invoke(StandardContextValve.java:106)
	at org.apache.catalina.authenticator.AuthenticatorBase.invoke(AuthenticatorBase.java:502)
	at org.apache.catalina.core.StandardHostValve.invoke(StandardHostValve.java:142)
	at org.apache.catalina.valves.ErrorReportValve.invoke(ErrorReportValve.java:79)
	at org.apache.catalina.valves.AbstractAccessLogValve.invoke(AbstractAccessLogValve.java:617)
	at org.apache.catalina.core.StandardEngineValve.invoke(StandardEngineValve.java:88)
	at org.apache.catalina.connector.CoyoteAdapter.service(CoyoteAdapter.java:518)
	at org.apache.coyote.http11.AbstractHttp11Processor.process(AbstractHttp11Processor.java:1091)
	at org.apache.coyote.AbstractProtocol$AbstractConnectionHandler.process(AbstractProtocol.java:668)
	at org.apache.tomcat.util.net.NioEndpoint$SocketProcessor.doRun(NioEndpoint.java:1527)
	at org.apache.tomcat.util.net.NioEndpoint$SocketProcessor.run(NioEndpoint.java:1484)
	at java.util.concurrent.ThreadPoolExecutor.runWorker(Unknown Source)
	at java.util.concurrent.ThreadPoolExecutor$Worker.run(Unknown Source)
	at org.apache.tomcat.util.threads.TaskThread$WrappingRunnable.run(TaskThread.java:61)
	at java.lang.Thread.run(Unknown Source)
Caused by: org.camunda.bpm.engine.ProcessEngineException: ENGINE-03004 Exception while executing Database Operation 'INSERT VariableInstanceEntity[5e01fc55-fc8f-11e6-aad2-606dc7dcad9f]' with message '
### Error updating database.  Cause: org.h2.jdbc.JdbcSQLException: Unique index or primary key violation: "ACT_UNIQ_VARIABLE_INDEX_C ON PUBLIC.ACT_RU_VARIABLE(VAR_SCOPE_, NAME_)"; SQL statement:
insert into ACT_RU_VARIABLE
    (
      ID_,
      TYPE_,
      NAME_,
      PROC_INST_ID_,
      EXECUTION_ID_,
      CASE_INST_ID_,
      CASE_EXECUTION_ID_,
      TASK_ID_,
      BYTEARRAY_ID_,
      DOUBLE_,
      LONG_,
      TEXT_,
      TEXT2_,
      VAR_SCOPE_,
      SEQUENCE_COUNTER_,
      IS_CONCURRENT_LOCAL_,
      REV_
    )
    values (
      ?,
      ?,
      ?,
      ?,
      ?,
      ?,
      ?,
      ?,
      ?,
      ?,
      ?,
      ?,
      ?,
      ?,
      ?,
      ?,
      1
    ) [23505-168]
### The error may involve org.camunda.bpm.engine.impl.persistence.entity.VariableInstanceEntity.insertVariableInstance-Inline
### The error occurred while setting parameters
### SQL: insert into ACT_RU_VARIABLE     (       ID_,       TYPE_,       NAME_,       PROC_INST_ID_,       EXECUTION_ID_,       CASE_INST_ID_,       CASE_EXECUTION_ID_,       TASK_ID_,       BYTEARRAY_ID_,       DOUBLE_,       LONG_,       TEXT_,       TEXT2_,       VAR_SCOPE_,       SEQUENCE_COUNTER_,       IS_CONCURRENT_LOCAL_,       REV_     )     values (       ?,       ?,       ?,       ?,       ?,       ?,       ?,       ?,       ?,       ?,       ?,       ?,       ?,       ?,       ?,       ?,       1     )
### Cause: org.h2.jdbc.JdbcSQLException: Unique index or primary key violation: "ACT_UNIQ_VARIABLE_INDEX_C ON PUBLIC.ACT_RU_VARIABLE(VAR_SCOPE_, NAME_)"; SQL statement:
insert into ACT_RU_VARIABLE
    (
      ID_,
      TYPE_,
      NAME_,
      PROC_INST_ID_,
      EXECUTION_ID_,
      CASE_INST_ID_,
      CASE_EXECUTION_ID_,
      TASK_ID_,
      BYTEARRAY_ID_,
      DOUBLE_,
      LONG_,
      TEXT_,
      TEXT2_,
      VAR_SCOPE_,
      SEQUENCE_COUNTER_,
      IS_CONCURRENT_LOCAL_,
      REV_
    )
    values (
      ?,
      ?,
      ?,
      ?,
      ?,
      ?,
      ?,
      ?,
      ?,
      ?,
      ?,
      ?,
      ?,
      ?,
      ?,
      ?,
      1
    ) [23505-168]'. Flush summary: 
 [
  INSERT HistoricVariableInstanceEntity[5e01fc55-fc8f-11e6-aad2-606dc7dcad9f]
  INSERT HistoricVariableInstanceEntity[5e02bfac-fc8f-11e6-aad2-606dc7dcad9f]
  INSERT HistoricVariableInstanceEntity[5e02e6be-fc8f-11e6-aad2-606dc7dcad9f]
  INSERT AuthorizationEntity[60255196-fc8f-11e6-aad2-606dc7dcad9f]
  INSERT UserOperationLogEntryEventEntity[5e024a7a-fc8f-11e6-aad2-606dc7dcad9f]
  INSERT HistoricVariableUpdateEventEntity[5e01fc57-fc8f-11e6-aad2-606dc7dcad9f]
  INSERT HistoricVariableUpdateEventEntity[5e02e6bd-fc8f-11e6-aad2-606dc7dcad9f]
  INSERT HistoricVariableUpdateEventEntity[5e02e6bf-fc8f-11e6-aad2-606dc7dcad9f]
  INSERT HistoricVariableUpdateEventEntity[5e030dd1-fc8f-11e6-aad2-606dc7dcad9f]
  INSERT HistoricVariableUpdateEventEntity[5e030dd2-fc8f-11e6-aad2-606dc7dcad9f]
  INSERT HistoricTaskInstanceEventEntity[5e0334e3-fc8f-11e6-aad2-606dc7dcad9f]
  INSERT HistoricActivityInstanceEventEntity[ServiceTask_0xkgh2d:5e02bfab-fc8f-11e6-aad2-606dc7dcad9f]
  INSERT HistoricActivityInstanceEventEntity[UserTask_18tusp0:5e02e6c0-fc8f-11e6-aad2-606dc7dcad9f]
  INSERT TaskEntity[5e0334e3-fc8f-11e6-aad2-606dc7dcad9f]
  INSERT ByteArrayEntity[5e01fc54-fc8f-11e6-aad2-606dc7dcad9f]
  INSERT ByteArrayEntity[5e01fc56-fc8f-11e6-aad2-606dc7dcad9f]
  INSERT ByteArrayEntity[5e01fc58-fc8f-11e6-aad2-606dc7dcad9f]
  INSERT VariableInstanceEntity[5e01fc55-fc8f-11e6-aad2-606dc7dcad9f]
  INSERT VariableInstanceEntity[5e02bfac-fc8f-11e6-aad2-606dc7dcad9f]
  INSERT VariableInstanceEntity[5e02e6be-fc8f-11e6-aad2-606dc7dcad9f]
  DELETE TaskEntity[580341a1-fc8f-11e6-aad2-606dc7dcad9f]
  UPDATE ExecutionEntity[50b571ac-fc8f-11e6-aad2-606dc7dcad9f]
  UPDATE HistoricActivityInstanceEventEntity[UserTask_1w7apo5:58031a90-fc8f-11e6-aad2-606dc7dcad9f]
  UPDATE HistoricTaskInstanceEventEntity[580341a1-fc8f-11e6-aad2-606dc7dcad9f]
  DELETE_BULK deleteAuthorizationsForResourceId {resourceId=580341a1-fc8f-11e6-aad2-606dc7dcad9f, resourceType=7}
]
	at org.camunda.bpm.engine.impl.db.EnginePersistenceLogger.flushDbOperationException(EnginePersistenceLogger.java:113)
	at org.camunda.bpm.engine.impl.db.entitymanager.DbEntityManager.flushDbOperationManager(DbEntityManager.java:296)
	at org.camunda.bpm.engine.impl.db.entitymanager.DbEntityManager.flush(DbEntityManager.java:282)
	at org.camunda.bpm.engine.impl.interceptor.CommandContext.flushSessions(CommandContext.java:315)
	at org.camunda.bpm.engine.impl.interceptor.CommandContext.close(CommandContext.java:243)
	at org.camunda.bpm.engine.impl.interceptor.CommandContextInterceptor.execute(CommandContextInterceptor.java:104)
	at org.camunda.bpm.engine.impl.interceptor.LogInterceptor.execute(LogInterceptor.java:30)
	at org.camunda.bpm.engine.impl.FormServiceImpl.submitTaskForm(FormServiceImpl.java:86)
	at org.camunda.bpm.engine.rest.sub.task.impl.TaskResourceImpl.submit(TaskResourceImpl.java:109)
	... 52 more
Caused by: org.apache.ibatis.exceptions.PersistenceException: 
### Error updating database.  Cause: org.h2.jdbc.JdbcSQLException: Unique index or primary key violation: "ACT_UNIQ_VARIABLE_INDEX_C ON PUBLIC.ACT_RU_VARIABLE(VAR_SCOPE_, NAME_)"; SQL statement:
insert into ACT_RU_VARIABLE
    (
      ID_,
      TYPE_,
      NAME_,
      PROC_INST_ID_,
      EXECUTION_ID_,
      CASE_INST_ID_,
      CASE_EXECUTION_ID_,
      TASK_ID_,
      BYTEARRAY_ID_,
      DOUBLE_,
      LONG_,
      TEXT_,
      TEXT2_,
      VAR_SCOPE_,
      SEQUENCE_COUNTER_,
      IS_CONCURRENT_LOCAL_,
      REV_
    )
    values (
      ?,
      ?,
      ?,
      ?,
      ?,
      ?,
      ?,
      ?,
      ?,
      ?,
      ?,
      ?,
      ?,
      ?,
      ?,
      ?,
      1
    ) [23505-168]
### The error may involve org.camunda.bpm.engine.impl.persistence.entity.VariableInstanceEntity.insertVariableInstance-Inline
### The error occurred while setting parameters
### SQL: insert into ACT_RU_VARIABLE     (       ID_,       TYPE_,       NAME_,       PROC_INST_ID_,       EXECUTION_ID_,       CASE_INST_ID_,       CASE_EXECUTION_ID_,       TASK_ID_,       BYTEARRAY_ID_,       DOUBLE_,       LONG_,       TEXT_,       TEXT2_,       VAR_SCOPE_,       SEQUENCE_COUNTER_,       IS_CONCURRENT_LOCAL_,       REV_     )     values (       ?,       ?,       ?,       ?,       ?,       ?,       ?,       ?,       ?,       ?,       ?,       ?,       ?,       ?,       ?,       ?,       1     )
### Cause: org.h2.jdbc.JdbcSQLException: Unique index or primary key violation: "ACT_UNIQ_VARIABLE_INDEX_C ON PUBLIC.ACT_RU_VARIABLE(VAR_SCOPE_, NAME_)"; SQL statement:
insert into ACT_RU_VARIABLE
    (
      ID_,
      TYPE_,
      NAME_,
      PROC_INST_ID_,
      EXECUTION_ID_,
      CASE_INST_ID_,
      CASE_EXECUTION_ID_,
      TASK_ID_,
      BYTEARRAY_ID_,
      DOUBLE_,
      LONG_,
      TEXT_,
      TEXT2_,
      VAR_SCOPE_,
      SEQUENCE_COUNTER_,
      IS_CONCURRENT_LOCAL_,
      REV_
    )
    values (
      ?,
      ?,
      ?,
      ?,
      ?,
      ?,
      ?,
      ?,
      ?,
      ?,
      ?,
      ?,
      ?,
      ?,
      ?,
      ?,
      1
    ) [23505-168]
	at org.apache.ibatis.exceptions.ExceptionFactory.wrapException(ExceptionFactory.java:26)
	at org.apache.ibatis.session.defaults.DefaultSqlSession.update(DefaultSqlSession.java:154)
	at org.apache.ibatis.session.defaults.DefaultSqlSession.insert(DefaultSqlSession.java:141)
	at org.camunda.bpm.engine.impl.db.sql.DbSqlSession.executeInsertEntity(DbSqlSession.java:145)
	at org.camunda.bpm.engine.impl.db.sql.DbSqlSession.insertEntity(DbSqlSession.java:137)
	at org.camunda.bpm.engine.impl.db.AbstractPersistenceSession.executeDbOperation(AbstractPersistenceSession.java:41)
	at org.camunda.bpm.engine.impl.db.entitymanager.DbEntityManager.flushDbOperationManager(DbEntityManager.java:293)
	... 59 more
Caused by: org.h2.jdbc.JdbcSQLException: Unique index or primary key violation: "ACT_UNIQ_VARIABLE_INDEX_C ON PUBLIC.ACT_RU_VARIABLE(VAR_SCOPE_, NAME_)"; SQL statement:
insert into ACT_RU_VARIABLE
    (
      ID_,
      TYPE_,
      NAME_,
      PROC_INST_ID_,
      EXECUTION_ID_,
      CASE_INST_ID_,
      CASE_EXECUTION_ID_,
      TASK_ID_,
      BYTEARRAY_ID_,
      DOUBLE_,
      LONG_,
      TEXT_,
      TEXT2_,
      VAR_SCOPE_,
      SEQUENCE_COUNTER_,
      IS_CONCURRENT_LOCAL_,
      REV_
    )
    values (
      ?,
      ?,
      ?,
      ?,
      ?,
      ?,
      ?,
      ?,
      ?,
      ?,
      ?,
      ?,
      ?,
      ?,
      ?,
      ?,
      1
    ) [23505-168]
	at org.h2.message.DbException.getJdbcSQLException(DbException.java:329)
	at org.h2.message.DbException.get(DbException.java:169)
	at org.h2.message.DbException.get(DbException.java:146)
	at org.h2.index.BaseIndex.getDuplicateKeyException(BaseIndex.java:81)
	at org.h2.index.PageBtree.find(PageBtree.java:121)
	at org.h2.index.PageBtreeLeaf.addRow(PageBtreeLeaf.java:147)
	at org.h2.index.PageBtreeLeaf.addRowTry(PageBtreeLeaf.java:100)
	at org.h2.index.PageBtreeNode.addRowTry(PageBtreeNode.java:200)
	at org.h2.index.PageBtreeNode.addRowTry(PageBtreeNode.java:200)
	at org.h2.index.PageBtreeIndex.addRow(PageBtreeIndex.java:105)
	at org.h2.index.PageBtreeIndex.add(PageBtreeIndex.java:96)
	at org.h2.index.MultiVersionIndex.add(MultiVersionIndex.java:50)
	at org.h2.table.RegularTable.addRow(RegularTable.java:121)
	at org.h2.command.dml.Insert.insertRows(Insert.java:124)
	at org.h2.command.dml.Insert.update(Insert.java:84)
	at org.h2.command.CommandContainer.update(CommandContainer.java:75)
	at org.h2.command.Command.executeUpdate(Command.java:230)
	at org.h2.jdbc.JdbcPreparedStatement.execute(JdbcPreparedStatement.java:194)
	at org.apache.ibatis.executor.statement.PreparedStatementHandler.update(PreparedStatementHandler.java:44)
	at org.apache.ibatis.executor.statement.RoutingStatementHandler.update(RoutingStatementHandler.java:69)
	at org.apache.ibatis.executor.SimpleExecutor.doUpdate(SimpleExecutor.java:48)
	at org.apache.ibatis.executor.BaseExecutor.update(BaseExecutor.java:105)
	at org.apache.ibatis.executor.CachingExecutor.update(CachingExecutor.java:71)
	at org.apache.ibatis.session.defaults.DefaultSqlSession.update(DefaultSqlSession.java:152)
	... 64 more

27-Feb-2017 08:53:12.433 INFO [http-nio-8080-exec-3] null.null memproses 'senin' a
27-Feb-2017 09:20:28.185 INFO [http-nio-8080-exec-3] null.null enter class
27-Feb-2017 09:20:28.187 INFO [http-nio-8080-exec-3] null.null 
 1st ===> setup Mail Server Properties..
27-Feb-2017 09:20:28.188 INFO [http-nio-8080-exec-3] null.null 

 2nd ===> get Mail Session..
27-Feb-2017 09:20:28.189 INFO [http-nio-8080-exec-3] null.null Mail Session has been created successfully..
27-Feb-2017 09:20:28.190 INFO [http-nio-8080-exec-3] null.null 

 3rd ===> Get Session and Send mail
27-Feb-2017 09:32:42.499 INFO [http-nio-8080-exec-6] org.jboss.resteasy.logging.impl.Slf4jLogger.info Deploying javax.ws.rs.core.Application: class org.camunda.bpm.cockpit.impl.web.CockpitApplication
