23-Apr-2017 01:04:24.939 INFO [main] org.apache.catalina.startup.VersionLoggerListener.log Server version:        Apache Tomcat/8.0.24
23-Apr-2017 01:04:24.941 INFO [main] org.apache.catalina.startup.VersionLoggerListener.log Server built:          Jul 1 2015 20:19:55 UTC
23-Apr-2017 01:04:24.941 INFO [main] org.apache.catalina.startup.VersionLoggerListener.log Server number:         8.0.24.0
23-Apr-2017 01:04:24.941 INFO [main] org.apache.catalina.startup.VersionLoggerListener.log OS Name:               Windows 7
23-Apr-2017 01:04:24.941 INFO [main] org.apache.catalina.startup.VersionLoggerListener.log OS Version:            6.1
23-Apr-2017 01:04:24.941 INFO [main] org.apache.catalina.startup.VersionLoggerListener.log Architecture:          amd64
23-Apr-2017 01:04:24.942 INFO [main] org.apache.catalina.startup.VersionLoggerListener.log Java Home:             C:\Program Files\Java\jdk1.8.0_31\jre
23-Apr-2017 01:04:24.942 INFO [main] org.apache.catalina.startup.VersionLoggerListener.log JVM Version:           1.8.0_31-b13
23-Apr-2017 01:04:24.942 INFO [main] org.apache.catalina.startup.VersionLoggerListener.log JVM Vendor:            Oracle Corporation
23-Apr-2017 01:04:24.942 INFO [main] org.apache.catalina.startup.VersionLoggerListener.log CATALINA_BASE:         D:\KULIAH\kuliah\Skripsi\0. Bahan\MPB\camunda-bpm-tomcat-7.4.0\server\apache-tomcat-8.0.24
23-Apr-2017 01:04:24.942 INFO [main] org.apache.catalina.startup.VersionLoggerListener.log CATALINA_HOME:         D:\KULIAH\kuliah\Skripsi\0. Bahan\MPB\camunda-bpm-tomcat-7.4.0\server\apache-tomcat-8.0.24
23-Apr-2017 01:04:24.943 INFO [main] org.apache.catalina.startup.VersionLoggerListener.log Command line argument: -Djava.util.logging.config.file=D:\KULIAH\kuliah\Skripsi\0. Bahan\MPB\camunda-bpm-tomcat-7.4.0\server\apache-tomcat-8.0.24\conf\logging.properties
23-Apr-2017 01:04:24.943 INFO [main] org.apache.catalina.startup.VersionLoggerListener.log Command line argument: -Djava.util.logging.manager=org.apache.juli.ClassLoaderLogManager
23-Apr-2017 01:04:24.944 INFO [main] org.apache.catalina.startup.VersionLoggerListener.log Command line argument: -Xmx512m
23-Apr-2017 01:04:24.944 INFO [main] org.apache.catalina.startup.VersionLoggerListener.log Command line argument: -XX:MaxPermSize=256m
23-Apr-2017 01:04:24.944 INFO [main] org.apache.catalina.startup.VersionLoggerListener.log Command line argument: -XX:PermSize=256m
23-Apr-2017 01:04:24.945 INFO [main] org.apache.catalina.startup.VersionLoggerListener.log Command line argument: -Djava.endorsed.dirs=D:\KULIAH\kuliah\Skripsi\0. Bahan\MPB\camunda-bpm-tomcat-7.4.0\server\apache-tomcat-8.0.24\endorsed
23-Apr-2017 01:04:24.945 INFO [main] org.apache.catalina.startup.VersionLoggerListener.log Command line argument: -Dcatalina.base=D:\KULIAH\kuliah\Skripsi\0. Bahan\MPB\camunda-bpm-tomcat-7.4.0\server\apache-tomcat-8.0.24
23-Apr-2017 01:04:24.945 INFO [main] org.apache.catalina.startup.VersionLoggerListener.log Command line argument: -Dcatalina.home=D:\KULIAH\kuliah\Skripsi\0. Bahan\MPB\camunda-bpm-tomcat-7.4.0\server\apache-tomcat-8.0.24
23-Apr-2017 01:04:24.946 INFO [main] org.apache.catalina.startup.VersionLoggerListener.log Command line argument: -Djava.io.tmpdir=D:\KULIAH\kuliah\Skripsi\0. Bahan\MPB\camunda-bpm-tomcat-7.4.0\server\apache-tomcat-8.0.24\temp
23-Apr-2017 01:04:24.946 INFO [main] org.apache.catalina.core.AprLifecycleListener.lifecycleEvent The APR based Apache Tomcat Native library which allows optimal performance in production environments was not found on the java.library.path: C:\Program Files\Java\jdk1.8.0_31\bin;C:\Windows\Sun\Java\bin;C:\Windows\system32;C:\Windows;C:\Windows\system32;C:\Windows;C:\Windows\system32\wbem;C:\Program Files\Java\jdk1.8.0_31\bin;D:\KULIAH\kuliah\Semester6\PBWL\4\typesafe-activator-1.3.2-minimal\activator-1.3.2-minimal;C:\Program Files (x86)\AutoLyric;C:\Program Files\nodejs;C:\Windows\system32\config\systemprofile\.dnx\bin;C:\Program Files\Microsoft DNX\Dnvm;C:\Program Files (x86)\Windows Kits\8.1\Windows Performance Toolkit;C:\ant\bin;C:\Users\Luke\AppData\Local\Android\android-sdk\tools;C:\Users\Luke\AppData\Local\Android\android-sdk\platform-tools;C:\Program Files (x86)\OpenVPN\bin;C:\Program Files\TortoiseGit\bin;C:\xampp\php;C:\ProgramData\ComposerSetup\bin;C:\Program Files (x86)\GtkSharp\2.12\bin;C:\Program Files\Java\jdk1.8.0_31\bin;D:\KULIAH\kuliah\Semester6\PBWL\4\typesafe-activator-1.3.2-minimal\activator-1.3.2-minimal;D:\PHALCON\phalcon-devtools-2.0.1\phalcon-devtools-2.0.1;C:\Users\Luke\AppData\Roaming\npm;C:\Users\Luke\AppData\Roaming\Composer\vendor\bin;C:\Users\Luke\AppData\Local\atom\bin;.
23-Apr-2017 01:04:26.305 INFO [main] org.apache.coyote.AbstractProtocol.init Initializing ProtocolHandler ["http-nio-1234"]
23-Apr-2017 01:04:26.458 INFO [main] org.apache.tomcat.util.net.NioSelectorPool.getSharedSelector Using a shared selector for servlet write/read
23-Apr-2017 01:04:26.461 INFO [main] org.apache.coyote.AbstractProtocol.init Initializing ProtocolHandler ["ajp-nio-8009"]
23-Apr-2017 01:04:26.464 INFO [main] org.apache.tomcat.util.net.NioSelectorPool.getSharedSelector Using a shared selector for servlet write/read
23-Apr-2017 01:04:26.465 INFO [main] org.apache.catalina.startup.Catalina.load Initialization processed in 3048 ms
23-Apr-2017 01:04:26.569 WARNING [main] org.apache.tomcat.jdbc.pool.ConnectionPool.init maxIdle is larger than maxActive, setting maxIdle to: 20
23-Apr-2017 01:04:29.992 INFO [main] org.camunda.commons.logging.BaseLogger.logInfo ENGINE-08046 Found camunda bpm platform configuration in CATALINA_BASE/CATALINA_HOME conf directory [D:\KULIAH\kuliah\Skripsi\0. Bahan\MPB\camunda-bpm-tomcat-7.4.0\server\apache-tomcat-8.0.24\conf\bpm-platform.xml] at 'file:/D:/KULIAH/kuliah/Skripsi/0.%20Bahan/MPB/camunda-bpm-tomcat-7.4.0/server/apache-tomcat-8.0.24/conf/bpm-platform.xml'
23-Apr-2017 01:04:30.982 INFO [main] org.camunda.commons.logging.BaseLogger.logInfo ENGINE-12003 Plugin 'ProcessApplicationEventListenerPlugin' activated on process engine 'default'
23-Apr-2017 01:04:30.985 INFO [main] org.camunda.commons.logging.BaseLogger.logInfo ENGINE-12003 Plugin 'SpinProcessEnginePlugin' activated on process engine 'default'
23-Apr-2017 01:04:30.992 INFO [main] org.camunda.commons.logging.BaseLogger.logInfo SPIN-01010 Discovered Spin data format provider: org.camunda.spin.impl.json.jackson.format.JacksonJsonDataFormatProvider[name = application/json]
23-Apr-2017 01:04:31.456 INFO [main] org.camunda.commons.logging.BaseLogger.logInfo SPIN-01010 Discovered Spin data format provider: org.camunda.spin.impl.xml.dom.format.DomXmlDataFormatProvider[name = application/xml]
23-Apr-2017 01:04:31.539 INFO [main] org.camunda.commons.logging.BaseLogger.logInfo SPIN-01009 Discovered Spin data format: org.camunda.spin.impl.xml.dom.format.DomXmlDataFormat[name = application/xml]
23-Apr-2017 01:04:31.540 INFO [main] org.camunda.commons.logging.BaseLogger.logInfo SPIN-01009 Discovered Spin data format: org.camunda.spin.impl.json.jackson.format.JacksonJsonDataFormat[name = application/json]
23-Apr-2017 01:04:31.541 INFO [main] org.camunda.commons.logging.BaseLogger.logInfo ENGINE-12003 Plugin 'ConnectProcessEnginePlugin' activated on process engine 'default'
23-Apr-2017 01:04:32.052 INFO [main] org.camunda.commons.logging.BaseLogger.logInfo CNCT-01004 Discovered provider for connector id 'http-connector' and class 'org.camunda.connect.httpclient.impl.HttpConnectorImpl': 'org.camunda.connect.httpclient.impl.HttpConnectorProviderImpl'
23-Apr-2017 01:04:32.064 INFO [main] org.camunda.commons.logging.BaseLogger.logInfo CNCT-01004 Discovered provider for connector id 'soap-http-connector' and class 'org.camunda.connect.httpclient.soap.impl.SoapHttpConnectorImpl': 'org.camunda.connect.httpclient.soap.impl.SoapHttpConnectorProviderImpl'
23-Apr-2017 01:04:34.707 INFO [main] org.camunda.commons.logging.BaseLogger.logInfo ENGINE-00001 Process Engine default created.
23-Apr-2017 01:04:34.708 INFO [main] org.camunda.commons.logging.BaseLogger.logInfo ENGINE-14014 Starting up the JobExecutor[org.camunda.bpm.engine.impl.jobexecutor.RuntimeContainerJobExecutor].
23-Apr-2017 01:04:34.710 INFO [Thread-6] org.camunda.commons.logging.BaseLogger.logInfo ENGINE-14018 JobExecutor[org.camunda.bpm.engine.impl.jobexecutor.RuntimeContainerJobExecutor] starting to acquire jobs
23-Apr-2017 01:04:34.789 INFO [main] org.camunda.commons.logging.BaseLogger.logInfo ENGINE-08048 Camunda BPM platform sucessfully started at 'Apache Tomcat/8.0.24'.
23-Apr-2017 01:04:34.879 INFO [main] org.apache.catalina.core.StandardService.startInternal Starting service Catalina
23-Apr-2017 01:04:34.880 INFO [main] org.apache.catalina.core.StandardEngine.startInternal Starting Servlet Engine: Apache Tomcat/8.0.24
23-Apr-2017 01:04:35.079 INFO [localhost-startStop-1] org.apache.catalina.startup.HostConfig.deployWAR Deploying web application archive D:\KULIAH\kuliah\Skripsi\0. Bahan\MPB\camunda-bpm-tomcat-7.4.0\server\apache-tomcat-8.0.24\webapps\pendaftaran-bpjs-0.0.1-SNAPSHOT.war
23-Apr-2017 01:04:38.920 INFO [localhost-startStop-1] org.camunda.commons.logging.BaseLogger.logInfo ENGINE-07015 Detected @ProcessApplication class 'org.camunda.bpm.getstarted.pendaftaranbpjs.PendaftaranBPJS'
23-Apr-2017 01:04:39.008 INFO [localhost-startStop-1] org.apache.jasper.servlet.TldScanner.scanJars At least one JAR was scanned for TLDs yet contained no TLDs. Enable debug logging for this logger for a complete list of JARs that were scanned but no TLDs were found in them. Skipping unneeded JARs during scanning can improve startup time and JSP compilation time.
23-Apr-2017 01:04:39.063 INFO [localhost-startStop-1] org.camunda.commons.logging.BaseLogger.logInfo ENGINE-08024 Found processes.xml file at file:/D:/KULIAH/kuliah/Skripsi/0.%20Bahan/MPB/camunda-bpm-tomcat-7.4.0/server/apache-tomcat-8.0.24/webapps/pendaftaran-bpjs-0.0.1-SNAPSHOT/WEB-INF/classes/META-INF/processes.xml
23-Apr-2017 01:04:39.093 INFO [localhost-startStop-1] org.camunda.commons.logging.BaseLogger.logInfo ENGINE-08023 Deployment summary for process archive 'pendaftaran-bpjs': 

        pendaftaran-bpjs.bpmn

23-Apr-2017 01:04:39.706 INFO [localhost-startStop-1] org.camunda.commons.logging.BaseLogger.logInfo ENGINE-08050 Process application PendaftaranBPJS App successfully deployed
23-Apr-2017 01:04:39.722 INFO [localhost-startStop-1] org.apache.catalina.startup.HostConfig.deployWAR Deployment of web application archive D:\KULIAH\kuliah\Skripsi\0. Bahan\MPB\camunda-bpm-tomcat-7.4.0\server\apache-tomcat-8.0.24\webapps\pendaftaran-bpjs-0.0.1-SNAPSHOT.war has finished in 4,643 ms
23-Apr-2017 01:04:39.723 INFO [localhost-startStop-1] org.apache.catalina.startup.HostConfig.deployDirectory Deploying web application directory D:\KULIAH\kuliah\Skripsi\0. Bahan\MPB\camunda-bpm-tomcat-7.4.0\server\apache-tomcat-8.0.24\webapps\camunda
23-Apr-2017 01:04:43.135 INFO [localhost-startStop-1] org.apache.jasper.servlet.TldScanner.scanJars At least one JAR was scanned for TLDs yet contained no TLDs. Enable debug logging for this logger for a complete list of JARs that were scanned but no TLDs were found in them. Skipping unneeded JARs during scanning can improve startup time and JSP compilation time.
23-Apr-2017 01:04:43.403 INFO [localhost-startStop-1] org.apache.catalina.startup.HostConfig.deployDirectory Deployment of web application directory D:\KULIAH\kuliah\Skripsi\0. Bahan\MPB\camunda-bpm-tomcat-7.4.0\server\apache-tomcat-8.0.24\webapps\camunda has finished in 3,680 ms
23-Apr-2017 01:04:43.404 INFO [localhost-startStop-1] org.apache.catalina.startup.HostConfig.deployDirectory Deploying web application directory D:\KULIAH\kuliah\Skripsi\0. Bahan\MPB\camunda-bpm-tomcat-7.4.0\server\apache-tomcat-8.0.24\webapps\camunda-invoice
23-Apr-2017 01:04:44.594 INFO [localhost-startStop-1] org.camunda.commons.logging.BaseLogger.logInfo ENGINE-07015 Detected @ProcessApplication class 'org.camunda.bpm.example.invoice.InvoiceProcessApplication'
23-Apr-2017 01:04:44.621 INFO [localhost-startStop-1] org.apache.jasper.servlet.TldScanner.scanJars At least one JAR was scanned for TLDs yet contained no TLDs. Enable debug logging for this logger for a complete list of JARs that were scanned but no TLDs were found in them. Skipping unneeded JARs during scanning can improve startup time and JSP compilation time.
23-Apr-2017 01:04:44.623 INFO [localhost-startStop-1] org.camunda.commons.logging.BaseLogger.logInfo ENGINE-08024 Found processes.xml file at file:/D:/KULIAH/kuliah/Skripsi/0.%20Bahan/MPB/camunda-bpm-tomcat-7.4.0/server/apache-tomcat-8.0.24/webapps/camunda-invoice/WEB-INF/classes/META-INF/processes.xml
23-Apr-2017 01:04:44.685 INFO [localhost-startStop-1] org.camunda.commons.logging.BaseLogger.logInfo ENGINE-08023 Deployment summary for process archive 'camunda-invoice': 

        invoice.png
        assign-approver-groups.dmn
        invoice.bpmn

23-Apr-2017 01:04:46.631 INFO [localhost-startStop-1] org.camunda.commons.logging.BaseLogger.logInfo ENGINE-08050 Process application camunda-invoice successfully deployed
23-Apr-2017 01:04:46.634 INFO [localhost-startStop-1] org.apache.catalina.startup.HostConfig.deployDirectory Deployment of web application directory D:\KULIAH\kuliah\Skripsi\0. Bahan\MPB\camunda-bpm-tomcat-7.4.0\server\apache-tomcat-8.0.24\webapps\camunda-invoice has finished in 3,230 ms
23-Apr-2017 01:04:46.636 INFO [localhost-startStop-1] org.apache.catalina.startup.HostConfig.deployDirectory Deploying web application directory D:\KULIAH\kuliah\Skripsi\0. Bahan\MPB\camunda-bpm-tomcat-7.4.0\server\apache-tomcat-8.0.24\webapps\camunda-welcome
23-Apr-2017 01:04:47.762 INFO [localhost-startStop-1] org.apache.jasper.servlet.TldScanner.scanJars At least one JAR was scanned for TLDs yet contained no TLDs. Enable debug logging for this logger for a complete list of JARs that were scanned but no TLDs were found in them. Skipping unneeded JARs during scanning can improve startup time and JSP compilation time.
23-Apr-2017 01:04:47.764 INFO [localhost-startStop-1] org.apache.catalina.startup.HostConfig.deployDirectory Deployment of web application directory D:\KULIAH\kuliah\Skripsi\0. Bahan\MPB\camunda-bpm-tomcat-7.4.0\server\apache-tomcat-8.0.24\webapps\camunda-welcome has finished in 1,128 ms
23-Apr-2017 01:04:47.765 INFO [localhost-startStop-1] org.apache.catalina.startup.HostConfig.deployDirectory Deploying web application directory D:\KULIAH\kuliah\Skripsi\0. Bahan\MPB\camunda-bpm-tomcat-7.4.0\server\apache-tomcat-8.0.24\webapps\docs
23-Apr-2017 01:04:48.923 INFO [localhost-startStop-1] org.apache.jasper.servlet.TldScanner.scanJars At least one JAR was scanned for TLDs yet contained no TLDs. Enable debug logging for this logger for a complete list of JARs that were scanned but no TLDs were found in them. Skipping unneeded JARs during scanning can improve startup time and JSP compilation time.
23-Apr-2017 01:04:48.926 INFO [localhost-startStop-1] org.apache.catalina.startup.HostConfig.deployDirectory Deployment of web application directory D:\KULIAH\kuliah\Skripsi\0. Bahan\MPB\camunda-bpm-tomcat-7.4.0\server\apache-tomcat-8.0.24\webapps\docs has finished in 1,161 ms
23-Apr-2017 01:04:48.926 INFO [localhost-startStop-1] org.apache.catalina.startup.HostConfig.deployDirectory Deploying web application directory D:\KULIAH\kuliah\Skripsi\0. Bahan\MPB\camunda-bpm-tomcat-7.4.0\server\apache-tomcat-8.0.24\webapps\engine-rest
23-Apr-2017 01:04:52.626 INFO [localhost-startStop-1] org.apache.jasper.servlet.TldScanner.scanJars At least one JAR was scanned for TLDs yet contained no TLDs. Enable debug logging for this logger for a complete list of JARs that were scanned but no TLDs were found in them. Skipping unneeded JARs during scanning can improve startup time and JSP compilation time.
23-Apr-2017 01:04:52.851 INFO [localhost-startStop-1] org.jboss.resteasy.logging.impl.Slf4jLogger.info Deploying javax.ws.rs.core.Application: class org.camunda.bpm.engine.rest.impl.application.DefaultApplication
23-Apr-2017 01:04:52.923 INFO [localhost-startStop-1] org.apache.catalina.startup.HostConfig.deployDirectory Deployment of web application directory D:\KULIAH\kuliah\Skripsi\0. Bahan\MPB\camunda-bpm-tomcat-7.4.0\server\apache-tomcat-8.0.24\webapps\engine-rest has finished in 3,997 ms
23-Apr-2017 01:04:52.924 INFO [localhost-startStop-1] org.apache.catalina.startup.HostConfig.deployDirectory Deploying web application directory D:\KULIAH\kuliah\Skripsi\0. Bahan\MPB\camunda-bpm-tomcat-7.4.0\server\apache-tomcat-8.0.24\webapps\examples
23-Apr-2017 01:04:54.557 INFO [localhost-startStop-1] org.apache.jasper.servlet.TldScanner.scanJars At least one JAR was scanned for TLDs yet contained no TLDs. Enable debug logging for this logger for a complete list of JARs that were scanned but no TLDs were found in them. Skipping unneeded JARs during scanning can improve startup time and JSP compilation time.
23-Apr-2017 01:04:54.667 INFO [localhost-startStop-1] org.apache.catalina.startup.HostConfig.deployDirectory Deployment of web application directory D:\KULIAH\kuliah\Skripsi\0. Bahan\MPB\camunda-bpm-tomcat-7.4.0\server\apache-tomcat-8.0.24\webapps\examples has finished in 1,743 ms
23-Apr-2017 01:04:54.668 INFO [localhost-startStop-1] org.apache.catalina.startup.HostConfig.deployDirectory Deploying web application directory D:\KULIAH\kuliah\Skripsi\0. Bahan\MPB\camunda-bpm-tomcat-7.4.0\server\apache-tomcat-8.0.24\webapps\h2
23-Apr-2017 01:04:55.816 INFO [localhost-startStop-1] org.apache.jasper.servlet.TldScanner.scanJars At least one JAR was scanned for TLDs yet contained no TLDs. Enable debug logging for this logger for a complete list of JARs that were scanned but no TLDs were found in them. Skipping unneeded JARs during scanning can improve startup time and JSP compilation time.
23-Apr-2017 01:04:55.823 INFO [localhost-startStop-1] org.apache.catalina.startup.HostConfig.deployDirectory Deployment of web application directory D:\KULIAH\kuliah\Skripsi\0. Bahan\MPB\camunda-bpm-tomcat-7.4.0\server\apache-tomcat-8.0.24\webapps\h2 has finished in 1,156 ms
23-Apr-2017 01:04:55.825 INFO [localhost-startStop-1] org.apache.catalina.startup.HostConfig.deployDirectory Deploying web application directory D:\KULIAH\kuliah\Skripsi\0. Bahan\MPB\camunda-bpm-tomcat-7.4.0\server\apache-tomcat-8.0.24\webapps\host-manager
23-Apr-2017 01:04:56.910 INFO [localhost-startStop-1] org.apache.jasper.servlet.TldScanner.scanJars At least one JAR was scanned for TLDs yet contained no TLDs. Enable debug logging for this logger for a complete list of JARs that were scanned but no TLDs were found in them. Skipping unneeded JARs during scanning can improve startup time and JSP compilation time.
23-Apr-2017 01:04:56.922 INFO [localhost-startStop-1] org.apache.catalina.startup.HostConfig.deployDirectory Deployment of web application directory D:\KULIAH\kuliah\Skripsi\0. Bahan\MPB\camunda-bpm-tomcat-7.4.0\server\apache-tomcat-8.0.24\webapps\host-manager has finished in 1,097 ms
23-Apr-2017 01:04:56.922 INFO [localhost-startStop-1] org.apache.catalina.startup.HostConfig.deployDirectory Deploying web application directory D:\KULIAH\kuliah\Skripsi\0. Bahan\MPB\camunda-bpm-tomcat-7.4.0\server\apache-tomcat-8.0.24\webapps\loan-approval-0.1.0-SNAPSHOT
23-Apr-2017 01:04:58.208 INFO [localhost-startStop-1] org.camunda.commons.logging.BaseLogger.logInfo ENGINE-07015 Detected @ProcessApplication class 'org.camunda.bpm.getstarted.loanapproval.LoanApprovalApplication'
23-Apr-2017 01:04:58.219 INFO [localhost-startStop-1] org.apache.jasper.servlet.TldScanner.scanJars At least one JAR was scanned for TLDs yet contained no TLDs. Enable debug logging for this logger for a complete list of JARs that were scanned but no TLDs were found in them. Skipping unneeded JARs during scanning can improve startup time and JSP compilation time.
23-Apr-2017 01:04:58.221 INFO [localhost-startStop-1] org.camunda.commons.logging.BaseLogger.logInfo ENGINE-08024 Found processes.xml file at file:/D:/KULIAH/kuliah/Skripsi/0.%20Bahan/MPB/camunda-bpm-tomcat-7.4.0/server/apache-tomcat-8.0.24/webapps/loan-approval-0.1.0-SNAPSHOT/WEB-INF/classes/META-INF/processes.xml
23-Apr-2017 01:04:58.231 INFO [localhost-startStop-1] org.camunda.commons.logging.BaseLogger.logInfo ENGINE-08023 Deployment summary for process archive 'loan-approval': 

        loan-approval.bpmn

23-Apr-2017 01:04:58.346 INFO [localhost-startStop-1] org.camunda.commons.logging.BaseLogger.logInfo ENGINE-08050 Process application Loan Approval App successfully deployed
23-Apr-2017 01:04:58.348 INFO [localhost-startStop-1] org.apache.catalina.startup.HostConfig.deployDirectory Deployment of web application directory D:\KULIAH\kuliah\Skripsi\0. Bahan\MPB\camunda-bpm-tomcat-7.4.0\server\apache-tomcat-8.0.24\webapps\loan-approval-0.1.0-SNAPSHOT has finished in 1,426 ms
23-Apr-2017 01:04:58.348 INFO [localhost-startStop-1] org.apache.catalina.startup.HostConfig.deployDirectory Deploying web application directory D:\KULIAH\kuliah\Skripsi\0. Bahan\MPB\camunda-bpm-tomcat-7.4.0\server\apache-tomcat-8.0.24\webapps\manager
23-Apr-2017 01:04:59.676 INFO [localhost-startStop-1] org.apache.jasper.servlet.TldScanner.scanJars At least one JAR was scanned for TLDs yet contained no TLDs. Enable debug logging for this logger for a complete list of JARs that were scanned but no TLDs were found in them. Skipping unneeded JARs during scanning can improve startup time and JSP compilation time.
23-Apr-2017 01:04:59.678 INFO [localhost-startStop-1] org.apache.catalina.startup.HostConfig.deployDirectory Deployment of web application directory D:\KULIAH\kuliah\Skripsi\0. Bahan\MPB\camunda-bpm-tomcat-7.4.0\server\apache-tomcat-8.0.24\webapps\manager has finished in 1,330 ms
23-Apr-2017 01:04:59.678 INFO [localhost-startStop-1] org.apache.catalina.startup.HostConfig.deployDirectory Deploying web application directory D:\KULIAH\kuliah\Skripsi\0. Bahan\MPB\camunda-bpm-tomcat-7.4.0\server\apache-tomcat-8.0.24\webapps\ROOT
23-Apr-2017 01:05:00.767 INFO [localhost-startStop-1] org.apache.jasper.servlet.TldScanner.scanJars At least one JAR was scanned for TLDs yet contained no TLDs. Enable debug logging for this logger for a complete list of JARs that were scanned but no TLDs were found in them. Skipping unneeded JARs during scanning can improve startup time and JSP compilation time.
23-Apr-2017 01:05:00.768 INFO [localhost-startStop-1] org.apache.catalina.startup.HostConfig.deployDirectory Deployment of web application directory D:\KULIAH\kuliah\Skripsi\0. Bahan\MPB\camunda-bpm-tomcat-7.4.0\server\apache-tomcat-8.0.24\webapps\ROOT has finished in 1,090 ms
23-Apr-2017 01:05:00.772 INFO [main] org.apache.coyote.AbstractProtocol.start Starting ProtocolHandler ["http-nio-1234"]
23-Apr-2017 01:05:00.794 INFO [main] org.apache.coyote.AbstractProtocol.start Starting ProtocolHandler ["ajp-nio-8009"]
23-Apr-2017 01:05:00.798 INFO [main] org.apache.catalina.startup.Catalina.start Server startup in 34332 ms
23-Apr-2017 01:05:20.772 INFO [http-nio-1234-exec-9] org.jboss.resteasy.logging.impl.Slf4jLogger.info Deploying javax.ws.rs.core.Application: class org.camunda.bpm.admin.impl.web.AdminApplication
23-Apr-2017 01:05:20.807 INFO [http-nio-1234-exec-7] org.jboss.resteasy.logging.impl.Slf4jLogger.info Deploying javax.ws.rs.core.Application: class org.camunda.bpm.webapp.impl.engine.EngineRestApplication
23-Apr-2017 01:08:10.853 INFO [main] org.apache.catalina.startup.VersionLoggerListener.log Server version:        Apache Tomcat/8.0.24
23-Apr-2017 01:08:10.854 INFO [main] org.apache.catalina.startup.VersionLoggerListener.log Server built:          Jul 1 2015 20:19:55 UTC
23-Apr-2017 01:08:10.854 INFO [main] org.apache.catalina.startup.VersionLoggerListener.log Server number:         8.0.24.0
23-Apr-2017 01:08:10.854 INFO [main] org.apache.catalina.startup.VersionLoggerListener.log OS Name:               Windows 7
23-Apr-2017 01:08:10.854 INFO [main] org.apache.catalina.startup.VersionLoggerListener.log OS Version:            6.1
23-Apr-2017 01:08:10.855 INFO [main] org.apache.catalina.startup.VersionLoggerListener.log Architecture:          amd64
23-Apr-2017 01:08:10.855 INFO [main] org.apache.catalina.startup.VersionLoggerListener.log Java Home:             C:\Program Files\Java\jdk1.8.0_31\jre
23-Apr-2017 01:08:10.855 INFO [main] org.apache.catalina.startup.VersionLoggerListener.log JVM Version:           1.8.0_31-b13
23-Apr-2017 01:08:10.855 INFO [main] org.apache.catalina.startup.VersionLoggerListener.log JVM Vendor:            Oracle Corporation
23-Apr-2017 01:08:10.855 INFO [main] org.apache.catalina.startup.VersionLoggerListener.log CATALINA_BASE:         D:\KULIAH\kuliah\Skripsi\0. Bahan\MPB\camunda-bpm-tomcat-7.4.0\server\apache-tomcat-8.0.24
23-Apr-2017 01:08:10.855 INFO [main] org.apache.catalina.startup.VersionLoggerListener.log CATALINA_HOME:         D:\KULIAH\kuliah\Skripsi\0. Bahan\MPB\camunda-bpm-tomcat-7.4.0\server\apache-tomcat-8.0.24
23-Apr-2017 01:08:10.856 INFO [main] org.apache.catalina.startup.VersionLoggerListener.log Command line argument: -Djava.util.logging.config.file=D:\KULIAH\kuliah\Skripsi\0. Bahan\MPB\camunda-bpm-tomcat-7.4.0\server\apache-tomcat-8.0.24\conf\logging.properties
23-Apr-2017 01:08:10.857 INFO [main] org.apache.catalina.startup.VersionLoggerListener.log Command line argument: -Djava.util.logging.manager=org.apache.juli.ClassLoaderLogManager
23-Apr-2017 01:08:10.857 INFO [main] org.apache.catalina.startup.VersionLoggerListener.log Command line argument: -Xmx512m
23-Apr-2017 01:08:10.858 INFO [main] org.apache.catalina.startup.VersionLoggerListener.log Command line argument: -XX:MaxPermSize=256m
23-Apr-2017 01:08:10.858 INFO [main] org.apache.catalina.startup.VersionLoggerListener.log Command line argument: -XX:PermSize=256m
23-Apr-2017 01:08:10.859 INFO [main] org.apache.catalina.startup.VersionLoggerListener.log Command line argument: -Djava.endorsed.dirs=D:\KULIAH\kuliah\Skripsi\0. Bahan\MPB\camunda-bpm-tomcat-7.4.0\server\apache-tomcat-8.0.24\endorsed
23-Apr-2017 01:08:10.859 INFO [main] org.apache.catalina.startup.VersionLoggerListener.log Command line argument: -Dcatalina.base=D:\KULIAH\kuliah\Skripsi\0. Bahan\MPB\camunda-bpm-tomcat-7.4.0\server\apache-tomcat-8.0.24
23-Apr-2017 01:08:10.859 INFO [main] org.apache.catalina.startup.VersionLoggerListener.log Command line argument: -Dcatalina.home=D:\KULIAH\kuliah\Skripsi\0. Bahan\MPB\camunda-bpm-tomcat-7.4.0\server\apache-tomcat-8.0.24
23-Apr-2017 01:08:10.860 INFO [main] org.apache.catalina.startup.VersionLoggerListener.log Command line argument: -Djava.io.tmpdir=D:\KULIAH\kuliah\Skripsi\0. Bahan\MPB\camunda-bpm-tomcat-7.4.0\server\apache-tomcat-8.0.24\temp
23-Apr-2017 01:08:10.862 INFO [main] org.apache.catalina.core.AprLifecycleListener.lifecycleEvent The APR based Apache Tomcat Native library which allows optimal performance in production environments was not found on the java.library.path: C:\Program Files\Java\jdk1.8.0_31\bin;C:\Windows\Sun\Java\bin;C:\Windows\system32;C:\Windows;C:\Windows\system32;C:\Windows;C:\Windows\system32\wbem;C:\Program Files\Java\jdk1.8.0_31\bin;D:\KULIAH\kuliah\Semester6\PBWL\4\typesafe-activator-1.3.2-minimal\activator-1.3.2-minimal;C:\Program Files (x86)\AutoLyric;C:\Program Files\nodejs;C:\Windows\system32\config\systemprofile\.dnx\bin;C:\Program Files\Microsoft DNX\Dnvm;C:\Program Files (x86)\Windows Kits\8.1\Windows Performance Toolkit;C:\ant\bin;C:\Users\Luke\AppData\Local\Android\android-sdk\tools;C:\Users\Luke\AppData\Local\Android\android-sdk\platform-tools;C:\Program Files (x86)\OpenVPN\bin;C:\Program Files\TortoiseGit\bin;C:\xampp\php;C:\ProgramData\ComposerSetup\bin;C:\Program Files (x86)\GtkSharp\2.12\bin;C:\Program Files\Java\jdk1.8.0_31\bin;D:\KULIAH\kuliah\Semester6\PBWL\4\typesafe-activator-1.3.2-minimal\activator-1.3.2-minimal;D:\PHALCON\phalcon-devtools-2.0.1\phalcon-devtools-2.0.1;C:\Users\Luke\AppData\Roaming\npm;C:\Users\Luke\AppData\Roaming\Composer\vendor\bin;C:\Users\Luke\AppData\Local\atom\bin;.
23-Apr-2017 01:08:11.050 INFO [main] org.apache.coyote.AbstractProtocol.init Initializing ProtocolHandler ["http-nio-1234"]
23-Apr-2017 01:08:11.141 INFO [main] org.apache.tomcat.util.net.NioSelectorPool.getSharedSelector Using a shared selector for servlet write/read
23-Apr-2017 01:08:11.144 INFO [main] org.apache.coyote.AbstractProtocol.init Initializing ProtocolHandler ["ajp-nio-8009"]
23-Apr-2017 01:08:11.149 INFO [main] org.apache.tomcat.util.net.NioSelectorPool.getSharedSelector Using a shared selector for servlet write/read
23-Apr-2017 01:08:11.150 INFO [main] org.apache.catalina.startup.Catalina.load Initialization processed in 778 ms
23-Apr-2017 01:08:11.170 WARNING [main] org.apache.tomcat.jdbc.pool.ConnectionPool.init maxIdle is larger than maxActive, setting maxIdle to: 20
23-Apr-2017 01:08:13.909 INFO [main] org.camunda.commons.logging.BaseLogger.logInfo ENGINE-08046 Found camunda bpm platform configuration in CATALINA_BASE/CATALINA_HOME conf directory [D:\KULIAH\kuliah\Skripsi\0. Bahan\MPB\camunda-bpm-tomcat-7.4.0\server\apache-tomcat-8.0.24\conf\bpm-platform.xml] at 'file:/D:/KULIAH/kuliah/Skripsi/0.%20Bahan/MPB/camunda-bpm-tomcat-7.4.0/server/apache-tomcat-8.0.24/conf/bpm-platform.xml'
23-Apr-2017 01:08:14.867 INFO [main] org.camunda.commons.logging.BaseLogger.logInfo ENGINE-12003 Plugin 'ProcessApplicationEventListenerPlugin' activated on process engine 'default'
23-Apr-2017 01:08:14.870 INFO [main] org.camunda.commons.logging.BaseLogger.logInfo ENGINE-12003 Plugin 'SpinProcessEnginePlugin' activated on process engine 'default'
23-Apr-2017 01:08:14.876 INFO [main] org.camunda.commons.logging.BaseLogger.logInfo SPIN-01010 Discovered Spin data format provider: org.camunda.spin.impl.json.jackson.format.JacksonJsonDataFormatProvider[name = application/json]
23-Apr-2017 01:08:15.084 INFO [main] org.camunda.commons.logging.BaseLogger.logInfo SPIN-01010 Discovered Spin data format provider: org.camunda.spin.impl.xml.dom.format.DomXmlDataFormatProvider[name = application/xml]
23-Apr-2017 01:08:15.097 INFO [main] org.camunda.commons.logging.BaseLogger.logInfo SPIN-01009 Discovered Spin data format: org.camunda.spin.impl.xml.dom.format.DomXmlDataFormat[name = application/xml]
23-Apr-2017 01:08:15.097 INFO [main] org.camunda.commons.logging.BaseLogger.logInfo SPIN-01009 Discovered Spin data format: org.camunda.spin.impl.json.jackson.format.JacksonJsonDataFormat[name = application/json]
23-Apr-2017 01:08:15.098 INFO [main] org.camunda.commons.logging.BaseLogger.logInfo ENGINE-12003 Plugin 'ConnectProcessEnginePlugin' activated on process engine 'default'
23-Apr-2017 01:08:15.246 INFO [main] org.camunda.commons.logging.BaseLogger.logInfo CNCT-01004 Discovered provider for connector id 'http-connector' and class 'org.camunda.connect.httpclient.impl.HttpConnectorImpl': 'org.camunda.connect.httpclient.impl.HttpConnectorProviderImpl'
23-Apr-2017 01:08:15.253 INFO [main] org.camunda.commons.logging.BaseLogger.logInfo CNCT-01004 Discovered provider for connector id 'soap-http-connector' and class 'org.camunda.connect.httpclient.soap.impl.SoapHttpConnectorImpl': 'org.camunda.connect.httpclient.soap.impl.SoapHttpConnectorProviderImpl'
23-Apr-2017 01:08:17.056 INFO [main] org.camunda.commons.logging.BaseLogger.logInfo ENGINE-00001 Process Engine default created.
23-Apr-2017 01:08:17.058 INFO [main] org.camunda.commons.logging.BaseLogger.logInfo ENGINE-14014 Starting up the JobExecutor[org.camunda.bpm.engine.impl.jobexecutor.RuntimeContainerJobExecutor].
23-Apr-2017 01:08:17.062 INFO [Thread-6] org.camunda.commons.logging.BaseLogger.logInfo ENGINE-14018 JobExecutor[org.camunda.bpm.engine.impl.jobexecutor.RuntimeContainerJobExecutor] starting to acquire jobs
23-Apr-2017 01:08:17.069 INFO [main] org.camunda.commons.logging.BaseLogger.logInfo ENGINE-08048 Camunda BPM platform sucessfully started at 'Apache Tomcat/8.0.24'.
23-Apr-2017 01:08:17.078 INFO [main] org.apache.catalina.core.StandardService.startInternal Starting service Catalina
23-Apr-2017 01:08:17.079 INFO [main] org.apache.catalina.core.StandardEngine.startInternal Starting Servlet Engine: Apache Tomcat/8.0.24
23-Apr-2017 01:08:17.098 INFO [localhost-startStop-1] org.apache.catalina.startup.HostConfig.deployWAR Deploying web application archive D:\KULIAH\kuliah\Skripsi\0. Bahan\MPB\camunda-bpm-tomcat-7.4.0\server\apache-tomcat-8.0.24\webapps\pendaftaran-bpjs-0.0.1-SNAPSHOT.war
23-Apr-2017 01:08:18.991 INFO [localhost-startStop-1] org.camunda.commons.logging.BaseLogger.logInfo ENGINE-07015 Detected @ProcessApplication class 'org.camunda.bpm.getstarted.pendaftaranbpjs.PendaftaranBPJS'
23-Apr-2017 01:08:19.019 INFO [localhost-startStop-1] org.apache.jasper.servlet.TldScanner.scanJars At least one JAR was scanned for TLDs yet contained no TLDs. Enable debug logging for this logger for a complete list of JARs that were scanned but no TLDs were found in them. Skipping unneeded JARs during scanning can improve startup time and JSP compilation time.
23-Apr-2017 01:08:19.055 INFO [localhost-startStop-1] org.camunda.commons.logging.BaseLogger.logInfo ENGINE-08024 Found processes.xml file at file:/D:/KULIAH/kuliah/Skripsi/0.%20Bahan/MPB/camunda-bpm-tomcat-7.4.0/server/apache-tomcat-8.0.24/webapps/pendaftaran-bpjs-0.0.1-SNAPSHOT/WEB-INF/classes/META-INF/processes.xml
23-Apr-2017 01:08:19.079 INFO [localhost-startStop-1] org.camunda.commons.logging.BaseLogger.logInfo ENGINE-08023 Deployment summary for process archive 'pendaftaran-bpjs': 

        pendaftaran-bpjs.bpmn

23-Apr-2017 01:08:19.509 INFO [localhost-startStop-1] org.camunda.commons.logging.BaseLogger.logInfo ENGINE-08050 Process application PendaftaranBPJS App successfully deployed
23-Apr-2017 01:08:19.523 INFO [localhost-startStop-1] org.apache.catalina.startup.HostConfig.deployWAR Deployment of web application archive D:\KULIAH\kuliah\Skripsi\0. Bahan\MPB\camunda-bpm-tomcat-7.4.0\server\apache-tomcat-8.0.24\webapps\pendaftaran-bpjs-0.0.1-SNAPSHOT.war has finished in 2,424 ms
23-Apr-2017 01:08:19.533 INFO [localhost-startStop-1] org.apache.catalina.startup.HostConfig.deployDirectory Deploying web application directory D:\KULIAH\kuliah\Skripsi\0. Bahan\MPB\camunda-bpm-tomcat-7.4.0\server\apache-tomcat-8.0.24\webapps\camunda
23-Apr-2017 01:08:21.433 INFO [localhost-startStop-1] org.apache.jasper.servlet.TldScanner.scanJars At least one JAR was scanned for TLDs yet contained no TLDs. Enable debug logging for this logger for a complete list of JARs that were scanned but no TLDs were found in them. Skipping unneeded JARs during scanning can improve startup time and JSP compilation time.
23-Apr-2017 01:08:21.656 INFO [localhost-startStop-1] org.apache.catalina.startup.HostConfig.deployDirectory Deployment of web application directory D:\KULIAH\kuliah\Skripsi\0. Bahan\MPB\camunda-bpm-tomcat-7.4.0\server\apache-tomcat-8.0.24\webapps\camunda has finished in 2,124 ms
23-Apr-2017 01:08:21.656 INFO [localhost-startStop-1] org.apache.catalina.startup.HostConfig.deployDirectory Deploying web application directory D:\KULIAH\kuliah\Skripsi\0. Bahan\MPB\camunda-bpm-tomcat-7.4.0\server\apache-tomcat-8.0.24\webapps\camunda-welcome
23-Apr-2017 01:08:22.754 INFO [localhost-startStop-1] org.apache.jasper.servlet.TldScanner.scanJars At least one JAR was scanned for TLDs yet contained no TLDs. Enable debug logging for this logger for a complete list of JARs that were scanned but no TLDs were found in them. Skipping unneeded JARs during scanning can improve startup time and JSP compilation time.
23-Apr-2017 01:08:22.756 INFO [localhost-startStop-1] org.apache.catalina.startup.HostConfig.deployDirectory Deployment of web application directory D:\KULIAH\kuliah\Skripsi\0. Bahan\MPB\camunda-bpm-tomcat-7.4.0\server\apache-tomcat-8.0.24\webapps\camunda-welcome has finished in 1,100 ms
23-Apr-2017 01:08:22.756 INFO [localhost-startStop-1] org.apache.catalina.startup.HostConfig.deployDirectory Deploying web application directory D:\KULIAH\kuliah\Skripsi\0. Bahan\MPB\camunda-bpm-tomcat-7.4.0\server\apache-tomcat-8.0.24\webapps\docs
23-Apr-2017 01:08:23.812 INFO [localhost-startStop-1] org.apache.jasper.servlet.TldScanner.scanJars At least one JAR was scanned for TLDs yet contained no TLDs. Enable debug logging for this logger for a complete list of JARs that were scanned but no TLDs were found in them. Skipping unneeded JARs during scanning can improve startup time and JSP compilation time.
23-Apr-2017 01:08:23.817 INFO [localhost-startStop-1] org.apache.catalina.startup.HostConfig.deployDirectory Deployment of web application directory D:\KULIAH\kuliah\Skripsi\0. Bahan\MPB\camunda-bpm-tomcat-7.4.0\server\apache-tomcat-8.0.24\webapps\docs has finished in 1,061 ms
23-Apr-2017 01:08:23.817 INFO [localhost-startStop-1] org.apache.catalina.startup.HostConfig.deployDirectory Deploying web application directory D:\KULIAH\kuliah\Skripsi\0. Bahan\MPB\camunda-bpm-tomcat-7.4.0\server\apache-tomcat-8.0.24\webapps\engine-rest
23-Apr-2017 01:08:25.463 INFO [localhost-startStop-1] org.apache.jasper.servlet.TldScanner.scanJars At least one JAR was scanned for TLDs yet contained no TLDs. Enable debug logging for this logger for a complete list of JARs that were scanned but no TLDs were found in them. Skipping unneeded JARs during scanning can improve startup time and JSP compilation time.
23-Apr-2017 01:08:25.554 INFO [localhost-startStop-1] org.jboss.resteasy.logging.impl.Slf4jLogger.info Deploying javax.ws.rs.core.Application: class org.camunda.bpm.engine.rest.impl.application.DefaultApplication
23-Apr-2017 01:08:25.616 INFO [localhost-startStop-1] org.apache.catalina.startup.HostConfig.deployDirectory Deployment of web application directory D:\KULIAH\kuliah\Skripsi\0. Bahan\MPB\camunda-bpm-tomcat-7.4.0\server\apache-tomcat-8.0.24\webapps\engine-rest has finished in 1,799 ms
23-Apr-2017 01:08:25.617 INFO [localhost-startStop-1] org.apache.catalina.startup.HostConfig.deployDirectory Deploying web application directory D:\KULIAH\kuliah\Skripsi\0. Bahan\MPB\camunda-bpm-tomcat-7.4.0\server\apache-tomcat-8.0.24\webapps\examples
23-Apr-2017 01:08:26.894 INFO [localhost-startStop-1] org.apache.jasper.servlet.TldScanner.scanJars At least one JAR was scanned for TLDs yet contained no TLDs. Enable debug logging for this logger for a complete list of JARs that were scanned but no TLDs were found in them. Skipping unneeded JARs during scanning can improve startup time and JSP compilation time.
23-Apr-2017 01:08:26.940 INFO [localhost-startStop-1] org.apache.catalina.startup.HostConfig.deployDirectory Deployment of web application directory D:\KULIAH\kuliah\Skripsi\0. Bahan\MPB\camunda-bpm-tomcat-7.4.0\server\apache-tomcat-8.0.24\webapps\examples has finished in 1,323 ms
23-Apr-2017 01:08:26.942 INFO [localhost-startStop-1] org.apache.catalina.startup.HostConfig.deployDirectory Deploying web application directory D:\KULIAH\kuliah\Skripsi\0. Bahan\MPB\camunda-bpm-tomcat-7.4.0\server\apache-tomcat-8.0.24\webapps\h2
23-Apr-2017 01:08:28.051 INFO [localhost-startStop-1] org.apache.jasper.servlet.TldScanner.scanJars At least one JAR was scanned for TLDs yet contained no TLDs. Enable debug logging for this logger for a complete list of JARs that were scanned but no TLDs were found in them. Skipping unneeded JARs during scanning can improve startup time and JSP compilation time.
23-Apr-2017 01:08:28.057 INFO [localhost-startStop-1] org.apache.catalina.startup.HostConfig.deployDirectory Deployment of web application directory D:\KULIAH\kuliah\Skripsi\0. Bahan\MPB\camunda-bpm-tomcat-7.4.0\server\apache-tomcat-8.0.24\webapps\h2 has finished in 1,115 ms
23-Apr-2017 01:08:28.057 INFO [localhost-startStop-1] org.apache.catalina.startup.HostConfig.deployDirectory Deploying web application directory D:\KULIAH\kuliah\Skripsi\0. Bahan\MPB\camunda-bpm-tomcat-7.4.0\server\apache-tomcat-8.0.24\webapps\host-manager
23-Apr-2017 01:08:29.149 INFO [localhost-startStop-1] org.apache.jasper.servlet.TldScanner.scanJars At least one JAR was scanned for TLDs yet contained no TLDs. Enable debug logging for this logger for a complete list of JARs that were scanned but no TLDs were found in them. Skipping unneeded JARs during scanning can improve startup time and JSP compilation time.
23-Apr-2017 01:08:29.153 INFO [localhost-startStop-1] org.apache.catalina.startup.HostConfig.deployDirectory Deployment of web application directory D:\KULIAH\kuliah\Skripsi\0. Bahan\MPB\camunda-bpm-tomcat-7.4.0\server\apache-tomcat-8.0.24\webapps\host-manager has finished in 1,096 ms
23-Apr-2017 01:08:29.153 INFO [localhost-startStop-1] org.apache.catalina.startup.HostConfig.deployDirectory Deploying web application directory D:\KULIAH\kuliah\Skripsi\0. Bahan\MPB\camunda-bpm-tomcat-7.4.0\server\apache-tomcat-8.0.24\webapps\loan-approval-0.1.0-SNAPSHOT
23-Apr-2017 01:08:30.279 INFO [localhost-startStop-1] org.camunda.commons.logging.BaseLogger.logInfo ENGINE-07015 Detected @ProcessApplication class 'org.camunda.bpm.getstarted.loanapproval.LoanApprovalApplication'
23-Apr-2017 01:08:30.291 INFO [localhost-startStop-1] org.apache.jasper.servlet.TldScanner.scanJars At least one JAR was scanned for TLDs yet contained no TLDs. Enable debug logging for this logger for a complete list of JARs that were scanned but no TLDs were found in them. Skipping unneeded JARs during scanning can improve startup time and JSP compilation time.
23-Apr-2017 01:08:30.293 INFO [localhost-startStop-1] org.camunda.commons.logging.BaseLogger.logInfo ENGINE-08024 Found processes.xml file at file:/D:/KULIAH/kuliah/Skripsi/0.%20Bahan/MPB/camunda-bpm-tomcat-7.4.0/server/apache-tomcat-8.0.24/webapps/loan-approval-0.1.0-SNAPSHOT/WEB-INF/classes/META-INF/processes.xml
23-Apr-2017 01:08:30.299 INFO [localhost-startStop-1] org.camunda.commons.logging.BaseLogger.logInfo ENGINE-08023 Deployment summary for process archive 'loan-approval': 

        loan-approval.bpmn

23-Apr-2017 01:08:30.328 INFO [localhost-startStop-1] org.camunda.commons.logging.BaseLogger.logInfo ENGINE-08050 Process application Loan Approval App successfully deployed
23-Apr-2017 01:08:30.330 INFO [localhost-startStop-1] org.apache.catalina.startup.HostConfig.deployDirectory Deployment of web application directory D:\KULIAH\kuliah\Skripsi\0. Bahan\MPB\camunda-bpm-tomcat-7.4.0\server\apache-tomcat-8.0.24\webapps\loan-approval-0.1.0-SNAPSHOT has finished in 1,177 ms
23-Apr-2017 01:08:30.330 INFO [localhost-startStop-1] org.apache.catalina.startup.HostConfig.deployDirectory Deploying web application directory D:\KULIAH\kuliah\Skripsi\0. Bahan\MPB\camunda-bpm-tomcat-7.4.0\server\apache-tomcat-8.0.24\webapps\manager
23-Apr-2017 01:08:31.740 INFO [localhost-startStop-1] org.apache.jasper.servlet.TldScanner.scanJars At least one JAR was scanned for TLDs yet contained no TLDs. Enable debug logging for this logger for a complete list of JARs that were scanned but no TLDs were found in them. Skipping unneeded JARs during scanning can improve startup time and JSP compilation time.
23-Apr-2017 01:08:31.743 INFO [localhost-startStop-1] org.apache.catalina.startup.HostConfig.deployDirectory Deployment of web application directory D:\KULIAH\kuliah\Skripsi\0. Bahan\MPB\camunda-bpm-tomcat-7.4.0\server\apache-tomcat-8.0.24\webapps\manager has finished in 1,413 ms
23-Apr-2017 01:08:31.744 INFO [localhost-startStop-1] org.apache.catalina.startup.HostConfig.deployDirectory Deploying web application directory D:\KULIAH\kuliah\Skripsi\0. Bahan\MPB\camunda-bpm-tomcat-7.4.0\server\apache-tomcat-8.0.24\webapps\ROOT
23-Apr-2017 01:08:32.817 INFO [localhost-startStop-1] org.apache.jasper.servlet.TldScanner.scanJars At least one JAR was scanned for TLDs yet contained no TLDs. Enable debug logging for this logger for a complete list of JARs that were scanned but no TLDs were found in them. Skipping unneeded JARs during scanning can improve startup time and JSP compilation time.
23-Apr-2017 01:08:32.819 INFO [localhost-startStop-1] org.apache.catalina.startup.HostConfig.deployDirectory Deployment of web application directory D:\KULIAH\kuliah\Skripsi\0. Bahan\MPB\camunda-bpm-tomcat-7.4.0\server\apache-tomcat-8.0.24\webapps\ROOT has finished in 1,075 ms
23-Apr-2017 01:08:32.823 INFO [main] org.apache.coyote.AbstractProtocol.start Starting ProtocolHandler ["http-nio-1234"]
23-Apr-2017 01:08:32.831 INFO [main] org.apache.coyote.AbstractProtocol.start Starting ProtocolHandler ["ajp-nio-8009"]
23-Apr-2017 01:08:32.834 INFO [main] org.apache.catalina.startup.Catalina.start Server startup in 21682 ms
23-Apr-2017 01:08:34.079 INFO [http-nio-1234-exec-6] org.jboss.resteasy.logging.impl.Slf4jLogger.info Deploying javax.ws.rs.core.Application: class org.camunda.bpm.webapp.impl.engine.EngineRestApplication
23-Apr-2017 01:08:34.156 INFO [http-nio-1234-exec-7] org.jboss.resteasy.logging.impl.Slf4jLogger.info Deploying javax.ws.rs.core.Application: class org.camunda.bpm.admin.impl.web.AdminApplication
23-Apr-2017 01:08:46.751 INFO [http-nio-1234-exec-9] org.jboss.resteasy.logging.impl.Slf4jLogger.info Deploying javax.ws.rs.core.Application: class org.camunda.bpm.cockpit.impl.web.CockpitApplication
23-Apr-2017 01:08:51.462 INFO [http-nio-1234-exec-6] org.jboss.resteasy.logging.impl.Slf4jLogger.info Deploying javax.ws.rs.core.Application: class org.camunda.bpm.tasklist.impl.web.TasklistApplication
