25-Dec-2016 11:43:09.105 INFO [main] org.apache.catalina.startup.VersionLoggerListener.log Server version:        Apache Tomcat/8.0.24
25-Dec-2016 11:43:09.105 INFO [main] org.apache.catalina.startup.VersionLoggerListener.log Server built:          Jul 1 2015 20:19:55 UTC
25-Dec-2016 11:43:09.105 INFO [main] org.apache.catalina.startup.VersionLoggerListener.log Server number:         8.0.24.0
25-Dec-2016 11:43:09.105 INFO [main] org.apache.catalina.startup.VersionLoggerListener.log OS Name:               Windows 8.1
25-Dec-2016 11:43:09.105 INFO [main] org.apache.catalina.startup.VersionLoggerListener.log OS Version:            6.3
25-Dec-2016 11:43:09.105 INFO [main] org.apache.catalina.startup.VersionLoggerListener.log Architecture:          x86
25-Dec-2016 11:43:09.105 INFO [main] org.apache.catalina.startup.VersionLoggerListener.log Java Home:             C:\Program Files (x86)\Java\jre1.8.0_74
25-Dec-2016 11:43:09.105 INFO [main] org.apache.catalina.startup.VersionLoggerListener.log JVM Version:           1.8.0_74-b02
25-Dec-2016 11:43:09.105 INFO [main] org.apache.catalina.startup.VersionLoggerListener.log JVM Vendor:            Oracle Corporation
25-Dec-2016 11:43:09.105 INFO [main] org.apache.catalina.startup.VersionLoggerListener.log CATALINA_BASE:         D:\Skripsi 2\Skripsi\0. Bahan\MPB\camunda-bpm-tomcat-7.4.0\server\apache-tomcat-8.0.24
25-Dec-2016 11:43:09.105 INFO [main] org.apache.catalina.startup.VersionLoggerListener.log CATALINA_HOME:         D:\Skripsi 2\Skripsi\0. Bahan\MPB\camunda-bpm-tomcat-7.4.0\server\apache-tomcat-8.0.24
25-Dec-2016 11:43:09.105 INFO [main] org.apache.catalina.startup.VersionLoggerListener.log Command line argument: -Djava.util.logging.config.file=D:\Skripsi 2\Skripsi\0. Bahan\MPB\camunda-bpm-tomcat-7.4.0\server\apache-tomcat-8.0.24\conf\logging.properties
25-Dec-2016 11:43:09.120 INFO [main] org.apache.catalina.startup.VersionLoggerListener.log Command line argument: -Djava.util.logging.manager=org.apache.juli.ClassLoaderLogManager
25-Dec-2016 11:43:09.120 INFO [main] org.apache.catalina.startup.VersionLoggerListener.log Command line argument: -Xmx512m
25-Dec-2016 11:43:09.120 INFO [main] org.apache.catalina.startup.VersionLoggerListener.log Command line argument: -XX:MaxPermSize=256m
25-Dec-2016 11:43:09.120 INFO [main] org.apache.catalina.startup.VersionLoggerListener.log Command line argument: -XX:PermSize=256m
25-Dec-2016 11:43:09.120 INFO [main] org.apache.catalina.startup.VersionLoggerListener.log Command line argument: -Djava.endorsed.dirs=D:\Skripsi 2\Skripsi\0. Bahan\MPB\camunda-bpm-tomcat-7.4.0\server\apache-tomcat-8.0.24\endorsed
25-Dec-2016 11:43:09.120 INFO [main] org.apache.catalina.startup.VersionLoggerListener.log Command line argument: -Dcatalina.base=D:\Skripsi 2\Skripsi\0. Bahan\MPB\camunda-bpm-tomcat-7.4.0\server\apache-tomcat-8.0.24
25-Dec-2016 11:43:09.136 INFO [main] org.apache.catalina.startup.VersionLoggerListener.log Command line argument: -Dcatalina.home=D:\Skripsi 2\Skripsi\0. Bahan\MPB\camunda-bpm-tomcat-7.4.0\server\apache-tomcat-8.0.24
25-Dec-2016 11:43:09.136 INFO [main] org.apache.catalina.startup.VersionLoggerListener.log Command line argument: -Djava.io.tmpdir=D:\Skripsi 2\Skripsi\0. Bahan\MPB\camunda-bpm-tomcat-7.4.0\server\apache-tomcat-8.0.24\temp
25-Dec-2016 11:43:09.136 INFO [main] org.apache.catalina.core.AprLifecycleListener.lifecycleEvent The APR based Apache Tomcat Native library which allows optimal performance in production environments was not found on the java.library.path: C:\Program Files (x86)\Java\jre1.8.0_74\bin;C:\Windows\Sun\Java\bin;C:\Windows\system32;C:\Windows;C:\Program Files\Broadcom\Broadcom 802.11;C:\ProgramData\Oracle\Java\javapath;C:\Windows\system32;C:\Windows;C:\Windows\System32\Wbem;C:\Windows\System32\WindowsPowerShell\v1.0\;C:\Program Files (x86)\Skype\Phone\;C:\Program Files\nodejs\;C:\Program Files\Git\bin;C:\Program Files\Java\jdk1.8.0_65;C:\Program Files\Java\jre1.8.0_65;C:\xampp\php;C:\ProgramData\ComposerSetup\bin;C:\Program Files (x86)\OpenVPN\bin;C:\Program Files\TortoiseGit\bin;C:\Users\LukeOne\AppData\Roaming\npm;C:\Users\LukeOne\AppData\Roaming\Composer\vendor\bin;C:\Users\LukeOne\AppData\Local\atom\bin;.
25-Dec-2016 11:43:11.269 INFO [main] org.apache.coyote.AbstractProtocol.init Initializing ProtocolHandler ["http-nio-8080"]
25-Dec-2016 11:43:11.651 INFO [main] org.apache.tomcat.util.net.NioSelectorPool.getSharedSelector Using a shared selector for servlet write/read
25-Dec-2016 11:43:11.666 INFO [main] org.apache.coyote.AbstractProtocol.init Initializing ProtocolHandler ["ajp-nio-8009"]
25-Dec-2016 11:43:11.682 INFO [main] org.apache.tomcat.util.net.NioSelectorPool.getSharedSelector Using a shared selector for servlet write/read
25-Dec-2016 11:43:11.682 INFO [main] org.apache.catalina.startup.Catalina.load Initialization processed in 5712 ms
25-Dec-2016 11:43:11.862 WARNING [main] org.apache.tomcat.jdbc.pool.ConnectionPool.init maxIdle is larger than maxActive, setting maxIdle to: 20
25-Dec-2016 11:43:18.521 INFO [main] org.camunda.commons.logging.BaseLogger.logInfo ENGINE-08046 Found camunda bpm platform configuration in CATALINA_BASE/CATALINA_HOME conf directory [D:\Skripsi 2\Skripsi\0. Bahan\MPB\camunda-bpm-tomcat-7.4.0\server\apache-tomcat-8.0.24\conf\bpm-platform.xml] at 'file:/D:/Skripsi%202/Skripsi/0.%20Bahan/MPB/camunda-bpm-tomcat-7.4.0/server/apache-tomcat-8.0.24/conf/bpm-platform.xml'
25-Dec-2016 11:43:20.314 INFO [main] org.camunda.commons.logging.BaseLogger.logInfo ENGINE-12003 Plugin 'ProcessApplicationEventListenerPlugin' activated on process engine 'default'
25-Dec-2016 11:43:20.322 INFO [main] org.camunda.commons.logging.BaseLogger.logInfo ENGINE-12003 Plugin 'SpinProcessEnginePlugin' activated on process engine 'default'
25-Dec-2016 11:43:20.342 INFO [main] org.camunda.commons.logging.BaseLogger.logInfo SPIN-01010 Discovered Spin data format provider: org.camunda.spin.impl.json.jackson.format.JacksonJsonDataFormatProvider[name = application/json]
25-Dec-2016 11:43:21.018 INFO [main] org.camunda.commons.logging.BaseLogger.logInfo SPIN-01010 Discovered Spin data format provider: org.camunda.spin.impl.xml.dom.format.DomXmlDataFormatProvider[name = application/xml]
25-Dec-2016 11:43:21.138 INFO [main] org.camunda.commons.logging.BaseLogger.logInfo SPIN-01009 Discovered Spin data format: org.camunda.spin.impl.xml.dom.format.DomXmlDataFormat[name = application/xml]
25-Dec-2016 11:43:21.138 INFO [main] org.camunda.commons.logging.BaseLogger.logInfo SPIN-01009 Discovered Spin data format: org.camunda.spin.impl.json.jackson.format.JacksonJsonDataFormat[name = application/json]
25-Dec-2016 11:43:21.138 INFO [main] org.camunda.commons.logging.BaseLogger.logInfo ENGINE-12003 Plugin 'ConnectProcessEnginePlugin' activated on process engine 'default'
25-Dec-2016 11:43:21.981 INFO [main] org.camunda.commons.logging.BaseLogger.logInfo CNCT-01004 Discovered provider for connector id 'http-connector' and class 'org.camunda.connect.httpclient.impl.HttpConnectorImpl': 'org.camunda.connect.httpclient.impl.HttpConnectorProviderImpl'
25-Dec-2016 11:43:21.997 INFO [main] org.camunda.commons.logging.BaseLogger.logInfo CNCT-01004 Discovered provider for connector id 'soap-http-connector' and class 'org.camunda.connect.httpclient.soap.impl.SoapHttpConnectorImpl': 'org.camunda.connect.httpclient.soap.impl.SoapHttpConnectorProviderImpl'
25-Dec-2016 11:43:27.143 INFO [main] org.camunda.commons.logging.BaseLogger.logInfo ENGINE-00001 Process Engine default created.
25-Dec-2016 11:43:27.143 INFO [main] org.camunda.commons.logging.BaseLogger.logInfo ENGINE-14014 Starting up the JobExecutor[org.camunda.bpm.engine.impl.jobexecutor.RuntimeContainerJobExecutor].
25-Dec-2016 11:43:27.143 INFO [Thread-6] org.camunda.commons.logging.BaseLogger.logInfo ENGINE-14018 JobExecutor[org.camunda.bpm.engine.impl.jobexecutor.RuntimeContainerJobExecutor] starting to acquire jobs
25-Dec-2016 11:43:27.338 INFO [main] org.camunda.commons.logging.BaseLogger.logInfo ENGINE-08048 Camunda BPM platform sucessfully started at 'Apache Tomcat/8.0.24'.
25-Dec-2016 11:43:27.429 INFO [main] org.apache.catalina.core.StandardService.startInternal Starting service Catalina
25-Dec-2016 11:43:27.429 INFO [main] org.apache.catalina.core.StandardEngine.startInternal Starting Servlet Engine: Apache Tomcat/8.0.24
25-Dec-2016 11:43:27.851 INFO [localhost-startStop-1] org.apache.catalina.startup.HostConfig.deployWAR Deploying web application archive D:\Skripsi 2\Skripsi\0. Bahan\MPB\camunda-bpm-tomcat-7.4.0\server\apache-tomcat-8.0.24\webapps\pendaftaran-bpjs-0.0.1-SNAPSHOT.war
25-Dec-2016 11:43:28.158 INFO [localhost-startStop-1] org.apache.catalina.startup.ExpandWar.expand An expanded directory [D:\Skripsi 2\Skripsi\0. Bahan\MPB\camunda-bpm-tomcat-7.4.0\server\apache-tomcat-8.0.24\webapps\pendaftaran-bpjs-0.0.1-SNAPSHOT] was found with a last modified time that did not match the associated WAR. It will be deleted.
25-Dec-2016 11:43:36.585 INFO [localhost-startStop-1] org.camunda.commons.logging.BaseLogger.logInfo ENGINE-07015 Detected @ProcessApplication class 'org.camunda.bpm.getstarted.pendaftaranbpjs.PendaftaranBPJS'
25-Dec-2016 11:43:36.702 INFO [localhost-startStop-1] org.apache.jasper.servlet.TldScanner.scanJars At least one JAR was scanned for TLDs yet contained no TLDs. Enable debug logging for this logger for a complete list of JARs that were scanned but no TLDs were found in them. Skipping unneeded JARs during scanning can improve startup time and JSP compilation time.
25-Dec-2016 11:43:36.780 INFO [localhost-startStop-1] org.camunda.commons.logging.BaseLogger.logInfo ENGINE-08024 Found processes.xml file at file:/D:/Skripsi%202/Skripsi/0.%20Bahan/MPB/camunda-bpm-tomcat-7.4.0/server/apache-tomcat-8.0.24/webapps/pendaftaran-bpjs-0.0.1-SNAPSHOT/WEB-INF/classes/META-INF/processes.xml
25-Dec-2016 11:43:36.811 INFO [localhost-startStop-1] org.camunda.commons.logging.BaseLogger.logInfo ENGINE-08023 Deployment summary for process archive 'pendaftaran-bpjs': 

        pendaftaran-bpjs.bpmn

25-Dec-2016 11:43:37.781 INFO [localhost-startStop-1] org.camunda.commons.logging.BaseLogger.logInfo ENGINE-08050 Process application PendaftaranBPJS App successfully deployed
25-Dec-2016 11:43:37.849 INFO [localhost-startStop-1] org.apache.catalina.startup.HostConfig.deployWAR Deployment of web application archive D:\Skripsi 2\Skripsi\0. Bahan\MPB\camunda-bpm-tomcat-7.4.0\server\apache-tomcat-8.0.24\webapps\pendaftaran-bpjs-0.0.1-SNAPSHOT.war has finished in 9,998 ms
25-Dec-2016 11:43:37.853 INFO [localhost-startStop-1] org.apache.catalina.startup.HostConfig.deployDirectory Deploying web application directory D:\Skripsi 2\Skripsi\0. Bahan\MPB\camunda-bpm-tomcat-7.4.0\server\apache-tomcat-8.0.24\webapps\camunda
25-Dec-2016 11:43:47.175 INFO [localhost-startStop-1] org.apache.jasper.servlet.TldScanner.scanJars At least one JAR was scanned for TLDs yet contained no TLDs. Enable debug logging for this logger for a complete list of JARs that were scanned but no TLDs were found in them. Skipping unneeded JARs during scanning can improve startup time and JSP compilation time.
25-Dec-2016 11:43:47.943 INFO [localhost-startStop-1] org.apache.catalina.startup.HostConfig.deployDirectory Deployment of web application directory D:\Skripsi 2\Skripsi\0. Bahan\MPB\camunda-bpm-tomcat-7.4.0\server\apache-tomcat-8.0.24\webapps\camunda has finished in 10,090 ms
25-Dec-2016 11:43:47.943 INFO [localhost-startStop-1] org.apache.catalina.startup.HostConfig.deployDirectory Deploying web application directory D:\Skripsi 2\Skripsi\0. Bahan\MPB\camunda-bpm-tomcat-7.4.0\server\apache-tomcat-8.0.24\webapps\camunda-invoice
25-Dec-2016 11:43:53.083 INFO [localhost-startStop-1] org.camunda.commons.logging.BaseLogger.logInfo ENGINE-07015 Detected @ProcessApplication class 'org.camunda.bpm.example.invoice.InvoiceProcessApplication'
25-Dec-2016 11:43:53.143 INFO [localhost-startStop-1] org.apache.jasper.servlet.TldScanner.scanJars At least one JAR was scanned for TLDs yet contained no TLDs. Enable debug logging for this logger for a complete list of JARs that were scanned but no TLDs were found in them. Skipping unneeded JARs during scanning can improve startup time and JSP compilation time.
25-Dec-2016 11:43:53.151 INFO [localhost-startStop-1] org.camunda.commons.logging.BaseLogger.logInfo ENGINE-08024 Found processes.xml file at file:/D:/Skripsi%202/Skripsi/0.%20Bahan/MPB/camunda-bpm-tomcat-7.4.0/server/apache-tomcat-8.0.24/webapps/camunda-invoice/WEB-INF/classes/META-INF/processes.xml
25-Dec-2016 11:43:53.231 INFO [localhost-startStop-1] org.camunda.commons.logging.BaseLogger.logInfo ENGINE-08023 Deployment summary for process archive 'camunda-invoice': 

        invoice.png
        assign-approver-groups.dmn
        invoice.bpmn

25-Dec-2016 11:43:57.035 INFO [localhost-startStop-1] org.camunda.commons.logging.BaseLogger.logInfo ENGINE-08050 Process application camunda-invoice successfully deployed
25-Dec-2016 11:43:57.043 INFO [localhost-startStop-1] org.apache.catalina.startup.HostConfig.deployDirectory Deployment of web application directory D:\Skripsi 2\Skripsi\0. Bahan\MPB\camunda-bpm-tomcat-7.4.0\server\apache-tomcat-8.0.24\webapps\camunda-invoice has finished in 9,100 ms
25-Dec-2016 11:43:57.043 INFO [localhost-startStop-1] org.apache.catalina.startup.HostConfig.deployDirectory Deploying web application directory D:\Skripsi 2\Skripsi\0. Bahan\MPB\camunda-bpm-tomcat-7.4.0\server\apache-tomcat-8.0.24\webapps\camunda-welcome
25-Dec-2016 11:44:01.319 INFO [localhost-startStop-1] org.apache.jasper.servlet.TldScanner.scanJars At least one JAR was scanned for TLDs yet contained no TLDs. Enable debug logging for this logger for a complete list of JARs that were scanned but no TLDs were found in them. Skipping unneeded JARs during scanning can improve startup time and JSP compilation time.
25-Dec-2016 11:44:01.327 INFO [localhost-startStop-1] org.apache.catalina.startup.HostConfig.deployDirectory Deployment of web application directory D:\Skripsi 2\Skripsi\0. Bahan\MPB\camunda-bpm-tomcat-7.4.0\server\apache-tomcat-8.0.24\webapps\camunda-welcome has finished in 4,284 ms
25-Dec-2016 11:44:01.331 INFO [localhost-startStop-1] org.apache.catalina.startup.HostConfig.deployDirectory Deploying web application directory D:\Skripsi 2\Skripsi\0. Bahan\MPB\camunda-bpm-tomcat-7.4.0\server\apache-tomcat-8.0.24\webapps\docs
25-Dec-2016 11:44:07.815 INFO [localhost-startStop-1] org.apache.jasper.servlet.TldScanner.scanJars At least one JAR was scanned for TLDs yet contained no TLDs. Enable debug logging for this logger for a complete list of JARs that were scanned but no TLDs were found in them. Skipping unneeded JARs during scanning can improve startup time and JSP compilation time.
25-Dec-2016 11:44:07.823 INFO [localhost-startStop-1] org.apache.catalina.startup.HostConfig.deployDirectory Deployment of web application directory D:\Skripsi 2\Skripsi\0. Bahan\MPB\camunda-bpm-tomcat-7.4.0\server\apache-tomcat-8.0.24\webapps\docs has finished in 6,492 ms
25-Dec-2016 11:44:07.827 INFO [localhost-startStop-1] org.apache.catalina.startup.HostConfig.deployDirectory Deploying web application directory D:\Skripsi 2\Skripsi\0. Bahan\MPB\camunda-bpm-tomcat-7.4.0\server\apache-tomcat-8.0.24\webapps\engine-rest
25-Dec-2016 11:44:27.271 INFO [localhost-startStop-1] org.apache.jasper.servlet.TldScanner.scanJars At least one JAR was scanned for TLDs yet contained no TLDs. Enable debug logging for this logger for a complete list of JARs that were scanned but no TLDs were found in them. Skipping unneeded JARs during scanning can improve startup time and JSP compilation time.
25-Dec-2016 11:44:27.643 INFO [localhost-startStop-1] org.jboss.resteasy.logging.impl.Slf4jLogger.info Deploying javax.ws.rs.core.Application: class org.camunda.bpm.engine.rest.impl.application.DefaultApplication
25-Dec-2016 11:44:27.919 INFO [localhost-startStop-1] org.apache.catalina.startup.HostConfig.deployDirectory Deployment of web application directory D:\Skripsi 2\Skripsi\0. Bahan\MPB\camunda-bpm-tomcat-7.4.0\server\apache-tomcat-8.0.24\webapps\engine-rest has finished in 20,092 ms
25-Dec-2016 11:44:27.919 INFO [localhost-startStop-1] org.apache.catalina.startup.HostConfig.deployDirectory Deploying web application directory D:\Skripsi 2\Skripsi\0. Bahan\MPB\camunda-bpm-tomcat-7.4.0\server\apache-tomcat-8.0.24\webapps\examples
25-Dec-2016 11:44:37.351 INFO [localhost-startStop-1] org.apache.jasper.servlet.TldScanner.scanJars At least one JAR was scanned for TLDs yet contained no TLDs. Enable debug logging for this logger for a complete list of JARs that were scanned but no TLDs were found in them. Skipping unneeded JARs during scanning can improve startup time and JSP compilation time.
25-Dec-2016 11:44:37.483 INFO [localhost-startStop-1] org.apache.catalina.startup.HostConfig.deployDirectory Deployment of web application directory D:\Skripsi 2\Skripsi\0. Bahan\MPB\camunda-bpm-tomcat-7.4.0\server\apache-tomcat-8.0.24\webapps\examples has finished in 9,564 ms
25-Dec-2016 11:44:37.487 INFO [localhost-startStop-1] org.apache.catalina.startup.HostConfig.deployDirectory Deploying web application directory D:\Skripsi 2\Skripsi\0. Bahan\MPB\camunda-bpm-tomcat-7.4.0\server\apache-tomcat-8.0.24\webapps\h2
25-Dec-2016 11:44:42.803 INFO [localhost-startStop-1] org.apache.jasper.servlet.TldScanner.scanJars At least one JAR was scanned for TLDs yet contained no TLDs. Enable debug logging for this logger for a complete list of JARs that were scanned but no TLDs were found in them. Skipping unneeded JARs during scanning can improve startup time and JSP compilation time.
25-Dec-2016 11:44:42.827 INFO [localhost-startStop-1] org.apache.catalina.startup.HostConfig.deployDirectory Deployment of web application directory D:\Skripsi 2\Skripsi\0. Bahan\MPB\camunda-bpm-tomcat-7.4.0\server\apache-tomcat-8.0.24\webapps\h2 has finished in 5,340 ms
25-Dec-2016 11:44:42.831 INFO [localhost-startStop-1] org.apache.catalina.startup.HostConfig.deployDirectory Deploying web application directory D:\Skripsi 2\Skripsi\0. Bahan\MPB\camunda-bpm-tomcat-7.4.0\server\apache-tomcat-8.0.24\webapps\host-manager
25-Dec-2016 11:44:48.247 INFO [localhost-startStop-1] org.apache.jasper.servlet.TldScanner.scanJars At least one JAR was scanned for TLDs yet contained no TLDs. Enable debug logging for this logger for a complete list of JARs that were scanned but no TLDs were found in them. Skipping unneeded JARs during scanning can improve startup time and JSP compilation time.
25-Dec-2016 11:44:48.263 INFO [localhost-startStop-1] org.apache.catalina.startup.HostConfig.deployDirectory Deployment of web application directory D:\Skripsi 2\Skripsi\0. Bahan\MPB\camunda-bpm-tomcat-7.4.0\server\apache-tomcat-8.0.24\webapps\host-manager has finished in 5,432 ms
25-Dec-2016 11:44:48.267 INFO [localhost-startStop-1] org.apache.catalina.startup.HostConfig.deployDirectory Deploying web application directory D:\Skripsi 2\Skripsi\0. Bahan\MPB\camunda-bpm-tomcat-7.4.0\server\apache-tomcat-8.0.24\webapps\loan-approval-0.1.0-SNAPSHOT
25-Dec-2016 11:44:52.995 INFO [localhost-startStop-1] org.camunda.commons.logging.BaseLogger.logInfo ENGINE-07015 Detected @ProcessApplication class 'org.camunda.bpm.getstarted.loanapproval.LoanApprovalApplication'
25-Dec-2016 11:44:53.047 INFO [localhost-startStop-1] org.apache.jasper.servlet.TldScanner.scanJars At least one JAR was scanned for TLDs yet contained no TLDs. Enable debug logging for this logger for a complete list of JARs that were scanned but no TLDs were found in them. Skipping unneeded JARs during scanning can improve startup time and JSP compilation time.
25-Dec-2016 11:44:53.051 INFO [localhost-startStop-1] org.camunda.commons.logging.BaseLogger.logInfo ENGINE-08024 Found processes.xml file at file:/D:/Skripsi%202/Skripsi/0.%20Bahan/MPB/camunda-bpm-tomcat-7.4.0/server/apache-tomcat-8.0.24/webapps/loan-approval-0.1.0-SNAPSHOT/WEB-INF/classes/META-INF/processes.xml
25-Dec-2016 11:44:53.143 INFO [localhost-startStop-1] org.camunda.commons.logging.BaseLogger.logInfo ENGINE-08023 Deployment summary for process archive 'loan-approval': 

        loan-approval.bpmn

25-Dec-2016 11:44:53.271 INFO [localhost-startStop-1] org.camunda.commons.logging.BaseLogger.logInfo ENGINE-08050 Process application Loan Approval App successfully deployed
25-Dec-2016 11:44:53.279 INFO [localhost-startStop-1] org.apache.catalina.startup.HostConfig.deployDirectory Deployment of web application directory D:\Skripsi 2\Skripsi\0. Bahan\MPB\camunda-bpm-tomcat-7.4.0\server\apache-tomcat-8.0.24\webapps\loan-approval-0.1.0-SNAPSHOT has finished in 5,012 ms
25-Dec-2016 11:44:53.283 INFO [localhost-startStop-1] org.apache.catalina.startup.HostConfig.deployDirectory Deploying web application directory D:\Skripsi 2\Skripsi\0. Bahan\MPB\camunda-bpm-tomcat-7.4.0\server\apache-tomcat-8.0.24\webapps\manager
25-Dec-2016 11:44:59.079 INFO [localhost-startStop-1] org.apache.jasper.servlet.TldScanner.scanJars At least one JAR was scanned for TLDs yet contained no TLDs. Enable debug logging for this logger for a complete list of JARs that were scanned but no TLDs were found in them. Skipping unneeded JARs during scanning can improve startup time and JSP compilation time.
25-Dec-2016 11:44:59.107 INFO [localhost-startStop-1] org.apache.catalina.startup.HostConfig.deployDirectory Deployment of web application directory D:\Skripsi 2\Skripsi\0. Bahan\MPB\camunda-bpm-tomcat-7.4.0\server\apache-tomcat-8.0.24\webapps\manager has finished in 5,824 ms
25-Dec-2016 11:44:59.115 INFO [localhost-startStop-1] org.apache.catalina.startup.HostConfig.deployDirectory Deploying web application directory D:\Skripsi 2\Skripsi\0. Bahan\MPB\camunda-bpm-tomcat-7.4.0\server\apache-tomcat-8.0.24\webapps\ROOT
25-Dec-2016 11:45:03.098 INFO [localhost-startStop-1] org.apache.jasper.servlet.TldScanner.scanJars At least one JAR was scanned for TLDs yet contained no TLDs. Enable debug logging for this logger for a complete list of JARs that were scanned but no TLDs were found in them. Skipping unneeded JARs during scanning can improve startup time and JSP compilation time.
25-Dec-2016 11:45:03.102 INFO [localhost-startStop-1] org.apache.catalina.startup.HostConfig.deployDirectory Deployment of web application directory D:\Skripsi 2\Skripsi\0. Bahan\MPB\camunda-bpm-tomcat-7.4.0\server\apache-tomcat-8.0.24\webapps\ROOT has finished in 3,991 ms
25-Dec-2016 11:45:03.118 INFO [main] org.apache.coyote.AbstractProtocol.start Starting ProtocolHandler ["http-nio-8080"]
25-Dec-2016 11:45:03.274 INFO [main] org.apache.coyote.AbstractProtocol.start Starting ProtocolHandler ["ajp-nio-8009"]
25-Dec-2016 11:45:03.294 INFO [main] org.apache.catalina.startup.Catalina.start Server startup in 111606 ms
25-Dec-2016 11:45:20.848 INFO [http-nio-8080-exec-3] org.jboss.resteasy.logging.impl.Slf4jLogger.info Deploying javax.ws.rs.core.Application: class org.camunda.bpm.tasklist.impl.web.TasklistApplication
25-Dec-2016 11:45:21.476 INFO [http-nio-8080-exec-10] org.jboss.resteasy.logging.impl.Slf4jLogger.info Deploying javax.ws.rs.core.Application: class org.camunda.bpm.webapp.impl.engine.EngineRestApplication
25-Dec-2016 11:45:21.526 INFO [http-nio-8080-exec-1] org.jboss.resteasy.logging.impl.Slf4jLogger.info Deploying javax.ws.rs.core.Application: class org.camunda.bpm.admin.impl.web.AdminApplication
25-Dec-2016 11:45:22.190 INFO [http-nio-8080-exec-9] org.jboss.resteasy.logging.impl.Slf4jLogger.info Deploying javax.ws.rs.core.Application: class org.camunda.bpm.cockpit.impl.web.CockpitApplication
25-Dec-2016 19:24:40.205 INFO [main] org.apache.catalina.startup.VersionLoggerListener.log Server version:        Apache Tomcat/8.0.24
25-Dec-2016 19:24:40.208 INFO [main] org.apache.catalina.startup.VersionLoggerListener.log Server built:          Jul 1 2015 20:19:55 UTC
25-Dec-2016 19:24:40.208 INFO [main] org.apache.catalina.startup.VersionLoggerListener.log Server number:         8.0.24.0
25-Dec-2016 19:24:40.208 INFO [main] org.apache.catalina.startup.VersionLoggerListener.log OS Name:               Windows 8.1
25-Dec-2016 19:24:40.209 INFO [main] org.apache.catalina.startup.VersionLoggerListener.log OS Version:            6.3
25-Dec-2016 19:24:40.209 INFO [main] org.apache.catalina.startup.VersionLoggerListener.log Architecture:          x86
25-Dec-2016 19:24:40.209 INFO [main] org.apache.catalina.startup.VersionLoggerListener.log Java Home:             C:\Program Files (x86)\Java\jre1.8.0_74
25-Dec-2016 19:24:40.210 INFO [main] org.apache.catalina.startup.VersionLoggerListener.log JVM Version:           1.8.0_74-b02
25-Dec-2016 19:24:40.210 INFO [main] org.apache.catalina.startup.VersionLoggerListener.log JVM Vendor:            Oracle Corporation
25-Dec-2016 19:24:40.210 INFO [main] org.apache.catalina.startup.VersionLoggerListener.log CATALINA_BASE:         D:\Skripsi 2\Skripsi\0. Bahan\MPB\camunda-bpm-tomcat-7.4.0\server\apache-tomcat-8.0.24
25-Dec-2016 19:24:40.211 INFO [main] org.apache.catalina.startup.VersionLoggerListener.log CATALINA_HOME:         D:\Skripsi 2\Skripsi\0. Bahan\MPB\camunda-bpm-tomcat-7.4.0\server\apache-tomcat-8.0.24
25-Dec-2016 19:24:40.212 INFO [main] org.apache.catalina.startup.VersionLoggerListener.log Command line argument: -Djava.util.logging.config.file=D:\Skripsi 2\Skripsi\0. Bahan\MPB\camunda-bpm-tomcat-7.4.0\server\apache-tomcat-8.0.24\conf\logging.properties
25-Dec-2016 19:24:40.213 INFO [main] org.apache.catalina.startup.VersionLoggerListener.log Command line argument: -Djava.util.logging.manager=org.apache.juli.ClassLoaderLogManager
25-Dec-2016 19:24:40.214 INFO [main] org.apache.catalina.startup.VersionLoggerListener.log Command line argument: -Xmx512m
25-Dec-2016 19:24:40.215 INFO [main] org.apache.catalina.startup.VersionLoggerListener.log Command line argument: -XX:MaxPermSize=256m
25-Dec-2016 19:24:40.221 INFO [main] org.apache.catalina.startup.VersionLoggerListener.log Command line argument: -XX:PermSize=256m
25-Dec-2016 19:24:40.223 INFO [main] org.apache.catalina.startup.VersionLoggerListener.log Command line argument: -Djava.endorsed.dirs=D:\Skripsi 2\Skripsi\0. Bahan\MPB\camunda-bpm-tomcat-7.4.0\server\apache-tomcat-8.0.24\endorsed
25-Dec-2016 19:24:40.224 INFO [main] org.apache.catalina.startup.VersionLoggerListener.log Command line argument: -Dcatalina.base=D:\Skripsi 2\Skripsi\0. Bahan\MPB\camunda-bpm-tomcat-7.4.0\server\apache-tomcat-8.0.24
25-Dec-2016 19:24:40.224 INFO [main] org.apache.catalina.startup.VersionLoggerListener.log Command line argument: -Dcatalina.home=D:\Skripsi 2\Skripsi\0. Bahan\MPB\camunda-bpm-tomcat-7.4.0\server\apache-tomcat-8.0.24
25-Dec-2016 19:24:40.225 INFO [main] org.apache.catalina.startup.VersionLoggerListener.log Command line argument: -Djava.io.tmpdir=D:\Skripsi 2\Skripsi\0. Bahan\MPB\camunda-bpm-tomcat-7.4.0\server\apache-tomcat-8.0.24\temp
25-Dec-2016 19:24:40.228 INFO [main] org.apache.catalina.core.AprLifecycleListener.lifecycleEvent The APR based Apache Tomcat Native library which allows optimal performance in production environments was not found on the java.library.path: C:\Program Files (x86)\Java\jre1.8.0_74\bin;C:\Windows\Sun\Java\bin;C:\Windows\system32;C:\Windows;C:\Program Files\Broadcom\Broadcom 802.11;C:\ProgramData\Oracle\Java\javapath;C:\Windows\system32;C:\Windows;C:\Windows\System32\Wbem;C:\Windows\System32\WindowsPowerShell\v1.0\;C:\Program Files (x86)\Skype\Phone\;C:\Program Files\nodejs\;C:\Program Files\Git\bin;C:\Program Files\Java\jdk1.8.0_65;C:\Program Files\Java\jre1.8.0_65;C:\xampp\php;C:\ProgramData\ComposerSetup\bin;C:\Program Files (x86)\OpenVPN\bin;C:\Program Files\TortoiseGit\bin;C:\Users\LukeOne\AppData\Roaming\npm;C:\Users\LukeOne\AppData\Roaming\Composer\vendor\bin;C:\Users\LukeOne\AppData\Local\atom\bin;.
25-Dec-2016 19:24:42.486 INFO [main] org.apache.coyote.AbstractProtocol.init Initializing ProtocolHandler ["http-nio-8080"]
25-Dec-2016 19:24:42.858 INFO [main] org.apache.tomcat.util.net.NioSelectorPool.getSharedSelector Using a shared selector for servlet write/read
25-Dec-2016 19:24:42.864 INFO [main] org.apache.coyote.AbstractProtocol.init Initializing ProtocolHandler ["ajp-nio-8009"]
25-Dec-2016 19:24:42.877 INFO [main] org.apache.tomcat.util.net.NioSelectorPool.getSharedSelector Using a shared selector for servlet write/read
25-Dec-2016 19:24:42.878 INFO [main] org.apache.catalina.startup.Catalina.load Initialization processed in 5812 ms
25-Dec-2016 19:24:43.046 WARNING [main] org.apache.tomcat.jdbc.pool.ConnectionPool.init maxIdle is larger than maxActive, setting maxIdle to: 20
25-Dec-2016 19:24:47.968 INFO [main] org.camunda.commons.logging.BaseLogger.logInfo ENGINE-08046 Found camunda bpm platform configuration in CATALINA_BASE/CATALINA_HOME conf directory [D:\Skripsi 2\Skripsi\0. Bahan\MPB\camunda-bpm-tomcat-7.4.0\server\apache-tomcat-8.0.24\conf\bpm-platform.xml] at 'file:/D:/Skripsi%202/Skripsi/0.%20Bahan/MPB/camunda-bpm-tomcat-7.4.0/server/apache-tomcat-8.0.24/conf/bpm-platform.xml'
25-Dec-2016 19:24:50.004 INFO [main] org.camunda.commons.logging.BaseLogger.logInfo ENGINE-12003 Plugin 'ProcessApplicationEventListenerPlugin' activated on process engine 'default'
25-Dec-2016 19:24:50.017 INFO [main] org.camunda.commons.logging.BaseLogger.logInfo ENGINE-12003 Plugin 'SpinProcessEnginePlugin' activated on process engine 'default'
25-Dec-2016 19:24:50.036 INFO [main] org.camunda.commons.logging.BaseLogger.logInfo SPIN-01010 Discovered Spin data format provider: org.camunda.spin.impl.json.jackson.format.JacksonJsonDataFormatProvider[name = application/json]
25-Dec-2016 19:24:50.917 INFO [main] org.camunda.commons.logging.BaseLogger.logInfo SPIN-01010 Discovered Spin data format provider: org.camunda.spin.impl.xml.dom.format.DomXmlDataFormatProvider[name = application/xml]
25-Dec-2016 19:24:51.129 INFO [main] org.camunda.commons.logging.BaseLogger.logInfo SPIN-01009 Discovered Spin data format: org.camunda.spin.impl.xml.dom.format.DomXmlDataFormat[name = application/xml]
25-Dec-2016 19:24:51.130 INFO [main] org.camunda.commons.logging.BaseLogger.logInfo SPIN-01009 Discovered Spin data format: org.camunda.spin.impl.json.jackson.format.JacksonJsonDataFormat[name = application/json]
25-Dec-2016 19:24:51.131 INFO [main] org.camunda.commons.logging.BaseLogger.logInfo ENGINE-12003 Plugin 'ConnectProcessEnginePlugin' activated on process engine 'default'
25-Dec-2016 19:24:51.992 INFO [main] org.camunda.commons.logging.BaseLogger.logInfo CNCT-01004 Discovered provider for connector id 'http-connector' and class 'org.camunda.connect.httpclient.impl.HttpConnectorImpl': 'org.camunda.connect.httpclient.impl.HttpConnectorProviderImpl'
25-Dec-2016 19:24:52.006 INFO [main] org.camunda.commons.logging.BaseLogger.logInfo CNCT-01004 Discovered provider for connector id 'soap-http-connector' and class 'org.camunda.connect.httpclient.soap.impl.SoapHttpConnectorImpl': 'org.camunda.connect.httpclient.soap.impl.SoapHttpConnectorProviderImpl'
25-Dec-2016 19:24:58.633 INFO [main] org.camunda.commons.logging.BaseLogger.logInfo ENGINE-00001 Process Engine default created.
25-Dec-2016 19:24:58.643 INFO [main] org.camunda.commons.logging.BaseLogger.logInfo ENGINE-14014 Starting up the JobExecutor[org.camunda.bpm.engine.impl.jobexecutor.RuntimeContainerJobExecutor].
25-Dec-2016 19:24:58.651 INFO [Thread-6] org.camunda.commons.logging.BaseLogger.logInfo ENGINE-14018 JobExecutor[org.camunda.bpm.engine.impl.jobexecutor.RuntimeContainerJobExecutor] starting to acquire jobs
25-Dec-2016 19:24:58.688 INFO [main] org.camunda.commons.logging.BaseLogger.logInfo ENGINE-08048 Camunda BPM platform sucessfully started at 'Apache Tomcat/8.0.24'.
25-Dec-2016 19:24:58.787 INFO [main] org.apache.catalina.core.StandardService.startInternal Starting service Catalina
25-Dec-2016 19:24:58.789 INFO [main] org.apache.catalina.core.StandardEngine.startInternal Starting Servlet Engine: Apache Tomcat/8.0.24
25-Dec-2016 19:24:59.145 INFO [localhost-startStop-1] org.apache.catalina.startup.HostConfig.deployWAR Deploying web application archive D:\Skripsi 2\Skripsi\0. Bahan\MPB\camunda-bpm-tomcat-7.4.0\server\apache-tomcat-8.0.24\webapps\pendaftaran-bpjs-0.0.1-SNAPSHOT.war
25-Dec-2016 19:25:07.375 INFO [localhost-startStop-1] org.camunda.commons.logging.BaseLogger.logInfo ENGINE-07015 Detected @ProcessApplication class 'org.camunda.bpm.getstarted.pendaftaranbpjs.PendaftaranBPJS'
25-Dec-2016 19:25:07.592 INFO [localhost-startStop-1] org.apache.jasper.servlet.TldScanner.scanJars At least one JAR was scanned for TLDs yet contained no TLDs. Enable debug logging for this logger for a complete list of JARs that were scanned but no TLDs were found in them. Skipping unneeded JARs during scanning can improve startup time and JSP compilation time.
25-Dec-2016 19:25:07.699 INFO [localhost-startStop-1] org.camunda.commons.logging.BaseLogger.logInfo ENGINE-08024 Found processes.xml file at file:/D:/Skripsi%202/Skripsi/0.%20Bahan/MPB/camunda-bpm-tomcat-7.4.0/server/apache-tomcat-8.0.24/webapps/pendaftaran-bpjs-0.0.1-SNAPSHOT/WEB-INF/classes/META-INF/processes.xml
25-Dec-2016 19:25:07.730 INFO [localhost-startStop-1] org.camunda.commons.logging.BaseLogger.logInfo ENGINE-08023 Deployment summary for process archive 'pendaftaran-bpjs': 

        pendaftaran-bpjs.bpmn

25-Dec-2016 19:25:08.983 INFO [localhost-startStop-1] org.camunda.commons.logging.BaseLogger.logInfo ENGINE-08050 Process application PendaftaranBPJS App successfully deployed
25-Dec-2016 19:25:09.050 INFO [localhost-startStop-1] org.apache.catalina.startup.HostConfig.deployWAR Deployment of web application archive D:\Skripsi 2\Skripsi\0. Bahan\MPB\camunda-bpm-tomcat-7.4.0\server\apache-tomcat-8.0.24\webapps\pendaftaran-bpjs-0.0.1-SNAPSHOT.war has finished in 9,904 ms
25-Dec-2016 19:25:09.052 INFO [localhost-startStop-1] org.apache.catalina.startup.HostConfig.deployDirectory Deploying web application directory D:\Skripsi 2\Skripsi\0. Bahan\MPB\camunda-bpm-tomcat-7.4.0\server\apache-tomcat-8.0.24\webapps\camunda
25-Dec-2016 19:25:19.452 INFO [localhost-startStop-1] org.apache.jasper.servlet.TldScanner.scanJars At least one JAR was scanned for TLDs yet contained no TLDs. Enable debug logging for this logger for a complete list of JARs that were scanned but no TLDs were found in them. Skipping unneeded JARs during scanning can improve startup time and JSP compilation time.
25-Dec-2016 19:25:20.191 INFO [localhost-startStop-1] org.apache.catalina.startup.HostConfig.deployDirectory Deployment of web application directory D:\Skripsi 2\Skripsi\0. Bahan\MPB\camunda-bpm-tomcat-7.4.0\server\apache-tomcat-8.0.24\webapps\camunda has finished in 11,138 ms
25-Dec-2016 19:25:20.191 INFO [localhost-startStop-1] org.apache.catalina.startup.HostConfig.deployDirectory Deploying web application directory D:\Skripsi 2\Skripsi\0. Bahan\MPB\camunda-bpm-tomcat-7.4.0\server\apache-tomcat-8.0.24\webapps\camunda-invoice
25-Dec-2016 19:25:25.902 INFO [localhost-startStop-1] org.camunda.commons.logging.BaseLogger.logInfo ENGINE-07015 Detected @ProcessApplication class 'org.camunda.bpm.example.invoice.InvoiceProcessApplication'
25-Dec-2016 19:25:25.967 INFO [localhost-startStop-1] org.apache.jasper.servlet.TldScanner.scanJars At least one JAR was scanned for TLDs yet contained no TLDs. Enable debug logging for this logger for a complete list of JARs that were scanned but no TLDs were found in them. Skipping unneeded JARs during scanning can improve startup time and JSP compilation time.
25-Dec-2016 19:25:25.978 INFO [localhost-startStop-1] org.camunda.commons.logging.BaseLogger.logInfo ENGINE-08024 Found processes.xml file at file:/D:/Skripsi%202/Skripsi/0.%20Bahan/MPB/camunda-bpm-tomcat-7.4.0/server/apache-tomcat-8.0.24/webapps/camunda-invoice/WEB-INF/classes/META-INF/processes.xml
25-Dec-2016 19:25:26.103 INFO [localhost-startStop-1] org.camunda.commons.logging.BaseLogger.logInfo ENGINE-08023 Deployment summary for process archive 'camunda-invoice': 

        invoice.png
        assign-approver-groups.dmn
        invoice.bpmn

25-Dec-2016 19:25:31.357 INFO [localhost-startStop-1] org.camunda.commons.logging.BaseLogger.logInfo ENGINE-08050 Process application camunda-invoice successfully deployed
25-Dec-2016 19:25:31.363 INFO [localhost-startStop-1] org.apache.catalina.startup.HostConfig.deployDirectory Deployment of web application directory D:\Skripsi 2\Skripsi\0. Bahan\MPB\camunda-bpm-tomcat-7.4.0\server\apache-tomcat-8.0.24\webapps\camunda-invoice has finished in 11,172 ms
25-Dec-2016 19:25:31.364 INFO [localhost-startStop-1] org.apache.catalina.startup.HostConfig.deployDirectory Deploying web application directory D:\Skripsi 2\Skripsi\0. Bahan\MPB\camunda-bpm-tomcat-7.4.0\server\apache-tomcat-8.0.24\webapps\camunda-welcome
25-Dec-2016 19:25:36.033 INFO [localhost-startStop-1] org.apache.jasper.servlet.TldScanner.scanJars At least one JAR was scanned for TLDs yet contained no TLDs. Enable debug logging for this logger for a complete list of JARs that were scanned but no TLDs were found in them. Skipping unneeded JARs during scanning can improve startup time and JSP compilation time.
25-Dec-2016 19:25:36.050 INFO [localhost-startStop-1] org.apache.catalina.startup.HostConfig.deployDirectory Deployment of web application directory D:\Skripsi 2\Skripsi\0. Bahan\MPB\camunda-bpm-tomcat-7.4.0\server\apache-tomcat-8.0.24\webapps\camunda-welcome has finished in 4,685 ms
25-Dec-2016 19:25:36.055 INFO [localhost-startStop-1] org.apache.catalina.startup.HostConfig.deployDirectory Deploying web application directory D:\Skripsi 2\Skripsi\0. Bahan\MPB\camunda-bpm-tomcat-7.4.0\server\apache-tomcat-8.0.24\webapps\docs
25-Dec-2016 19:25:41.864 INFO [localhost-startStop-1] org.apache.jasper.servlet.TldScanner.scanJars At least one JAR was scanned for TLDs yet contained no TLDs. Enable debug logging for this logger for a complete list of JARs that were scanned but no TLDs were found in them. Skipping unneeded JARs during scanning can improve startup time and JSP compilation time.
25-Dec-2016 19:25:41.874 INFO [localhost-startStop-1] org.apache.catalina.startup.HostConfig.deployDirectory Deployment of web application directory D:\Skripsi 2\Skripsi\0. Bahan\MPB\camunda-bpm-tomcat-7.4.0\server\apache-tomcat-8.0.24\webapps\docs has finished in 5,818 ms
25-Dec-2016 19:25:41.875 INFO [localhost-startStop-1] org.apache.catalina.startup.HostConfig.deployDirectory Deploying web application directory D:\Skripsi 2\Skripsi\0. Bahan\MPB\camunda-bpm-tomcat-7.4.0\server\apache-tomcat-8.0.24\webapps\engine-rest
25-Dec-2016 19:25:55.564 INFO [localhost-startStop-1] org.apache.jasper.servlet.TldScanner.scanJars At least one JAR was scanned for TLDs yet contained no TLDs. Enable debug logging for this logger for a complete list of JARs that were scanned but no TLDs were found in them. Skipping unneeded JARs during scanning can improve startup time and JSP compilation time.
25-Dec-2016 19:25:55.985 INFO [localhost-startStop-1] org.jboss.resteasy.logging.impl.Slf4jLogger.info Deploying javax.ws.rs.core.Application: class org.camunda.bpm.engine.rest.impl.application.DefaultApplication
25-Dec-2016 19:25:56.316 INFO [localhost-startStop-1] org.apache.catalina.startup.HostConfig.deployDirectory Deployment of web application directory D:\Skripsi 2\Skripsi\0. Bahan\MPB\camunda-bpm-tomcat-7.4.0\server\apache-tomcat-8.0.24\webapps\engine-rest has finished in 14,440 ms
25-Dec-2016 19:25:56.317 INFO [localhost-startStop-1] org.apache.catalina.startup.HostConfig.deployDirectory Deploying web application directory D:\Skripsi 2\Skripsi\0. Bahan\MPB\camunda-bpm-tomcat-7.4.0\server\apache-tomcat-8.0.24\webapps\examples
25-Dec-2016 19:26:02.498 INFO [localhost-startStop-1] org.apache.jasper.servlet.TldScanner.scanJars At least one JAR was scanned for TLDs yet contained no TLDs. Enable debug logging for this logger for a complete list of JARs that were scanned but no TLDs were found in them. Skipping unneeded JARs during scanning can improve startup time and JSP compilation time.
25-Dec-2016 19:26:02.641 INFO [localhost-startStop-1] org.apache.catalina.startup.HostConfig.deployDirectory Deployment of web application directory D:\Skripsi 2\Skripsi\0. Bahan\MPB\camunda-bpm-tomcat-7.4.0\server\apache-tomcat-8.0.24\webapps\examples has finished in 6,323 ms
25-Dec-2016 19:26:02.644 INFO [localhost-startStop-1] org.apache.catalina.startup.HostConfig.deployDirectory Deploying web application directory D:\Skripsi 2\Skripsi\0. Bahan\MPB\camunda-bpm-tomcat-7.4.0\server\apache-tomcat-8.0.24\webapps\h2
25-Dec-2016 19:26:07.028 INFO [localhost-startStop-1] org.apache.jasper.servlet.TldScanner.scanJars At least one JAR was scanned for TLDs yet contained no TLDs. Enable debug logging for this logger for a complete list of JARs that were scanned but no TLDs were found in them. Skipping unneeded JARs during scanning can improve startup time and JSP compilation time.
25-Dec-2016 19:26:07.043 INFO [localhost-startStop-1] org.apache.catalina.startup.HostConfig.deployDirectory Deployment of web application directory D:\Skripsi 2\Skripsi\0. Bahan\MPB\camunda-bpm-tomcat-7.4.0\server\apache-tomcat-8.0.24\webapps\h2 has finished in 4,399 ms
25-Dec-2016 19:26:07.044 INFO [localhost-startStop-1] org.apache.catalina.startup.HostConfig.deployDirectory Deploying web application directory D:\Skripsi 2\Skripsi\0. Bahan\MPB\camunda-bpm-tomcat-7.4.0\server\apache-tomcat-8.0.24\webapps\host-manager
25-Dec-2016 19:26:10.794 INFO [localhost-startStop-1] org.apache.jasper.servlet.TldScanner.scanJars At least one JAR was scanned for TLDs yet contained no TLDs. Enable debug logging for this logger for a complete list of JARs that were scanned but no TLDs were found in them. Skipping unneeded JARs during scanning can improve startup time and JSP compilation time.
25-Dec-2016 19:26:10.807 INFO [localhost-startStop-1] org.apache.catalina.startup.HostConfig.deployDirectory Deployment of web application directory D:\Skripsi 2\Skripsi\0. Bahan\MPB\camunda-bpm-tomcat-7.4.0\server\apache-tomcat-8.0.24\webapps\host-manager has finished in 3,763 ms
25-Dec-2016 19:26:10.808 INFO [localhost-startStop-1] org.apache.catalina.startup.HostConfig.deployDirectory Deploying web application directory D:\Skripsi 2\Skripsi\0. Bahan\MPB\camunda-bpm-tomcat-7.4.0\server\apache-tomcat-8.0.24\webapps\loan-approval-0.1.0-SNAPSHOT
25-Dec-2016 19:26:15.491 INFO [localhost-startStop-1] org.camunda.commons.logging.BaseLogger.logInfo ENGINE-07015 Detected @ProcessApplication class 'org.camunda.bpm.getstarted.loanapproval.LoanApprovalApplication'
25-Dec-2016 19:26:15.546 INFO [localhost-startStop-1] org.apache.jasper.servlet.TldScanner.scanJars At least one JAR was scanned for TLDs yet contained no TLDs. Enable debug logging for this logger for a complete list of JARs that were scanned but no TLDs were found in them. Skipping unneeded JARs during scanning can improve startup time and JSP compilation time.
25-Dec-2016 19:26:15.554 INFO [localhost-startStop-1] org.camunda.commons.logging.BaseLogger.logInfo ENGINE-08024 Found processes.xml file at file:/D:/Skripsi%202/Skripsi/0.%20Bahan/MPB/camunda-bpm-tomcat-7.4.0/server/apache-tomcat-8.0.24/webapps/loan-approval-0.1.0-SNAPSHOT/WEB-INF/classes/META-INF/processes.xml
25-Dec-2016 19:26:15.624 INFO [localhost-startStop-1] org.camunda.commons.logging.BaseLogger.logInfo ENGINE-08023 Deployment summary for process archive 'loan-approval': 

        loan-approval.bpmn

25-Dec-2016 19:26:15.697 INFO [localhost-startStop-1] org.camunda.commons.logging.BaseLogger.logInfo ENGINE-08050 Process application Loan Approval App successfully deployed
25-Dec-2016 19:26:15.709 INFO [localhost-startStop-1] org.apache.catalina.startup.HostConfig.deployDirectory Deployment of web application directory D:\Skripsi 2\Skripsi\0. Bahan\MPB\camunda-bpm-tomcat-7.4.0\server\apache-tomcat-8.0.24\webapps\loan-approval-0.1.0-SNAPSHOT has finished in 4,900 ms
25-Dec-2016 19:26:15.710 INFO [localhost-startStop-1] org.apache.catalina.startup.HostConfig.deployDirectory Deploying web application directory D:\Skripsi 2\Skripsi\0. Bahan\MPB\camunda-bpm-tomcat-7.4.0\server\apache-tomcat-8.0.24\webapps\manager
25-Dec-2016 19:26:19.608 INFO [localhost-startStop-1] org.apache.jasper.servlet.TldScanner.scanJars At least one JAR was scanned for TLDs yet contained no TLDs. Enable debug logging for this logger for a complete list of JARs that were scanned but no TLDs were found in them. Skipping unneeded JARs during scanning can improve startup time and JSP compilation time.
25-Dec-2016 19:26:19.615 INFO [localhost-startStop-1] org.apache.catalina.startup.HostConfig.deployDirectory Deployment of web application directory D:\Skripsi 2\Skripsi\0. Bahan\MPB\camunda-bpm-tomcat-7.4.0\server\apache-tomcat-8.0.24\webapps\manager has finished in 3,905 ms
25-Dec-2016 19:26:19.616 INFO [localhost-startStop-1] org.apache.catalina.startup.HostConfig.deployDirectory Deploying web application directory D:\Skripsi 2\Skripsi\0. Bahan\MPB\camunda-bpm-tomcat-7.4.0\server\apache-tomcat-8.0.24\webapps\ROOT
25-Dec-2016 19:26:23.013 INFO [localhost-startStop-1] org.apache.jasper.servlet.TldScanner.scanJars At least one JAR was scanned for TLDs yet contained no TLDs. Enable debug logging for this logger for a complete list of JARs that were scanned but no TLDs were found in them. Skipping unneeded JARs during scanning can improve startup time and JSP compilation time.
25-Dec-2016 19:26:23.037 INFO [localhost-startStop-1] org.apache.catalina.startup.HostConfig.deployDirectory Deployment of web application directory D:\Skripsi 2\Skripsi\0. Bahan\MPB\camunda-bpm-tomcat-7.4.0\server\apache-tomcat-8.0.24\webapps\ROOT has finished in 3,421 ms
25-Dec-2016 19:26:23.045 INFO [main] org.apache.coyote.AbstractProtocol.start Starting ProtocolHandler ["http-nio-8080"]
25-Dec-2016 19:26:23.075 INFO [main] org.apache.coyote.AbstractProtocol.start Starting ProtocolHandler ["ajp-nio-8009"]
25-Dec-2016 19:26:23.085 INFO [main] org.apache.catalina.startup.Catalina.start Server startup in 100205 ms
25-Dec-2016 19:27:35.268 INFO [http-nio-8080-exec-9] org.jboss.resteasy.logging.impl.Slf4jLogger.info Deploying javax.ws.rs.core.Application: class org.camunda.bpm.tasklist.impl.web.TasklistApplication
25-Dec-2016 19:27:35.735 INFO [http-nio-8080-exec-2] org.jboss.resteasy.logging.impl.Slf4jLogger.info Deploying javax.ws.rs.core.Application: class org.camunda.bpm.webapp.impl.engine.EngineRestApplication
25-Dec-2016 19:27:35.782 INFO [http-nio-8080-exec-3] org.jboss.resteasy.logging.impl.Slf4jLogger.info Deploying javax.ws.rs.core.Application: class org.camunda.bpm.admin.impl.web.AdminApplication
25-Dec-2016 19:29:23.445 INFO [http-nio-8080-exec-6] null.null memproses 'rabu' a
25-Dec-2016 20:56:54.210 INFO [ContainerBackgroundProcessor[StandardEngine[Catalina]]] org.apache.catalina.startup.HostConfig.undeploy Undeploying context [/pendaftaran-bpjs-0.0.1-SNAPSHOT]
25-Dec-2016 20:56:54.780 INFO [ContainerBackgroundProcessor[StandardEngine[Catalina]]] org.camunda.commons.logging.BaseLogger.logInfo ENGINE-08051 Process application PendaftaranBPJS App undeployed
25-Dec-2016 20:56:54.919 INFO [localhost-startStop-2] org.apache.catalina.startup.HostConfig.deployWAR Deploying web application archive D:\Skripsi 2\Skripsi\0. Bahan\MPB\camunda-bpm-tomcat-7.4.0\server\apache-tomcat-8.0.24\webapps\pendaftaran-bpjs-0.0.1-SNAPSHOT.war
25-Dec-2016 20:57:00.491 INFO [localhost-startStop-2] org.camunda.commons.logging.BaseLogger.logInfo ENGINE-07015 Detected @ProcessApplication class 'org.camunda.bpm.getstarted.pendaftaranbpjs.PendaftaranBPJS'
25-Dec-2016 20:57:00.552 INFO [localhost-startStop-2] org.camunda.commons.logging.BaseLogger.logInfo ENGINE-08024 Found processes.xml file at file:/D:/Skripsi%202/Skripsi/0.%20Bahan/MPB/camunda-bpm-tomcat-7.4.0/server/apache-tomcat-8.0.24/webapps/pendaftaran-bpjs-0.0.1-SNAPSHOT/WEB-INF/classes/META-INF/processes.xml
25-Dec-2016 20:57:00.572 INFO [localhost-startStop-2] org.camunda.commons.logging.BaseLogger.logInfo ENGINE-08023 Deployment summary for process archive 'pendaftaran-bpjs': 

        pendaftaran-bpjs.bpmn

25-Dec-2016 20:57:00.674 INFO [localhost-startStop-2] org.camunda.commons.logging.BaseLogger.logInfo ENGINE-08050 Process application PendaftaranBPJS App successfully deployed
25-Dec-2016 20:57:00.685 INFO [localhost-startStop-2] org.apache.catalina.startup.HostConfig.deployWAR Deployment of web application archive D:\Skripsi 2\Skripsi\0. Bahan\MPB\camunda-bpm-tomcat-7.4.0\server\apache-tomcat-8.0.24\webapps\pendaftaran-bpjs-0.0.1-SNAPSHOT.war has finished in 5,766 ms
25-Dec-2016 21:12:22.400 INFO [ContainerBackgroundProcessor[StandardEngine[Catalina]]] org.apache.catalina.startup.HostConfig.undeploy Undeploying context [/pendaftaran-bpjs-0.0.1-SNAPSHOT]
25-Dec-2016 21:12:22.651 INFO [ContainerBackgroundProcessor[StandardEngine[Catalina]]] org.camunda.commons.logging.BaseLogger.logInfo ENGINE-08051 Process application PendaftaranBPJS App undeployed
25-Dec-2016 21:12:22.701 INFO [localhost-startStop-3] org.apache.catalina.startup.HostConfig.deployWAR Deploying web application archive D:\Skripsi 2\Skripsi\0. Bahan\MPB\camunda-bpm-tomcat-7.4.0\server\apache-tomcat-8.0.24\webapps\pendaftaran-bpjs-0.0.1-SNAPSHOT.war
25-Dec-2016 21:12:28.487 INFO [localhost-startStop-3] org.camunda.commons.logging.BaseLogger.logInfo ENGINE-07015 Detected @ProcessApplication class 'org.camunda.bpm.getstarted.pendaftaranbpjs.PendaftaranBPJS'
25-Dec-2016 21:12:28.545 INFO [localhost-startStop-3] org.camunda.commons.logging.BaseLogger.logInfo ENGINE-08024 Found processes.xml file at file:/D:/Skripsi%202/Skripsi/0.%20Bahan/MPB/camunda-bpm-tomcat-7.4.0/server/apache-tomcat-8.0.24/webapps/pendaftaran-bpjs-0.0.1-SNAPSHOT/WEB-INF/classes/META-INF/processes.xml
25-Dec-2016 21:12:28.563 INFO [localhost-startStop-3] org.camunda.commons.logging.BaseLogger.logInfo ENGINE-08023 Deployment summary for process archive 'pendaftaran-bpjs': 

        pendaftaran-bpjs.bpmn

25-Dec-2016 21:12:28.624 INFO [localhost-startStop-3] org.camunda.commons.logging.BaseLogger.logInfo ENGINE-08050 Process application PendaftaranBPJS App successfully deployed
25-Dec-2016 21:12:28.634 INFO [localhost-startStop-3] org.apache.catalina.startup.HostConfig.deployWAR Deployment of web application archive D:\Skripsi 2\Skripsi\0. Bahan\MPB\camunda-bpm-tomcat-7.4.0\server\apache-tomcat-8.0.24\webapps\pendaftaran-bpjs-0.0.1-SNAPSHOT.war has finished in 5,934 ms
