22-Apr-2016 12:38:14.566 INFO [localhost-startStop-1] org.apache.catalina.core.ApplicationContext.log ContextListener: contextInitialized()
22-Apr-2016 12:38:14.566 INFO [localhost-startStop-1] org.apache.catalina.core.ApplicationContext.log SessionListener: contextInitialized()
22-Apr-2016 12:54:40.516 INFO [localhost-startStop-1] org.apache.catalina.core.ApplicationContext.log ContextListener: contextInitialized()
22-Apr-2016 12:54:40.516 INFO [localhost-startStop-1] org.apache.catalina.core.ApplicationContext.log SessionListener: contextInitialized()
22-Apr-2016 12:58:35.128 INFO [localhost-startStop-1] org.apache.catalina.core.ApplicationContext.log ContextListener: contextInitialized()
22-Apr-2016 12:58:35.128 INFO [localhost-startStop-1] org.apache.catalina.core.ApplicationContext.log SessionListener: contextInitialized()
22-Apr-2016 13:28:51.753 INFO [localhost-startStop-1] org.apache.catalina.core.ApplicationContext.log ContextListener: contextInitialized()
22-Apr-2016 13:28:51.754 INFO [localhost-startStop-1] org.apache.catalina.core.ApplicationContext.log SessionListener: contextInitialized()
22-Apr-2016 16:28:52.014 INFO [localhost-startStop-1] org.apache.catalina.core.ApplicationContext.log ContextListener: contextInitialized()
22-Apr-2016 16:28:52.014 INFO [localhost-startStop-1] org.apache.catalina.core.ApplicationContext.log SessionListener: contextInitialized()
22-Apr-2016 16:29:15.069 SEVERE [http-nio-8080-exec-6] org.apache.catalina.core.ApplicationContext.log StandardWrapper.Throwable
 java.lang.RuntimeException: Unable to instantiate MessageBodyReader
	at org.jboss.resteasy.spi.ResteasyProviderFactory.registerProvider(ResteasyProviderFactory.java:838)
	at org.jboss.resteasy.spi.ResteasyProviderFactory.registerProvider(ResteasyProviderFactory.java:820)
	at org.jboss.resteasy.plugins.server.servlet.ServletContainerDispatcher.processApplication(ServletContainerDispatcher.java:158)
	at org.jboss.resteasy.plugins.server.servlet.ServletContainerDispatcher.init(ServletContainerDispatcher.java:90)
	at org.jboss.resteasy.plugins.server.servlet.HttpServletDispatcher.init(HttpServletDispatcher.java:36)
	at org.apache.catalina.core.StandardWrapper.initServlet(StandardWrapper.java:1231)
	at org.apache.catalina.core.StandardWrapper.loadServlet(StandardWrapper.java:1144)
	at org.apache.catalina.core.StandardWrapper.allocate(StandardWrapper.java:817)
	at org.apache.catalina.core.StandardWrapperValve.invoke(StandardWrapperValve.java:135)
	at org.apache.catalina.core.StandardContextValve.invoke(StandardContextValve.java:106)
	at org.apache.catalina.authenticator.AuthenticatorBase.invoke(AuthenticatorBase.java:502)
	at org.apache.catalina.core.StandardHostValve.invoke(StandardHostValve.java:142)
	at org.apache.catalina.valves.ErrorReportValve.invoke(ErrorReportValve.java:79)
	at org.apache.catalina.valves.AbstractAccessLogValve.invoke(AbstractAccessLogValve.java:617)
	at org.apache.catalina.core.StandardEngineValve.invoke(StandardEngineValve.java:88)
	at org.apache.catalina.connector.CoyoteAdapter.service(CoyoteAdapter.java:518)
	at org.apache.coyote.http11.AbstractHttp11Processor.process(AbstractHttp11Processor.java:1091)
	at org.apache.coyote.AbstractProtocol$AbstractConnectionHandler.process(AbstractProtocol.java:668)
	at org.apache.tomcat.util.net.NioEndpoint$SocketProcessor.doRun(NioEndpoint.java:1527)
	at org.apache.tomcat.util.net.NioEndpoint$SocketProcessor.run(NioEndpoint.java:1484)
	at java.util.concurrent.ThreadPoolExecutor.runWorker(Unknown Source)
	at java.util.concurrent.ThreadPoolExecutor$Worker.run(Unknown Source)
	at org.apache.tomcat.util.threads.TaskThread$WrappingRunnable.run(TaskThread.java:61)
	at java.lang.Thread.run(Unknown Source)
Caused by: java.util.ConcurrentModificationException
	at java.util.ArrayList.sort(Unknown Source)
	at java.util.Collections.sort(Unknown Source)
	at org.jboss.resteasy.core.MediaTypeMap.add(MediaTypeMap.java:281)
	at org.jboss.resteasy.spi.ResteasyProviderFactory.addMessageBodyReader(ResteasyProviderFactory.java:519)
	at org.jboss.resteasy.spi.ResteasyProviderFactory.addMessageBodyReader(ResteasyProviderFactory.java:481)
	at org.jboss.resteasy.spi.ResteasyProviderFactory.registerProvider(ResteasyProviderFactory.java:834)
	... 23 more

22-Apr-2016 16:29:15.069 SEVERE [http-nio-8080-exec-6] org.apache.catalina.core.StandardWrapperValve.invoke Allocate exception for servlet Engine Api
 java.util.ConcurrentModificationException
	at java.util.ArrayList.sort(Unknown Source)
	at java.util.Collections.sort(Unknown Source)
	at org.jboss.resteasy.core.MediaTypeMap.add(MediaTypeMap.java:281)
	at org.jboss.resteasy.spi.ResteasyProviderFactory.addMessageBodyReader(ResteasyProviderFactory.java:519)
	at org.jboss.resteasy.spi.ResteasyProviderFactory.addMessageBodyReader(ResteasyProviderFactory.java:481)
	at org.jboss.resteasy.spi.ResteasyProviderFactory.registerProvider(ResteasyProviderFactory.java:834)
	at org.jboss.resteasy.spi.ResteasyProviderFactory.registerProvider(ResteasyProviderFactory.java:820)
	at org.jboss.resteasy.plugins.server.servlet.ServletContainerDispatcher.processApplication(ServletContainerDispatcher.java:158)
	at org.jboss.resteasy.plugins.server.servlet.ServletContainerDispatcher.init(ServletContainerDispatcher.java:90)
	at org.jboss.resteasy.plugins.server.servlet.HttpServletDispatcher.init(HttpServletDispatcher.java:36)
	at org.apache.catalina.core.StandardWrapper.initServlet(StandardWrapper.java:1231)
	at org.apache.catalina.core.StandardWrapper.loadServlet(StandardWrapper.java:1144)
	at org.apache.catalina.core.StandardWrapper.allocate(StandardWrapper.java:817)
	at org.apache.catalina.core.StandardWrapperValve.invoke(StandardWrapperValve.java:135)
	at org.apache.catalina.core.StandardContextValve.invoke(StandardContextValve.java:106)
	at org.apache.catalina.authenticator.AuthenticatorBase.invoke(AuthenticatorBase.java:502)
	at org.apache.catalina.core.StandardHostValve.invoke(StandardHostValve.java:142)
	at org.apache.catalina.valves.ErrorReportValve.invoke(ErrorReportValve.java:79)
	at org.apache.catalina.valves.AbstractAccessLogValve.invoke(AbstractAccessLogValve.java:617)
	at org.apache.catalina.core.StandardEngineValve.invoke(StandardEngineValve.java:88)
	at org.apache.catalina.connector.CoyoteAdapter.service(CoyoteAdapter.java:518)
	at org.apache.coyote.http11.AbstractHttp11Processor.process(AbstractHttp11Processor.java:1091)
	at org.apache.coyote.AbstractProtocol$AbstractConnectionHandler.process(AbstractProtocol.java:668)
	at org.apache.tomcat.util.net.NioEndpoint$SocketProcessor.doRun(NioEndpoint.java:1527)
	at org.apache.tomcat.util.net.NioEndpoint$SocketProcessor.run(NioEndpoint.java:1484)
	at java.util.concurrent.ThreadPoolExecutor.runWorker(Unknown Source)
	at java.util.concurrent.ThreadPoolExecutor$Worker.run(Unknown Source)
	at org.apache.tomcat.util.threads.TaskThread$WrappingRunnable.run(TaskThread.java:61)
	at java.lang.Thread.run(Unknown Source)

